<?xml version="1.0" encoding="UTF-8"?>
<testsuite xmlns:xsi="http://www.w3.org/2001/XMLSchema-instance" xsi:noNamespaceSchemaLocation="https://maven.apache.org/surefire/maven-surefire-plugin/xsd/surefire-test-report.xsd" name="com.thealgorithms.datastructures.buffers.CircularBufferTest" time="0.397" tests="1004" errors="0" skipped="0" failures="0">
  <properties>
    <property name="java.specification.version" value="19"/>
    <property name="sun.jnu.encoding" value="UTF-8"/>
    <property name="java.class.path" value="/Users/nuharahman/Desktop/Java/target/test-classes:/Users/nuharahman/Desktop/Java/target/classes:/Users/nuharahman/.m2/repository/org/junit/jupiter/junit-jupiter/5.9.0/junit-jupiter-5.9.0.jar:/Users/nuharahman/.m2/repository/org/junit/jupiter/junit-jupiter-params/5.8.2/junit-jupiter-params-5.8.2.jar:/Users/nuharahman/.m2/repository/org/junit/jupiter/junit-jupiter-engine/5.8.2/junit-jupiter-engine-5.8.2.jar:/Users/nuharahman/.m2/repository/org/junit/platform/junit-platform-engine/1.8.2/junit-platform-engine-1.8.2.jar:/Users/nuharahman/.m2/repository/org/assertj/assertj-core/3.23.1/assertj-core-3.23.1.jar:/Users/nuharahman/.m2/repository/net/bytebuddy/byte-buddy/1.12.10/byte-buddy-1.12.10.jar:/Users/nuharahman/.m2/repository/org/junit/jupiter/junit-jupiter-api/5.9.0/junit-jupiter-api-5.9.0.jar:/Users/nuharahman/.m2/repository/org/opentest4j/opentest4j/1.2.0/opentest4j-1.2.0.jar:/Users/nuharahman/.m2/repository/org/junit/platform/junit-platform-commons/1.8.2/junit-platform-commons-1.8.2.jar:/Users/nuharahman/.m2/repository/org/apiguardian/apiguardian-api/1.1.2/apiguardian-api-1.1.2.jar:/Users/nuharahman/.m2/repository/edu/berkeley/cs/jqf/jqf-fuzz/1.7/jqf-fuzz-1.7.jar:/Users/nuharahman/.m2/repository/junit/junit/4.13.1/junit-4.13.1.jar:/Users/nuharahman/.m2/repository/org/hamcrest/hamcrest-core/1.3/hamcrest-core-1.3.jar:/Users/nuharahman/.m2/repository/com/pholser/junit-quickcheck-generators/1.0/junit-quickcheck-generators-1.0.jar:/Users/nuharahman/.m2/repository/com/pholser/junit-quickcheck-core/1.0/junit-quickcheck-core-1.0.jar:/Users/nuharahman/.m2/repository/org/javaruntype/javaruntype/1.3/javaruntype-1.3.jar:/Users/nuharahman/.m2/repository/org/antlr/antlr-runtime/3.1.2/antlr-runtime-3.1.2.jar:/Users/nuharahman/.m2/repository/ognl/ognl/3.1.12/ognl-3.1.12.jar:/Users/nuharahman/.m2/repository/org/javassist/javassist/3.20.0-GA/javassist-3.20.0-GA.jar:/Users/nuharahman/.m2/repository/ru/vyarus/generics-resolver/3.0.1/generics-resolver-3.0.1.jar:/Users/nuharahman/.m2/repository/org/slf4j/slf4j-api/1.7.25/slf4j-api-1.7.25.jar:/Users/nuharahman/.m2/repository/edu/berkeley/cs/jqf/jqf-instrument/1.7/jqf-instrument-1.7.jar:/Users/nuharahman/.m2/repository/org/ow2/asm/asm/8.0.1/asm-8.0.1.jar:/Users/nuharahman/.m2/repository/org/jacoco/org.jacoco.report/0.8.2/org.jacoco.report-0.8.2.jar:/Users/nuharahman/.m2/repository/org/jacoco/org.jacoco.core/0.8.2/org.jacoco.core-0.8.2.jar:/Users/nuharahman/.m2/repository/org/ow2/asm/asm-commons/6.2.1/asm-commons-6.2.1.jar:/Users/nuharahman/.m2/repository/org/ow2/asm/asm-analysis/6.2.1/asm-analysis-6.2.1.jar:/Users/nuharahman/.m2/repository/org/ow2/asm/asm-tree/6.2.1/asm-tree-6.2.1.jar:/Users/nuharahman/.m2/repository/info/picocli/picocli/4.0.4/picocli-4.0.4.jar:"/>
    <property name="java.vm.vendor" value="Oracle Corporation"/>
    <property name="sun.arch.data.model" value="64"/>
    <property name="java.vendor.url" value="https://java.oracle.com/"/>
    <property name="os.name" value="Mac OS X"/>
    <property name="java.vm.specification.version" value="19"/>
    <property name="sun.java.launcher" value="SUN_STANDARD"/>
    <property name="user.country" value="US"/>
    <property name="sun.boot.library.path" value="/Library/Java/JavaVirtualMachines/jdk-19.jdk/Contents/Home/lib"/>
    <property name="sun.java.command" value="/Users/nuharahman/Desktop/Java/target/surefire/surefirebooter7794493198054274448.jar /Users/nuharahman/Desktop/Java/target/surefire 2022-11-30T21-31-11_395-jvmRun1 surefire8981384444951206948tmp surefire_01363317144851734863tmp"/>
    <property name="http.nonProxyHosts" value="local|*.local|169.254/16|*.169.254/16"/>
    <property name="jdk.debug" value="release"/>
    <property name="surefire.test.class.path" value="/Users/nuharahman/Desktop/Java/target/test-classes:/Users/nuharahman/Desktop/Java/target/classes:/Users/nuharahman/.m2/repository/org/junit/jupiter/junit-jupiter/5.9.0/junit-jupiter-5.9.0.jar:/Users/nuharahman/.m2/repository/org/junit/jupiter/junit-jupiter-params/5.8.2/junit-jupiter-params-5.8.2.jar:/Users/nuharahman/.m2/repository/org/junit/jupiter/junit-jupiter-engine/5.8.2/junit-jupiter-engine-5.8.2.jar:/Users/nuharahman/.m2/repository/org/junit/platform/junit-platform-engine/1.8.2/junit-platform-engine-1.8.2.jar:/Users/nuharahman/.m2/repository/org/assertj/assertj-core/3.23.1/assertj-core-3.23.1.jar:/Users/nuharahman/.m2/repository/net/bytebuddy/byte-buddy/1.12.10/byte-buddy-1.12.10.jar:/Users/nuharahman/.m2/repository/org/junit/jupiter/junit-jupiter-api/5.9.0/junit-jupiter-api-5.9.0.jar:/Users/nuharahman/.m2/repository/org/opentest4j/opentest4j/1.2.0/opentest4j-1.2.0.jar:/Users/nuharahman/.m2/repository/org/junit/platform/junit-platform-commons/1.8.2/junit-platform-commons-1.8.2.jar:/Users/nuharahman/.m2/repository/org/apiguardian/apiguardian-api/1.1.2/apiguardian-api-1.1.2.jar:/Users/nuharahman/.m2/repository/edu/berkeley/cs/jqf/jqf-fuzz/1.7/jqf-fuzz-1.7.jar:/Users/nuharahman/.m2/repository/junit/junit/4.13.1/junit-4.13.1.jar:/Users/nuharahman/.m2/repository/org/hamcrest/hamcrest-core/1.3/hamcrest-core-1.3.jar:/Users/nuharahman/.m2/repository/com/pholser/junit-quickcheck-generators/1.0/junit-quickcheck-generators-1.0.jar:/Users/nuharahman/.m2/repository/com/pholser/junit-quickcheck-core/1.0/junit-quickcheck-core-1.0.jar:/Users/nuharahman/.m2/repository/org/javaruntype/javaruntype/1.3/javaruntype-1.3.jar:/Users/nuharahman/.m2/repository/org/antlr/antlr-runtime/3.1.2/antlr-runtime-3.1.2.jar:/Users/nuharahman/.m2/repository/ognl/ognl/3.1.12/ognl-3.1.12.jar:/Users/nuharahman/.m2/repository/org/javassist/javassist/3.20.0-GA/javassist-3.20.0-GA.jar:/Users/nuharahman/.m2/repository/ru/vyarus/generics-resolver/3.0.1/generics-resolver-3.0.1.jar:/Users/nuharahman/.m2/repository/org/slf4j/slf4j-api/1.7.25/slf4j-api-1.7.25.jar:/Users/nuharahman/.m2/repository/edu/berkeley/cs/jqf/jqf-instrument/1.7/jqf-instrument-1.7.jar:/Users/nuharahman/.m2/repository/org/ow2/asm/asm/8.0.1/asm-8.0.1.jar:/Users/nuharahman/.m2/repository/org/jacoco/org.jacoco.report/0.8.2/org.jacoco.report-0.8.2.jar:/Users/nuharahman/.m2/repository/org/jacoco/org.jacoco.core/0.8.2/org.jacoco.core-0.8.2.jar:/Users/nuharahman/.m2/repository/org/ow2/asm/asm-commons/6.2.1/asm-commons-6.2.1.jar:/Users/nuharahman/.m2/repository/org/ow2/asm/asm-analysis/6.2.1/asm-analysis-6.2.1.jar:/Users/nuharahman/.m2/repository/org/ow2/asm/asm-tree/6.2.1/asm-tree-6.2.1.jar:/Users/nuharahman/.m2/repository/info/picocli/picocli/4.0.4/picocli-4.0.4.jar:"/>
    <property name="sun.cpu.endian" value="little"/>
    <property name="user.home" value="/Users/nuharahman"/>
    <property name="user.language" value="en"/>
    <property name="java.specification.vendor" value="Oracle Corporation"/>
    <property name="java.version.date" value="2022-10-18"/>
    <property name="java.home" value="/Library/Java/JavaVirtualMachines/jdk-19.jdk/Contents/Home"/>
    <property name="file.separator" value="/"/>
    <property name="basedir" value="/Users/nuharahman/Desktop/Java"/>
    <property name="java.vm.compressedOopsMode" value="Zero based"/>
    <property name="line.separator" value="&#10;"/>
    <property name="java.vm.specification.vendor" value="Oracle Corporation"/>
    <property name="java.specification.name" value="Java Platform API Specification"/>
    <property name="apple.awt.application.name" value="ForkedBooter"/>
    <property name="surefire.real.class.path" value="/Users/nuharahman/Desktop/Java/target/surefire/surefirebooter7794493198054274448.jar"/>
    <property name="sun.management.compiler" value="HotSpot 64-Bit Tiered Compilers"/>
    <property name="ftp.nonProxyHosts" value="local|*.local|169.254/16|*.169.254/16"/>
    <property name="java.runtime.version" value="19.0.1+10-21"/>
    <property name="user.name" value="nuharahman"/>
    <property name="stdout.encoding" value="UTF-8"/>
    <property name="path.separator" value=":"/>
    <property name="os.version" value="12.2.1"/>
    <property name="java.runtime.name" value="Java(TM) SE Runtime Environment"/>
    <property name="file.encoding" value="UTF-8"/>
    <property name="java.vm.name" value="Java HotSpot(TM) 64-Bit Server VM"/>
    <property name="localRepository" value="/Users/nuharahman/.m2/repository"/>
    <property name="java.vendor.url.bug" value="https://bugreport.java.com/bugreport/"/>
    <property name="java.io.tmpdir" value="/var/folders/b2/yhtrc4hd13s8cqp5cydrrj8m0000gn/T/"/>
    <property name="java.version" value="19.0.1"/>
    <property name="user.dir" value="/Users/nuharahman/Desktop/Java"/>
    <property name="os.arch" value="aarch64"/>
    <property name="java.vm.specification.name" value="Java Virtual Machine Specification"/>
    <property name="native.encoding" value="UTF-8"/>
    <property name="java.library.path" value="/Users/nuharahman/Library/Java/Extensions:/Library/Java/Extensions:/Network/Library/Java/Extensions:/System/Library/Java/Extensions:/usr/lib/java:."/>
    <property name="java.vm.info" value="mixed mode, sharing"/>
    <property name="stderr.encoding" value="UTF-8"/>
    <property name="java.vendor" value="Oracle Corporation"/>
    <property name="java.vm.version" value="19.0.1+10-21"/>
    <property name="sun.io.unicode.encoding" value="UnicodeBig"/>
    <property name="socksNonProxyHosts" value="local|*.local|169.254/16|*.169.254/16"/>
    <property name="java.class.version" value="63.0"/>
  </properties>
  <testcase name="isFull" classname="com.thealgorithms.datastructures.buffers.CircularBufferTest" time="0"/>
  <testcase name="get" classname="com.thealgorithms.datastructures.buffers.CircularBufferTest" time="0"/>
  <testcase name="put" classname="com.thealgorithms.datastructures.buffers.CircularBufferTest" time="0"/>
  <testcase name="concurrentTest[1]" classname="com.thealgorithms.datastructures.buffers.CircularBufferTest" time="0.006"/>
  <testcase name="concurrentTest[2]" classname="com.thealgorithms.datastructures.buffers.CircularBufferTest" time="0.003"/>
  <testcase name="concurrentTest[3]" classname="com.thealgorithms.datastructures.buffers.CircularBufferTest" time="0.003"/>
  <testcase name="concurrentTest[4]" classname="com.thealgorithms.datastructures.buffers.CircularBufferTest" time="0.002"/>
  <testcase name="concurrentTest[5]" classname="com.thealgorithms.datastructures.buffers.CircularBufferTest" time="0.003"/>
  <testcase name="concurrentTest[6]" classname="com.thealgorithms.datastructures.buffers.CircularBufferTest" time="0.002"/>
  <testcase name="concurrentTest[7]" classname="com.thealgorithms.datastructures.buffers.CircularBufferTest" time="0.001"/>
  <testcase name="concurrentTest[8]" classname="com.thealgorithms.datastructures.buffers.CircularBufferTest" time="0.001"/>
  <testcase name="concurrentTest[9]" classname="com.thealgorithms.datastructures.buffers.CircularBufferTest" time="0.001"/>
  <testcase name="concurrentTest[10]" classname="com.thealgorithms.datastructures.buffers.CircularBufferTest" time="0.001"/>
  <testcase name="concurrentTest[11]" classname="com.thealgorithms.datastructures.buffers.CircularBufferTest" time="0"/>
  <testcase name="concurrentTest[12]" classname="com.thealgorithms.datastructures.buffers.CircularBufferTest" time="0.001"/>
  <testcase name="concurrentTest[13]" classname="com.thealgorithms.datastructures.buffers.CircularBufferTest" time="0"/>
  <testcase name="concurrentTest[14]" classname="com.thealgorithms.datastructures.buffers.CircularBufferTest" time="0.001"/>
  <testcase name="concurrentTest[15]" classname="com.thealgorithms.datastructures.buffers.CircularBufferTest" time="0.001"/>
  <testcase name="concurrentTest[16]" classname="com.thealgorithms.datastructures.buffers.CircularBufferTest" time="0.001"/>
  <testcase name="concurrentTest[17]" classname="com.thealgorithms.datastructures.buffers.CircularBufferTest" time="0"/>
  <testcase name="concurrentTest[18]" classname="com.thealgorithms.datastructures.buffers.CircularBufferTest" time="0.001"/>
  <testcase name="concurrentTest[19]" classname="com.thealgorithms.datastructures.buffers.CircularBufferTest" time="0.001"/>
  <testcase name="concurrentTest[20]" classname="com.thealgorithms.datastructures.buffers.CircularBufferTest" time="0.001"/>
  <testcase name="concurrentTest[21]" classname="com.thealgorithms.datastructures.buffers.CircularBufferTest" time="0.002"/>
  <testcase name="concurrentTest[22]" classname="com.thealgorithms.datastructures.buffers.CircularBufferTest" time="0.002"/>
  <testcase name="concurrentTest[23]" classname="com.thealgorithms.datastructures.buffers.CircularBufferTest" time="0"/>
  <testcase name="concurrentTest[24]" classname="com.thealgorithms.datastructures.buffers.CircularBufferTest" time="0"/>
  <testcase name="concurrentTest[25]" classname="com.thealgorithms.datastructures.buffers.CircularBufferTest" time="0.001"/>
  <testcase name="concurrentTest[26]" classname="com.thealgorithms.datastructures.buffers.CircularBufferTest" time="0"/>
  <testcase name="concurrentTest[27]" classname="com.thealgorithms.datastructures.buffers.CircularBufferTest" time="0.001"/>
  <testcase name="concurrentTest[28]" classname="com.thealgorithms.datastructures.buffers.CircularBufferTest" time="0.001"/>
  <testcase name="concurrentTest[29]" classname="com.thealgorithms.datastructures.buffers.CircularBufferTest" time="0"/>
  <testcase name="concurrentTest[30]" classname="com.thealgorithms.datastructures.buffers.CircularBufferTest" time="0"/>
  <testcase name="concurrentTest[31]" classname="com.thealgorithms.datastructures.buffers.CircularBufferTest" time="0.001"/>
  <testcase name="concurrentTest[32]" classname="com.thealgorithms.datastructures.buffers.CircularBufferTest" time="0"/>
  <testcase name="concurrentTest[33]" classname="com.thealgorithms.datastructures.buffers.CircularBufferTest" time="0"/>
  <testcase name="concurrentTest[34]" classname="com.thealgorithms.datastructures.buffers.CircularBufferTest" time="0.001"/>
  <testcase name="concurrentTest[35]" classname="com.thealgorithms.datastructures.buffers.CircularBufferTest" time="0.001"/>
  <testcase name="concurrentTest[36]" classname="com.thealgorithms.datastructures.buffers.CircularBufferTest" time="0"/>
  <testcase name="concurrentTest[37]" classname="com.thealgorithms.datastructures.buffers.CircularBufferTest" time="0"/>
  <testcase name="concurrentTest[38]" classname="com.thealgorithms.datastructures.buffers.CircularBufferTest" time="0.001"/>
  <testcase name="concurrentTest[39]" classname="com.thealgorithms.datastructures.buffers.CircularBufferTest" time="0"/>
  <testcase name="concurrentTest[40]" classname="com.thealgorithms.datastructures.buffers.CircularBufferTest" time="0"/>
  <testcase name="concurrentTest[41]" classname="com.thealgorithms.datastructures.buffers.CircularBufferTest" time="0.001"/>
  <testcase name="concurrentTest[42]" classname="com.thealgorithms.datastructures.buffers.CircularBufferTest" time="0.001"/>
  <testcase name="concurrentTest[43]" classname="com.thealgorithms.datastructures.buffers.CircularBufferTest" time="0"/>
  <testcase name="concurrentTest[44]" classname="com.thealgorithms.datastructures.buffers.CircularBufferTest" time="0.001"/>
  <testcase name="concurrentTest[45]" classname="com.thealgorithms.datastructures.buffers.CircularBufferTest" time="0"/>
  <testcase name="concurrentTest[46]" classname="com.thealgorithms.datastructures.buffers.CircularBufferTest" time="0"/>
  <testcase name="concurrentTest[47]" classname="com.thealgorithms.datastructures.buffers.CircularBufferTest" time="0"/>
  <testcase name="concurrentTest[48]" classname="com.thealgorithms.datastructures.buffers.CircularBufferTest" time="0"/>
  <testcase name="concurrentTest[49]" classname="com.thealgorithms.datastructures.buffers.CircularBufferTest" time="0"/>
  <testcase name="concurrentTest[50]" classname="com.thealgorithms.datastructures.buffers.CircularBufferTest" time="0"/>
  <testcase name="concurrentTest[51]" classname="com.thealgorithms.datastructures.buffers.CircularBufferTest" time="0.001"/>
  <testcase name="concurrentTest[52]" classname="com.thealgorithms.datastructures.buffers.CircularBufferTest" time="0"/>
  <testcase name="concurrentTest[53]" classname="com.thealgorithms.datastructures.buffers.CircularBufferTest" time="0"/>
  <testcase name="concurrentTest[54]" classname="com.thealgorithms.datastructures.buffers.CircularBufferTest" time="0.001"/>
  <testcase name="concurrentTest[55]" classname="com.thealgorithms.datastructures.buffers.CircularBufferTest" time="0"/>
  <testcase name="concurrentTest[56]" classname="com.thealgorithms.datastructures.buffers.CircularBufferTest" time="0.003"/>
  <testcase name="concurrentTest[57]" classname="com.thealgorithms.datastructures.buffers.CircularBufferTest" time="0"/>
  <testcase name="concurrentTest[58]" classname="com.thealgorithms.datastructures.buffers.CircularBufferTest" time="0.001"/>
  <testcase name="concurrentTest[59]" classname="com.thealgorithms.datastructures.buffers.CircularBufferTest" time="0"/>
  <testcase name="concurrentTest[60]" classname="com.thealgorithms.datastructures.buffers.CircularBufferTest" time="0"/>
  <testcase name="concurrentTest[61]" classname="com.thealgorithms.datastructures.buffers.CircularBufferTest" time="0"/>
  <testcase name="concurrentTest[62]" classname="com.thealgorithms.datastructures.buffers.CircularBufferTest" time="0.001"/>
  <testcase name="concurrentTest[63]" classname="com.thealgorithms.datastructures.buffers.CircularBufferTest" time="0.001"/>
  <testcase name="concurrentTest[64]" classname="com.thealgorithms.datastructures.buffers.CircularBufferTest" time="0"/>
  <testcase name="concurrentTest[65]" classname="com.thealgorithms.datastructures.buffers.CircularBufferTest" time="0"/>
  <testcase name="concurrentTest[66]" classname="com.thealgorithms.datastructures.buffers.CircularBufferTest" time="0"/>
  <testcase name="concurrentTest[67]" classname="com.thealgorithms.datastructures.buffers.CircularBufferTest" time="0"/>
  <testcase name="concurrentTest[68]" classname="com.thealgorithms.datastructures.buffers.CircularBufferTest" time="0"/>
  <testcase name="concurrentTest[69]" classname="com.thealgorithms.datastructures.buffers.CircularBufferTest" time="0.001"/>
  <testcase name="concurrentTest[70]" classname="com.thealgorithms.datastructures.buffers.CircularBufferTest" time="0"/>
  <testcase name="concurrentTest[71]" classname="com.thealgorithms.datastructures.buffers.CircularBufferTest" time="0.001"/>
  <testcase name="concurrentTest[72]" classname="com.thealgorithms.datastructures.buffers.CircularBufferTest" time="0"/>
  <testcase name="concurrentTest[73]" classname="com.thealgorithms.datastructures.buffers.CircularBufferTest" time="0.001"/>
  <testcase name="concurrentTest[74]" classname="com.thealgorithms.datastructures.buffers.CircularBufferTest" time="0.001"/>
  <testcase name="concurrentTest[75]" classname="com.thealgorithms.datastructures.buffers.CircularBufferTest" time="0"/>
  <testcase name="concurrentTest[76]" classname="com.thealgorithms.datastructures.buffers.CircularBufferTest" time="0.001"/>
  <testcase name="concurrentTest[77]" classname="com.thealgorithms.datastructures.buffers.CircularBufferTest" time="0"/>
  <testcase name="concurrentTest[78]" classname="com.thealgorithms.datastructures.buffers.CircularBufferTest" time="0.001"/>
  <testcase name="concurrentTest[79]" classname="com.thealgorithms.datastructures.buffers.CircularBufferTest" time="0"/>
  <testcase name="concurrentTest[80]" classname="com.thealgorithms.datastructures.buffers.CircularBufferTest" time="0.001"/>
  <testcase name="concurrentTest[81]" classname="com.thealgorithms.datastructures.buffers.CircularBufferTest" time="0"/>
  <testcase name="concurrentTest[82]" classname="com.thealgorithms.datastructures.buffers.CircularBufferTest" time="0.001"/>
  <testcase name="concurrentTest[83]" classname="com.thealgorithms.datastructures.buffers.CircularBufferTest" time="0"/>
  <testcase name="concurrentTest[84]" classname="com.thealgorithms.datastructures.buffers.CircularBufferTest" time="0.001"/>
  <testcase name="concurrentTest[85]" classname="com.thealgorithms.datastructures.buffers.CircularBufferTest" time="0"/>
  <testcase name="concurrentTest[86]" classname="com.thealgorithms.datastructures.buffers.CircularBufferTest" time="0.001"/>
  <testcase name="concurrentTest[87]" classname="com.thealgorithms.datastructures.buffers.CircularBufferTest" time="0"/>
  <testcase name="concurrentTest[88]" classname="com.thealgorithms.datastructures.buffers.CircularBufferTest" time="0.001"/>
  <testcase name="concurrentTest[89]" classname="com.thealgorithms.datastructures.buffers.CircularBufferTest" time="0"/>
  <testcase name="concurrentTest[90]" classname="com.thealgorithms.datastructures.buffers.CircularBufferTest" time="0.001"/>
  <testcase name="concurrentTest[91]" classname="com.thealgorithms.datastructures.buffers.CircularBufferTest" time="0"/>
  <testcase name="concurrentTest[92]" classname="com.thealgorithms.datastructures.buffers.CircularBufferTest" time="0.001"/>
  <testcase name="concurrentTest[93]" classname="com.thealgorithms.datastructures.buffers.CircularBufferTest" time="0.001"/>
  <testcase name="concurrentTest[94]" classname="com.thealgorithms.datastructures.buffers.CircularBufferTest" time="0.001"/>
  <testcase name="concurrentTest[95]" classname="com.thealgorithms.datastructures.buffers.CircularBufferTest" time="0"/>
  <testcase name="concurrentTest[96]" classname="com.thealgorithms.datastructures.buffers.CircularBufferTest" time="0.001"/>
  <testcase name="concurrentTest[97]" classname="com.thealgorithms.datastructures.buffers.CircularBufferTest" time="0.001"/>
  <testcase name="concurrentTest[98]" classname="com.thealgorithms.datastructures.buffers.CircularBufferTest" time="0"/>
  <testcase name="concurrentTest[99]" classname="com.thealgorithms.datastructures.buffers.CircularBufferTest" time="0.001"/>
  <testcase name="concurrentTest[100]" classname="com.thealgorithms.datastructures.buffers.CircularBufferTest" time="0.001"/>
  <testcase name="concurrentTest[101]" classname="com.thealgorithms.datastructures.buffers.CircularBufferTest" time="0"/>
  <testcase name="concurrentTest[102]" classname="com.thealgorithms.datastructures.buffers.CircularBufferTest" time="0.001"/>
  <testcase name="concurrentTest[103]" classname="com.thealgorithms.datastructures.buffers.CircularBufferTest" time="0"/>
  <testcase name="concurrentTest[104]" classname="com.thealgorithms.datastructures.buffers.CircularBufferTest" time="0.001"/>
  <testcase name="concurrentTest[105]" classname="com.thealgorithms.datastructures.buffers.CircularBufferTest" time="0"/>
  <testcase name="concurrentTest[106]" classname="com.thealgorithms.datastructures.buffers.CircularBufferTest" time="0"/>
  <testcase name="concurrentTest[107]" classname="com.thealgorithms.datastructures.buffers.CircularBufferTest" time="0.001"/>
  <testcase name="concurrentTest[108]" classname="com.thealgorithms.datastructures.buffers.CircularBufferTest" time="0.001"/>
  <testcase name="concurrentTest[109]" classname="com.thealgorithms.datastructures.buffers.CircularBufferTest" time="0"/>
  <testcase name="concurrentTest[110]" classname="com.thealgorithms.datastructures.buffers.CircularBufferTest" time="0.001"/>
  <testcase name="concurrentTest[111]" classname="com.thealgorithms.datastructures.buffers.CircularBufferTest" time="0"/>
  <testcase name="concurrentTest[112]" classname="com.thealgorithms.datastructures.buffers.CircularBufferTest" time="0.001"/>
  <testcase name="concurrentTest[113]" classname="com.thealgorithms.datastructures.buffers.CircularBufferTest" time="0"/>
  <testcase name="concurrentTest[114]" classname="com.thealgorithms.datastructures.buffers.CircularBufferTest" time="0.001"/>
  <testcase name="concurrentTest[115]" classname="com.thealgorithms.datastructures.buffers.CircularBufferTest" time="0"/>
  <testcase name="concurrentTest[116]" classname="com.thealgorithms.datastructures.buffers.CircularBufferTest" time="0"/>
  <testcase name="concurrentTest[117]" classname="com.thealgorithms.datastructures.buffers.CircularBufferTest" time="0.001"/>
  <testcase name="concurrentTest[118]" classname="com.thealgorithms.datastructures.buffers.CircularBufferTest" time="0"/>
  <testcase name="concurrentTest[119]" classname="com.thealgorithms.datastructures.buffers.CircularBufferTest" time="0.001"/>
  <testcase name="concurrentTest[120]" classname="com.thealgorithms.datastructures.buffers.CircularBufferTest" time="0"/>
  <testcase name="concurrentTest[121]" classname="com.thealgorithms.datastructures.buffers.CircularBufferTest" time="0.001"/>
  <testcase name="concurrentTest[122]" classname="com.thealgorithms.datastructures.buffers.CircularBufferTest" time="0"/>
  <testcase name="concurrentTest[123]" classname="com.thealgorithms.datastructures.buffers.CircularBufferTest" time="0.001"/>
  <testcase name="concurrentTest[124]" classname="com.thealgorithms.datastructures.buffers.CircularBufferTest" time="0"/>
  <testcase name="concurrentTest[125]" classname="com.thealgorithms.datastructures.buffers.CircularBufferTest" time="0"/>
  <testcase name="concurrentTest[126]" classname="com.thealgorithms.datastructures.buffers.CircularBufferTest" time="0"/>
  <testcase name="concurrentTest[127]" classname="com.thealgorithms.datastructures.buffers.CircularBufferTest" time="0.001"/>
  <testcase name="concurrentTest[128]" classname="com.thealgorithms.datastructures.buffers.CircularBufferTest" time="0"/>
  <testcase name="concurrentTest[129]" classname="com.thealgorithms.datastructures.buffers.CircularBufferTest" time="0"/>
  <testcase name="concurrentTest[130]" classname="com.thealgorithms.datastructures.buffers.CircularBufferTest" time="0"/>
  <testcase name="concurrentTest[131]" classname="com.thealgorithms.datastructures.buffers.CircularBufferTest" time="0"/>
  <testcase name="concurrentTest[132]" classname="com.thealgorithms.datastructures.buffers.CircularBufferTest" time="0.001"/>
  <testcase name="concurrentTest[133]" classname="com.thealgorithms.datastructures.buffers.CircularBufferTest" time="0"/>
  <testcase name="concurrentTest[134]" classname="com.thealgorithms.datastructures.buffers.CircularBufferTest" time="0"/>
  <testcase name="concurrentTest[135]" classname="com.thealgorithms.datastructures.buffers.CircularBufferTest" time="0.001"/>
  <testcase name="concurrentTest[136]" classname="com.thealgorithms.datastructures.buffers.CircularBufferTest" time="0"/>
  <testcase name="concurrentTest[137]" classname="com.thealgorithms.datastructures.buffers.CircularBufferTest" time="0"/>
  <testcase name="concurrentTest[138]" classname="com.thealgorithms.datastructures.buffers.CircularBufferTest" time="0.001"/>
  <testcase name="concurrentTest[139]" classname="com.thealgorithms.datastructures.buffers.CircularBufferTest" time="0"/>
  <testcase name="concurrentTest[140]" classname="com.thealgorithms.datastructures.buffers.CircularBufferTest" time="0.001"/>
  <testcase name="concurrentTest[141]" classname="com.thealgorithms.datastructures.buffers.CircularBufferTest" time="0"/>
  <testcase name="concurrentTest[142]" classname="com.thealgorithms.datastructures.buffers.CircularBufferTest" time="0"/>
  <testcase name="concurrentTest[143]" classname="com.thealgorithms.datastructures.buffers.CircularBufferTest" time="0.001"/>
  <testcase name="concurrentTest[144]" classname="com.thealgorithms.datastructures.buffers.CircularBufferTest" time="0"/>
  <testcase name="concurrentTest[145]" classname="com.thealgorithms.datastructures.buffers.CircularBufferTest" time="0"/>
  <testcase name="concurrentTest[146]" classname="com.thealgorithms.datastructures.buffers.CircularBufferTest" time="0"/>
  <testcase name="concurrentTest[147]" classname="com.thealgorithms.datastructures.buffers.CircularBufferTest" time="0"/>
  <testcase name="concurrentTest[148]" classname="com.thealgorithms.datastructures.buffers.CircularBufferTest" time="0.001"/>
  <testcase name="concurrentTest[149]" classname="com.thealgorithms.datastructures.buffers.CircularBufferTest" time="0"/>
  <testcase name="concurrentTest[150]" classname="com.thealgorithms.datastructures.buffers.CircularBufferTest" time="0.001"/>
  <testcase name="concurrentTest[151]" classname="com.thealgorithms.datastructures.buffers.CircularBufferTest" time="0.001"/>
  <testcase name="concurrentTest[152]" classname="com.thealgorithms.datastructures.buffers.CircularBufferTest" time="0"/>
  <testcase name="concurrentTest[153]" classname="com.thealgorithms.datastructures.buffers.CircularBufferTest" time="0.001"/>
  <testcase name="concurrentTest[154]" classname="com.thealgorithms.datastructures.buffers.CircularBufferTest" time="0"/>
  <testcase name="concurrentTest[155]" classname="com.thealgorithms.datastructures.buffers.CircularBufferTest" time="0"/>
  <testcase name="concurrentTest[156]" classname="com.thealgorithms.datastructures.buffers.CircularBufferTest" time="0"/>
  <testcase name="concurrentTest[157]" classname="com.thealgorithms.datastructures.buffers.CircularBufferTest" time="0"/>
  <testcase name="concurrentTest[158]" classname="com.thealgorithms.datastructures.buffers.CircularBufferTest" time="0.001"/>
  <testcase name="concurrentTest[159]" classname="com.thealgorithms.datastructures.buffers.CircularBufferTest" time="0.002"/>
  <testcase name="concurrentTest[160]" classname="com.thealgorithms.datastructures.buffers.CircularBufferTest" time="0.001"/>
  <testcase name="concurrentTest[161]" classname="com.thealgorithms.datastructures.buffers.CircularBufferTest" time="0"/>
  <testcase name="concurrentTest[162]" classname="com.thealgorithms.datastructures.buffers.CircularBufferTest" time="0"/>
  <testcase name="concurrentTest[163]" classname="com.thealgorithms.datastructures.buffers.CircularBufferTest" time="0.001"/>
  <testcase name="concurrentTest[164]" classname="com.thealgorithms.datastructures.buffers.CircularBufferTest" time="0"/>
  <testcase name="concurrentTest[165]" classname="com.thealgorithms.datastructures.buffers.CircularBufferTest" time="0.001"/>
  <testcase name="concurrentTest[166]" classname="com.thealgorithms.datastructures.buffers.CircularBufferTest" time="0.004"/>
  <testcase name="concurrentTest[167]" classname="com.thealgorithms.datastructures.buffers.CircularBufferTest" time="0.001"/>
  <testcase name="concurrentTest[168]" classname="com.thealgorithms.datastructures.buffers.CircularBufferTest" time="0"/>
  <testcase name="concurrentTest[169]" classname="com.thealgorithms.datastructures.buffers.CircularBufferTest" time="0.001"/>
  <testcase name="concurrentTest[170]" classname="com.thealgorithms.datastructures.buffers.CircularBufferTest" time="0"/>
  <testcase name="concurrentTest[171]" classname="com.thealgorithms.datastructures.buffers.CircularBufferTest" time="0.001"/>
  <testcase name="concurrentTest[172]" classname="com.thealgorithms.datastructures.buffers.CircularBufferTest" time="0.001"/>
  <testcase name="concurrentTest[173]" classname="com.thealgorithms.datastructures.buffers.CircularBufferTest" time="0"/>
  <testcase name="concurrentTest[174]" classname="com.thealgorithms.datastructures.buffers.CircularBufferTest" time="0.001"/>
  <testcase name="concurrentTest[175]" classname="com.thealgorithms.datastructures.buffers.CircularBufferTest" time="0"/>
  <testcase name="concurrentTest[176]" classname="com.thealgorithms.datastructures.buffers.CircularBufferTest" time="0"/>
  <testcase name="concurrentTest[177]" classname="com.thealgorithms.datastructures.buffers.CircularBufferTest" time="0.001"/>
  <testcase name="concurrentTest[178]" classname="com.thealgorithms.datastructures.buffers.CircularBufferTest" time="0"/>
  <testcase name="concurrentTest[179]" classname="com.thealgorithms.datastructures.buffers.CircularBufferTest" time="0"/>
  <testcase name="concurrentTest[180]" classname="com.thealgorithms.datastructures.buffers.CircularBufferTest" time="0"/>
  <testcase name="concurrentTest[181]" classname="com.thealgorithms.datastructures.buffers.CircularBufferTest" time="0"/>
  <testcase name="concurrentTest[182]" classname="com.thealgorithms.datastructures.buffers.CircularBufferTest" time="0"/>
  <testcase name="concurrentTest[183]" classname="com.thealgorithms.datastructures.buffers.CircularBufferTest" time="0"/>
  <testcase name="concurrentTest[184]" classname="com.thealgorithms.datastructures.buffers.CircularBufferTest" time="0"/>
  <testcase name="concurrentTest[185]" classname="com.thealgorithms.datastructures.buffers.CircularBufferTest" time="0.001"/>
  <testcase name="concurrentTest[186]" classname="com.thealgorithms.datastructures.buffers.CircularBufferTest" time="0"/>
  <testcase name="concurrentTest[187]" classname="com.thealgorithms.datastructures.buffers.CircularBufferTest" time="0"/>
  <testcase name="concurrentTest[188]" classname="com.thealgorithms.datastructures.buffers.CircularBufferTest" time="0"/>
  <testcase name="concurrentTest[189]" classname="com.thealgorithms.datastructures.buffers.CircularBufferTest" time="0"/>
  <testcase name="concurrentTest[190]" classname="com.thealgorithms.datastructures.buffers.CircularBufferTest" time="0.001"/>
  <testcase name="concurrentTest[191]" classname="com.thealgorithms.datastructures.buffers.CircularBufferTest" time="0.001"/>
  <testcase name="concurrentTest[192]" classname="com.thealgorithms.datastructures.buffers.CircularBufferTest" time="0"/>
  <testcase name="concurrentTest[193]" classname="com.thealgorithms.datastructures.buffers.CircularBufferTest" time="0.001"/>
  <testcase name="concurrentTest[194]" classname="com.thealgorithms.datastructures.buffers.CircularBufferTest" time="0"/>
  <testcase name="concurrentTest[195]" classname="com.thealgorithms.datastructures.buffers.CircularBufferTest" time="0.001"/>
  <testcase name="concurrentTest[196]" classname="com.thealgorithms.datastructures.buffers.CircularBufferTest" time="0"/>
  <testcase name="concurrentTest[197]" classname="com.thealgorithms.datastructures.buffers.CircularBufferTest" time="0"/>
  <testcase name="concurrentTest[198]" classname="com.thealgorithms.datastructures.buffers.CircularBufferTest" time="0"/>
  <testcase name="concurrentTest[199]" classname="com.thealgorithms.datastructures.buffers.CircularBufferTest" time="0"/>
  <testcase name="concurrentTest[200]" classname="com.thealgorithms.datastructures.buffers.CircularBufferTest" time="0.001"/>
  <testcase name="concurrentTest[201]" classname="com.thealgorithms.datastructures.buffers.CircularBufferTest" time="0"/>
  <testcase name="concurrentTest[202]" classname="com.thealgorithms.datastructures.buffers.CircularBufferTest" time="0.001"/>
  <testcase name="concurrentTest[203]" classname="com.thealgorithms.datastructures.buffers.CircularBufferTest" time="0"/>
  <testcase name="concurrentTest[204]" classname="com.thealgorithms.datastructures.buffers.CircularBufferTest" time="0"/>
  <testcase name="concurrentTest[205]" classname="com.thealgorithms.datastructures.buffers.CircularBufferTest" time="0"/>
  <testcase name="concurrentTest[206]" classname="com.thealgorithms.datastructures.buffers.CircularBufferTest" time="0"/>
  <testcase name="concurrentTest[207]" classname="com.thealgorithms.datastructures.buffers.CircularBufferTest" time="0"/>
  <testcase name="concurrentTest[208]" classname="com.thealgorithms.datastructures.buffers.CircularBufferTest" time="0.001"/>
  <testcase name="concurrentTest[209]" classname="com.thealgorithms.datastructures.buffers.CircularBufferTest" time="0"/>
  <testcase name="concurrentTest[210]" classname="com.thealgorithms.datastructures.buffers.CircularBufferTest" time="0.001"/>
  <testcase name="concurrentTest[211]" classname="com.thealgorithms.datastructures.buffers.CircularBufferTest" time="0.001"/>
  <testcase name="concurrentTest[212]" classname="com.thealgorithms.datastructures.buffers.CircularBufferTest" time="0"/>
  <testcase name="concurrentTest[213]" classname="com.thealgorithms.datastructures.buffers.CircularBufferTest" time="0.001"/>
  <testcase name="concurrentTest[214]" classname="com.thealgorithms.datastructures.buffers.CircularBufferTest" time="0"/>
  <testcase name="concurrentTest[215]" classname="com.thealgorithms.datastructures.buffers.CircularBufferTest" time="0"/>
  <testcase name="concurrentTest[216]" classname="com.thealgorithms.datastructures.buffers.CircularBufferTest" time="0"/>
  <testcase name="concurrentTest[217]" classname="com.thealgorithms.datastructures.buffers.CircularBufferTest" time="0"/>
  <testcase name="concurrentTest[218]" classname="com.thealgorithms.datastructures.buffers.CircularBufferTest" time="0"/>
  <testcase name="concurrentTest[219]" classname="com.thealgorithms.datastructures.buffers.CircularBufferTest" time="0"/>
  <testcase name="concurrentTest[220]" classname="com.thealgorithms.datastructures.buffers.CircularBufferTest" time="0"/>
  <testcase name="concurrentTest[221]" classname="com.thealgorithms.datastructures.buffers.CircularBufferTest" time="0"/>
  <testcase name="concurrentTest[222]" classname="com.thealgorithms.datastructures.buffers.CircularBufferTest" time="0"/>
  <testcase name="concurrentTest[223]" classname="com.thealgorithms.datastructures.buffers.CircularBufferTest" time="0"/>
  <testcase name="concurrentTest[224]" classname="com.thealgorithms.datastructures.buffers.CircularBufferTest" time="0"/>
  <testcase name="concurrentTest[225]" classname="com.thealgorithms.datastructures.buffers.CircularBufferTest" time="0"/>
  <testcase name="concurrentTest[226]" classname="com.thealgorithms.datastructures.buffers.CircularBufferTest" time="0"/>
  <testcase name="concurrentTest[227]" classname="com.thealgorithms.datastructures.buffers.CircularBufferTest" time="0.001"/>
  <testcase name="concurrentTest[228]" classname="com.thealgorithms.datastructures.buffers.CircularBufferTest" time="0"/>
  <testcase name="concurrentTest[229]" classname="com.thealgorithms.datastructures.buffers.CircularBufferTest" time="0"/>
  <testcase name="concurrentTest[230]" classname="com.thealgorithms.datastructures.buffers.CircularBufferTest" time="0.001"/>
  <testcase name="concurrentTest[231]" classname="com.thealgorithms.datastructures.buffers.CircularBufferTest" time="0"/>
  <testcase name="concurrentTest[232]" classname="com.thealgorithms.datastructures.buffers.CircularBufferTest" time="0.001"/>
  <testcase name="concurrentTest[233]" classname="com.thealgorithms.datastructures.buffers.CircularBufferTest" time="0"/>
  <testcase name="concurrentTest[234]" classname="com.thealgorithms.datastructures.buffers.CircularBufferTest" time="0.001"/>
  <testcase name="concurrentTest[235]" classname="com.thealgorithms.datastructures.buffers.CircularBufferTest" time="0"/>
  <testcase name="concurrentTest[236]" classname="com.thealgorithms.datastructures.buffers.CircularBufferTest" time="0"/>
  <testcase name="concurrentTest[237]" classname="com.thealgorithms.datastructures.buffers.CircularBufferTest" time="0.001"/>
  <testcase name="concurrentTest[238]" classname="com.thealgorithms.datastructures.buffers.CircularBufferTest" time="0"/>
  <testcase name="concurrentTest[239]" classname="com.thealgorithms.datastructures.buffers.CircularBufferTest" time="0"/>
  <testcase name="concurrentTest[240]" classname="com.thealgorithms.datastructures.buffers.CircularBufferTest" time="0.003"/>
  <testcase name="concurrentTest[241]" classname="com.thealgorithms.datastructures.buffers.CircularBufferTest" time="0"/>
  <testcase name="concurrentTest[242]" classname="com.thealgorithms.datastructures.buffers.CircularBufferTest" time="0"/>
  <testcase name="concurrentTest[243]" classname="com.thealgorithms.datastructures.buffers.CircularBufferTest" time="0.001"/>
  <testcase name="concurrentTest[244]" classname="com.thealgorithms.datastructures.buffers.CircularBufferTest" time="0"/>
  <testcase name="concurrentTest[245]" classname="com.thealgorithms.datastructures.buffers.CircularBufferTest" time="0.001"/>
  <testcase name="concurrentTest[246]" classname="com.thealgorithms.datastructures.buffers.CircularBufferTest" time="0"/>
  <testcase name="concurrentTest[247]" classname="com.thealgorithms.datastructures.buffers.CircularBufferTest" time="0"/>
  <testcase name="concurrentTest[248]" classname="com.thealgorithms.datastructures.buffers.CircularBufferTest" time="0"/>
  <testcase name="concurrentTest[249]" classname="com.thealgorithms.datastructures.buffers.CircularBufferTest" time="0"/>
  <testcase name="concurrentTest[250]" classname="com.thealgorithms.datastructures.buffers.CircularBufferTest" time="0.001"/>
  <testcase name="concurrentTest[251]" classname="com.thealgorithms.datastructures.buffers.CircularBufferTest" time="0"/>
  <testcase name="concurrentTest[252]" classname="com.thealgorithms.datastructures.buffers.CircularBufferTest" time="0"/>
  <testcase name="concurrentTest[253]" classname="com.thealgorithms.datastructures.buffers.CircularBufferTest" time="0.001"/>
  <testcase name="concurrentTest[254]" classname="com.thealgorithms.datastructures.buffers.CircularBufferTest" time="0"/>
  <testcase name="concurrentTest[255]" classname="com.thealgorithms.datastructures.buffers.CircularBufferTest" time="0.001"/>
  <testcase name="concurrentTest[256]" classname="com.thealgorithms.datastructures.buffers.CircularBufferTest" time="0"/>
  <testcase name="concurrentTest[257]" classname="com.thealgorithms.datastructures.buffers.CircularBufferTest" time="0"/>
  <testcase name="concurrentTest[258]" classname="com.thealgorithms.datastructures.buffers.CircularBufferTest" time="0"/>
  <testcase name="concurrentTest[259]" classname="com.thealgorithms.datastructures.buffers.CircularBufferTest" time="0"/>
  <testcase name="concurrentTest[260]" classname="com.thealgorithms.datastructures.buffers.CircularBufferTest" time="0"/>
  <testcase name="concurrentTest[261]" classname="com.thealgorithms.datastructures.buffers.CircularBufferTest" time="0.001"/>
  <testcase name="concurrentTest[262]" classname="com.thealgorithms.datastructures.buffers.CircularBufferTest" time="0"/>
  <testcase name="concurrentTest[263]" classname="com.thealgorithms.datastructures.buffers.CircularBufferTest" time="0"/>
  <testcase name="concurrentTest[264]" classname="com.thealgorithms.datastructures.buffers.CircularBufferTest" time="0"/>
  <testcase name="concurrentTest[265]" classname="com.thealgorithms.datastructures.buffers.CircularBufferTest" time="0"/>
  <testcase name="concurrentTest[266]" classname="com.thealgorithms.datastructures.buffers.CircularBufferTest" time="0"/>
  <testcase name="concurrentTest[267]" classname="com.thealgorithms.datastructures.buffers.CircularBufferTest" time="0.001"/>
  <testcase name="concurrentTest[268]" classname="com.thealgorithms.datastructures.buffers.CircularBufferTest" time="0"/>
  <testcase name="concurrentTest[269]" classname="com.thealgorithms.datastructures.buffers.CircularBufferTest" time="0"/>
  <testcase name="concurrentTest[270]" classname="com.thealgorithms.datastructures.buffers.CircularBufferTest" time="0.001"/>
  <testcase name="concurrentTest[271]" classname="com.thealgorithms.datastructures.buffers.CircularBufferTest" time="0"/>
  <testcase name="concurrentTest[272]" classname="com.thealgorithms.datastructures.buffers.CircularBufferTest" time="0.001"/>
  <testcase name="concurrentTest[273]" classname="com.thealgorithms.datastructures.buffers.CircularBufferTest" time="0"/>
  <testcase name="concurrentTest[274]" classname="com.thealgorithms.datastructures.buffers.CircularBufferTest" time="0"/>
  <testcase name="concurrentTest[275]" classname="com.thealgorithms.datastructures.buffers.CircularBufferTest" time="0.001"/>
  <testcase name="concurrentTest[276]" classname="com.thealgorithms.datastructures.buffers.CircularBufferTest" time="0"/>
  <testcase name="concurrentTest[277]" classname="com.thealgorithms.datastructures.buffers.CircularBufferTest" time="0"/>
  <testcase name="concurrentTest[278]" classname="com.thealgorithms.datastructures.buffers.CircularBufferTest" time="0.001"/>
  <testcase name="concurrentTest[279]" classname="com.thealgorithms.datastructures.buffers.CircularBufferTest" time="0"/>
  <testcase name="concurrentTest[280]" classname="com.thealgorithms.datastructures.buffers.CircularBufferTest" time="0"/>
  <testcase name="concurrentTest[281]" classname="com.thealgorithms.datastructures.buffers.CircularBufferTest" time="0.001"/>
  <testcase name="concurrentTest[282]" classname="com.thealgorithms.datastructures.buffers.CircularBufferTest" time="0"/>
  <testcase name="concurrentTest[283]" classname="com.thealgorithms.datastructures.buffers.CircularBufferTest" time="0"/>
  <testcase name="concurrentTest[284]" classname="com.thealgorithms.datastructures.buffers.CircularBufferTest" time="0.001"/>
  <testcase name="concurrentTest[285]" classname="com.thealgorithms.datastructures.buffers.CircularBufferTest" time="0"/>
  <testcase name="concurrentTest[286]" classname="com.thealgorithms.datastructures.buffers.CircularBufferTest" time="0"/>
  <testcase name="concurrentTest[287]" classname="com.thealgorithms.datastructures.buffers.CircularBufferTest" time="0"/>
  <testcase name="concurrentTest[288]" classname="com.thealgorithms.datastructures.buffers.CircularBufferTest" time="0"/>
  <testcase name="concurrentTest[289]" classname="com.thealgorithms.datastructures.buffers.CircularBufferTest" time="0"/>
  <testcase name="concurrentTest[290]" classname="com.thealgorithms.datastructures.buffers.CircularBufferTest" time="0.001"/>
  <testcase name="concurrentTest[291]" classname="com.thealgorithms.datastructures.buffers.CircularBufferTest" time="0"/>
  <testcase name="concurrentTest[292]" classname="com.thealgorithms.datastructures.buffers.CircularBufferTest" time="0"/>
  <testcase name="concurrentTest[293]" classname="com.thealgorithms.datastructures.buffers.CircularBufferTest" time="0"/>
  <testcase name="concurrentTest[294]" classname="com.thealgorithms.datastructures.buffers.CircularBufferTest" time="0"/>
  <testcase name="concurrentTest[295]" classname="com.thealgorithms.datastructures.buffers.CircularBufferTest" time="0.001"/>
  <testcase name="concurrentTest[296]" classname="com.thealgorithms.datastructures.buffers.CircularBufferTest" time="0"/>
  <testcase name="concurrentTest[297]" classname="com.thealgorithms.datastructures.buffers.CircularBufferTest" time="0"/>
  <testcase name="concurrentTest[298]" classname="com.thealgorithms.datastructures.buffers.CircularBufferTest" time="0"/>
  <testcase name="concurrentTest[299]" classname="com.thealgorithms.datastructures.buffers.CircularBufferTest" time="0"/>
  <testcase name="concurrentTest[300]" classname="com.thealgorithms.datastructures.buffers.CircularBufferTest" time="0"/>
  <testcase name="concurrentTest[301]" classname="com.thealgorithms.datastructures.buffers.CircularBufferTest" time="0"/>
  <testcase name="concurrentTest[302]" classname="com.thealgorithms.datastructures.buffers.CircularBufferTest" time="0.001"/>
  <testcase name="concurrentTest[303]" classname="com.thealgorithms.datastructures.buffers.CircularBufferTest" time="0"/>
  <testcase name="concurrentTest[304]" classname="com.thealgorithms.datastructures.buffers.CircularBufferTest" time="0"/>
  <testcase name="concurrentTest[305]" classname="com.thealgorithms.datastructures.buffers.CircularBufferTest" time="0"/>
  <testcase name="concurrentTest[306]" classname="com.thealgorithms.datastructures.buffers.CircularBufferTest" time="0.001"/>
  <testcase name="concurrentTest[307]" classname="com.thealgorithms.datastructures.buffers.CircularBufferTest" time="0"/>
  <testcase name="concurrentTest[308]" classname="com.thealgorithms.datastructures.buffers.CircularBufferTest" time="0"/>
  <testcase name="concurrentTest[309]" classname="com.thealgorithms.datastructures.buffers.CircularBufferTest" time="0.001"/>
  <testcase name="concurrentTest[310]" classname="com.thealgorithms.datastructures.buffers.CircularBufferTest" time="0"/>
  <testcase name="concurrentTest[311]" classname="com.thealgorithms.datastructures.buffers.CircularBufferTest" time="0"/>
  <testcase name="concurrentTest[312]" classname="com.thealgorithms.datastructures.buffers.CircularBufferTest" time="0.001"/>
  <testcase name="concurrentTest[313]" classname="com.thealgorithms.datastructures.buffers.CircularBufferTest" time="0"/>
  <testcase name="concurrentTest[314]" classname="com.thealgorithms.datastructures.buffers.CircularBufferTest" time="0"/>
  <testcase name="concurrentTest[315]" classname="com.thealgorithms.datastructures.buffers.CircularBufferTest" time="0"/>
  <testcase name="concurrentTest[316]" classname="com.thealgorithms.datastructures.buffers.CircularBufferTest" time="0.001"/>
  <testcase name="concurrentTest[317]" classname="com.thealgorithms.datastructures.buffers.CircularBufferTest" time="0"/>
  <testcase name="concurrentTest[318]" classname="com.thealgorithms.datastructures.buffers.CircularBufferTest" time="0"/>
  <testcase name="concurrentTest[319]" classname="com.thealgorithms.datastructures.buffers.CircularBufferTest" time="0.001"/>
  <testcase name="concurrentTest[320]" classname="com.thealgorithms.datastructures.buffers.CircularBufferTest" time="0"/>
  <testcase name="concurrentTest[321]" classname="com.thealgorithms.datastructures.buffers.CircularBufferTest" time="0"/>
  <testcase name="concurrentTest[322]" classname="com.thealgorithms.datastructures.buffers.CircularBufferTest" time="0"/>
  <testcase name="concurrentTest[323]" classname="com.thealgorithms.datastructures.buffers.CircularBufferTest" time="0"/>
  <testcase name="concurrentTest[324]" classname="com.thealgorithms.datastructures.buffers.CircularBufferTest" time="0"/>
  <testcase name="concurrentTest[325]" classname="com.thealgorithms.datastructures.buffers.CircularBufferTest" time="0"/>
  <testcase name="concurrentTest[326]" classname="com.thealgorithms.datastructures.buffers.CircularBufferTest" time="0.001"/>
  <testcase name="concurrentTest[327]" classname="com.thealgorithms.datastructures.buffers.CircularBufferTest" time="0"/>
  <testcase name="concurrentTest[328]" classname="com.thealgorithms.datastructures.buffers.CircularBufferTest" time="0"/>
  <testcase name="concurrentTest[329]" classname="com.thealgorithms.datastructures.buffers.CircularBufferTest" time="0"/>
  <testcase name="concurrentTest[330]" classname="com.thealgorithms.datastructures.buffers.CircularBufferTest" time="0.001"/>
  <testcase name="concurrentTest[331]" classname="com.thealgorithms.datastructures.buffers.CircularBufferTest" time="0"/>
  <testcase name="concurrentTest[332]" classname="com.thealgorithms.datastructures.buffers.CircularBufferTest" time="0"/>
  <testcase name="concurrentTest[333]" classname="com.thealgorithms.datastructures.buffers.CircularBufferTest" time="0.001"/>
  <testcase name="concurrentTest[334]" classname="com.thealgorithms.datastructures.buffers.CircularBufferTest" time="0"/>
  <testcase name="concurrentTest[335]" classname="com.thealgorithms.datastructures.buffers.CircularBufferTest" time="0"/>
  <testcase name="concurrentTest[336]" classname="com.thealgorithms.datastructures.buffers.CircularBufferTest" time="0"/>
  <testcase name="concurrentTest[337]" classname="com.thealgorithms.datastructures.buffers.CircularBufferTest" time="0.001"/>
  <testcase name="concurrentTest[338]" classname="com.thealgorithms.datastructures.buffers.CircularBufferTest" time="0"/>
  <testcase name="concurrentTest[339]" classname="com.thealgorithms.datastructures.buffers.CircularBufferTest" time="0"/>
  <testcase name="concurrentTest[340]" classname="com.thealgorithms.datastructures.buffers.CircularBufferTest" time="0"/>
  <testcase name="concurrentTest[341]" classname="com.thealgorithms.datastructures.buffers.CircularBufferTest" time="0"/>
  <testcase name="concurrentTest[342]" classname="com.thealgorithms.datastructures.buffers.CircularBufferTest" time="0"/>
  <testcase name="concurrentTest[343]" classname="com.thealgorithms.datastructures.buffers.CircularBufferTest" time="0.001"/>
  <testcase name="concurrentTest[344]" classname="com.thealgorithms.datastructures.buffers.CircularBufferTest" time="0"/>
  <testcase name="concurrentTest[345]" classname="com.thealgorithms.datastructures.buffers.CircularBufferTest" time="0"/>
  <testcase name="concurrentTest[346]" classname="com.thealgorithms.datastructures.buffers.CircularBufferTest" time="0"/>
  <testcase name="concurrentTest[347]" classname="com.thealgorithms.datastructures.buffers.CircularBufferTest" time="0.001"/>
  <testcase name="concurrentTest[348]" classname="com.thealgorithms.datastructures.buffers.CircularBufferTest" time="0"/>
  <testcase name="concurrentTest[349]" classname="com.thealgorithms.datastructures.buffers.CircularBufferTest" time="0"/>
  <testcase name="concurrentTest[350]" classname="com.thealgorithms.datastructures.buffers.CircularBufferTest" time="0"/>
  <testcase name="concurrentTest[351]" classname="com.thealgorithms.datastructures.buffers.CircularBufferTest" time="0.001"/>
  <testcase name="concurrentTest[352]" classname="com.thealgorithms.datastructures.buffers.CircularBufferTest" time="0"/>
  <testcase name="concurrentTest[353]" classname="com.thealgorithms.datastructures.buffers.CircularBufferTest" time="0"/>
  <testcase name="concurrentTest[354]" classname="com.thealgorithms.datastructures.buffers.CircularBufferTest" time="0.001"/>
  <testcase name="concurrentTest[355]" classname="com.thealgorithms.datastructures.buffers.CircularBufferTest" time="0.002"/>
  <testcase name="concurrentTest[356]" classname="com.thealgorithms.datastructures.buffers.CircularBufferTest" time="0"/>
  <testcase name="concurrentTest[357]" classname="com.thealgorithms.datastructures.buffers.CircularBufferTest" time="0.001"/>
  <testcase name="concurrentTest[358]" classname="com.thealgorithms.datastructures.buffers.CircularBufferTest" time="0"/>
  <testcase name="concurrentTest[359]" classname="com.thealgorithms.datastructures.buffers.CircularBufferTest" time="0"/>
  <testcase name="concurrentTest[360]" classname="com.thealgorithms.datastructures.buffers.CircularBufferTest" time="0.001"/>
  <testcase name="concurrentTest[361]" classname="com.thealgorithms.datastructures.buffers.CircularBufferTest" time="0"/>
  <testcase name="concurrentTest[362]" classname="com.thealgorithms.datastructures.buffers.CircularBufferTest" time="0"/>
  <testcase name="concurrentTest[363]" classname="com.thealgorithms.datastructures.buffers.CircularBufferTest" time="0"/>
  <testcase name="concurrentTest[364]" classname="com.thealgorithms.datastructures.buffers.CircularBufferTest" time="0.001"/>
  <testcase name="concurrentTest[365]" classname="com.thealgorithms.datastructures.buffers.CircularBufferTest" time="0"/>
  <testcase name="concurrentTest[366]" classname="com.thealgorithms.datastructures.buffers.CircularBufferTest" time="0"/>
  <testcase name="concurrentTest[367]" classname="com.thealgorithms.datastructures.buffers.CircularBufferTest" time="0"/>
  <testcase name="concurrentTest[368]" classname="com.thealgorithms.datastructures.buffers.CircularBufferTest" time="0"/>
  <testcase name="concurrentTest[369]" classname="com.thealgorithms.datastructures.buffers.CircularBufferTest" time="0"/>
  <testcase name="concurrentTest[370]" classname="com.thealgorithms.datastructures.buffers.CircularBufferTest" time="0"/>
  <testcase name="concurrentTest[371]" classname="com.thealgorithms.datastructures.buffers.CircularBufferTest" time="0.001"/>
  <testcase name="concurrentTest[372]" classname="com.thealgorithms.datastructures.buffers.CircularBufferTest" time="0"/>
  <testcase name="concurrentTest[373]" classname="com.thealgorithms.datastructures.buffers.CircularBufferTest" time="0"/>
  <testcase name="concurrentTest[374]" classname="com.thealgorithms.datastructures.buffers.CircularBufferTest" time="0"/>
  <testcase name="concurrentTest[375]" classname="com.thealgorithms.datastructures.buffers.CircularBufferTest" time="0.001"/>
  <testcase name="concurrentTest[376]" classname="com.thealgorithms.datastructures.buffers.CircularBufferTest" time="0"/>
  <testcase name="concurrentTest[377]" classname="com.thealgorithms.datastructures.buffers.CircularBufferTest" time="0"/>
  <testcase name="concurrentTest[378]" classname="com.thealgorithms.datastructures.buffers.CircularBufferTest" time="0"/>
  <testcase name="concurrentTest[379]" classname="com.thealgorithms.datastructures.buffers.CircularBufferTest" time="0"/>
  <testcase name="concurrentTest[380]" classname="com.thealgorithms.datastructures.buffers.CircularBufferTest" time="0"/>
  <testcase name="concurrentTest[381]" classname="com.thealgorithms.datastructures.buffers.CircularBufferTest" time="0.001"/>
  <testcase name="concurrentTest[382]" classname="com.thealgorithms.datastructures.buffers.CircularBufferTest" time="0"/>
  <testcase name="concurrentTest[383]" classname="com.thealgorithms.datastructures.buffers.CircularBufferTest" time="0"/>
  <testcase name="concurrentTest[384]" classname="com.thealgorithms.datastructures.buffers.CircularBufferTest" time="0.001"/>
  <testcase name="concurrentTest[385]" classname="com.thealgorithms.datastructures.buffers.CircularBufferTest" time="0"/>
  <testcase name="concurrentTest[386]" classname="com.thealgorithms.datastructures.buffers.CircularBufferTest" time="0"/>
  <testcase name="concurrentTest[387]" classname="com.thealgorithms.datastructures.buffers.CircularBufferTest" time="0"/>
  <testcase name="concurrentTest[388]" classname="com.thealgorithms.datastructures.buffers.CircularBufferTest" time="0"/>
  <testcase name="concurrentTest[389]" classname="com.thealgorithms.datastructures.buffers.CircularBufferTest" time="0"/>
  <testcase name="concurrentTest[390]" classname="com.thealgorithms.datastructures.buffers.CircularBufferTest" time="0"/>
  <testcase name="concurrentTest[391]" classname="com.thealgorithms.datastructures.buffers.CircularBufferTest" time="0.001"/>
  <testcase name="concurrentTest[392]" classname="com.thealgorithms.datastructures.buffers.CircularBufferTest" time="0"/>
  <testcase name="concurrentTest[393]" classname="com.thealgorithms.datastructures.buffers.CircularBufferTest" time="0"/>
  <testcase name="concurrentTest[394]" classname="com.thealgorithms.datastructures.buffers.CircularBufferTest" time="0"/>
  <testcase name="concurrentTest[395]" classname="com.thealgorithms.datastructures.buffers.CircularBufferTest" time="0"/>
  <testcase name="concurrentTest[396]" classname="com.thealgorithms.datastructures.buffers.CircularBufferTest" time="0"/>
  <testcase name="concurrentTest[397]" classname="com.thealgorithms.datastructures.buffers.CircularBufferTest" time="0"/>
  <testcase name="concurrentTest[398]" classname="com.thealgorithms.datastructures.buffers.CircularBufferTest" time="0"/>
  <testcase name="concurrentTest[399]" classname="com.thealgorithms.datastructures.buffers.CircularBufferTest" time="0"/>
  <testcase name="concurrentTest[400]" classname="com.thealgorithms.datastructures.buffers.CircularBufferTest" time="0"/>
  <testcase name="concurrentTest[401]" classname="com.thealgorithms.datastructures.buffers.CircularBufferTest" time="0"/>
  <testcase name="concurrentTest[402]" classname="com.thealgorithms.datastructures.buffers.CircularBufferTest" time="0.001"/>
  <testcase name="concurrentTest[403]" classname="com.thealgorithms.datastructures.buffers.CircularBufferTest" time="0"/>
  <testcase name="concurrentTest[404]" classname="com.thealgorithms.datastructures.buffers.CircularBufferTest" time="0"/>
  <testcase name="concurrentTest[405]" classname="com.thealgorithms.datastructures.buffers.CircularBufferTest" time="0"/>
  <testcase name="concurrentTest[406]" classname="com.thealgorithms.datastructures.buffers.CircularBufferTest" time="0.001"/>
  <testcase name="concurrentTest[407]" classname="com.thealgorithms.datastructures.buffers.CircularBufferTest" time="0"/>
  <testcase name="concurrentTest[408]" classname="com.thealgorithms.datastructures.buffers.CircularBufferTest" time="0"/>
  <testcase name="concurrentTest[409]" classname="com.thealgorithms.datastructures.buffers.CircularBufferTest" time="0"/>
  <testcase name="concurrentTest[410]" classname="com.thealgorithms.datastructures.buffers.CircularBufferTest" time="0.001"/>
  <testcase name="concurrentTest[411]" classname="com.thealgorithms.datastructures.buffers.CircularBufferTest" time="0"/>
  <testcase name="concurrentTest[412]" classname="com.thealgorithms.datastructures.buffers.CircularBufferTest" time="0"/>
  <testcase name="concurrentTest[413]" classname="com.thealgorithms.datastructures.buffers.CircularBufferTest" time="0"/>
  <testcase name="concurrentTest[414]" classname="com.thealgorithms.datastructures.buffers.CircularBufferTest" time="0.001"/>
  <testcase name="concurrentTest[415]" classname="com.thealgorithms.datastructures.buffers.CircularBufferTest" time="0"/>
  <testcase name="concurrentTest[416]" classname="com.thealgorithms.datastructures.buffers.CircularBufferTest" time="0"/>
  <testcase name="concurrentTest[417]" classname="com.thealgorithms.datastructures.buffers.CircularBufferTest" time="0"/>
  <testcase name="concurrentTest[418]" classname="com.thealgorithms.datastructures.buffers.CircularBufferTest" time="0.001"/>
  <testcase name="concurrentTest[419]" classname="com.thealgorithms.datastructures.buffers.CircularBufferTest" time="0"/>
  <testcase name="concurrentTest[420]" classname="com.thealgorithms.datastructures.buffers.CircularBufferTest" time="0"/>
  <testcase name="concurrentTest[421]" classname="com.thealgorithms.datastructures.buffers.CircularBufferTest" time="0"/>
  <testcase name="concurrentTest[422]" classname="com.thealgorithms.datastructures.buffers.CircularBufferTest" time="0"/>
  <testcase name="concurrentTest[423]" classname="com.thealgorithms.datastructures.buffers.CircularBufferTest" time="0"/>
  <testcase name="concurrentTest[424]" classname="com.thealgorithms.datastructures.buffers.CircularBufferTest" time="0"/>
  <testcase name="concurrentTest[425]" classname="com.thealgorithms.datastructures.buffers.CircularBufferTest" time="0.001"/>
  <testcase name="concurrentTest[426]" classname="com.thealgorithms.datastructures.buffers.CircularBufferTest" time="0"/>
  <testcase name="concurrentTest[427]" classname="com.thealgorithms.datastructures.buffers.CircularBufferTest" time="0.002"/>
  <testcase name="concurrentTest[428]" classname="com.thealgorithms.datastructures.buffers.CircularBufferTest" time="0.001"/>
  <testcase name="concurrentTest[429]" classname="com.thealgorithms.datastructures.buffers.CircularBufferTest" time="0"/>
  <testcase name="concurrentTest[430]" classname="com.thealgorithms.datastructures.buffers.CircularBufferTest" time="0"/>
  <testcase name="concurrentTest[431]" classname="com.thealgorithms.datastructures.buffers.CircularBufferTest" time="0"/>
  <testcase name="concurrentTest[432]" classname="com.thealgorithms.datastructures.buffers.CircularBufferTest" time="0.001"/>
  <testcase name="concurrentTest[433]" classname="com.thealgorithms.datastructures.buffers.CircularBufferTest" time="0"/>
  <testcase name="concurrentTest[434]" classname="com.thealgorithms.datastructures.buffers.CircularBufferTest" time="0"/>
  <testcase name="concurrentTest[435]" classname="com.thealgorithms.datastructures.buffers.CircularBufferTest" time="0"/>
  <testcase name="concurrentTest[436]" classname="com.thealgorithms.datastructures.buffers.CircularBufferTest" time="0"/>
  <testcase name="concurrentTest[437]" classname="com.thealgorithms.datastructures.buffers.CircularBufferTest" time="0"/>
  <testcase name="concurrentTest[438]" classname="com.thealgorithms.datastructures.buffers.CircularBufferTest" time="0"/>
  <testcase name="concurrentTest[439]" classname="com.thealgorithms.datastructures.buffers.CircularBufferTest" time="0"/>
  <testcase name="concurrentTest[440]" classname="com.thealgorithms.datastructures.buffers.CircularBufferTest" time="0.001"/>
  <testcase name="concurrentTest[441]" classname="com.thealgorithms.datastructures.buffers.CircularBufferTest" time="0"/>
  <testcase name="concurrentTest[442]" classname="com.thealgorithms.datastructures.buffers.CircularBufferTest" time="0"/>
  <testcase name="concurrentTest[443]" classname="com.thealgorithms.datastructures.buffers.CircularBufferTest" time="0.001"/>
  <testcase name="concurrentTest[444]" classname="com.thealgorithms.datastructures.buffers.CircularBufferTest" time="0"/>
  <testcase name="concurrentTest[445]" classname="com.thealgorithms.datastructures.buffers.CircularBufferTest" time="0"/>
  <testcase name="concurrentTest[446]" classname="com.thealgorithms.datastructures.buffers.CircularBufferTest" time="0"/>
  <testcase name="concurrentTest[447]" classname="com.thealgorithms.datastructures.buffers.CircularBufferTest" time="0.001"/>
  <testcase name="concurrentTest[448]" classname="com.thealgorithms.datastructures.buffers.CircularBufferTest" time="0"/>
  <testcase name="concurrentTest[449]" classname="com.thealgorithms.datastructures.buffers.CircularBufferTest" time="0"/>
  <testcase name="concurrentTest[450]" classname="com.thealgorithms.datastructures.buffers.CircularBufferTest" time="0"/>
  <testcase name="concurrentTest[451]" classname="com.thealgorithms.datastructures.buffers.CircularBufferTest" time="0.001"/>
  <testcase name="concurrentTest[452]" classname="com.thealgorithms.datastructures.buffers.CircularBufferTest" time="0"/>
  <testcase name="concurrentTest[453]" classname="com.thealgorithms.datastructures.buffers.CircularBufferTest" time="0"/>
  <testcase name="concurrentTest[454]" classname="com.thealgorithms.datastructures.buffers.CircularBufferTest" time="0"/>
  <testcase name="concurrentTest[455]" classname="com.thealgorithms.datastructures.buffers.CircularBufferTest" time="0.001"/>
  <testcase name="concurrentTest[456]" classname="com.thealgorithms.datastructures.buffers.CircularBufferTest" time="0"/>
  <testcase name="concurrentTest[457]" classname="com.thealgorithms.datastructures.buffers.CircularBufferTest" time="0"/>
  <testcase name="concurrentTest[458]" classname="com.thealgorithms.datastructures.buffers.CircularBufferTest" time="0"/>
  <testcase name="concurrentTest[459]" classname="com.thealgorithms.datastructures.buffers.CircularBufferTest" time="0"/>
  <testcase name="concurrentTest[460]" classname="com.thealgorithms.datastructures.buffers.CircularBufferTest" time="0"/>
  <testcase name="concurrentTest[461]" classname="com.thealgorithms.datastructures.buffers.CircularBufferTest" time="0"/>
  <testcase name="concurrentTest[462]" classname="com.thealgorithms.datastructures.buffers.CircularBufferTest" time="0"/>
  <testcase name="concurrentTest[463]" classname="com.thealgorithms.datastructures.buffers.CircularBufferTest" time="0.001"/>
  <testcase name="concurrentTest[464]" classname="com.thealgorithms.datastructures.buffers.CircularBufferTest" time="0"/>
  <testcase name="concurrentTest[465]" classname="com.thealgorithms.datastructures.buffers.CircularBufferTest" time="0"/>
  <testcase name="concurrentTest[466]" classname="com.thealgorithms.datastructures.buffers.CircularBufferTest" time="0.001"/>
  <testcase name="concurrentTest[467]" classname="com.thealgorithms.datastructures.buffers.CircularBufferTest" time="0"/>
  <testcase name="concurrentTest[468]" classname="com.thealgorithms.datastructures.buffers.CircularBufferTest" time="0"/>
  <testcase name="concurrentTest[469]" classname="com.thealgorithms.datastructures.buffers.CircularBufferTest" time="0"/>
  <testcase name="concurrentTest[470]" classname="com.thealgorithms.datastructures.buffers.CircularBufferTest" time="0.001"/>
  <testcase name="concurrentTest[471]" classname="com.thealgorithms.datastructures.buffers.CircularBufferTest" time="0"/>
  <testcase name="concurrentTest[472]" classname="com.thealgorithms.datastructures.buffers.CircularBufferTest" time="0"/>
  <testcase name="concurrentTest[473]" classname="com.thealgorithms.datastructures.buffers.CircularBufferTest" time="0"/>
  <testcase name="concurrentTest[474]" classname="com.thealgorithms.datastructures.buffers.CircularBufferTest" time="0"/>
  <testcase name="concurrentTest[475]" classname="com.thealgorithms.datastructures.buffers.CircularBufferTest" time="0"/>
  <testcase name="concurrentTest[476]" classname="com.thealgorithms.datastructures.buffers.CircularBufferTest" time="0"/>
  <testcase name="concurrentTest[477]" classname="com.thealgorithms.datastructures.buffers.CircularBufferTest" time="0"/>
  <testcase name="concurrentTest[478]" classname="com.thealgorithms.datastructures.buffers.CircularBufferTest" time="0"/>
  <testcase name="concurrentTest[479]" classname="com.thealgorithms.datastructures.buffers.CircularBufferTest" time="0"/>
  <testcase name="concurrentTest[480]" classname="com.thealgorithms.datastructures.buffers.CircularBufferTest" time="0"/>
  <testcase name="concurrentTest[481]" classname="com.thealgorithms.datastructures.buffers.CircularBufferTest" time="0.001"/>
  <testcase name="concurrentTest[482]" classname="com.thealgorithms.datastructures.buffers.CircularBufferTest" time="0"/>
  <testcase name="concurrentTest[483]" classname="com.thealgorithms.datastructures.buffers.CircularBufferTest" time="0"/>
  <testcase name="concurrentTest[484]" classname="com.thealgorithms.datastructures.buffers.CircularBufferTest" time="0"/>
  <testcase name="concurrentTest[485]" classname="com.thealgorithms.datastructures.buffers.CircularBufferTest" time="0.001"/>
  <testcase name="concurrentTest[486]" classname="com.thealgorithms.datastructures.buffers.CircularBufferTest" time="0"/>
  <testcase name="concurrentTest[487]" classname="com.thealgorithms.datastructures.buffers.CircularBufferTest" time="0"/>
  <testcase name="concurrentTest[488]" classname="com.thealgorithms.datastructures.buffers.CircularBufferTest" time="0"/>
  <testcase name="concurrentTest[489]" classname="com.thealgorithms.datastructures.buffers.CircularBufferTest" time="0.001"/>
  <testcase name="concurrentTest[490]" classname="com.thealgorithms.datastructures.buffers.CircularBufferTest" time="0"/>
  <testcase name="concurrentTest[491]" classname="com.thealgorithms.datastructures.buffers.CircularBufferTest" time="0"/>
  <testcase name="concurrentTest[492]" classname="com.thealgorithms.datastructures.buffers.CircularBufferTest" time="0.001"/>
  <testcase name="concurrentTest[493]" classname="com.thealgorithms.datastructures.buffers.CircularBufferTest" time="0"/>
  <testcase name="concurrentTest[494]" classname="com.thealgorithms.datastructures.buffers.CircularBufferTest" time="0"/>
  <testcase name="concurrentTest[495]" classname="com.thealgorithms.datastructures.buffers.CircularBufferTest" time="0"/>
  <testcase name="concurrentTest[496]" classname="com.thealgorithms.datastructures.buffers.CircularBufferTest" time="0"/>
  <testcase name="concurrentTest[497]" classname="com.thealgorithms.datastructures.buffers.CircularBufferTest" time="0"/>
  <testcase name="concurrentTest[498]" classname="com.thealgorithms.datastructures.buffers.CircularBufferTest" time="0.002"/>
  <testcase name="concurrentTest[499]" classname="com.thealgorithms.datastructures.buffers.CircularBufferTest" time="0"/>
  <testcase name="concurrentTest[500]" classname="com.thealgorithms.datastructures.buffers.CircularBufferTest" time="0"/>
  <testcase name="concurrentTest[501]" classname="com.thealgorithms.datastructures.buffers.CircularBufferTest" time="0.001"/>
  <testcase name="concurrentTest[502]" classname="com.thealgorithms.datastructures.buffers.CircularBufferTest" time="0"/>
  <testcase name="concurrentTest[503]" classname="com.thealgorithms.datastructures.buffers.CircularBufferTest" time="0"/>
  <testcase name="concurrentTest[504]" classname="com.thealgorithms.datastructures.buffers.CircularBufferTest" time="0"/>
  <testcase name="concurrentTest[505]" classname="com.thealgorithms.datastructures.buffers.CircularBufferTest" time="0.001"/>
  <testcase name="concurrentTest[506]" classname="com.thealgorithms.datastructures.buffers.CircularBufferTest" time="0"/>
  <testcase name="concurrentTest[507]" classname="com.thealgorithms.datastructures.buffers.CircularBufferTest" time="0"/>
  <testcase name="concurrentTest[508]" classname="com.thealgorithms.datastructures.buffers.CircularBufferTest" time="0"/>
  <testcase name="concurrentTest[509]" classname="com.thealgorithms.datastructures.buffers.CircularBufferTest" time="0.001"/>
  <testcase name="concurrentTest[510]" classname="com.thealgorithms.datastructures.buffers.CircularBufferTest" time="0"/>
  <testcase name="concurrentTest[511]" classname="com.thealgorithms.datastructures.buffers.CircularBufferTest" time="0"/>
  <testcase name="concurrentTest[512]" classname="com.thealgorithms.datastructures.buffers.CircularBufferTest" time="0"/>
  <testcase name="concurrentTest[513]" classname="com.thealgorithms.datastructures.buffers.CircularBufferTest" time="0"/>
  <testcase name="concurrentTest[514]" classname="com.thealgorithms.datastructures.buffers.CircularBufferTest" time="0"/>
  <testcase name="concurrentTest[515]" classname="com.thealgorithms.datastructures.buffers.CircularBufferTest" time="0"/>
  <testcase name="concurrentTest[516]" classname="com.thealgorithms.datastructures.buffers.CircularBufferTest" time="0"/>
  <testcase name="concurrentTest[517]" classname="com.thealgorithms.datastructures.buffers.CircularBufferTest" time="0"/>
  <testcase name="concurrentTest[518]" classname="com.thealgorithms.datastructures.buffers.CircularBufferTest" time="0.001"/>
  <testcase name="concurrentTest[519]" classname="com.thealgorithms.datastructures.buffers.CircularBufferTest" time="0"/>
  <testcase name="concurrentTest[520]" classname="com.thealgorithms.datastructures.buffers.CircularBufferTest" time="0"/>
  <testcase name="concurrentTest[521]" classname="com.thealgorithms.datastructures.buffers.CircularBufferTest" time="0"/>
  <testcase name="concurrentTest[522]" classname="com.thealgorithms.datastructures.buffers.CircularBufferTest" time="0"/>
  <testcase name="concurrentTest[523]" classname="com.thealgorithms.datastructures.buffers.CircularBufferTest" time="0"/>
  <testcase name="concurrentTest[524]" classname="com.thealgorithms.datastructures.buffers.CircularBufferTest" time="0.001"/>
  <testcase name="concurrentTest[525]" classname="com.thealgorithms.datastructures.buffers.CircularBufferTest" time="0"/>
  <testcase name="concurrentTest[526]" classname="com.thealgorithms.datastructures.buffers.CircularBufferTest" time="0"/>
  <testcase name="concurrentTest[527]" classname="com.thealgorithms.datastructures.buffers.CircularBufferTest" time="0"/>
  <testcase name="concurrentTest[528]" classname="com.thealgorithms.datastructures.buffers.CircularBufferTest" time="0"/>
  <testcase name="concurrentTest[529]" classname="com.thealgorithms.datastructures.buffers.CircularBufferTest" time="0"/>
  <testcase name="concurrentTest[530]" classname="com.thealgorithms.datastructures.buffers.CircularBufferTest" time="0"/>
  <testcase name="concurrentTest[531]" classname="com.thealgorithms.datastructures.buffers.CircularBufferTest" time="0.001"/>
  <testcase name="concurrentTest[532]" classname="com.thealgorithms.datastructures.buffers.CircularBufferTest" time="0"/>
  <testcase name="concurrentTest[533]" classname="com.thealgorithms.datastructures.buffers.CircularBufferTest" time="0"/>
  <testcase name="concurrentTest[534]" classname="com.thealgorithms.datastructures.buffers.CircularBufferTest" time="0"/>
  <testcase name="concurrentTest[535]" classname="com.thealgorithms.datastructures.buffers.CircularBufferTest" time="0.001"/>
  <testcase name="concurrentTest[536]" classname="com.thealgorithms.datastructures.buffers.CircularBufferTest" time="0"/>
  <testcase name="concurrentTest[537]" classname="com.thealgorithms.datastructures.buffers.CircularBufferTest" time="0"/>
  <testcase name="concurrentTest[538]" classname="com.thealgorithms.datastructures.buffers.CircularBufferTest" time="0"/>
  <testcase name="concurrentTest[539]" classname="com.thealgorithms.datastructures.buffers.CircularBufferTest" time="0.001"/>
  <testcase name="concurrentTest[540]" classname="com.thealgorithms.datastructures.buffers.CircularBufferTest" time="0"/>
  <testcase name="concurrentTest[541]" classname="com.thealgorithms.datastructures.buffers.CircularBufferTest" time="0"/>
  <testcase name="concurrentTest[542]" classname="com.thealgorithms.datastructures.buffers.CircularBufferTest" time="0"/>
  <testcase name="concurrentTest[543]" classname="com.thealgorithms.datastructures.buffers.CircularBufferTest" time="0.001"/>
  <testcase name="concurrentTest[544]" classname="com.thealgorithms.datastructures.buffers.CircularBufferTest" time="0"/>
  <testcase name="concurrentTest[545]" classname="com.thealgorithms.datastructures.buffers.CircularBufferTest" time="0"/>
  <testcase name="concurrentTest[546]" classname="com.thealgorithms.datastructures.buffers.CircularBufferTest" time="0"/>
  <testcase name="concurrentTest[547]" classname="com.thealgorithms.datastructures.buffers.CircularBufferTest" time="0"/>
  <testcase name="concurrentTest[548]" classname="com.thealgorithms.datastructures.buffers.CircularBufferTest" time="0"/>
  <testcase name="concurrentTest[549]" classname="com.thealgorithms.datastructures.buffers.CircularBufferTest" time="0"/>
  <testcase name="concurrentTest[550]" classname="com.thealgorithms.datastructures.buffers.CircularBufferTest" time="0.001"/>
  <testcase name="concurrentTest[551]" classname="com.thealgorithms.datastructures.buffers.CircularBufferTest" time="0"/>
  <testcase name="concurrentTest[552]" classname="com.thealgorithms.datastructures.buffers.CircularBufferTest" time="0"/>
  <testcase name="concurrentTest[553]" classname="com.thealgorithms.datastructures.buffers.CircularBufferTest" time="0"/>
  <testcase name="concurrentTest[554]" classname="com.thealgorithms.datastructures.buffers.CircularBufferTest" time="0"/>
  <testcase name="concurrentTest[555]" classname="com.thealgorithms.datastructures.buffers.CircularBufferTest" time="0"/>
  <testcase name="concurrentTest[556]" classname="com.thealgorithms.datastructures.buffers.CircularBufferTest" time="0"/>
  <testcase name="concurrentTest[557]" classname="com.thealgorithms.datastructures.buffers.CircularBufferTest" time="0.001"/>
  <testcase name="concurrentTest[558]" classname="com.thealgorithms.datastructures.buffers.CircularBufferTest" time="0"/>
  <testcase name="concurrentTest[559]" classname="com.thealgorithms.datastructures.buffers.CircularBufferTest" time="0"/>
  <testcase name="concurrentTest[560]" classname="com.thealgorithms.datastructures.buffers.CircularBufferTest" time="0"/>
  <testcase name="concurrentTest[561]" classname="com.thealgorithms.datastructures.buffers.CircularBufferTest" time="0.001"/>
  <testcase name="concurrentTest[562]" classname="com.thealgorithms.datastructures.buffers.CircularBufferTest" time="0"/>
  <testcase name="concurrentTest[563]" classname="com.thealgorithms.datastructures.buffers.CircularBufferTest" time="0"/>
  <testcase name="concurrentTest[564]" classname="com.thealgorithms.datastructures.buffers.CircularBufferTest" time="0"/>
  <testcase name="concurrentTest[565]" classname="com.thealgorithms.datastructures.buffers.CircularBufferTest" time="0.001"/>
  <testcase name="concurrentTest[566]" classname="com.thealgorithms.datastructures.buffers.CircularBufferTest" time="0"/>
  <testcase name="concurrentTest[567]" classname="com.thealgorithms.datastructures.buffers.CircularBufferTest" time="0"/>
  <testcase name="concurrentTest[568]" classname="com.thealgorithms.datastructures.buffers.CircularBufferTest" time="0"/>
  <testcase name="concurrentTest[569]" classname="com.thealgorithms.datastructures.buffers.CircularBufferTest" time="0.001"/>
  <testcase name="concurrentTest[570]" classname="com.thealgorithms.datastructures.buffers.CircularBufferTest" time="0"/>
  <testcase name="concurrentTest[571]" classname="com.thealgorithms.datastructures.buffers.CircularBufferTest" time="0"/>
  <testcase name="concurrentTest[572]" classname="com.thealgorithms.datastructures.buffers.CircularBufferTest" time="0"/>
  <testcase name="concurrentTest[573]" classname="com.thealgorithms.datastructures.buffers.CircularBufferTest" time="0"/>
  <testcase name="concurrentTest[574]" classname="com.thealgorithms.datastructures.buffers.CircularBufferTest" time="0"/>
  <testcase name="concurrentTest[575]" classname="com.thealgorithms.datastructures.buffers.CircularBufferTest" time="0"/>
  <testcase name="concurrentTest[576]" classname="com.thealgorithms.datastructures.buffers.CircularBufferTest" time="0"/>
  <testcase name="concurrentTest[577]" classname="com.thealgorithms.datastructures.buffers.CircularBufferTest" time="0"/>
  <testcase name="concurrentTest[578]" classname="com.thealgorithms.datastructures.buffers.CircularBufferTest" time="0"/>
  <testcase name="concurrentTest[579]" classname="com.thealgorithms.datastructures.buffers.CircularBufferTest" time="0"/>
  <testcase name="concurrentTest[580]" classname="com.thealgorithms.datastructures.buffers.CircularBufferTest" time="0"/>
  <testcase name="concurrentTest[581]" classname="com.thealgorithms.datastructures.buffers.CircularBufferTest" time="0"/>
  <testcase name="concurrentTest[582]" classname="com.thealgorithms.datastructures.buffers.CircularBufferTest" time="0"/>
  <testcase name="concurrentTest[583]" classname="com.thealgorithms.datastructures.buffers.CircularBufferTest" time="0"/>
  <testcase name="concurrentTest[584]" classname="com.thealgorithms.datastructures.buffers.CircularBufferTest" time="0"/>
  <testcase name="concurrentTest[585]" classname="com.thealgorithms.datastructures.buffers.CircularBufferTest" time="0"/>
  <testcase name="concurrentTest[586]" classname="com.thealgorithms.datastructures.buffers.CircularBufferTest" time="0"/>
  <testcase name="concurrentTest[587]" classname="com.thealgorithms.datastructures.buffers.CircularBufferTest" time="0.001"/>
  <testcase name="concurrentTest[588]" classname="com.thealgorithms.datastructures.buffers.CircularBufferTest" time="0"/>
  <testcase name="concurrentTest[589]" classname="com.thealgorithms.datastructures.buffers.CircularBufferTest" time="0"/>
  <testcase name="concurrentTest[590]" classname="com.thealgorithms.datastructures.buffers.CircularBufferTest" time="0.001"/>
  <testcase name="concurrentTest[591]" classname="com.thealgorithms.datastructures.buffers.CircularBufferTest" time="0"/>
  <testcase name="concurrentTest[592]" classname="com.thealgorithms.datastructures.buffers.CircularBufferTest" time="0"/>
  <testcase name="concurrentTest[593]" classname="com.thealgorithms.datastructures.buffers.CircularBufferTest" time="0.001"/>
  <testcase name="concurrentTest[594]" classname="com.thealgorithms.datastructures.buffers.CircularBufferTest" time="0"/>
  <testcase name="concurrentTest[595]" classname="com.thealgorithms.datastructures.buffers.CircularBufferTest" time="0"/>
  <testcase name="concurrentTest[596]" classname="com.thealgorithms.datastructures.buffers.CircularBufferTest" time="0"/>
  <testcase name="concurrentTest[597]" classname="com.thealgorithms.datastructures.buffers.CircularBufferTest" time="0.001"/>
  <testcase name="concurrentTest[598]" classname="com.thealgorithms.datastructures.buffers.CircularBufferTest" time="0"/>
  <testcase name="concurrentTest[599]" classname="com.thealgorithms.datastructures.buffers.CircularBufferTest" time="0"/>
  <testcase name="concurrentTest[600]" classname="com.thealgorithms.datastructures.buffers.CircularBufferTest" time="0"/>
  <testcase name="concurrentTest[601]" classname="com.thealgorithms.datastructures.buffers.CircularBufferTest" time="0.001"/>
  <testcase name="concurrentTest[602]" classname="com.thealgorithms.datastructures.buffers.CircularBufferTest" time="0"/>
  <testcase name="concurrentTest[603]" classname="com.thealgorithms.datastructures.buffers.CircularBufferTest" time="0"/>
  <testcase name="concurrentTest[604]" classname="com.thealgorithms.datastructures.buffers.CircularBufferTest" time="0"/>
  <testcase name="concurrentTest[605]" classname="com.thealgorithms.datastructures.buffers.CircularBufferTest" time="0.001"/>
  <testcase name="concurrentTest[606]" classname="com.thealgorithms.datastructures.buffers.CircularBufferTest" time="0"/>
  <testcase name="concurrentTest[607]" classname="com.thealgorithms.datastructures.buffers.CircularBufferTest" time="0"/>
  <testcase name="concurrentTest[608]" classname="com.thealgorithms.datastructures.buffers.CircularBufferTest" time="0.001"/>
  <testcase name="concurrentTest[609]" classname="com.thealgorithms.datastructures.buffers.CircularBufferTest" time="0"/>
  <testcase name="concurrentTest[610]" classname="com.thealgorithms.datastructures.buffers.CircularBufferTest" time="0"/>
  <testcase name="concurrentTest[611]" classname="com.thealgorithms.datastructures.buffers.CircularBufferTest" time="0.003"/>
  <testcase name="concurrentTest[612]" classname="com.thealgorithms.datastructures.buffers.CircularBufferTest" time="0"/>
  <testcase name="concurrentTest[613]" classname="com.thealgorithms.datastructures.buffers.CircularBufferTest" time="0"/>
  <testcase name="concurrentTest[614]" classname="com.thealgorithms.datastructures.buffers.CircularBufferTest" time="0"/>
  <testcase name="concurrentTest[615]" classname="com.thealgorithms.datastructures.buffers.CircularBufferTest" time="0.001"/>
  <testcase name="concurrentTest[616]" classname="com.thealgorithms.datastructures.buffers.CircularBufferTest" time="0"/>
  <testcase name="concurrentTest[617]" classname="com.thealgorithms.datastructures.buffers.CircularBufferTest" time="0"/>
  <testcase name="concurrentTest[618]" classname="com.thealgorithms.datastructures.buffers.CircularBufferTest" time="0.001"/>
  <testcase name="concurrentTest[619]" classname="com.thealgorithms.datastructures.buffers.CircularBufferTest" time="0"/>
  <testcase name="concurrentTest[620]" classname="com.thealgorithms.datastructures.buffers.CircularBufferTest" time="0"/>
  <testcase name="concurrentTest[621]" classname="com.thealgorithms.datastructures.buffers.CircularBufferTest" time="0"/>
  <testcase name="concurrentTest[622]" classname="com.thealgorithms.datastructures.buffers.CircularBufferTest" time="0.001"/>
  <testcase name="concurrentTest[623]" classname="com.thealgorithms.datastructures.buffers.CircularBufferTest" time="0"/>
  <testcase name="concurrentTest[624]" classname="com.thealgorithms.datastructures.buffers.CircularBufferTest" time="0"/>
  <testcase name="concurrentTest[625]" classname="com.thealgorithms.datastructures.buffers.CircularBufferTest" time="0.001"/>
  <testcase name="concurrentTest[626]" classname="com.thealgorithms.datastructures.buffers.CircularBufferTest" time="0"/>
  <testcase name="concurrentTest[627]" classname="com.thealgorithms.datastructures.buffers.CircularBufferTest" time="0"/>
  <testcase name="concurrentTest[628]" classname="com.thealgorithms.datastructures.buffers.CircularBufferTest" time="0"/>
  <testcase name="concurrentTest[629]" classname="com.thealgorithms.datastructures.buffers.CircularBufferTest" time="0.001"/>
  <testcase name="concurrentTest[630]" classname="com.thealgorithms.datastructures.buffers.CircularBufferTest" time="0"/>
  <testcase name="concurrentTest[631]" classname="com.thealgorithms.datastructures.buffers.CircularBufferTest" time="0"/>
  <testcase name="concurrentTest[632]" classname="com.thealgorithms.datastructures.buffers.CircularBufferTest" time="0"/>
  <testcase name="concurrentTest[633]" classname="com.thealgorithms.datastructures.buffers.CircularBufferTest" time="0.001"/>
  <testcase name="concurrentTest[634]" classname="com.thealgorithms.datastructures.buffers.CircularBufferTest" time="0"/>
  <testcase name="concurrentTest[635]" classname="com.thealgorithms.datastructures.buffers.CircularBufferTest" time="0"/>
  <testcase name="concurrentTest[636]" classname="com.thealgorithms.datastructures.buffers.CircularBufferTest" time="0.001"/>
  <testcase name="concurrentTest[637]" classname="com.thealgorithms.datastructures.buffers.CircularBufferTest" time="0"/>
  <testcase name="concurrentTest[638]" classname="com.thealgorithms.datastructures.buffers.CircularBufferTest" time="0"/>
  <testcase name="concurrentTest[639]" classname="com.thealgorithms.datastructures.buffers.CircularBufferTest" time="0"/>
  <testcase name="concurrentTest[640]" classname="com.thealgorithms.datastructures.buffers.CircularBufferTest" time="0"/>
  <testcase name="concurrentTest[641]" classname="com.thealgorithms.datastructures.buffers.CircularBufferTest" time="0"/>
  <testcase name="concurrentTest[642]" classname="com.thealgorithms.datastructures.buffers.CircularBufferTest" time="0"/>
  <testcase name="concurrentTest[643]" classname="com.thealgorithms.datastructures.buffers.CircularBufferTest" time="0.001"/>
  <testcase name="concurrentTest[644]" classname="com.thealgorithms.datastructures.buffers.CircularBufferTest" time="0"/>
  <testcase name="concurrentTest[645]" classname="com.thealgorithms.datastructures.buffers.CircularBufferTest" time="0"/>
  <testcase name="concurrentTest[646]" classname="com.thealgorithms.datastructures.buffers.CircularBufferTest" time="0"/>
  <testcase name="concurrentTest[647]" classname="com.thealgorithms.datastructures.buffers.CircularBufferTest" time="0.001"/>
  <testcase name="concurrentTest[648]" classname="com.thealgorithms.datastructures.buffers.CircularBufferTest" time="0"/>
  <testcase name="concurrentTest[649]" classname="com.thealgorithms.datastructures.buffers.CircularBufferTest" time="0"/>
  <testcase name="concurrentTest[650]" classname="com.thealgorithms.datastructures.buffers.CircularBufferTest" time="0"/>
  <testcase name="concurrentTest[651]" classname="com.thealgorithms.datastructures.buffers.CircularBufferTest" time="0.001"/>
  <testcase name="concurrentTest[652]" classname="com.thealgorithms.datastructures.buffers.CircularBufferTest" time="0"/>
  <testcase name="concurrentTest[653]" classname="com.thealgorithms.datastructures.buffers.CircularBufferTest" time="0"/>
  <testcase name="concurrentTest[654]" classname="com.thealgorithms.datastructures.buffers.CircularBufferTest" time="0"/>
  <testcase name="concurrentTest[655]" classname="com.thealgorithms.datastructures.buffers.CircularBufferTest" time="0.001"/>
  <testcase name="concurrentTest[656]" classname="com.thealgorithms.datastructures.buffers.CircularBufferTest" time="0"/>
  <testcase name="concurrentTest[657]" classname="com.thealgorithms.datastructures.buffers.CircularBufferTest" time="0"/>
  <testcase name="concurrentTest[658]" classname="com.thealgorithms.datastructures.buffers.CircularBufferTest" time="0.001"/>
  <testcase name="concurrentTest[659]" classname="com.thealgorithms.datastructures.buffers.CircularBufferTest" time="0"/>
  <testcase name="concurrentTest[660]" classname="com.thealgorithms.datastructures.buffers.CircularBufferTest" time="0"/>
  <testcase name="concurrentTest[661]" classname="com.thealgorithms.datastructures.buffers.CircularBufferTest" time="0.001"/>
  <testcase name="concurrentTest[662]" classname="com.thealgorithms.datastructures.buffers.CircularBufferTest" time="0"/>
  <testcase name="concurrentTest[663]" classname="com.thealgorithms.datastructures.buffers.CircularBufferTest" time="0.001"/>
  <testcase name="concurrentTest[664]" classname="com.thealgorithms.datastructures.buffers.CircularBufferTest" time="0"/>
  <testcase name="concurrentTest[665]" classname="com.thealgorithms.datastructures.buffers.CircularBufferTest" time="0.001"/>
  <testcase name="concurrentTest[666]" classname="com.thealgorithms.datastructures.buffers.CircularBufferTest" time="0"/>
  <testcase name="concurrentTest[667]" classname="com.thealgorithms.datastructures.buffers.CircularBufferTest" time="0"/>
  <testcase name="concurrentTest[668]" classname="com.thealgorithms.datastructures.buffers.CircularBufferTest" time="0.001"/>
  <testcase name="concurrentTest[669]" classname="com.thealgorithms.datastructures.buffers.CircularBufferTest" time="0"/>
  <testcase name="concurrentTest[670]" classname="com.thealgorithms.datastructures.buffers.CircularBufferTest" time="0"/>
  <testcase name="concurrentTest[671]" classname="com.thealgorithms.datastructures.buffers.CircularBufferTest" time="0"/>
  <testcase name="concurrentTest[672]" classname="com.thealgorithms.datastructures.buffers.CircularBufferTest" time="0"/>
  <testcase name="concurrentTest[673]" classname="com.thealgorithms.datastructures.buffers.CircularBufferTest" time="0"/>
  <testcase name="concurrentTest[674]" classname="com.thealgorithms.datastructures.buffers.CircularBufferTest" time="0"/>
  <testcase name="concurrentTest[675]" classname="com.thealgorithms.datastructures.buffers.CircularBufferTest" time="0.001"/>
  <testcase name="concurrentTest[676]" classname="com.thealgorithms.datastructures.buffers.CircularBufferTest" time="0"/>
  <testcase name="concurrentTest[677]" classname="com.thealgorithms.datastructures.buffers.CircularBufferTest" time="0.001"/>
  <testcase name="concurrentTest[678]" classname="com.thealgorithms.datastructures.buffers.CircularBufferTest" time="0"/>
  <testcase name="concurrentTest[679]" classname="com.thealgorithms.datastructures.buffers.CircularBufferTest" time="0"/>
  <testcase name="concurrentTest[680]" classname="com.thealgorithms.datastructures.buffers.CircularBufferTest" time="0.001"/>
  <testcase name="concurrentTest[681]" classname="com.thealgorithms.datastructures.buffers.CircularBufferTest" time="0"/>
  <testcase name="concurrentTest[682]" classname="com.thealgorithms.datastructures.buffers.CircularBufferTest" time="0"/>
  <testcase name="concurrentTest[683]" classname="com.thealgorithms.datastructures.buffers.CircularBufferTest" time="0"/>
  <testcase name="concurrentTest[684]" classname="com.thealgorithms.datastructures.buffers.CircularBufferTest" time="0.001"/>
  <testcase name="concurrentTest[685]" classname="com.thealgorithms.datastructures.buffers.CircularBufferTest" time="0"/>
  <testcase name="concurrentTest[686]" classname="com.thealgorithms.datastructures.buffers.CircularBufferTest" time="0"/>
  <testcase name="concurrentTest[687]" classname="com.thealgorithms.datastructures.buffers.CircularBufferTest" time="0.001"/>
  <testcase name="concurrentTest[688]" classname="com.thealgorithms.datastructures.buffers.CircularBufferTest" time="0"/>
  <testcase name="concurrentTest[689]" classname="com.thealgorithms.datastructures.buffers.CircularBufferTest" time="0"/>
  <testcase name="concurrentTest[690]" classname="com.thealgorithms.datastructures.buffers.CircularBufferTest" time="0"/>
  <testcase name="concurrentTest[691]" classname="com.thealgorithms.datastructures.buffers.CircularBufferTest" time="0.001"/>
  <testcase name="concurrentTest[692]" classname="com.thealgorithms.datastructures.buffers.CircularBufferTest" time="0"/>
  <testcase name="concurrentTest[693]" classname="com.thealgorithms.datastructures.buffers.CircularBufferTest" time="0"/>
  <testcase name="concurrentTest[694]" classname="com.thealgorithms.datastructures.buffers.CircularBufferTest" time="0"/>
  <testcase name="concurrentTest[695]" classname="com.thealgorithms.datastructures.buffers.CircularBufferTest" time="0.001"/>
  <testcase name="concurrentTest[696]" classname="com.thealgorithms.datastructures.buffers.CircularBufferTest" time="0"/>
  <testcase name="concurrentTest[697]" classname="com.thealgorithms.datastructures.buffers.CircularBufferTest" time="0"/>
  <testcase name="concurrentTest[698]" classname="com.thealgorithms.datastructures.buffers.CircularBufferTest" time="0"/>
  <testcase name="concurrentTest[699]" classname="com.thealgorithms.datastructures.buffers.CircularBufferTest" time="0"/>
  <testcase name="concurrentTest[700]" classname="com.thealgorithms.datastructures.buffers.CircularBufferTest" time="0.001"/>
  <testcase name="concurrentTest[701]" classname="com.thealgorithms.datastructures.buffers.CircularBufferTest" time="0"/>
  <testcase name="concurrentTest[702]" classname="com.thealgorithms.datastructures.buffers.CircularBufferTest" time="0"/>
  <testcase name="concurrentTest[703]" classname="com.thealgorithms.datastructures.buffers.CircularBufferTest" time="0.003"/>
  <testcase name="concurrentTest[704]" classname="com.thealgorithms.datastructures.buffers.CircularBufferTest" time="0"/>
  <testcase name="concurrentTest[705]" classname="com.thealgorithms.datastructures.buffers.CircularBufferTest" time="0.001"/>
  <testcase name="concurrentTest[706]" classname="com.thealgorithms.datastructures.buffers.CircularBufferTest" time="0"/>
  <testcase name="concurrentTest[707]" classname="com.thealgorithms.datastructures.buffers.CircularBufferTest" time="0"/>
  <testcase name="concurrentTest[708]" classname="com.thealgorithms.datastructures.buffers.CircularBufferTest" time="0"/>
  <testcase name="concurrentTest[709]" classname="com.thealgorithms.datastructures.buffers.CircularBufferTest" time="0.001"/>
  <testcase name="concurrentTest[710]" classname="com.thealgorithms.datastructures.buffers.CircularBufferTest" time="0"/>
  <testcase name="concurrentTest[711]" classname="com.thealgorithms.datastructures.buffers.CircularBufferTest" time="0"/>
  <testcase name="concurrentTest[712]" classname="com.thealgorithms.datastructures.buffers.CircularBufferTest" time="0"/>
  <testcase name="concurrentTest[713]" classname="com.thealgorithms.datastructures.buffers.CircularBufferTest" time="0"/>
  <testcase name="concurrentTest[714]" classname="com.thealgorithms.datastructures.buffers.CircularBufferTest" time="0.001"/>
  <testcase name="concurrentTest[715]" classname="com.thealgorithms.datastructures.buffers.CircularBufferTest" time="0"/>
  <testcase name="concurrentTest[716]" classname="com.thealgorithms.datastructures.buffers.CircularBufferTest" time="0"/>
  <testcase name="concurrentTest[717]" classname="com.thealgorithms.datastructures.buffers.CircularBufferTest" time="0"/>
  <testcase name="concurrentTest[718]" classname="com.thealgorithms.datastructures.buffers.CircularBufferTest" time="0.001"/>
  <testcase name="concurrentTest[719]" classname="com.thealgorithms.datastructures.buffers.CircularBufferTest" time="0"/>
  <testcase name="concurrentTest[720]" classname="com.thealgorithms.datastructures.buffers.CircularBufferTest" time="0"/>
  <testcase name="concurrentTest[721]" classname="com.thealgorithms.datastructures.buffers.CircularBufferTest" time="0.001"/>
  <testcase name="concurrentTest[722]" classname="com.thealgorithms.datastructures.buffers.CircularBufferTest" time="0"/>
  <testcase name="concurrentTest[723]" classname="com.thealgorithms.datastructures.buffers.CircularBufferTest" time="0.003"/>
  <testcase name="concurrentTest[724]" classname="com.thealgorithms.datastructures.buffers.CircularBufferTest" time="0"/>
  <testcase name="concurrentTest[725]" classname="com.thealgorithms.datastructures.buffers.CircularBufferTest" time="0.001"/>
  <testcase name="concurrentTest[726]" classname="com.thealgorithms.datastructures.buffers.CircularBufferTest" time="0"/>
  <testcase name="concurrentTest[727]" classname="com.thealgorithms.datastructures.buffers.CircularBufferTest" time="0"/>
  <testcase name="concurrentTest[728]" classname="com.thealgorithms.datastructures.buffers.CircularBufferTest" time="0.001"/>
  <testcase name="concurrentTest[729]" classname="com.thealgorithms.datastructures.buffers.CircularBufferTest" time="0"/>
  <testcase name="concurrentTest[730]" classname="com.thealgorithms.datastructures.buffers.CircularBufferTest" time="0"/>
  <testcase name="concurrentTest[731]" classname="com.thealgorithms.datastructures.buffers.CircularBufferTest" time="0"/>
  <testcase name="concurrentTest[732]" classname="com.thealgorithms.datastructures.buffers.CircularBufferTest" time="0.001"/>
  <testcase name="concurrentTest[733]" classname="com.thealgorithms.datastructures.buffers.CircularBufferTest" time="0"/>
  <testcase name="concurrentTest[734]" classname="com.thealgorithms.datastructures.buffers.CircularBufferTest" time="0"/>
  <testcase name="concurrentTest[735]" classname="com.thealgorithms.datastructures.buffers.CircularBufferTest" time="0.001"/>
  <testcase name="concurrentTest[736]" classname="com.thealgorithms.datastructures.buffers.CircularBufferTest" time="0"/>
  <testcase name="concurrentTest[737]" classname="com.thealgorithms.datastructures.buffers.CircularBufferTest" time="0"/>
  <testcase name="concurrentTest[738]" classname="com.thealgorithms.datastructures.buffers.CircularBufferTest" time="0"/>
  <testcase name="concurrentTest[739]" classname="com.thealgorithms.datastructures.buffers.CircularBufferTest" time="0.001"/>
  <testcase name="concurrentTest[740]" classname="com.thealgorithms.datastructures.buffers.CircularBufferTest" time="0"/>
  <testcase name="concurrentTest[741]" classname="com.thealgorithms.datastructures.buffers.CircularBufferTest" time="0"/>
  <testcase name="concurrentTest[742]" classname="com.thealgorithms.datastructures.buffers.CircularBufferTest" time="0"/>
  <testcase name="concurrentTest[743]" classname="com.thealgorithms.datastructures.buffers.CircularBufferTest" time="0"/>
  <testcase name="concurrentTest[744]" classname="com.thealgorithms.datastructures.buffers.CircularBufferTest" time="0"/>
  <testcase name="concurrentTest[745]" classname="com.thealgorithms.datastructures.buffers.CircularBufferTest" time="0"/>
  <testcase name="concurrentTest[746]" classname="com.thealgorithms.datastructures.buffers.CircularBufferTest" time="0.001"/>
  <testcase name="concurrentTest[747]" classname="com.thealgorithms.datastructures.buffers.CircularBufferTest" time="0"/>
  <testcase name="concurrentTest[748]" classname="com.thealgorithms.datastructures.buffers.CircularBufferTest" time="0"/>
  <testcase name="concurrentTest[749]" classname="com.thealgorithms.datastructures.buffers.CircularBufferTest" time="0.001"/>
  <testcase name="concurrentTest[750]" classname="com.thealgorithms.datastructures.buffers.CircularBufferTest" time="0"/>
  <testcase name="concurrentTest[751]" classname="com.thealgorithms.datastructures.buffers.CircularBufferTest" time="0"/>
  <testcase name="concurrentTest[752]" classname="com.thealgorithms.datastructures.buffers.CircularBufferTest" time="0"/>
  <testcase name="concurrentTest[753]" classname="com.thealgorithms.datastructures.buffers.CircularBufferTest" time="0.001"/>
  <testcase name="concurrentTest[754]" classname="com.thealgorithms.datastructures.buffers.CircularBufferTest" time="0"/>
  <testcase name="concurrentTest[755]" classname="com.thealgorithms.datastructures.buffers.CircularBufferTest" time="0"/>
  <testcase name="concurrentTest[756]" classname="com.thealgorithms.datastructures.buffers.CircularBufferTest" time="0"/>
  <testcase name="concurrentTest[757]" classname="com.thealgorithms.datastructures.buffers.CircularBufferTest" time="0"/>
  <testcase name="concurrentTest[758]" classname="com.thealgorithms.datastructures.buffers.CircularBufferTest" time="0.001"/>
  <testcase name="concurrentTest[759]" classname="com.thealgorithms.datastructures.buffers.CircularBufferTest" time="0"/>
  <testcase name="concurrentTest[760]" classname="com.thealgorithms.datastructures.buffers.CircularBufferTest" time="0"/>
  <testcase name="concurrentTest[761]" classname="com.thealgorithms.datastructures.buffers.CircularBufferTest" time="0"/>
  <testcase name="concurrentTest[762]" classname="com.thealgorithms.datastructures.buffers.CircularBufferTest" time="0.001"/>
  <testcase name="concurrentTest[763]" classname="com.thealgorithms.datastructures.buffers.CircularBufferTest" time="0"/>
  <testcase name="concurrentTest[764]" classname="com.thealgorithms.datastructures.buffers.CircularBufferTest" time="0"/>
  <testcase name="concurrentTest[765]" classname="com.thealgorithms.datastructures.buffers.CircularBufferTest" time="0"/>
  <testcase name="concurrentTest[766]" classname="com.thealgorithms.datastructures.buffers.CircularBufferTest" time="0.001"/>
  <testcase name="concurrentTest[767]" classname="com.thealgorithms.datastructures.buffers.CircularBufferTest" time="0"/>
  <testcase name="concurrentTest[768]" classname="com.thealgorithms.datastructures.buffers.CircularBufferTest" time="0.001"/>
  <testcase name="concurrentTest[769]" classname="com.thealgorithms.datastructures.buffers.CircularBufferTest" time="0"/>
  <testcase name="concurrentTest[770]" classname="com.thealgorithms.datastructures.buffers.CircularBufferTest" time="0"/>
  <testcase name="concurrentTest[771]" classname="com.thealgorithms.datastructures.buffers.CircularBufferTest" time="0.001"/>
  <testcase name="concurrentTest[772]" classname="com.thealgorithms.datastructures.buffers.CircularBufferTest" time="0"/>
  <testcase name="concurrentTest[773]" classname="com.thealgorithms.datastructures.buffers.CircularBufferTest" time="0"/>
  <testcase name="concurrentTest[774]" classname="com.thealgorithms.datastructures.buffers.CircularBufferTest" time="0"/>
  <testcase name="concurrentTest[775]" classname="com.thealgorithms.datastructures.buffers.CircularBufferTest" time="0.001"/>
  <testcase name="concurrentTest[776]" classname="com.thealgorithms.datastructures.buffers.CircularBufferTest" time="0"/>
  <testcase name="concurrentTest[777]" classname="com.thealgorithms.datastructures.buffers.CircularBufferTest" time="0"/>
  <testcase name="concurrentTest[778]" classname="com.thealgorithms.datastructures.buffers.CircularBufferTest" time="0"/>
  <testcase name="concurrentTest[779]" classname="com.thealgorithms.datastructures.buffers.CircularBufferTest" time="0"/>
  <testcase name="concurrentTest[780]" classname="com.thealgorithms.datastructures.buffers.CircularBufferTest" time="0"/>
  <testcase name="concurrentTest[781]" classname="com.thealgorithms.datastructures.buffers.CircularBufferTest" time="0"/>
  <testcase name="concurrentTest[782]" classname="com.thealgorithms.datastructures.buffers.CircularBufferTest" time="0"/>
  <testcase name="concurrentTest[783]" classname="com.thealgorithms.datastructures.buffers.CircularBufferTest" time="0"/>
  <testcase name="concurrentTest[784]" classname="com.thealgorithms.datastructures.buffers.CircularBufferTest" time="0.001"/>
  <testcase name="concurrentTest[785]" classname="com.thealgorithms.datastructures.buffers.CircularBufferTest" time="0"/>
  <testcase name="concurrentTest[786]" classname="com.thealgorithms.datastructures.buffers.CircularBufferTest" time="0"/>
  <testcase name="concurrentTest[787]" classname="com.thealgorithms.datastructures.buffers.CircularBufferTest" time="0"/>
  <testcase name="concurrentTest[788]" classname="com.thealgorithms.datastructures.buffers.CircularBufferTest" time="0.001"/>
  <testcase name="concurrentTest[789]" classname="com.thealgorithms.datastructures.buffers.CircularBufferTest" time="0"/>
  <testcase name="concurrentTest[790]" classname="com.thealgorithms.datastructures.buffers.CircularBufferTest" time="0"/>
  <testcase name="concurrentTest[791]" classname="com.thealgorithms.datastructures.buffers.CircularBufferTest" time="0"/>
  <testcase name="concurrentTest[792]" classname="com.thealgorithms.datastructures.buffers.CircularBufferTest" time="0.001"/>
  <testcase name="concurrentTest[793]" classname="com.thealgorithms.datastructures.buffers.CircularBufferTest" time="0"/>
  <testcase name="concurrentTest[794]" classname="com.thealgorithms.datastructures.buffers.CircularBufferTest" time="0.001"/>
  <testcase name="concurrentTest[795]" classname="com.thealgorithms.datastructures.buffers.CircularBufferTest" time="0"/>
  <testcase name="concurrentTest[796]" classname="com.thealgorithms.datastructures.buffers.CircularBufferTest" time="0"/>
  <testcase name="concurrentTest[797]" classname="com.thealgorithms.datastructures.buffers.CircularBufferTest" time="0"/>
  <testcase name="concurrentTest[798]" classname="com.thealgorithms.datastructures.buffers.CircularBufferTest" time="0.001"/>
  <testcase name="concurrentTest[799]" classname="com.thealgorithms.datastructures.buffers.CircularBufferTest" time="0"/>
  <testcase name="concurrentTest[800]" classname="com.thealgorithms.datastructures.buffers.CircularBufferTest" time="0"/>
  <testcase name="concurrentTest[801]" classname="com.thealgorithms.datastructures.buffers.CircularBufferTest" time="0"/>
  <testcase name="concurrentTest[802]" classname="com.thealgorithms.datastructures.buffers.CircularBufferTest" time="0"/>
  <testcase name="concurrentTest[803]" classname="com.thealgorithms.datastructures.buffers.CircularBufferTest" time="0.001"/>
  <testcase name="concurrentTest[804]" classname="com.thealgorithms.datastructures.buffers.CircularBufferTest" time="0"/>
  <testcase name="concurrentTest[805]" classname="com.thealgorithms.datastructures.buffers.CircularBufferTest" time="0"/>
  <testcase name="concurrentTest[806]" classname="com.thealgorithms.datastructures.buffers.CircularBufferTest" time="0.001"/>
  <testcase name="concurrentTest[807]" classname="com.thealgorithms.datastructures.buffers.CircularBufferTest" time="0"/>
  <testcase name="concurrentTest[808]" classname="com.thealgorithms.datastructures.buffers.CircularBufferTest" time="0"/>
  <testcase name="concurrentTest[809]" classname="com.thealgorithms.datastructures.buffers.CircularBufferTest" time="0"/>
  <testcase name="concurrentTest[810]" classname="com.thealgorithms.datastructures.buffers.CircularBufferTest" time="0.001"/>
  <testcase name="concurrentTest[811]" classname="com.thealgorithms.datastructures.buffers.CircularBufferTest" time="0"/>
  <testcase name="concurrentTest[812]" classname="com.thealgorithms.datastructures.buffers.CircularBufferTest" time="0"/>
  <testcase name="concurrentTest[813]" classname="com.thealgorithms.datastructures.buffers.CircularBufferTest" time="0"/>
  <testcase name="concurrentTest[814]" classname="com.thealgorithms.datastructures.buffers.CircularBufferTest" time="0"/>
  <testcase name="concurrentTest[815]" classname="com.thealgorithms.datastructures.buffers.CircularBufferTest" time="0"/>
  <testcase name="concurrentTest[816]" classname="com.thealgorithms.datastructures.buffers.CircularBufferTest" time="0"/>
  <testcase name="concurrentTest[817]" classname="com.thealgorithms.datastructures.buffers.CircularBufferTest" time="0"/>
  <testcase name="concurrentTest[818]" classname="com.thealgorithms.datastructures.buffers.CircularBufferTest" time="0"/>
  <testcase name="concurrentTest[819]" classname="com.thealgorithms.datastructures.buffers.CircularBufferTest" time="0.001"/>
  <testcase name="concurrentTest[820]" classname="com.thealgorithms.datastructures.buffers.CircularBufferTest" time="0"/>
  <testcase name="concurrentTest[821]" classname="com.thealgorithms.datastructures.buffers.CircularBufferTest" time="0"/>
  <testcase name="concurrentTest[822]" classname="com.thealgorithms.datastructures.buffers.CircularBufferTest" time="0"/>
  <testcase name="concurrentTest[823]" classname="com.thealgorithms.datastructures.buffers.CircularBufferTest" time="0"/>
  <testcase name="concurrentTest[824]" classname="com.thealgorithms.datastructures.buffers.CircularBufferTest" time="0"/>
  <testcase name="concurrentTest[825]" classname="com.thealgorithms.datastructures.buffers.CircularBufferTest" time="0"/>
  <testcase name="concurrentTest[826]" classname="com.thealgorithms.datastructures.buffers.CircularBufferTest" time="0"/>
  <testcase name="concurrentTest[827]" classname="com.thealgorithms.datastructures.buffers.CircularBufferTest" time="0"/>
  <testcase name="concurrentTest[828]" classname="com.thealgorithms.datastructures.buffers.CircularBufferTest" time="0.001"/>
  <testcase name="concurrentTest[829]" classname="com.thealgorithms.datastructures.buffers.CircularBufferTest" time="0"/>
  <testcase name="concurrentTest[830]" classname="com.thealgorithms.datastructures.buffers.CircularBufferTest" time="0"/>
  <testcase name="concurrentTest[831]" classname="com.thealgorithms.datastructures.buffers.CircularBufferTest" time="0"/>
  <testcase name="concurrentTest[832]" classname="com.thealgorithms.datastructures.buffers.CircularBufferTest" time="0"/>
  <testcase name="concurrentTest[833]" classname="com.thealgorithms.datastructures.buffers.CircularBufferTest" time="0"/>
  <testcase name="concurrentTest[834]" classname="com.thealgorithms.datastructures.buffers.CircularBufferTest" time="0"/>
  <testcase name="concurrentTest[835]" classname="com.thealgorithms.datastructures.buffers.CircularBufferTest" time="0"/>
  <testcase name="concurrentTest[836]" classname="com.thealgorithms.datastructures.buffers.CircularBufferTest" time="0"/>
  <testcase name="concurrentTest[837]" classname="com.thealgorithms.datastructures.buffers.CircularBufferTest" time="0.003"/>
  <testcase name="concurrentTest[838]" classname="com.thealgorithms.datastructures.buffers.CircularBufferTest" time="0"/>
  <testcase name="concurrentTest[839]" classname="com.thealgorithms.datastructures.buffers.CircularBufferTest" time="0"/>
  <testcase name="concurrentTest[840]" classname="com.thealgorithms.datastructures.buffers.CircularBufferTest" time="0.001"/>
  <testcase name="concurrentTest[841]" classname="com.thealgorithms.datastructures.buffers.CircularBufferTest" time="0"/>
  <testcase name="concurrentTest[842]" classname="com.thealgorithms.datastructures.buffers.CircularBufferTest" time="0"/>
  <testcase name="concurrentTest[843]" classname="com.thealgorithms.datastructures.buffers.CircularBufferTest" time="0"/>
  <testcase name="concurrentTest[844]" classname="com.thealgorithms.datastructures.buffers.CircularBufferTest" time="0.001"/>
  <testcase name="concurrentTest[845]" classname="com.thealgorithms.datastructures.buffers.CircularBufferTest" time="0"/>
  <testcase name="concurrentTest[846]" classname="com.thealgorithms.datastructures.buffers.CircularBufferTest" time="0"/>
  <testcase name="concurrentTest[847]" classname="com.thealgorithms.datastructures.buffers.CircularBufferTest" time="0"/>
  <testcase name="concurrentTest[848]" classname="com.thealgorithms.datastructures.buffers.CircularBufferTest" time="0"/>
  <testcase name="concurrentTest[849]" classname="com.thealgorithms.datastructures.buffers.CircularBufferTest" time="0.001"/>
  <testcase name="concurrentTest[850]" classname="com.thealgorithms.datastructures.buffers.CircularBufferTest" time="0"/>
  <testcase name="concurrentTest[851]" classname="com.thealgorithms.datastructures.buffers.CircularBufferTest" time="0"/>
  <testcase name="concurrentTest[852]" classname="com.thealgorithms.datastructures.buffers.CircularBufferTest" time="0"/>
  <testcase name="concurrentTest[853]" classname="com.thealgorithms.datastructures.buffers.CircularBufferTest" time="0"/>
  <testcase name="concurrentTest[854]" classname="com.thealgorithms.datastructures.buffers.CircularBufferTest" time="0"/>
  <testcase name="concurrentTest[855]" classname="com.thealgorithms.datastructures.buffers.CircularBufferTest" time="0"/>
  <testcase name="concurrentTest[856]" classname="com.thealgorithms.datastructures.buffers.CircularBufferTest" time="0.001"/>
  <testcase name="concurrentTest[857]" classname="com.thealgorithms.datastructures.buffers.CircularBufferTest" time="0"/>
  <testcase name="concurrentTest[858]" classname="com.thealgorithms.datastructures.buffers.CircularBufferTest" time="0"/>
  <testcase name="concurrentTest[859]" classname="com.thealgorithms.datastructures.buffers.CircularBufferTest" time="0"/>
  <testcase name="concurrentTest[860]" classname="com.thealgorithms.datastructures.buffers.CircularBufferTest" time="0"/>
  <testcase name="concurrentTest[861]" classname="com.thealgorithms.datastructures.buffers.CircularBufferTest" time="0"/>
  <testcase name="concurrentTest[862]" classname="com.thealgorithms.datastructures.buffers.CircularBufferTest" time="0"/>
  <testcase name="concurrentTest[863]" classname="com.thealgorithms.datastructures.buffers.CircularBufferTest" time="0"/>
  <testcase name="concurrentTest[864]" classname="com.thealgorithms.datastructures.buffers.CircularBufferTest" time="0"/>
  <testcase name="concurrentTest[865]" classname="com.thealgorithms.datastructures.buffers.CircularBufferTest" time="0.001"/>
  <testcase name="concurrentTest[866]" classname="com.thealgorithms.datastructures.buffers.CircularBufferTest" time="0"/>
  <testcase name="concurrentTest[867]" classname="com.thealgorithms.datastructures.buffers.CircularBufferTest" time="0"/>
  <testcase name="concurrentTest[868]" classname="com.thealgorithms.datastructures.buffers.CircularBufferTest" time="0"/>
  <testcase name="concurrentTest[869]" classname="com.thealgorithms.datastructures.buffers.CircularBufferTest" time="0.001"/>
  <testcase name="concurrentTest[870]" classname="com.thealgorithms.datastructures.buffers.CircularBufferTest" time="0"/>
  <testcase name="concurrentTest[871]" classname="com.thealgorithms.datastructures.buffers.CircularBufferTest" time="0"/>
  <testcase name="concurrentTest[872]" classname="com.thealgorithms.datastructures.buffers.CircularBufferTest" time="0"/>
  <testcase name="concurrentTest[873]" classname="com.thealgorithms.datastructures.buffers.CircularBufferTest" time="0.001"/>
  <testcase name="concurrentTest[874]" classname="com.thealgorithms.datastructures.buffers.CircularBufferTest" time="0"/>
  <testcase name="concurrentTest[875]" classname="com.thealgorithms.datastructures.buffers.CircularBufferTest" time="0"/>
  <testcase name="concurrentTest[876]" classname="com.thealgorithms.datastructures.buffers.CircularBufferTest" time="0"/>
  <testcase name="concurrentTest[877]" classname="com.thealgorithms.datastructures.buffers.CircularBufferTest" time="0"/>
  <testcase name="concurrentTest[878]" classname="com.thealgorithms.datastructures.buffers.CircularBufferTest" time="0.001"/>
  <testcase name="concurrentTest[879]" classname="com.thealgorithms.datastructures.buffers.CircularBufferTest" time="0"/>
  <testcase name="concurrentTest[880]" classname="com.thealgorithms.datastructures.buffers.CircularBufferTest" time="0"/>
  <testcase name="concurrentTest[881]" classname="com.thealgorithms.datastructures.buffers.CircularBufferTest" time="0"/>
  <testcase name="concurrentTest[882]" classname="com.thealgorithms.datastructures.buffers.CircularBufferTest" time="0.001"/>
  <testcase name="concurrentTest[883]" classname="com.thealgorithms.datastructures.buffers.CircularBufferTest" time="0"/>
  <testcase name="concurrentTest[884]" classname="com.thealgorithms.datastructures.buffers.CircularBufferTest" time="0"/>
  <testcase name="concurrentTest[885]" classname="com.thealgorithms.datastructures.buffers.CircularBufferTest" time="0"/>
  <testcase name="concurrentTest[886]" classname="com.thealgorithms.datastructures.buffers.CircularBufferTest" time="0.001"/>
  <testcase name="concurrentTest[887]" classname="com.thealgorithms.datastructures.buffers.CircularBufferTest" time="0"/>
  <testcase name="concurrentTest[888]" classname="com.thealgorithms.datastructures.buffers.CircularBufferTest" time="0"/>
  <testcase name="concurrentTest[889]" classname="com.thealgorithms.datastructures.buffers.CircularBufferTest" time="0"/>
  <testcase name="concurrentTest[890]" classname="com.thealgorithms.datastructures.buffers.CircularBufferTest" time="0.001"/>
  <testcase name="concurrentTest[891]" classname="com.thealgorithms.datastructures.buffers.CircularBufferTest" time="0"/>
  <testcase name="concurrentTest[892]" classname="com.thealgorithms.datastructures.buffers.CircularBufferTest" time="0"/>
  <testcase name="concurrentTest[893]" classname="com.thealgorithms.datastructures.buffers.CircularBufferTest" time="0"/>
  <testcase name="concurrentTest[894]" classname="com.thealgorithms.datastructures.buffers.CircularBufferTest" time="0.001"/>
  <testcase name="concurrentTest[895]" classname="com.thealgorithms.datastructures.buffers.CircularBufferTest" time="0"/>
  <testcase name="concurrentTest[896]" classname="com.thealgorithms.datastructures.buffers.CircularBufferTest" time="0"/>
  <testcase name="concurrentTest[897]" classname="com.thealgorithms.datastructures.buffers.CircularBufferTest" time="0.001"/>
  <testcase name="concurrentTest[898]" classname="com.thealgorithms.datastructures.buffers.CircularBufferTest" time="0"/>
  <testcase name="concurrentTest[899]" classname="com.thealgorithms.datastructures.buffers.CircularBufferTest" time="0"/>
  <testcase name="concurrentTest[900]" classname="com.thealgorithms.datastructures.buffers.CircularBufferTest" time="0"/>
  <testcase name="concurrentTest[901]" classname="com.thealgorithms.datastructures.buffers.CircularBufferTest" time="0"/>
  <testcase name="concurrentTest[902]" classname="com.thealgorithms.datastructures.buffers.CircularBufferTest" time="0.001"/>
  <testcase name="concurrentTest[903]" classname="com.thealgorithms.datastructures.buffers.CircularBufferTest" time="0"/>
  <testcase name="concurrentTest[904]" classname="com.thealgorithms.datastructures.buffers.CircularBufferTest" time="0"/>
  <testcase name="concurrentTest[905]" classname="com.thealgorithms.datastructures.buffers.CircularBufferTest" time="0"/>
  <testcase name="concurrentTest[906]" classname="com.thealgorithms.datastructures.buffers.CircularBufferTest" time="0.001"/>
  <testcase name="concurrentTest[907]" classname="com.thealgorithms.datastructures.buffers.CircularBufferTest" time="0"/>
  <testcase name="concurrentTest[908]" classname="com.thealgorithms.datastructures.buffers.CircularBufferTest" time="0"/>
  <testcase name="concurrentTest[909]" classname="com.thealgorithms.datastructures.buffers.CircularBufferTest" time="0"/>
  <testcase name="concurrentTest[910]" classname="com.thealgorithms.datastructures.buffers.CircularBufferTest" time="0.001"/>
  <testcase name="concurrentTest[911]" classname="com.thealgorithms.datastructures.buffers.CircularBufferTest" time="0"/>
  <testcase name="concurrentTest[912]" classname="com.thealgorithms.datastructures.buffers.CircularBufferTest" time="0"/>
  <testcase name="concurrentTest[913]" classname="com.thealgorithms.datastructures.buffers.CircularBufferTest" time="0"/>
  <testcase name="concurrentTest[914]" classname="com.thealgorithms.datastructures.buffers.CircularBufferTest" time="0"/>
  <testcase name="concurrentTest[915]" classname="com.thealgorithms.datastructures.buffers.CircularBufferTest" time="0"/>
  <testcase name="concurrentTest[916]" classname="com.thealgorithms.datastructures.buffers.CircularBufferTest" time="0"/>
  <testcase name="concurrentTest[917]" classname="com.thealgorithms.datastructures.buffers.CircularBufferTest" time="0"/>
  <testcase name="concurrentTest[918]" classname="com.thealgorithms.datastructures.buffers.CircularBufferTest" time="0"/>
  <testcase name="concurrentTest[919]" classname="com.thealgorithms.datastructures.buffers.CircularBufferTest" time="0.001"/>
  <testcase name="concurrentTest[920]" classname="com.thealgorithms.datastructures.buffers.CircularBufferTest" time="0"/>
  <testcase name="concurrentTest[921]" classname="com.thealgorithms.datastructures.buffers.CircularBufferTest" time="0"/>
  <testcase name="concurrentTest[922]" classname="com.thealgorithms.datastructures.buffers.CircularBufferTest" time="0"/>
  <testcase name="concurrentTest[923]" classname="com.thealgorithms.datastructures.buffers.CircularBufferTest" time="0"/>
  <testcase name="concurrentTest[924]" classname="com.thealgorithms.datastructures.buffers.CircularBufferTest" time="0"/>
  <testcase name="concurrentTest[925]" classname="com.thealgorithms.datastructures.buffers.CircularBufferTest" time="0"/>
  <testcase name="concurrentTest[926]" classname="com.thealgorithms.datastructures.buffers.CircularBufferTest" time="0"/>
  <testcase name="concurrentTest[927]" classname="com.thealgorithms.datastructures.buffers.CircularBufferTest" time="0"/>
  <testcase name="concurrentTest[928]" classname="com.thealgorithms.datastructures.buffers.CircularBufferTest" time="0.001"/>
  <testcase name="concurrentTest[929]" classname="com.thealgorithms.datastructures.buffers.CircularBufferTest" time="0"/>
  <testcase name="concurrentTest[930]" classname="com.thealgorithms.datastructures.buffers.CircularBufferTest" time="0"/>
  <testcase name="concurrentTest[931]" classname="com.thealgorithms.datastructures.buffers.CircularBufferTest" time="0"/>
  <testcase name="concurrentTest[932]" classname="com.thealgorithms.datastructures.buffers.CircularBufferTest" time="0"/>
  <testcase name="concurrentTest[933]" classname="com.thealgorithms.datastructures.buffers.CircularBufferTest" time="0"/>
  <testcase name="concurrentTest[934]" classname="com.thealgorithms.datastructures.buffers.CircularBufferTest" time="0"/>
  <testcase name="concurrentTest[935]" classname="com.thealgorithms.datastructures.buffers.CircularBufferTest" time="0.001"/>
  <testcase name="concurrentTest[936]" classname="com.thealgorithms.datastructures.buffers.CircularBufferTest" time="0"/>
  <testcase name="concurrentTest[937]" classname="com.thealgorithms.datastructures.buffers.CircularBufferTest" time="0"/>
  <testcase name="concurrentTest[938]" classname="com.thealgorithms.datastructures.buffers.CircularBufferTest" time="0"/>
  <testcase name="concurrentTest[939]" classname="com.thealgorithms.datastructures.buffers.CircularBufferTest" time="0"/>
  <testcase name="concurrentTest[940]" classname="com.thealgorithms.datastructures.buffers.CircularBufferTest" time="0.001"/>
  <testcase name="concurrentTest[941]" classname="com.thealgorithms.datastructures.buffers.CircularBufferTest" time="0"/>
  <testcase name="concurrentTest[942]" classname="com.thealgorithms.datastructures.buffers.CircularBufferTest" time="0"/>
  <testcase name="concurrentTest[943]" classname="com.thealgorithms.datastructures.buffers.CircularBufferTest" time="0"/>
  <testcase name="concurrentTest[944]" classname="com.thealgorithms.datastructures.buffers.CircularBufferTest" time="0"/>
  <testcase name="concurrentTest[945]" classname="com.thealgorithms.datastructures.buffers.CircularBufferTest" time="0"/>
  <testcase name="concurrentTest[946]" classname="com.thealgorithms.datastructures.buffers.CircularBufferTest" time="0"/>
  <testcase name="concurrentTest[947]" classname="com.thealgorithms.datastructures.buffers.CircularBufferTest" time="0"/>
  <testcase name="concurrentTest[948]" classname="com.thealgorithms.datastructures.buffers.CircularBufferTest" time="0"/>
  <testcase name="concurrentTest[949]" classname="com.thealgorithms.datastructures.buffers.CircularBufferTest" time="0.003"/>
  <testcase name="concurrentTest[950]" classname="com.thealgorithms.datastructures.buffers.CircularBufferTest" time="0.001"/>
  <testcase name="concurrentTest[951]" classname="com.thealgorithms.datastructures.buffers.CircularBufferTest" time="0"/>
  <testcase name="concurrentTest[952]" classname="com.thealgorithms.datastructures.buffers.CircularBufferTest" time="0"/>
  <testcase name="concurrentTest[953]" classname="com.thealgorithms.datastructures.buffers.CircularBufferTest" time="0"/>
  <testcase name="concurrentTest[954]" classname="com.thealgorithms.datastructures.buffers.CircularBufferTest" time="0.001"/>
  <testcase name="concurrentTest[955]" classname="com.thealgorithms.datastructures.buffers.CircularBufferTest" time="0"/>
  <testcase name="concurrentTest[956]" classname="com.thealgorithms.datastructures.buffers.CircularBufferTest" time="0"/>
  <testcase name="concurrentTest[957]" classname="com.thealgorithms.datastructures.buffers.CircularBufferTest" time="0.001"/>
  <testcase name="concurrentTest[958]" classname="com.thealgorithms.datastructures.buffers.CircularBufferTest" time="0"/>
  <testcase name="concurrentTest[959]" classname="com.thealgorithms.datastructures.buffers.CircularBufferTest" time="0"/>
  <testcase name="concurrentTest[960]" classname="com.thealgorithms.datastructures.buffers.CircularBufferTest" time="0"/>
  <testcase name="concurrentTest[961]" classname="com.thealgorithms.datastructures.buffers.CircularBufferTest" time="0.001"/>
  <testcase name="concurrentTest[962]" classname="com.thealgorithms.datastructures.buffers.CircularBufferTest" time="0"/>
  <testcase name="concurrentTest[963]" classname="com.thealgorithms.datastructures.buffers.CircularBufferTest" time="0"/>
  <testcase name="concurrentTest[964]" classname="com.thealgorithms.datastructures.buffers.CircularBufferTest" time="0.001"/>
  <testcase name="concurrentTest[965]" classname="com.thealgorithms.datastructures.buffers.CircularBufferTest" time="0"/>
  <testcase name="concurrentTest[966]" classname="com.thealgorithms.datastructures.buffers.CircularBufferTest" time="0"/>
  <testcase name="concurrentTest[967]" classname="com.thealgorithms.datastructures.buffers.CircularBufferTest" time="0"/>
  <testcase name="concurrentTest[968]" classname="com.thealgorithms.datastructures.buffers.CircularBufferTest" time="0.001"/>
  <testcase name="concurrentTest[969]" classname="com.thealgorithms.datastructures.buffers.CircularBufferTest" time="0"/>
  <testcase name="concurrentTest[970]" classname="com.thealgorithms.datastructures.buffers.CircularBufferTest" time="0"/>
  <testcase name="concurrentTest[971]" classname="com.thealgorithms.datastructures.buffers.CircularBufferTest" time="0.001"/>
  <testcase name="concurrentTest[972]" classname="com.thealgorithms.datastructures.buffers.CircularBufferTest" time="0"/>
  <testcase name="concurrentTest[973]" classname="com.thealgorithms.datastructures.buffers.CircularBufferTest" time="0"/>
  <testcase name="concurrentTest[974]" classname="com.thealgorithms.datastructures.buffers.CircularBufferTest" time="0"/>
  <testcase name="concurrentTest[975]" classname="com.thealgorithms.datastructures.buffers.CircularBufferTest" time="0"/>
  <testcase name="concurrentTest[976]" classname="com.thealgorithms.datastructures.buffers.CircularBufferTest" time="0"/>
  <testcase name="concurrentTest[977]" classname="com.thealgorithms.datastructures.buffers.CircularBufferTest" time="0"/>
  <testcase name="concurrentTest[978]" classname="com.thealgorithms.datastructures.buffers.CircularBufferTest" time="0"/>
  <testcase name="concurrentTest[979]" classname="com.thealgorithms.datastructures.buffers.CircularBufferTest" time="0.001"/>
  <testcase name="concurrentTest[980]" classname="com.thealgorithms.datastructures.buffers.CircularBufferTest" time="0"/>
  <testcase name="concurrentTest[981]" classname="com.thealgorithms.datastructures.buffers.CircularBufferTest" time="0"/>
  <testcase name="concurrentTest[982]" classname="com.thealgorithms.datastructures.buffers.CircularBufferTest" time="0"/>
  <testcase name="concurrentTest[983]" classname="com.thealgorithms.datastructures.buffers.CircularBufferTest" time="0"/>
  <testcase name="concurrentTest[984]" classname="com.thealgorithms.datastructures.buffers.CircularBufferTest" time="0"/>
  <testcase name="concurrentTest[985]" classname="com.thealgorithms.datastructures.buffers.CircularBufferTest" time="0"/>
  <testcase name="concurrentTest[986]" classname="com.thealgorithms.datastructures.buffers.CircularBufferTest" time="0.001"/>
  <testcase name="concurrentTest[987]" classname="com.thealgorithms.datastructures.buffers.CircularBufferTest" time="0"/>
  <testcase name="concurrentTest[988]" classname="com.thealgorithms.datastructures.buffers.CircularBufferTest" time="0"/>
  <testcase name="concurrentTest[989]" classname="com.thealgorithms.datastructures.buffers.CircularBufferTest" time="0"/>
  <testcase name="concurrentTest[990]" classname="com.thealgorithms.datastructures.buffers.CircularBufferTest" time="0"/>
  <testcase name="concurrentTest[991]" classname="com.thealgorithms.datastructures.buffers.CircularBufferTest" time="0"/>
  <testcase name="concurrentTest[992]" classname="com.thealgorithms.datastructures.buffers.CircularBufferTest" time="0"/>
  <testcase name="concurrentTest[993]" classname="com.thealgorithms.datastructures.buffers.CircularBufferTest" time="0"/>
  <testcase name="concurrentTest[994]" classname="com.thealgorithms.datastructures.buffers.CircularBufferTest" time="0"/>
  <testcase name="concurrentTest[995]" classname="com.thealgorithms.datastructures.buffers.CircularBufferTest" time="0.001"/>
  <testcase name="concurrentTest[996]" classname="com.thealgorithms.datastructures.buffers.CircularBufferTest" time="0"/>
  <testcase name="concurrentTest[997]" classname="com.thealgorithms.datastructures.buffers.CircularBufferTest" time="0"/>
  <testcase name="concurrentTest[998]" classname="com.thealgorithms.datastructures.buffers.CircularBufferTest" time="0"/>
  <testcase name="concurrentTest[999]" classname="com.thealgorithms.datastructures.buffers.CircularBufferTest" time="0.001"/>
  <testcase name="concurrentTest[1000]" classname="com.thealgorithms.datastructures.buffers.CircularBufferTest" time="0"/>
  <testcase name="isEmpty" classname="com.thealgorithms.datastructures.buffers.CircularBufferTest" time="0"/>
</testsuite>