<?xml version="1.0" encoding="UTF-8"?>
<testsuite xmlns:xsi="http://www.w3.org/2001/XMLSchema-instance" xsi:noNamespaceSchemaLocation="https://maven.apache.org/surefire/maven-surefire-plugin/xsd/surefire-test-report.xsd" name="com.thealgorithms.sorts.SortUtilsRandomGeneratorTest" time="0.216" tests="2001" errors="0" skipped="0" failures="0">
  <properties>
    <property name="java.specification.version" value="19"/>
    <property name="sun.jnu.encoding" value="UTF-8"/>
    <property name="java.class.path" value="/Users/nuharahman/Desktop/Java/target/test-classes:/Users/nuharahman/Desktop/Java/target/classes:/Users/nuharahman/.m2/repository/org/junit/jupiter/junit-jupiter/5.9.0/junit-jupiter-5.9.0.jar:/Users/nuharahman/.m2/repository/org/junit/jupiter/junit-jupiter-params/5.8.2/junit-jupiter-params-5.8.2.jar:/Users/nuharahman/.m2/repository/org/junit/jupiter/junit-jupiter-engine/5.8.2/junit-jupiter-engine-5.8.2.jar:/Users/nuharahman/.m2/repository/org/junit/platform/junit-platform-engine/1.8.2/junit-platform-engine-1.8.2.jar:/Users/nuharahman/.m2/repository/org/assertj/assertj-core/3.23.1/assertj-core-3.23.1.jar:/Users/nuharahman/.m2/repository/net/bytebuddy/byte-buddy/1.12.10/byte-buddy-1.12.10.jar:/Users/nuharahman/.m2/repository/org/junit/jupiter/junit-jupiter-api/5.9.0/junit-jupiter-api-5.9.0.jar:/Users/nuharahman/.m2/repository/org/opentest4j/opentest4j/1.2.0/opentest4j-1.2.0.jar:/Users/nuharahman/.m2/repository/org/junit/platform/junit-platform-commons/1.8.2/junit-platform-commons-1.8.2.jar:/Users/nuharahman/.m2/repository/org/apiguardian/apiguardian-api/1.1.2/apiguardian-api-1.1.2.jar:/Users/nuharahman/.m2/repository/edu/berkeley/cs/jqf/jqf-fuzz/1.7/jqf-fuzz-1.7.jar:/Users/nuharahman/.m2/repository/junit/junit/4.13.1/junit-4.13.1.jar:/Users/nuharahman/.m2/repository/org/hamcrest/hamcrest-core/1.3/hamcrest-core-1.3.jar:/Users/nuharahman/.m2/repository/com/pholser/junit-quickcheck-generators/1.0/junit-quickcheck-generators-1.0.jar:/Users/nuharahman/.m2/repository/com/pholser/junit-quickcheck-core/1.0/junit-quickcheck-core-1.0.jar:/Users/nuharahman/.m2/repository/org/javaruntype/javaruntype/1.3/javaruntype-1.3.jar:/Users/nuharahman/.m2/repository/org/antlr/antlr-runtime/3.1.2/antlr-runtime-3.1.2.jar:/Users/nuharahman/.m2/repository/ognl/ognl/3.1.12/ognl-3.1.12.jar:/Users/nuharahman/.m2/repository/org/javassist/javassist/3.20.0-GA/javassist-3.20.0-GA.jar:/Users/nuharahman/.m2/repository/ru/vyarus/generics-resolver/3.0.1/generics-resolver-3.0.1.jar:/Users/nuharahman/.m2/repository/org/slf4j/slf4j-api/1.7.25/slf4j-api-1.7.25.jar:/Users/nuharahman/.m2/repository/edu/berkeley/cs/jqf/jqf-instrument/1.7/jqf-instrument-1.7.jar:/Users/nuharahman/.m2/repository/org/ow2/asm/asm/8.0.1/asm-8.0.1.jar:/Users/nuharahman/.m2/repository/org/jacoco/org.jacoco.report/0.8.2/org.jacoco.report-0.8.2.jar:/Users/nuharahman/.m2/repository/org/jacoco/org.jacoco.core/0.8.2/org.jacoco.core-0.8.2.jar:/Users/nuharahman/.m2/repository/org/ow2/asm/asm-commons/6.2.1/asm-commons-6.2.1.jar:/Users/nuharahman/.m2/repository/org/ow2/asm/asm-analysis/6.2.1/asm-analysis-6.2.1.jar:/Users/nuharahman/.m2/repository/org/ow2/asm/asm-tree/6.2.1/asm-tree-6.2.1.jar:/Users/nuharahman/.m2/repository/info/picocli/picocli/4.0.4/picocli-4.0.4.jar:"/>
    <property name="java.vm.vendor" value="Oracle Corporation"/>
    <property name="sun.arch.data.model" value="64"/>
    <property name="java.vendor.url" value="https://java.oracle.com/"/>
    <property name="os.name" value="Mac OS X"/>
    <property name="java.vm.specification.version" value="19"/>
    <property name="sun.java.launcher" value="SUN_STANDARD"/>
    <property name="user.country" value="US"/>
    <property name="sun.boot.library.path" value="/Library/Java/JavaVirtualMachines/jdk-19.jdk/Contents/Home/lib"/>
    <property name="sun.java.command" value="/Users/nuharahman/Desktop/Java/target/surefire/surefirebooter7794493198054274448.jar /Users/nuharahman/Desktop/Java/target/surefire 2022-11-30T21-31-11_395-jvmRun1 surefire8981384444951206948tmp surefire_01363317144851734863tmp"/>
    <property name="http.nonProxyHosts" value="local|*.local|169.254/16|*.169.254/16"/>
    <property name="jdk.debug" value="release"/>
    <property name="surefire.test.class.path" value="/Users/nuharahman/Desktop/Java/target/test-classes:/Users/nuharahman/Desktop/Java/target/classes:/Users/nuharahman/.m2/repository/org/junit/jupiter/junit-jupiter/5.9.0/junit-jupiter-5.9.0.jar:/Users/nuharahman/.m2/repository/org/junit/jupiter/junit-jupiter-params/5.8.2/junit-jupiter-params-5.8.2.jar:/Users/nuharahman/.m2/repository/org/junit/jupiter/junit-jupiter-engine/5.8.2/junit-jupiter-engine-5.8.2.jar:/Users/nuharahman/.m2/repository/org/junit/platform/junit-platform-engine/1.8.2/junit-platform-engine-1.8.2.jar:/Users/nuharahman/.m2/repository/org/assertj/assertj-core/3.23.1/assertj-core-3.23.1.jar:/Users/nuharahman/.m2/repository/net/bytebuddy/byte-buddy/1.12.10/byte-buddy-1.12.10.jar:/Users/nuharahman/.m2/repository/org/junit/jupiter/junit-jupiter-api/5.9.0/junit-jupiter-api-5.9.0.jar:/Users/nuharahman/.m2/repository/org/opentest4j/opentest4j/1.2.0/opentest4j-1.2.0.jar:/Users/nuharahman/.m2/repository/org/junit/platform/junit-platform-commons/1.8.2/junit-platform-commons-1.8.2.jar:/Users/nuharahman/.m2/repository/org/apiguardian/apiguardian-api/1.1.2/apiguardian-api-1.1.2.jar:/Users/nuharahman/.m2/repository/edu/berkeley/cs/jqf/jqf-fuzz/1.7/jqf-fuzz-1.7.jar:/Users/nuharahman/.m2/repository/junit/junit/4.13.1/junit-4.13.1.jar:/Users/nuharahman/.m2/repository/org/hamcrest/hamcrest-core/1.3/hamcrest-core-1.3.jar:/Users/nuharahman/.m2/repository/com/pholser/junit-quickcheck-generators/1.0/junit-quickcheck-generators-1.0.jar:/Users/nuharahman/.m2/repository/com/pholser/junit-quickcheck-core/1.0/junit-quickcheck-core-1.0.jar:/Users/nuharahman/.m2/repository/org/javaruntype/javaruntype/1.3/javaruntype-1.3.jar:/Users/nuharahman/.m2/repository/org/antlr/antlr-runtime/3.1.2/antlr-runtime-3.1.2.jar:/Users/nuharahman/.m2/repository/ognl/ognl/3.1.12/ognl-3.1.12.jar:/Users/nuharahman/.m2/repository/org/javassist/javassist/3.20.0-GA/javassist-3.20.0-GA.jar:/Users/nuharahman/.m2/repository/ru/vyarus/generics-resolver/3.0.1/generics-resolver-3.0.1.jar:/Users/nuharahman/.m2/repository/org/slf4j/slf4j-api/1.7.25/slf4j-api-1.7.25.jar:/Users/nuharahman/.m2/repository/edu/berkeley/cs/jqf/jqf-instrument/1.7/jqf-instrument-1.7.jar:/Users/nuharahman/.m2/repository/org/ow2/asm/asm/8.0.1/asm-8.0.1.jar:/Users/nuharahman/.m2/repository/org/jacoco/org.jacoco.report/0.8.2/org.jacoco.report-0.8.2.jar:/Users/nuharahman/.m2/repository/org/jacoco/org.jacoco.core/0.8.2/org.jacoco.core-0.8.2.jar:/Users/nuharahman/.m2/repository/org/ow2/asm/asm-commons/6.2.1/asm-commons-6.2.1.jar:/Users/nuharahman/.m2/repository/org/ow2/asm/asm-analysis/6.2.1/asm-analysis-6.2.1.jar:/Users/nuharahman/.m2/repository/org/ow2/asm/asm-tree/6.2.1/asm-tree-6.2.1.jar:/Users/nuharahman/.m2/repository/info/picocli/picocli/4.0.4/picocli-4.0.4.jar:"/>
    <property name="sun.cpu.endian" value="little"/>
    <property name="user.home" value="/Users/nuharahman"/>
    <property name="user.language" value="en"/>
    <property name="java.specification.vendor" value="Oracle Corporation"/>
    <property name="java.version.date" value="2022-10-18"/>
    <property name="java.home" value="/Library/Java/JavaVirtualMachines/jdk-19.jdk/Contents/Home"/>
    <property name="file.separator" value="/"/>
    <property name="basedir" value="/Users/nuharahman/Desktop/Java"/>
    <property name="java.vm.compressedOopsMode" value="Zero based"/>
    <property name="line.separator" value="&#10;"/>
    <property name="java.vm.specification.vendor" value="Oracle Corporation"/>
    <property name="java.specification.name" value="Java Platform API Specification"/>
    <property name="apple.awt.application.name" value="ForkedBooter"/>
    <property name="surefire.real.class.path" value="/Users/nuharahman/Desktop/Java/target/surefire/surefirebooter7794493198054274448.jar"/>
    <property name="sun.management.compiler" value="HotSpot 64-Bit Tiered Compilers"/>
    <property name="ftp.nonProxyHosts" value="local|*.local|169.254/16|*.169.254/16"/>
    <property name="java.runtime.version" value="19.0.1+10-21"/>
    <property name="user.name" value="nuharahman"/>
    <property name="stdout.encoding" value="UTF-8"/>
    <property name="path.separator" value=":"/>
    <property name="os.version" value="12.2.1"/>
    <property name="java.runtime.name" value="Java(TM) SE Runtime Environment"/>
    <property name="file.encoding" value="UTF-8"/>
    <property name="java.vm.name" value="Java HotSpot(TM) 64-Bit Server VM"/>
    <property name="localRepository" value="/Users/nuharahman/.m2/repository"/>
    <property name="java.vendor.url.bug" value="https://bugreport.java.com/bugreport/"/>
    <property name="java.io.tmpdir" value="/var/folders/b2/yhtrc4hd13s8cqp5cydrrj8m0000gn/T/"/>
    <property name="java.version" value="19.0.1"/>
    <property name="user.dir" value="/Users/nuharahman/Desktop/Java"/>
    <property name="os.arch" value="aarch64"/>
    <property name="java.vm.specification.name" value="Java Virtual Machine Specification"/>
    <property name="native.encoding" value="UTF-8"/>
    <property name="java.library.path" value="/Users/nuharahman/Library/Java/Extensions:/Library/Java/Extensions:/Network/Library/Java/Extensions:/System/Library/Java/Extensions:/usr/lib/java:."/>
    <property name="java.vm.info" value="mixed mode, sharing"/>
    <property name="stderr.encoding" value="UTF-8"/>
    <property name="java.vendor" value="Oracle Corporation"/>
    <property name="java.vm.version" value="19.0.1+10-21"/>
    <property name="sun.io.unicode.encoding" value="UnicodeBig"/>
    <property name="socksNonProxyHosts" value="local|*.local|169.254/16|*.169.254/16"/>
    <property name="java.class.version" value="63.0"/>
  </properties>
  <testcase name="generateArrayEmpty" classname="com.thealgorithms.sorts.SortUtilsRandomGeneratorTest" time="0.003"/>
  <testcase name="generateArray[1]" classname="com.thealgorithms.sorts.SortUtilsRandomGeneratorTest" time="0.001"/>
  <testcase name="generateArray[2]" classname="com.thealgorithms.sorts.SortUtilsRandomGeneratorTest" time="0.001"/>
  <testcase name="generateArray[3]" classname="com.thealgorithms.sorts.SortUtilsRandomGeneratorTest" time="0"/>
  <testcase name="generateArray[4]" classname="com.thealgorithms.sorts.SortUtilsRandomGeneratorTest" time="0"/>
  <testcase name="generateArray[5]" classname="com.thealgorithms.sorts.SortUtilsRandomGeneratorTest" time="0.001"/>
  <testcase name="generateArray[6]" classname="com.thealgorithms.sorts.SortUtilsRandomGeneratorTest" time="0"/>
  <testcase name="generateArray[7]" classname="com.thealgorithms.sorts.SortUtilsRandomGeneratorTest" time="0"/>
  <testcase name="generateArray[8]" classname="com.thealgorithms.sorts.SortUtilsRandomGeneratorTest" time="0"/>
  <testcase name="generateArray[9]" classname="com.thealgorithms.sorts.SortUtilsRandomGeneratorTest" time="0"/>
  <testcase name="generateArray[10]" classname="com.thealgorithms.sorts.SortUtilsRandomGeneratorTest" time="0"/>
  <testcase name="generateArray[11]" classname="com.thealgorithms.sorts.SortUtilsRandomGeneratorTest" time="0.001"/>
  <testcase name="generateArray[12]" classname="com.thealgorithms.sorts.SortUtilsRandomGeneratorTest" time="0"/>
  <testcase name="generateArray[13]" classname="com.thealgorithms.sorts.SortUtilsRandomGeneratorTest" time="0"/>
  <testcase name="generateArray[14]" classname="com.thealgorithms.sorts.SortUtilsRandomGeneratorTest" time="0.001"/>
  <testcase name="generateArray[15]" classname="com.thealgorithms.sorts.SortUtilsRandomGeneratorTest" time="0"/>
  <testcase name="generateArray[16]" classname="com.thealgorithms.sorts.SortUtilsRandomGeneratorTest" time="0.001"/>
  <testcase name="generateArray[17]" classname="com.thealgorithms.sorts.SortUtilsRandomGeneratorTest" time="0"/>
  <testcase name="generateArray[18]" classname="com.thealgorithms.sorts.SortUtilsRandomGeneratorTest" time="0"/>
  <testcase name="generateArray[19]" classname="com.thealgorithms.sorts.SortUtilsRandomGeneratorTest" time="0.001"/>
  <testcase name="generateArray[20]" classname="com.thealgorithms.sorts.SortUtilsRandomGeneratorTest" time="0"/>
  <testcase name="generateArray[21]" classname="com.thealgorithms.sorts.SortUtilsRandomGeneratorTest" time="0"/>
  <testcase name="generateArray[22]" classname="com.thealgorithms.sorts.SortUtilsRandomGeneratorTest" time="0.001"/>
  <testcase name="generateArray[23]" classname="com.thealgorithms.sorts.SortUtilsRandomGeneratorTest" time="0"/>
  <testcase name="generateArray[24]" classname="com.thealgorithms.sorts.SortUtilsRandomGeneratorTest" time="0"/>
  <testcase name="generateArray[25]" classname="com.thealgorithms.sorts.SortUtilsRandomGeneratorTest" time="0.001"/>
  <testcase name="generateArray[26]" classname="com.thealgorithms.sorts.SortUtilsRandomGeneratorTest" time="0"/>
  <testcase name="generateArray[27]" classname="com.thealgorithms.sorts.SortUtilsRandomGeneratorTest" time="0"/>
  <testcase name="generateArray[28]" classname="com.thealgorithms.sorts.SortUtilsRandomGeneratorTest" time="0"/>
  <testcase name="generateArray[29]" classname="com.thealgorithms.sorts.SortUtilsRandomGeneratorTest" time="0"/>
  <testcase name="generateArray[30]" classname="com.thealgorithms.sorts.SortUtilsRandomGeneratorTest" time="0"/>
  <testcase name="generateArray[31]" classname="com.thealgorithms.sorts.SortUtilsRandomGeneratorTest" time="0.001"/>
  <testcase name="generateArray[32]" classname="com.thealgorithms.sorts.SortUtilsRandomGeneratorTest" time="0"/>
  <testcase name="generateArray[33]" classname="com.thealgorithms.sorts.SortUtilsRandomGeneratorTest" time="0"/>
  <testcase name="generateArray[34]" classname="com.thealgorithms.sorts.SortUtilsRandomGeneratorTest" time="0"/>
  <testcase name="generateArray[35]" classname="com.thealgorithms.sorts.SortUtilsRandomGeneratorTest" time="0.001"/>
  <testcase name="generateArray[36]" classname="com.thealgorithms.sorts.SortUtilsRandomGeneratorTest" time="0"/>
  <testcase name="generateArray[37]" classname="com.thealgorithms.sorts.SortUtilsRandomGeneratorTest" time="0"/>
  <testcase name="generateArray[38]" classname="com.thealgorithms.sorts.SortUtilsRandomGeneratorTest" time="0.001"/>
  <testcase name="generateArray[39]" classname="com.thealgorithms.sorts.SortUtilsRandomGeneratorTest" time="0"/>
  <testcase name="generateArray[40]" classname="com.thealgorithms.sorts.SortUtilsRandomGeneratorTest" time="0"/>
  <testcase name="generateArray[41]" classname="com.thealgorithms.sorts.SortUtilsRandomGeneratorTest" time="0"/>
  <testcase name="generateArray[42]" classname="com.thealgorithms.sorts.SortUtilsRandomGeneratorTest" time="0.001"/>
  <testcase name="generateArray[43]" classname="com.thealgorithms.sorts.SortUtilsRandomGeneratorTest" time="0"/>
  <testcase name="generateArray[44]" classname="com.thealgorithms.sorts.SortUtilsRandomGeneratorTest" time="0"/>
  <testcase name="generateArray[45]" classname="com.thealgorithms.sorts.SortUtilsRandomGeneratorTest" time="0"/>
  <testcase name="generateArray[46]" classname="com.thealgorithms.sorts.SortUtilsRandomGeneratorTest" time="0"/>
  <testcase name="generateArray[47]" classname="com.thealgorithms.sorts.SortUtilsRandomGeneratorTest" time="0"/>
  <testcase name="generateArray[48]" classname="com.thealgorithms.sorts.SortUtilsRandomGeneratorTest" time="0"/>
  <testcase name="generateArray[49]" classname="com.thealgorithms.sorts.SortUtilsRandomGeneratorTest" time="0"/>
  <testcase name="generateArray[50]" classname="com.thealgorithms.sorts.SortUtilsRandomGeneratorTest" time="0.001"/>
  <testcase name="generateArray[51]" classname="com.thealgorithms.sorts.SortUtilsRandomGeneratorTest" time="0"/>
  <testcase name="generateArray[52]" classname="com.thealgorithms.sorts.SortUtilsRandomGeneratorTest" time="0"/>
  <testcase name="generateArray[53]" classname="com.thealgorithms.sorts.SortUtilsRandomGeneratorTest" time="0.001"/>
  <testcase name="generateArray[54]" classname="com.thealgorithms.sorts.SortUtilsRandomGeneratorTest" time="0"/>
  <testcase name="generateArray[55]" classname="com.thealgorithms.sorts.SortUtilsRandomGeneratorTest" time="0"/>
  <testcase name="generateArray[56]" classname="com.thealgorithms.sorts.SortUtilsRandomGeneratorTest" time="0"/>
  <testcase name="generateArray[57]" classname="com.thealgorithms.sorts.SortUtilsRandomGeneratorTest" time="0"/>
  <testcase name="generateArray[58]" classname="com.thealgorithms.sorts.SortUtilsRandomGeneratorTest" time="0"/>
  <testcase name="generateArray[59]" classname="com.thealgorithms.sorts.SortUtilsRandomGeneratorTest" time="0"/>
  <testcase name="generateArray[60]" classname="com.thealgorithms.sorts.SortUtilsRandomGeneratorTest" time="0"/>
  <testcase name="generateArray[61]" classname="com.thealgorithms.sorts.SortUtilsRandomGeneratorTest" time="0.001"/>
  <testcase name="generateArray[62]" classname="com.thealgorithms.sorts.SortUtilsRandomGeneratorTest" time="0"/>
  <testcase name="generateArray[63]" classname="com.thealgorithms.sorts.SortUtilsRandomGeneratorTest" time="0"/>
  <testcase name="generateArray[64]" classname="com.thealgorithms.sorts.SortUtilsRandomGeneratorTest" time="0"/>
  <testcase name="generateArray[65]" classname="com.thealgorithms.sorts.SortUtilsRandomGeneratorTest" time="0.001"/>
  <testcase name="generateArray[66]" classname="com.thealgorithms.sorts.SortUtilsRandomGeneratorTest" time="0"/>
  <testcase name="generateArray[67]" classname="com.thealgorithms.sorts.SortUtilsRandomGeneratorTest" time="0"/>
  <testcase name="generateArray[68]" classname="com.thealgorithms.sorts.SortUtilsRandomGeneratorTest" time="0"/>
  <testcase name="generateArray[69]" classname="com.thealgorithms.sorts.SortUtilsRandomGeneratorTest" time="0"/>
  <testcase name="generateArray[70]" classname="com.thealgorithms.sorts.SortUtilsRandomGeneratorTest" time="0.001"/>
  <testcase name="generateArray[71]" classname="com.thealgorithms.sorts.SortUtilsRandomGeneratorTest" time="0"/>
  <testcase name="generateArray[72]" classname="com.thealgorithms.sorts.SortUtilsRandomGeneratorTest" time="0"/>
  <testcase name="generateArray[73]" classname="com.thealgorithms.sorts.SortUtilsRandomGeneratorTest" time="0"/>
  <testcase name="generateArray[74]" classname="com.thealgorithms.sorts.SortUtilsRandomGeneratorTest" time="0"/>
  <testcase name="generateArray[75]" classname="com.thealgorithms.sorts.SortUtilsRandomGeneratorTest" time="0.001"/>
  <testcase name="generateArray[76]" classname="com.thealgorithms.sorts.SortUtilsRandomGeneratorTest" time="0"/>
  <testcase name="generateArray[77]" classname="com.thealgorithms.sorts.SortUtilsRandomGeneratorTest" time="0"/>
  <testcase name="generateArray[78]" classname="com.thealgorithms.sorts.SortUtilsRandomGeneratorTest" time="0"/>
  <testcase name="generateArray[79]" classname="com.thealgorithms.sorts.SortUtilsRandomGeneratorTest" time="0.001"/>
  <testcase name="generateArray[80]" classname="com.thealgorithms.sorts.SortUtilsRandomGeneratorTest" time="0"/>
  <testcase name="generateArray[81]" classname="com.thealgorithms.sorts.SortUtilsRandomGeneratorTest" time="0"/>
  <testcase name="generateArray[82]" classname="com.thealgorithms.sorts.SortUtilsRandomGeneratorTest" time="0"/>
  <testcase name="generateArray[83]" classname="com.thealgorithms.sorts.SortUtilsRandomGeneratorTest" time="0"/>
  <testcase name="generateArray[84]" classname="com.thealgorithms.sorts.SortUtilsRandomGeneratorTest" time="0.001"/>
  <testcase name="generateArray[85]" classname="com.thealgorithms.sorts.SortUtilsRandomGeneratorTest" time="0"/>
  <testcase name="generateArray[86]" classname="com.thealgorithms.sorts.SortUtilsRandomGeneratorTest" time="0"/>
  <testcase name="generateArray[87]" classname="com.thealgorithms.sorts.SortUtilsRandomGeneratorTest" time="0"/>
  <testcase name="generateArray[88]" classname="com.thealgorithms.sorts.SortUtilsRandomGeneratorTest" time="0.001"/>
  <testcase name="generateArray[89]" classname="com.thealgorithms.sorts.SortUtilsRandomGeneratorTest" time="0"/>
  <testcase name="generateArray[90]" classname="com.thealgorithms.sorts.SortUtilsRandomGeneratorTest" time="0"/>
  <testcase name="generateArray[91]" classname="com.thealgorithms.sorts.SortUtilsRandomGeneratorTest" time="0"/>
  <testcase name="generateArray[92]" classname="com.thealgorithms.sorts.SortUtilsRandomGeneratorTest" time="0"/>
  <testcase name="generateArray[93]" classname="com.thealgorithms.sorts.SortUtilsRandomGeneratorTest" time="0.001"/>
  <testcase name="generateArray[94]" classname="com.thealgorithms.sorts.SortUtilsRandomGeneratorTest" time="0"/>
  <testcase name="generateArray[95]" classname="com.thealgorithms.sorts.SortUtilsRandomGeneratorTest" time="0"/>
  <testcase name="generateArray[96]" classname="com.thealgorithms.sorts.SortUtilsRandomGeneratorTest" time="0"/>
  <testcase name="generateArray[97]" classname="com.thealgorithms.sorts.SortUtilsRandomGeneratorTest" time="0"/>
  <testcase name="generateArray[98]" classname="com.thealgorithms.sorts.SortUtilsRandomGeneratorTest" time="0.001"/>
  <testcase name="generateArray[99]" classname="com.thealgorithms.sorts.SortUtilsRandomGeneratorTest" time="0"/>
  <testcase name="generateArray[100]" classname="com.thealgorithms.sorts.SortUtilsRandomGeneratorTest" time="0"/>
  <testcase name="generateArray[101]" classname="com.thealgorithms.sorts.SortUtilsRandomGeneratorTest" time="0"/>
  <testcase name="generateArray[102]" classname="com.thealgorithms.sorts.SortUtilsRandomGeneratorTest" time="0"/>
  <testcase name="generateArray[103]" classname="com.thealgorithms.sorts.SortUtilsRandomGeneratorTest" time="0.001"/>
  <testcase name="generateArray[104]" classname="com.thealgorithms.sorts.SortUtilsRandomGeneratorTest" time="0"/>
  <testcase name="generateArray[105]" classname="com.thealgorithms.sorts.SortUtilsRandomGeneratorTest" time="0"/>
  <testcase name="generateArray[106]" classname="com.thealgorithms.sorts.SortUtilsRandomGeneratorTest" time="0"/>
  <testcase name="generateArray[107]" classname="com.thealgorithms.sorts.SortUtilsRandomGeneratorTest" time="0"/>
  <testcase name="generateArray[108]" classname="com.thealgorithms.sorts.SortUtilsRandomGeneratorTest" time="0"/>
  <testcase name="generateArray[109]" classname="com.thealgorithms.sorts.SortUtilsRandomGeneratorTest" time="0.001"/>
  <testcase name="generateArray[110]" classname="com.thealgorithms.sorts.SortUtilsRandomGeneratorTest" time="0"/>
  <testcase name="generateArray[111]" classname="com.thealgorithms.sorts.SortUtilsRandomGeneratorTest" time="0"/>
  <testcase name="generateArray[112]" classname="com.thealgorithms.sorts.SortUtilsRandomGeneratorTest" time="0"/>
  <testcase name="generateArray[113]" classname="com.thealgorithms.sorts.SortUtilsRandomGeneratorTest" time="0"/>
  <testcase name="generateArray[114]" classname="com.thealgorithms.sorts.SortUtilsRandomGeneratorTest" time="0.001"/>
  <testcase name="generateArray[115]" classname="com.thealgorithms.sorts.SortUtilsRandomGeneratorTest" time="0"/>
  <testcase name="generateArray[116]" classname="com.thealgorithms.sorts.SortUtilsRandomGeneratorTest" time="0"/>
  <testcase name="generateArray[117]" classname="com.thealgorithms.sorts.SortUtilsRandomGeneratorTest" time="0"/>
  <testcase name="generateArray[118]" classname="com.thealgorithms.sorts.SortUtilsRandomGeneratorTest" time="0"/>
  <testcase name="generateArray[119]" classname="com.thealgorithms.sorts.SortUtilsRandomGeneratorTest" time="0.001"/>
  <testcase name="generateArray[120]" classname="com.thealgorithms.sorts.SortUtilsRandomGeneratorTest" time="0"/>
  <testcase name="generateArray[121]" classname="com.thealgorithms.sorts.SortUtilsRandomGeneratorTest" time="0"/>
  <testcase name="generateArray[122]" classname="com.thealgorithms.sorts.SortUtilsRandomGeneratorTest" time="0"/>
  <testcase name="generateArray[123]" classname="com.thealgorithms.sorts.SortUtilsRandomGeneratorTest" time="0"/>
  <testcase name="generateArray[124]" classname="com.thealgorithms.sorts.SortUtilsRandomGeneratorTest" time="0.001"/>
  <testcase name="generateArray[125]" classname="com.thealgorithms.sorts.SortUtilsRandomGeneratorTest" time="0"/>
  <testcase name="generateArray[126]" classname="com.thealgorithms.sorts.SortUtilsRandomGeneratorTest" time="0"/>
  <testcase name="generateArray[127]" classname="com.thealgorithms.sorts.SortUtilsRandomGeneratorTest" time="0"/>
  <testcase name="generateArray[128]" classname="com.thealgorithms.sorts.SortUtilsRandomGeneratorTest" time="0.001"/>
  <testcase name="generateArray[129]" classname="com.thealgorithms.sorts.SortUtilsRandomGeneratorTest" time="0"/>
  <testcase name="generateArray[130]" classname="com.thealgorithms.sorts.SortUtilsRandomGeneratorTest" time="0"/>
  <testcase name="generateArray[131]" classname="com.thealgorithms.sorts.SortUtilsRandomGeneratorTest" time="0"/>
  <testcase name="generateArray[132]" classname="com.thealgorithms.sorts.SortUtilsRandomGeneratorTest" time="0"/>
  <testcase name="generateArray[133]" classname="com.thealgorithms.sorts.SortUtilsRandomGeneratorTest" time="0"/>
  <testcase name="generateArray[134]" classname="com.thealgorithms.sorts.SortUtilsRandomGeneratorTest" time="0"/>
  <testcase name="generateArray[135]" classname="com.thealgorithms.sorts.SortUtilsRandomGeneratorTest" time="0"/>
  <testcase name="generateArray[136]" classname="com.thealgorithms.sorts.SortUtilsRandomGeneratorTest" time="0"/>
  <testcase name="generateArray[137]" classname="com.thealgorithms.sorts.SortUtilsRandomGeneratorTest" time="0.001"/>
  <testcase name="generateArray[138]" classname="com.thealgorithms.sorts.SortUtilsRandomGeneratorTest" time="0"/>
  <testcase name="generateArray[139]" classname="com.thealgorithms.sorts.SortUtilsRandomGeneratorTest" time="0"/>
  <testcase name="generateArray[140]" classname="com.thealgorithms.sorts.SortUtilsRandomGeneratorTest" time="0"/>
  <testcase name="generateArray[141]" classname="com.thealgorithms.sorts.SortUtilsRandomGeneratorTest" time="0"/>
  <testcase name="generateArray[142]" classname="com.thealgorithms.sorts.SortUtilsRandomGeneratorTest" time="0.001"/>
  <testcase name="generateArray[143]" classname="com.thealgorithms.sorts.SortUtilsRandomGeneratorTest" time="0"/>
  <testcase name="generateArray[144]" classname="com.thealgorithms.sorts.SortUtilsRandomGeneratorTest" time="0"/>
  <testcase name="generateArray[145]" classname="com.thealgorithms.sorts.SortUtilsRandomGeneratorTest" time="0"/>
  <testcase name="generateArray[146]" classname="com.thealgorithms.sorts.SortUtilsRandomGeneratorTest" time="0"/>
  <testcase name="generateArray[147]" classname="com.thealgorithms.sorts.SortUtilsRandomGeneratorTest" time="0.001"/>
  <testcase name="generateArray[148]" classname="com.thealgorithms.sorts.SortUtilsRandomGeneratorTest" time="0"/>
  <testcase name="generateArray[149]" classname="com.thealgorithms.sorts.SortUtilsRandomGeneratorTest" time="0"/>
  <testcase name="generateArray[150]" classname="com.thealgorithms.sorts.SortUtilsRandomGeneratorTest" time="0"/>
  <testcase name="generateArray[151]" classname="com.thealgorithms.sorts.SortUtilsRandomGeneratorTest" time="0"/>
  <testcase name="generateArray[152]" classname="com.thealgorithms.sorts.SortUtilsRandomGeneratorTest" time="0.001"/>
  <testcase name="generateArray[153]" classname="com.thealgorithms.sorts.SortUtilsRandomGeneratorTest" time="0"/>
  <testcase name="generateArray[154]" classname="com.thealgorithms.sorts.SortUtilsRandomGeneratorTest" time="0"/>
  <testcase name="generateArray[155]" classname="com.thealgorithms.sorts.SortUtilsRandomGeneratorTest" time="0"/>
  <testcase name="generateArray[156]" classname="com.thealgorithms.sorts.SortUtilsRandomGeneratorTest" time="0"/>
  <testcase name="generateArray[157]" classname="com.thealgorithms.sorts.SortUtilsRandomGeneratorTest" time="0.001"/>
  <testcase name="generateArray[158]" classname="com.thealgorithms.sorts.SortUtilsRandomGeneratorTest" time="0"/>
  <testcase name="generateArray[159]" classname="com.thealgorithms.sorts.SortUtilsRandomGeneratorTest" time="0"/>
  <testcase name="generateArray[160]" classname="com.thealgorithms.sorts.SortUtilsRandomGeneratorTest" time="0"/>
  <testcase name="generateArray[161]" classname="com.thealgorithms.sorts.SortUtilsRandomGeneratorTest" time="0"/>
  <testcase name="generateArray[162]" classname="com.thealgorithms.sorts.SortUtilsRandomGeneratorTest" time="0"/>
  <testcase name="generateArray[163]" classname="com.thealgorithms.sorts.SortUtilsRandomGeneratorTest" time="0.001"/>
  <testcase name="generateArray[164]" classname="com.thealgorithms.sorts.SortUtilsRandomGeneratorTest" time="0"/>
  <testcase name="generateArray[165]" classname="com.thealgorithms.sorts.SortUtilsRandomGeneratorTest" time="0"/>
  <testcase name="generateArray[166]" classname="com.thealgorithms.sorts.SortUtilsRandomGeneratorTest" time="0"/>
  <testcase name="generateArray[167]" classname="com.thealgorithms.sorts.SortUtilsRandomGeneratorTest" time="0"/>
  <testcase name="generateArray[168]" classname="com.thealgorithms.sorts.SortUtilsRandomGeneratorTest" time="0"/>
  <testcase name="generateArray[169]" classname="com.thealgorithms.sorts.SortUtilsRandomGeneratorTest" time="0"/>
  <testcase name="generateArray[170]" classname="com.thealgorithms.sorts.SortUtilsRandomGeneratorTest" time="0"/>
  <testcase name="generateArray[171]" classname="com.thealgorithms.sorts.SortUtilsRandomGeneratorTest" time="0.001"/>
  <testcase name="generateArray[172]" classname="com.thealgorithms.sorts.SortUtilsRandomGeneratorTest" time="0"/>
  <testcase name="generateArray[173]" classname="com.thealgorithms.sorts.SortUtilsRandomGeneratorTest" time="0"/>
  <testcase name="generateArray[174]" classname="com.thealgorithms.sorts.SortUtilsRandomGeneratorTest" time="0"/>
  <testcase name="generateArray[175]" classname="com.thealgorithms.sorts.SortUtilsRandomGeneratorTest" time="0"/>
  <testcase name="generateArray[176]" classname="com.thealgorithms.sorts.SortUtilsRandomGeneratorTest" time="0"/>
  <testcase name="generateArray[177]" classname="com.thealgorithms.sorts.SortUtilsRandomGeneratorTest" time="0"/>
  <testcase name="generateArray[178]" classname="com.thealgorithms.sorts.SortUtilsRandomGeneratorTest" time="0.001"/>
  <testcase name="generateArray[179]" classname="com.thealgorithms.sorts.SortUtilsRandomGeneratorTest" time="0"/>
  <testcase name="generateArray[180]" classname="com.thealgorithms.sorts.SortUtilsRandomGeneratorTest" time="0"/>
  <testcase name="generateArray[181]" classname="com.thealgorithms.sorts.SortUtilsRandomGeneratorTest" time="0"/>
  <testcase name="generateArray[182]" classname="com.thealgorithms.sorts.SortUtilsRandomGeneratorTest" time="0"/>
  <testcase name="generateArray[183]" classname="com.thealgorithms.sorts.SortUtilsRandomGeneratorTest" time="0"/>
  <testcase name="generateArray[184]" classname="com.thealgorithms.sorts.SortUtilsRandomGeneratorTest" time="0"/>
  <testcase name="generateArray[185]" classname="com.thealgorithms.sorts.SortUtilsRandomGeneratorTest" time="0"/>
  <testcase name="generateArray[186]" classname="com.thealgorithms.sorts.SortUtilsRandomGeneratorTest" time="0"/>
  <testcase name="generateArray[187]" classname="com.thealgorithms.sorts.SortUtilsRandomGeneratorTest" time="0"/>
  <testcase name="generateArray[188]" classname="com.thealgorithms.sorts.SortUtilsRandomGeneratorTest" time="0"/>
  <testcase name="generateArray[189]" classname="com.thealgorithms.sorts.SortUtilsRandomGeneratorTest" time="0"/>
  <testcase name="generateArray[190]" classname="com.thealgorithms.sorts.SortUtilsRandomGeneratorTest" time="0"/>
  <testcase name="generateArray[191]" classname="com.thealgorithms.sorts.SortUtilsRandomGeneratorTest" time="0"/>
  <testcase name="generateArray[192]" classname="com.thealgorithms.sorts.SortUtilsRandomGeneratorTest" time="0.001"/>
  <testcase name="generateArray[193]" classname="com.thealgorithms.sorts.SortUtilsRandomGeneratorTest" time="0"/>
  <testcase name="generateArray[194]" classname="com.thealgorithms.sorts.SortUtilsRandomGeneratorTest" time="0"/>
  <testcase name="generateArray[195]" classname="com.thealgorithms.sorts.SortUtilsRandomGeneratorTest" time="0"/>
  <testcase name="generateArray[196]" classname="com.thealgorithms.sorts.SortUtilsRandomGeneratorTest" time="0"/>
  <testcase name="generateArray[197]" classname="com.thealgorithms.sorts.SortUtilsRandomGeneratorTest" time="0"/>
  <testcase name="generateArray[198]" classname="com.thealgorithms.sorts.SortUtilsRandomGeneratorTest" time="0"/>
  <testcase name="generateArray[199]" classname="com.thealgorithms.sorts.SortUtilsRandomGeneratorTest" time="0"/>
  <testcase name="generateArray[200]" classname="com.thealgorithms.sorts.SortUtilsRandomGeneratorTest" time="0"/>
  <testcase name="generateArray[201]" classname="com.thealgorithms.sorts.SortUtilsRandomGeneratorTest" time="0"/>
  <testcase name="generateArray[202]" classname="com.thealgorithms.sorts.SortUtilsRandomGeneratorTest" time="0"/>
  <testcase name="generateArray[203]" classname="com.thealgorithms.sorts.SortUtilsRandomGeneratorTest" time="0"/>
  <testcase name="generateArray[204]" classname="com.thealgorithms.sorts.SortUtilsRandomGeneratorTest" time="0"/>
  <testcase name="generateArray[205]" classname="com.thealgorithms.sorts.SortUtilsRandomGeneratorTest" time="0"/>
  <testcase name="generateArray[206]" classname="com.thealgorithms.sorts.SortUtilsRandomGeneratorTest" time="0"/>
  <testcase name="generateArray[207]" classname="com.thealgorithms.sorts.SortUtilsRandomGeneratorTest" time="0.001"/>
  <testcase name="generateArray[208]" classname="com.thealgorithms.sorts.SortUtilsRandomGeneratorTest" time="0"/>
  <testcase name="generateArray[209]" classname="com.thealgorithms.sorts.SortUtilsRandomGeneratorTest" time="0"/>
  <testcase name="generateArray[210]" classname="com.thealgorithms.sorts.SortUtilsRandomGeneratorTest" time="0"/>
  <testcase name="generateArray[211]" classname="com.thealgorithms.sorts.SortUtilsRandomGeneratorTest" time="0"/>
  <testcase name="generateArray[212]" classname="com.thealgorithms.sorts.SortUtilsRandomGeneratorTest" time="0"/>
  <testcase name="generateArray[213]" classname="com.thealgorithms.sorts.SortUtilsRandomGeneratorTest" time="0"/>
  <testcase name="generateArray[214]" classname="com.thealgorithms.sorts.SortUtilsRandomGeneratorTest" time="0.001"/>
  <testcase name="generateArray[215]" classname="com.thealgorithms.sorts.SortUtilsRandomGeneratorTest" time="0"/>
  <testcase name="generateArray[216]" classname="com.thealgorithms.sorts.SortUtilsRandomGeneratorTest" time="0"/>
  <testcase name="generateArray[217]" classname="com.thealgorithms.sorts.SortUtilsRandomGeneratorTest" time="0"/>
  <testcase name="generateArray[218]" classname="com.thealgorithms.sorts.SortUtilsRandomGeneratorTest" time="0"/>
  <testcase name="generateArray[219]" classname="com.thealgorithms.sorts.SortUtilsRandomGeneratorTest" time="0"/>
  <testcase name="generateArray[220]" classname="com.thealgorithms.sorts.SortUtilsRandomGeneratorTest" time="0"/>
  <testcase name="generateArray[221]" classname="com.thealgorithms.sorts.SortUtilsRandomGeneratorTest" time="0"/>
  <testcase name="generateArray[222]" classname="com.thealgorithms.sorts.SortUtilsRandomGeneratorTest" time="0"/>
  <testcase name="generateArray[223]" classname="com.thealgorithms.sorts.SortUtilsRandomGeneratorTest" time="0"/>
  <testcase name="generateArray[224]" classname="com.thealgorithms.sorts.SortUtilsRandomGeneratorTest" time="0"/>
  <testcase name="generateArray[225]" classname="com.thealgorithms.sorts.SortUtilsRandomGeneratorTest" time="0"/>
  <testcase name="generateArray[226]" classname="com.thealgorithms.sorts.SortUtilsRandomGeneratorTest" time="0"/>
  <testcase name="generateArray[227]" classname="com.thealgorithms.sorts.SortUtilsRandomGeneratorTest" time="0"/>
  <testcase name="generateArray[228]" classname="com.thealgorithms.sorts.SortUtilsRandomGeneratorTest" time="0"/>
  <testcase name="generateArray[229]" classname="com.thealgorithms.sorts.SortUtilsRandomGeneratorTest" time="0.001"/>
  <testcase name="generateArray[230]" classname="com.thealgorithms.sorts.SortUtilsRandomGeneratorTest" time="0"/>
  <testcase name="generateArray[231]" classname="com.thealgorithms.sorts.SortUtilsRandomGeneratorTest" time="0"/>
  <testcase name="generateArray[232]" classname="com.thealgorithms.sorts.SortUtilsRandomGeneratorTest" time="0"/>
  <testcase name="generateArray[233]" classname="com.thealgorithms.sorts.SortUtilsRandomGeneratorTest" time="0"/>
  <testcase name="generateArray[234]" classname="com.thealgorithms.sorts.SortUtilsRandomGeneratorTest" time="0"/>
  <testcase name="generateArray[235]" classname="com.thealgorithms.sorts.SortUtilsRandomGeneratorTest" time="0"/>
  <testcase name="generateArray[236]" classname="com.thealgorithms.sorts.SortUtilsRandomGeneratorTest" time="0"/>
  <testcase name="generateArray[237]" classname="com.thealgorithms.sorts.SortUtilsRandomGeneratorTest" time="0.001"/>
  <testcase name="generateArray[238]" classname="com.thealgorithms.sorts.SortUtilsRandomGeneratorTest" time="0"/>
  <testcase name="generateArray[239]" classname="com.thealgorithms.sorts.SortUtilsRandomGeneratorTest" time="0"/>
  <testcase name="generateArray[240]" classname="com.thealgorithms.sorts.SortUtilsRandomGeneratorTest" time="0"/>
  <testcase name="generateArray[241]" classname="com.thealgorithms.sorts.SortUtilsRandomGeneratorTest" time="0"/>
  <testcase name="generateArray[242]" classname="com.thealgorithms.sorts.SortUtilsRandomGeneratorTest" time="0"/>
  <testcase name="generateArray[243]" classname="com.thealgorithms.sorts.SortUtilsRandomGeneratorTest" time="0"/>
  <testcase name="generateArray[244]" classname="com.thealgorithms.sorts.SortUtilsRandomGeneratorTest" time="0"/>
  <testcase name="generateArray[245]" classname="com.thealgorithms.sorts.SortUtilsRandomGeneratorTest" time="0"/>
  <testcase name="generateArray[246]" classname="com.thealgorithms.sorts.SortUtilsRandomGeneratorTest" time="0"/>
  <testcase name="generateArray[247]" classname="com.thealgorithms.sorts.SortUtilsRandomGeneratorTest" time="0"/>
  <testcase name="generateArray[248]" classname="com.thealgorithms.sorts.SortUtilsRandomGeneratorTest" time="0"/>
  <testcase name="generateArray[249]" classname="com.thealgorithms.sorts.SortUtilsRandomGeneratorTest" time="0"/>
  <testcase name="generateArray[250]" classname="com.thealgorithms.sorts.SortUtilsRandomGeneratorTest" time="0"/>
  <testcase name="generateArray[251]" classname="com.thealgorithms.sorts.SortUtilsRandomGeneratorTest" time="0"/>
  <testcase name="generateArray[252]" classname="com.thealgorithms.sorts.SortUtilsRandomGeneratorTest" time="0.001"/>
  <testcase name="generateArray[253]" classname="com.thealgorithms.sorts.SortUtilsRandomGeneratorTest" time="0"/>
  <testcase name="generateArray[254]" classname="com.thealgorithms.sorts.SortUtilsRandomGeneratorTest" time="0"/>
  <testcase name="generateArray[255]" classname="com.thealgorithms.sorts.SortUtilsRandomGeneratorTest" time="0"/>
  <testcase name="generateArray[256]" classname="com.thealgorithms.sorts.SortUtilsRandomGeneratorTest" time="0"/>
  <testcase name="generateArray[257]" classname="com.thealgorithms.sorts.SortUtilsRandomGeneratorTest" time="0"/>
  <testcase name="generateArray[258]" classname="com.thealgorithms.sorts.SortUtilsRandomGeneratorTest" time="0"/>
  <testcase name="generateArray[259]" classname="com.thealgorithms.sorts.SortUtilsRandomGeneratorTest" time="0"/>
  <testcase name="generateArray[260]" classname="com.thealgorithms.sorts.SortUtilsRandomGeneratorTest" time="0"/>
  <testcase name="generateArray[261]" classname="com.thealgorithms.sorts.SortUtilsRandomGeneratorTest" time="0"/>
  <testcase name="generateArray[262]" classname="com.thealgorithms.sorts.SortUtilsRandomGeneratorTest" time="0"/>
  <testcase name="generateArray[263]" classname="com.thealgorithms.sorts.SortUtilsRandomGeneratorTest" time="0"/>
  <testcase name="generateArray[264]" classname="com.thealgorithms.sorts.SortUtilsRandomGeneratorTest" time="0"/>
  <testcase name="generateArray[265]" classname="com.thealgorithms.sorts.SortUtilsRandomGeneratorTest" time="0"/>
  <testcase name="generateArray[266]" classname="com.thealgorithms.sorts.SortUtilsRandomGeneratorTest" time="0"/>
  <testcase name="generateArray[267]" classname="com.thealgorithms.sorts.SortUtilsRandomGeneratorTest" time="0.001"/>
  <testcase name="generateArray[268]" classname="com.thealgorithms.sorts.SortUtilsRandomGeneratorTest" time="0"/>
  <testcase name="generateArray[269]" classname="com.thealgorithms.sorts.SortUtilsRandomGeneratorTest" time="0"/>
  <testcase name="generateArray[270]" classname="com.thealgorithms.sorts.SortUtilsRandomGeneratorTest" time="0"/>
  <testcase name="generateArray[271]" classname="com.thealgorithms.sorts.SortUtilsRandomGeneratorTest" time="0"/>
  <testcase name="generateArray[272]" classname="com.thealgorithms.sorts.SortUtilsRandomGeneratorTest" time="0"/>
  <testcase name="generateArray[273]" classname="com.thealgorithms.sorts.SortUtilsRandomGeneratorTest" time="0"/>
  <testcase name="generateArray[274]" classname="com.thealgorithms.sorts.SortUtilsRandomGeneratorTest" time="0"/>
  <testcase name="generateArray[275]" classname="com.thealgorithms.sorts.SortUtilsRandomGeneratorTest" time="0"/>
  <testcase name="generateArray[276]" classname="com.thealgorithms.sorts.SortUtilsRandomGeneratorTest" time="0"/>
  <testcase name="generateArray[277]" classname="com.thealgorithms.sorts.SortUtilsRandomGeneratorTest" time="0"/>
  <testcase name="generateArray[278]" classname="com.thealgorithms.sorts.SortUtilsRandomGeneratorTest" time="0"/>
  <testcase name="generateArray[279]" classname="com.thealgorithms.sorts.SortUtilsRandomGeneratorTest" time="0"/>
  <testcase name="generateArray[280]" classname="com.thealgorithms.sorts.SortUtilsRandomGeneratorTest" time="0"/>
  <testcase name="generateArray[281]" classname="com.thealgorithms.sorts.SortUtilsRandomGeneratorTest" time="0.001"/>
  <testcase name="generateArray[282]" classname="com.thealgorithms.sorts.SortUtilsRandomGeneratorTest" time="0"/>
  <testcase name="generateArray[283]" classname="com.thealgorithms.sorts.SortUtilsRandomGeneratorTest" time="0"/>
  <testcase name="generateArray[284]" classname="com.thealgorithms.sorts.SortUtilsRandomGeneratorTest" time="0"/>
  <testcase name="generateArray[285]" classname="com.thealgorithms.sorts.SortUtilsRandomGeneratorTest" time="0"/>
  <testcase name="generateArray[286]" classname="com.thealgorithms.sorts.SortUtilsRandomGeneratorTest" time="0"/>
  <testcase name="generateArray[287]" classname="com.thealgorithms.sorts.SortUtilsRandomGeneratorTest" time="0"/>
  <testcase name="generateArray[288]" classname="com.thealgorithms.sorts.SortUtilsRandomGeneratorTest" time="0"/>
  <testcase name="generateArray[289]" classname="com.thealgorithms.sorts.SortUtilsRandomGeneratorTest" time="0.001"/>
  <testcase name="generateArray[290]" classname="com.thealgorithms.sorts.SortUtilsRandomGeneratorTest" time="0"/>
  <testcase name="generateArray[291]" classname="com.thealgorithms.sorts.SortUtilsRandomGeneratorTest" time="0"/>
  <testcase name="generateArray[292]" classname="com.thealgorithms.sorts.SortUtilsRandomGeneratorTest" time="0"/>
  <testcase name="generateArray[293]" classname="com.thealgorithms.sorts.SortUtilsRandomGeneratorTest" time="0"/>
  <testcase name="generateArray[294]" classname="com.thealgorithms.sorts.SortUtilsRandomGeneratorTest" time="0"/>
  <testcase name="generateArray[295]" classname="com.thealgorithms.sorts.SortUtilsRandomGeneratorTest" time="0"/>
  <testcase name="generateArray[296]" classname="com.thealgorithms.sorts.SortUtilsRandomGeneratorTest" time="0"/>
  <testcase name="generateArray[297]" classname="com.thealgorithms.sorts.SortUtilsRandomGeneratorTest" time="0"/>
  <testcase name="generateArray[298]" classname="com.thealgorithms.sorts.SortUtilsRandomGeneratorTest" time="0"/>
  <testcase name="generateArray[299]" classname="com.thealgorithms.sorts.SortUtilsRandomGeneratorTest" time="0"/>
  <testcase name="generateArray[300]" classname="com.thealgorithms.sorts.SortUtilsRandomGeneratorTest" time="0"/>
  <testcase name="generateArray[301]" classname="com.thealgorithms.sorts.SortUtilsRandomGeneratorTest" time="0"/>
  <testcase name="generateArray[302]" classname="com.thealgorithms.sorts.SortUtilsRandomGeneratorTest" time="0"/>
  <testcase name="generateArray[303]" classname="com.thealgorithms.sorts.SortUtilsRandomGeneratorTest" time="0.001"/>
  <testcase name="generateArray[304]" classname="com.thealgorithms.sorts.SortUtilsRandomGeneratorTest" time="0"/>
  <testcase name="generateArray[305]" classname="com.thealgorithms.sorts.SortUtilsRandomGeneratorTest" time="0"/>
  <testcase name="generateArray[306]" classname="com.thealgorithms.sorts.SortUtilsRandomGeneratorTest" time="0"/>
  <testcase name="generateArray[307]" classname="com.thealgorithms.sorts.SortUtilsRandomGeneratorTest" time="0"/>
  <testcase name="generateArray[308]" classname="com.thealgorithms.sorts.SortUtilsRandomGeneratorTest" time="0.001"/>
  <testcase name="generateArray[309]" classname="com.thealgorithms.sorts.SortUtilsRandomGeneratorTest" time="0"/>
  <testcase name="generateArray[310]" classname="com.thealgorithms.sorts.SortUtilsRandomGeneratorTest" time="0"/>
  <testcase name="generateArray[311]" classname="com.thealgorithms.sorts.SortUtilsRandomGeneratorTest" time="0"/>
  <testcase name="generateArray[312]" classname="com.thealgorithms.sorts.SortUtilsRandomGeneratorTest" time="0"/>
  <testcase name="generateArray[313]" classname="com.thealgorithms.sorts.SortUtilsRandomGeneratorTest" time="0"/>
  <testcase name="generateArray[314]" classname="com.thealgorithms.sorts.SortUtilsRandomGeneratorTest" time="0"/>
  <testcase name="generateArray[315]" classname="com.thealgorithms.sorts.SortUtilsRandomGeneratorTest" time="0"/>
  <testcase name="generateArray[316]" classname="com.thealgorithms.sorts.SortUtilsRandomGeneratorTest" time="0"/>
  <testcase name="generateArray[317]" classname="com.thealgorithms.sorts.SortUtilsRandomGeneratorTest" time="0"/>
  <testcase name="generateArray[318]" classname="com.thealgorithms.sorts.SortUtilsRandomGeneratorTest" time="0"/>
  <testcase name="generateArray[319]" classname="com.thealgorithms.sorts.SortUtilsRandomGeneratorTest" time="0"/>
  <testcase name="generateArray[320]" classname="com.thealgorithms.sorts.SortUtilsRandomGeneratorTest" time="0"/>
  <testcase name="generateArray[321]" classname="com.thealgorithms.sorts.SortUtilsRandomGeneratorTest" time="0"/>
  <testcase name="generateArray[322]" classname="com.thealgorithms.sorts.SortUtilsRandomGeneratorTest" time="0.001"/>
  <testcase name="generateArray[323]" classname="com.thealgorithms.sorts.SortUtilsRandomGeneratorTest" time="0"/>
  <testcase name="generateArray[324]" classname="com.thealgorithms.sorts.SortUtilsRandomGeneratorTest" time="0"/>
  <testcase name="generateArray[325]" classname="com.thealgorithms.sorts.SortUtilsRandomGeneratorTest" time="0"/>
  <testcase name="generateArray[326]" classname="com.thealgorithms.sorts.SortUtilsRandomGeneratorTest" time="0"/>
  <testcase name="generateArray[327]" classname="com.thealgorithms.sorts.SortUtilsRandomGeneratorTest" time="0"/>
  <testcase name="generateArray[328]" classname="com.thealgorithms.sorts.SortUtilsRandomGeneratorTest" time="0"/>
  <testcase name="generateArray[329]" classname="com.thealgorithms.sorts.SortUtilsRandomGeneratorTest" time="0.001"/>
  <testcase name="generateArray[330]" classname="com.thealgorithms.sorts.SortUtilsRandomGeneratorTest" time="0"/>
  <testcase name="generateArray[331]" classname="com.thealgorithms.sorts.SortUtilsRandomGeneratorTest" time="0"/>
  <testcase name="generateArray[332]" classname="com.thealgorithms.sorts.SortUtilsRandomGeneratorTest" time="0"/>
  <testcase name="generateArray[333]" classname="com.thealgorithms.sorts.SortUtilsRandomGeneratorTest" time="0"/>
  <testcase name="generateArray[334]" classname="com.thealgorithms.sorts.SortUtilsRandomGeneratorTest" time="0"/>
  <testcase name="generateArray[335]" classname="com.thealgorithms.sorts.SortUtilsRandomGeneratorTest" time="0"/>
  <testcase name="generateArray[336]" classname="com.thealgorithms.sorts.SortUtilsRandomGeneratorTest" time="0"/>
  <testcase name="generateArray[337]" classname="com.thealgorithms.sorts.SortUtilsRandomGeneratorTest" time="0"/>
  <testcase name="generateArray[338]" classname="com.thealgorithms.sorts.SortUtilsRandomGeneratorTest" time="0"/>
  <testcase name="generateArray[339]" classname="com.thealgorithms.sorts.SortUtilsRandomGeneratorTest" time="0"/>
  <testcase name="generateArray[340]" classname="com.thealgorithms.sorts.SortUtilsRandomGeneratorTest" time="0"/>
  <testcase name="generateArray[341]" classname="com.thealgorithms.sorts.SortUtilsRandomGeneratorTest" time="0"/>
  <testcase name="generateArray[342]" classname="com.thealgorithms.sorts.SortUtilsRandomGeneratorTest" time="0"/>
  <testcase name="generateArray[343]" classname="com.thealgorithms.sorts.SortUtilsRandomGeneratorTest" time="0"/>
  <testcase name="generateArray[344]" classname="com.thealgorithms.sorts.SortUtilsRandomGeneratorTest" time="0"/>
  <testcase name="generateArray[345]" classname="com.thealgorithms.sorts.SortUtilsRandomGeneratorTest" time="0"/>
  <testcase name="generateArray[346]" classname="com.thealgorithms.sorts.SortUtilsRandomGeneratorTest" time="0"/>
  <testcase name="generateArray[347]" classname="com.thealgorithms.sorts.SortUtilsRandomGeneratorTest" time="0"/>
  <testcase name="generateArray[348]" classname="com.thealgorithms.sorts.SortUtilsRandomGeneratorTest" time="0.001"/>
  <testcase name="generateArray[349]" classname="com.thealgorithms.sorts.SortUtilsRandomGeneratorTest" time="0"/>
  <testcase name="generateArray[350]" classname="com.thealgorithms.sorts.SortUtilsRandomGeneratorTest" time="0"/>
  <testcase name="generateArray[351]" classname="com.thealgorithms.sorts.SortUtilsRandomGeneratorTest" time="0"/>
  <testcase name="generateArray[352]" classname="com.thealgorithms.sorts.SortUtilsRandomGeneratorTest" time="0"/>
  <testcase name="generateArray[353]" classname="com.thealgorithms.sorts.SortUtilsRandomGeneratorTest" time="0"/>
  <testcase name="generateArray[354]" classname="com.thealgorithms.sorts.SortUtilsRandomGeneratorTest" time="0"/>
  <testcase name="generateArray[355]" classname="com.thealgorithms.sorts.SortUtilsRandomGeneratorTest" time="0"/>
  <testcase name="generateArray[356]" classname="com.thealgorithms.sorts.SortUtilsRandomGeneratorTest" time="0.001"/>
  <testcase name="generateArray[357]" classname="com.thealgorithms.sorts.SortUtilsRandomGeneratorTest" time="0"/>
  <testcase name="generateArray[358]" classname="com.thealgorithms.sorts.SortUtilsRandomGeneratorTest" time="0"/>
  <testcase name="generateArray[359]" classname="com.thealgorithms.sorts.SortUtilsRandomGeneratorTest" time="0"/>
  <testcase name="generateArray[360]" classname="com.thealgorithms.sorts.SortUtilsRandomGeneratorTest" time="0"/>
  <testcase name="generateArray[361]" classname="com.thealgorithms.sorts.SortUtilsRandomGeneratorTest" time="0"/>
  <testcase name="generateArray[362]" classname="com.thealgorithms.sorts.SortUtilsRandomGeneratorTest" time="0"/>
  <testcase name="generateArray[363]" classname="com.thealgorithms.sorts.SortUtilsRandomGeneratorTest" time="0"/>
  <testcase name="generateArray[364]" classname="com.thealgorithms.sorts.SortUtilsRandomGeneratorTest" time="0.001"/>
  <testcase name="generateArray[365]" classname="com.thealgorithms.sorts.SortUtilsRandomGeneratorTest" time="0"/>
  <testcase name="generateArray[366]" classname="com.thealgorithms.sorts.SortUtilsRandomGeneratorTest" time="0"/>
  <testcase name="generateArray[367]" classname="com.thealgorithms.sorts.SortUtilsRandomGeneratorTest" time="0"/>
  <testcase name="generateArray[368]" classname="com.thealgorithms.sorts.SortUtilsRandomGeneratorTest" time="0"/>
  <testcase name="generateArray[369]" classname="com.thealgorithms.sorts.SortUtilsRandomGeneratorTest" time="0"/>
  <testcase name="generateArray[370]" classname="com.thealgorithms.sorts.SortUtilsRandomGeneratorTest" time="0"/>
  <testcase name="generateArray[371]" classname="com.thealgorithms.sorts.SortUtilsRandomGeneratorTest" time="0"/>
  <testcase name="generateArray[372]" classname="com.thealgorithms.sorts.SortUtilsRandomGeneratorTest" time="0"/>
  <testcase name="generateArray[373]" classname="com.thealgorithms.sorts.SortUtilsRandomGeneratorTest" time="0"/>
  <testcase name="generateArray[374]" classname="com.thealgorithms.sorts.SortUtilsRandomGeneratorTest" time="0"/>
  <testcase name="generateArray[375]" classname="com.thealgorithms.sorts.SortUtilsRandomGeneratorTest" time="0"/>
  <testcase name="generateArray[376]" classname="com.thealgorithms.sorts.SortUtilsRandomGeneratorTest" time="0"/>
  <testcase name="generateArray[377]" classname="com.thealgorithms.sorts.SortUtilsRandomGeneratorTest" time="0"/>
  <testcase name="generateArray[378]" classname="com.thealgorithms.sorts.SortUtilsRandomGeneratorTest" time="0.001"/>
  <testcase name="generateArray[379]" classname="com.thealgorithms.sorts.SortUtilsRandomGeneratorTest" time="0"/>
  <testcase name="generateArray[380]" classname="com.thealgorithms.sorts.SortUtilsRandomGeneratorTest" time="0"/>
  <testcase name="generateArray[381]" classname="com.thealgorithms.sorts.SortUtilsRandomGeneratorTest" time="0"/>
  <testcase name="generateArray[382]" classname="com.thealgorithms.sorts.SortUtilsRandomGeneratorTest" time="0"/>
  <testcase name="generateArray[383]" classname="com.thealgorithms.sorts.SortUtilsRandomGeneratorTest" time="0"/>
  <testcase name="generateArray[384]" classname="com.thealgorithms.sorts.SortUtilsRandomGeneratorTest" time="0"/>
  <testcase name="generateArray[385]" classname="com.thealgorithms.sorts.SortUtilsRandomGeneratorTest" time="0"/>
  <testcase name="generateArray[386]" classname="com.thealgorithms.sorts.SortUtilsRandomGeneratorTest" time="0.001"/>
  <testcase name="generateArray[387]" classname="com.thealgorithms.sorts.SortUtilsRandomGeneratorTest" time="0"/>
  <testcase name="generateArray[388]" classname="com.thealgorithms.sorts.SortUtilsRandomGeneratorTest" time="0"/>
  <testcase name="generateArray[389]" classname="com.thealgorithms.sorts.SortUtilsRandomGeneratorTest" time="0"/>
  <testcase name="generateArray[390]" classname="com.thealgorithms.sorts.SortUtilsRandomGeneratorTest" time="0"/>
  <testcase name="generateArray[391]" classname="com.thealgorithms.sorts.SortUtilsRandomGeneratorTest" time="0"/>
  <testcase name="generateArray[392]" classname="com.thealgorithms.sorts.SortUtilsRandomGeneratorTest" time="0"/>
  <testcase name="generateArray[393]" classname="com.thealgorithms.sorts.SortUtilsRandomGeneratorTest" time="0"/>
  <testcase name="generateArray[394]" classname="com.thealgorithms.sorts.SortUtilsRandomGeneratorTest" time="0"/>
  <testcase name="generateArray[395]" classname="com.thealgorithms.sorts.SortUtilsRandomGeneratorTest" time="0"/>
  <testcase name="generateArray[396]" classname="com.thealgorithms.sorts.SortUtilsRandomGeneratorTest" time="0"/>
  <testcase name="generateArray[397]" classname="com.thealgorithms.sorts.SortUtilsRandomGeneratorTest" time="0"/>
  <testcase name="generateArray[398]" classname="com.thealgorithms.sorts.SortUtilsRandomGeneratorTest" time="0"/>
  <testcase name="generateArray[399]" classname="com.thealgorithms.sorts.SortUtilsRandomGeneratorTest" time="0"/>
  <testcase name="generateArray[400]" classname="com.thealgorithms.sorts.SortUtilsRandomGeneratorTest" time="0"/>
  <testcase name="generateArray[401]" classname="com.thealgorithms.sorts.SortUtilsRandomGeneratorTest" time="0"/>
  <testcase name="generateArray[402]" classname="com.thealgorithms.sorts.SortUtilsRandomGeneratorTest" time="0"/>
  <testcase name="generateArray[403]" classname="com.thealgorithms.sorts.SortUtilsRandomGeneratorTest" time="0"/>
  <testcase name="generateArray[404]" classname="com.thealgorithms.sorts.SortUtilsRandomGeneratorTest" time="0"/>
  <testcase name="generateArray[405]" classname="com.thealgorithms.sorts.SortUtilsRandomGeneratorTest" time="0"/>
  <testcase name="generateArray[406]" classname="com.thealgorithms.sorts.SortUtilsRandomGeneratorTest" time="0"/>
  <testcase name="generateArray[407]" classname="com.thealgorithms.sorts.SortUtilsRandomGeneratorTest" time="0"/>
  <testcase name="generateArray[408]" classname="com.thealgorithms.sorts.SortUtilsRandomGeneratorTest" time="0.001"/>
  <testcase name="generateArray[409]" classname="com.thealgorithms.sorts.SortUtilsRandomGeneratorTest" time="0"/>
  <testcase name="generateArray[410]" classname="com.thealgorithms.sorts.SortUtilsRandomGeneratorTest" time="0"/>
  <testcase name="generateArray[411]" classname="com.thealgorithms.sorts.SortUtilsRandomGeneratorTest" time="0"/>
  <testcase name="generateArray[412]" classname="com.thealgorithms.sorts.SortUtilsRandomGeneratorTest" time="0"/>
  <testcase name="generateArray[413]" classname="com.thealgorithms.sorts.SortUtilsRandomGeneratorTest" time="0"/>
  <testcase name="generateArray[414]" classname="com.thealgorithms.sorts.SortUtilsRandomGeneratorTest" time="0"/>
  <testcase name="generateArray[415]" classname="com.thealgorithms.sorts.SortUtilsRandomGeneratorTest" time="0"/>
  <testcase name="generateArray[416]" classname="com.thealgorithms.sorts.SortUtilsRandomGeneratorTest" time="0"/>
  <testcase name="generateArray[417]" classname="com.thealgorithms.sorts.SortUtilsRandomGeneratorTest" time="0"/>
  <testcase name="generateArray[418]" classname="com.thealgorithms.sorts.SortUtilsRandomGeneratorTest" time="0"/>
  <testcase name="generateArray[419]" classname="com.thealgorithms.sorts.SortUtilsRandomGeneratorTest" time="0"/>
  <testcase name="generateArray[420]" classname="com.thealgorithms.sorts.SortUtilsRandomGeneratorTest" time="0"/>
  <testcase name="generateArray[421]" classname="com.thealgorithms.sorts.SortUtilsRandomGeneratorTest" time="0"/>
  <testcase name="generateArray[422]" classname="com.thealgorithms.sorts.SortUtilsRandomGeneratorTest" time="0"/>
  <testcase name="generateArray[423]" classname="com.thealgorithms.sorts.SortUtilsRandomGeneratorTest" time="0.001"/>
  <testcase name="generateArray[424]" classname="com.thealgorithms.sorts.SortUtilsRandomGeneratorTest" time="0"/>
  <testcase name="generateArray[425]" classname="com.thealgorithms.sorts.SortUtilsRandomGeneratorTest" time="0"/>
  <testcase name="generateArray[426]" classname="com.thealgorithms.sorts.SortUtilsRandomGeneratorTest" time="0"/>
  <testcase name="generateArray[427]" classname="com.thealgorithms.sorts.SortUtilsRandomGeneratorTest" time="0"/>
  <testcase name="generateArray[428]" classname="com.thealgorithms.sorts.SortUtilsRandomGeneratorTest" time="0"/>
  <testcase name="generateArray[429]" classname="com.thealgorithms.sorts.SortUtilsRandomGeneratorTest" time="0"/>
  <testcase name="generateArray[430]" classname="com.thealgorithms.sorts.SortUtilsRandomGeneratorTest" time="0"/>
  <testcase name="generateArray[431]" classname="com.thealgorithms.sorts.SortUtilsRandomGeneratorTest" time="0.001"/>
  <testcase name="generateArray[432]" classname="com.thealgorithms.sorts.SortUtilsRandomGeneratorTest" time="0"/>
  <testcase name="generateArray[433]" classname="com.thealgorithms.sorts.SortUtilsRandomGeneratorTest" time="0"/>
  <testcase name="generateArray[434]" classname="com.thealgorithms.sorts.SortUtilsRandomGeneratorTest" time="0"/>
  <testcase name="generateArray[435]" classname="com.thealgorithms.sorts.SortUtilsRandomGeneratorTest" time="0"/>
  <testcase name="generateArray[436]" classname="com.thealgorithms.sorts.SortUtilsRandomGeneratorTest" time="0"/>
  <testcase name="generateArray[437]" classname="com.thealgorithms.sorts.SortUtilsRandomGeneratorTest" time="0"/>
  <testcase name="generateArray[438]" classname="com.thealgorithms.sorts.SortUtilsRandomGeneratorTest" time="0.001"/>
  <testcase name="generateArray[439]" classname="com.thealgorithms.sorts.SortUtilsRandomGeneratorTest" time="0"/>
  <testcase name="generateArray[440]" classname="com.thealgorithms.sorts.SortUtilsRandomGeneratorTest" time="0"/>
  <testcase name="generateArray[441]" classname="com.thealgorithms.sorts.SortUtilsRandomGeneratorTest" time="0"/>
  <testcase name="generateArray[442]" classname="com.thealgorithms.sorts.SortUtilsRandomGeneratorTest" time="0"/>
  <testcase name="generateArray[443]" classname="com.thealgorithms.sorts.SortUtilsRandomGeneratorTest" time="0"/>
  <testcase name="generateArray[444]" classname="com.thealgorithms.sorts.SortUtilsRandomGeneratorTest" time="0"/>
  <testcase name="generateArray[445]" classname="com.thealgorithms.sorts.SortUtilsRandomGeneratorTest" time="0"/>
  <testcase name="generateArray[446]" classname="com.thealgorithms.sorts.SortUtilsRandomGeneratorTest" time="0"/>
  <testcase name="generateArray[447]" classname="com.thealgorithms.sorts.SortUtilsRandomGeneratorTest" time="0"/>
  <testcase name="generateArray[448]" classname="com.thealgorithms.sorts.SortUtilsRandomGeneratorTest" time="0"/>
  <testcase name="generateArray[449]" classname="com.thealgorithms.sorts.SortUtilsRandomGeneratorTest" time="0"/>
  <testcase name="generateArray[450]" classname="com.thealgorithms.sorts.SortUtilsRandomGeneratorTest" time="0"/>
  <testcase name="generateArray[451]" classname="com.thealgorithms.sorts.SortUtilsRandomGeneratorTest" time="0"/>
  <testcase name="generateArray[452]" classname="com.thealgorithms.sorts.SortUtilsRandomGeneratorTest" time="0"/>
  <testcase name="generateArray[453]" classname="com.thealgorithms.sorts.SortUtilsRandomGeneratorTest" time="0.001"/>
  <testcase name="generateArray[454]" classname="com.thealgorithms.sorts.SortUtilsRandomGeneratorTest" time="0"/>
  <testcase name="generateArray[455]" classname="com.thealgorithms.sorts.SortUtilsRandomGeneratorTest" time="0"/>
  <testcase name="generateArray[456]" classname="com.thealgorithms.sorts.SortUtilsRandomGeneratorTest" time="0"/>
  <testcase name="generateArray[457]" classname="com.thealgorithms.sorts.SortUtilsRandomGeneratorTest" time="0"/>
  <testcase name="generateArray[458]" classname="com.thealgorithms.sorts.SortUtilsRandomGeneratorTest" time="0"/>
  <testcase name="generateArray[459]" classname="com.thealgorithms.sorts.SortUtilsRandomGeneratorTest" time="0.001"/>
  <testcase name="generateArray[460]" classname="com.thealgorithms.sorts.SortUtilsRandomGeneratorTest" time="0"/>
  <testcase name="generateArray[461]" classname="com.thealgorithms.sorts.SortUtilsRandomGeneratorTest" time="0"/>
  <testcase name="generateArray[462]" classname="com.thealgorithms.sorts.SortUtilsRandomGeneratorTest" time="0"/>
  <testcase name="generateArray[463]" classname="com.thealgorithms.sorts.SortUtilsRandomGeneratorTest" time="0"/>
  <testcase name="generateArray[464]" classname="com.thealgorithms.sorts.SortUtilsRandomGeneratorTest" time="0"/>
  <testcase name="generateArray[465]" classname="com.thealgorithms.sorts.SortUtilsRandomGeneratorTest" time="0"/>
  <testcase name="generateArray[466]" classname="com.thealgorithms.sorts.SortUtilsRandomGeneratorTest" time="0"/>
  <testcase name="generateArray[467]" classname="com.thealgorithms.sorts.SortUtilsRandomGeneratorTest" time="0.001"/>
  <testcase name="generateArray[468]" classname="com.thealgorithms.sorts.SortUtilsRandomGeneratorTest" time="0"/>
  <testcase name="generateArray[469]" classname="com.thealgorithms.sorts.SortUtilsRandomGeneratorTest" time="0"/>
  <testcase name="generateArray[470]" classname="com.thealgorithms.sorts.SortUtilsRandomGeneratorTest" time="0"/>
  <testcase name="generateArray[471]" classname="com.thealgorithms.sorts.SortUtilsRandomGeneratorTest" time="0"/>
  <testcase name="generateArray[472]" classname="com.thealgorithms.sorts.SortUtilsRandomGeneratorTest" time="0"/>
  <testcase name="generateArray[473]" classname="com.thealgorithms.sorts.SortUtilsRandomGeneratorTest" time="0"/>
  <testcase name="generateArray[474]" classname="com.thealgorithms.sorts.SortUtilsRandomGeneratorTest" time="0.001"/>
  <testcase name="generateArray[475]" classname="com.thealgorithms.sorts.SortUtilsRandomGeneratorTest" time="0"/>
  <testcase name="generateArray[476]" classname="com.thealgorithms.sorts.SortUtilsRandomGeneratorTest" time="0"/>
  <testcase name="generateArray[477]" classname="com.thealgorithms.sorts.SortUtilsRandomGeneratorTest" time="0"/>
  <testcase name="generateArray[478]" classname="com.thealgorithms.sorts.SortUtilsRandomGeneratorTest" time="0"/>
  <testcase name="generateArray[479]" classname="com.thealgorithms.sorts.SortUtilsRandomGeneratorTest" time="0"/>
  <testcase name="generateArray[480]" classname="com.thealgorithms.sorts.SortUtilsRandomGeneratorTest" time="0"/>
  <testcase name="generateArray[481]" classname="com.thealgorithms.sorts.SortUtilsRandomGeneratorTest" time="0"/>
  <testcase name="generateArray[482]" classname="com.thealgorithms.sorts.SortUtilsRandomGeneratorTest" time="0.001"/>
  <testcase name="generateArray[483]" classname="com.thealgorithms.sorts.SortUtilsRandomGeneratorTest" time="0"/>
  <testcase name="generateArray[484]" classname="com.thealgorithms.sorts.SortUtilsRandomGeneratorTest" time="0"/>
  <testcase name="generateArray[485]" classname="com.thealgorithms.sorts.SortUtilsRandomGeneratorTest" time="0"/>
  <testcase name="generateArray[486]" classname="com.thealgorithms.sorts.SortUtilsRandomGeneratorTest" time="0"/>
  <testcase name="generateArray[487]" classname="com.thealgorithms.sorts.SortUtilsRandomGeneratorTest" time="0"/>
  <testcase name="generateArray[488]" classname="com.thealgorithms.sorts.SortUtilsRandomGeneratorTest" time="0"/>
  <testcase name="generateArray[489]" classname="com.thealgorithms.sorts.SortUtilsRandomGeneratorTest" time="0.001"/>
  <testcase name="generateArray[490]" classname="com.thealgorithms.sorts.SortUtilsRandomGeneratorTest" time="0"/>
  <testcase name="generateArray[491]" classname="com.thealgorithms.sorts.SortUtilsRandomGeneratorTest" time="0"/>
  <testcase name="generateArray[492]" classname="com.thealgorithms.sorts.SortUtilsRandomGeneratorTest" time="0"/>
  <testcase name="generateArray[493]" classname="com.thealgorithms.sorts.SortUtilsRandomGeneratorTest" time="0"/>
  <testcase name="generateArray[494]" classname="com.thealgorithms.sorts.SortUtilsRandomGeneratorTest" time="0"/>
  <testcase name="generateArray[495]" classname="com.thealgorithms.sorts.SortUtilsRandomGeneratorTest" time="0"/>
  <testcase name="generateArray[496]" classname="com.thealgorithms.sorts.SortUtilsRandomGeneratorTest" time="0.001"/>
  <testcase name="generateArray[497]" classname="com.thealgorithms.sorts.SortUtilsRandomGeneratorTest" time="0"/>
  <testcase name="generateArray[498]" classname="com.thealgorithms.sorts.SortUtilsRandomGeneratorTest" time="0"/>
  <testcase name="generateArray[499]" classname="com.thealgorithms.sorts.SortUtilsRandomGeneratorTest" time="0"/>
  <testcase name="generateArray[500]" classname="com.thealgorithms.sorts.SortUtilsRandomGeneratorTest" time="0"/>
  <testcase name="generateArray[501]" classname="com.thealgorithms.sorts.SortUtilsRandomGeneratorTest" time="0"/>
  <testcase name="generateArray[502]" classname="com.thealgorithms.sorts.SortUtilsRandomGeneratorTest" time="0"/>
  <testcase name="generateArray[503]" classname="com.thealgorithms.sorts.SortUtilsRandomGeneratorTest" time="0"/>
  <testcase name="generateArray[504]" classname="com.thealgorithms.sorts.SortUtilsRandomGeneratorTest" time="0.001"/>
  <testcase name="generateArray[505]" classname="com.thealgorithms.sorts.SortUtilsRandomGeneratorTest" time="0"/>
  <testcase name="generateArray[506]" classname="com.thealgorithms.sorts.SortUtilsRandomGeneratorTest" time="0"/>
  <testcase name="generateArray[507]" classname="com.thealgorithms.sorts.SortUtilsRandomGeneratorTest" time="0"/>
  <testcase name="generateArray[508]" classname="com.thealgorithms.sorts.SortUtilsRandomGeneratorTest" time="0"/>
  <testcase name="generateArray[509]" classname="com.thealgorithms.sorts.SortUtilsRandomGeneratorTest" time="0"/>
  <testcase name="generateArray[510]" classname="com.thealgorithms.sorts.SortUtilsRandomGeneratorTest" time="0"/>
  <testcase name="generateArray[511]" classname="com.thealgorithms.sorts.SortUtilsRandomGeneratorTest" time="0.001"/>
  <testcase name="generateArray[512]" classname="com.thealgorithms.sorts.SortUtilsRandomGeneratorTest" time="0"/>
  <testcase name="generateArray[513]" classname="com.thealgorithms.sorts.SortUtilsRandomGeneratorTest" time="0"/>
  <testcase name="generateArray[514]" classname="com.thealgorithms.sorts.SortUtilsRandomGeneratorTest" time="0"/>
  <testcase name="generateArray[515]" classname="com.thealgorithms.sorts.SortUtilsRandomGeneratorTest" time="0"/>
  <testcase name="generateArray[516]" classname="com.thealgorithms.sorts.SortUtilsRandomGeneratorTest" time="0"/>
  <testcase name="generateArray[517]" classname="com.thealgorithms.sorts.SortUtilsRandomGeneratorTest" time="0"/>
  <testcase name="generateArray[518]" classname="com.thealgorithms.sorts.SortUtilsRandomGeneratorTest" time="0"/>
  <testcase name="generateArray[519]" classname="com.thealgorithms.sorts.SortUtilsRandomGeneratorTest" time="0.001"/>
  <testcase name="generateArray[520]" classname="com.thealgorithms.sorts.SortUtilsRandomGeneratorTest" time="0"/>
  <testcase name="generateArray[521]" classname="com.thealgorithms.sorts.SortUtilsRandomGeneratorTest" time="0"/>
  <testcase name="generateArray[522]" classname="com.thealgorithms.sorts.SortUtilsRandomGeneratorTest" time="0"/>
  <testcase name="generateArray[523]" classname="com.thealgorithms.sorts.SortUtilsRandomGeneratorTest" time="0"/>
  <testcase name="generateArray[524]" classname="com.thealgorithms.sorts.SortUtilsRandomGeneratorTest" time="0"/>
  <testcase name="generateArray[525]" classname="com.thealgorithms.sorts.SortUtilsRandomGeneratorTest" time="0"/>
  <testcase name="generateArray[526]" classname="com.thealgorithms.sorts.SortUtilsRandomGeneratorTest" time="0.001"/>
  <testcase name="generateArray[527]" classname="com.thealgorithms.sorts.SortUtilsRandomGeneratorTest" time="0"/>
  <testcase name="generateArray[528]" classname="com.thealgorithms.sorts.SortUtilsRandomGeneratorTest" time="0"/>
  <testcase name="generateArray[529]" classname="com.thealgorithms.sorts.SortUtilsRandomGeneratorTest" time="0"/>
  <testcase name="generateArray[530]" classname="com.thealgorithms.sorts.SortUtilsRandomGeneratorTest" time="0"/>
  <testcase name="generateArray[531]" classname="com.thealgorithms.sorts.SortUtilsRandomGeneratorTest" time="0"/>
  <testcase name="generateArray[532]" classname="com.thealgorithms.sorts.SortUtilsRandomGeneratorTest" time="0"/>
  <testcase name="generateArray[533]" classname="com.thealgorithms.sorts.SortUtilsRandomGeneratorTest" time="0"/>
  <testcase name="generateArray[534]" classname="com.thealgorithms.sorts.SortUtilsRandomGeneratorTest" time="0.001"/>
  <testcase name="generateArray[535]" classname="com.thealgorithms.sorts.SortUtilsRandomGeneratorTest" time="0"/>
  <testcase name="generateArray[536]" classname="com.thealgorithms.sorts.SortUtilsRandomGeneratorTest" time="0"/>
  <testcase name="generateArray[537]" classname="com.thealgorithms.sorts.SortUtilsRandomGeneratorTest" time="0"/>
  <testcase name="generateArray[538]" classname="com.thealgorithms.sorts.SortUtilsRandomGeneratorTest" time="0"/>
  <testcase name="generateArray[539]" classname="com.thealgorithms.sorts.SortUtilsRandomGeneratorTest" time="0"/>
  <testcase name="generateArray[540]" classname="com.thealgorithms.sorts.SortUtilsRandomGeneratorTest" time="0"/>
  <testcase name="generateArray[541]" classname="com.thealgorithms.sorts.SortUtilsRandomGeneratorTest" time="0"/>
  <testcase name="generateArray[542]" classname="com.thealgorithms.sorts.SortUtilsRandomGeneratorTest" time="0.001"/>
  <testcase name="generateArray[543]" classname="com.thealgorithms.sorts.SortUtilsRandomGeneratorTest" time="0"/>
  <testcase name="generateArray[544]" classname="com.thealgorithms.sorts.SortUtilsRandomGeneratorTest" time="0"/>
  <testcase name="generateArray[545]" classname="com.thealgorithms.sorts.SortUtilsRandomGeneratorTest" time="0"/>
  <testcase name="generateArray[546]" classname="com.thealgorithms.sorts.SortUtilsRandomGeneratorTest" time="0"/>
  <testcase name="generateArray[547]" classname="com.thealgorithms.sorts.SortUtilsRandomGeneratorTest" time="0"/>
  <testcase name="generateArray[548]" classname="com.thealgorithms.sorts.SortUtilsRandomGeneratorTest" time="0"/>
  <testcase name="generateArray[549]" classname="com.thealgorithms.sorts.SortUtilsRandomGeneratorTest" time="0"/>
  <testcase name="generateArray[550]" classname="com.thealgorithms.sorts.SortUtilsRandomGeneratorTest" time="0.001"/>
  <testcase name="generateArray[551]" classname="com.thealgorithms.sorts.SortUtilsRandomGeneratorTest" time="0"/>
  <testcase name="generateArray[552]" classname="com.thealgorithms.sorts.SortUtilsRandomGeneratorTest" time="0"/>
  <testcase name="generateArray[553]" classname="com.thealgorithms.sorts.SortUtilsRandomGeneratorTest" time="0"/>
  <testcase name="generateArray[554]" classname="com.thealgorithms.sorts.SortUtilsRandomGeneratorTest" time="0"/>
  <testcase name="generateArray[555]" classname="com.thealgorithms.sorts.SortUtilsRandomGeneratorTest" time="0"/>
  <testcase name="generateArray[556]" classname="com.thealgorithms.sorts.SortUtilsRandomGeneratorTest" time="0"/>
  <testcase name="generateArray[557]" classname="com.thealgorithms.sorts.SortUtilsRandomGeneratorTest" time="0"/>
  <testcase name="generateArray[558]" classname="com.thealgorithms.sorts.SortUtilsRandomGeneratorTest" time="0.001"/>
  <testcase name="generateArray[559]" classname="com.thealgorithms.sorts.SortUtilsRandomGeneratorTest" time="0"/>
  <testcase name="generateArray[560]" classname="com.thealgorithms.sorts.SortUtilsRandomGeneratorTest" time="0"/>
  <testcase name="generateArray[561]" classname="com.thealgorithms.sorts.SortUtilsRandomGeneratorTest" time="0"/>
  <testcase name="generateArray[562]" classname="com.thealgorithms.sorts.SortUtilsRandomGeneratorTest" time="0"/>
  <testcase name="generateArray[563]" classname="com.thealgorithms.sorts.SortUtilsRandomGeneratorTest" time="0"/>
  <testcase name="generateArray[564]" classname="com.thealgorithms.sorts.SortUtilsRandomGeneratorTest" time="0"/>
  <testcase name="generateArray[565]" classname="com.thealgorithms.sorts.SortUtilsRandomGeneratorTest" time="0.001"/>
  <testcase name="generateArray[566]" classname="com.thealgorithms.sorts.SortUtilsRandomGeneratorTest" time="0"/>
  <testcase name="generateArray[567]" classname="com.thealgorithms.sorts.SortUtilsRandomGeneratorTest" time="0"/>
  <testcase name="generateArray[568]" classname="com.thealgorithms.sorts.SortUtilsRandomGeneratorTest" time="0"/>
  <testcase name="generateArray[569]" classname="com.thealgorithms.sorts.SortUtilsRandomGeneratorTest" time="0"/>
  <testcase name="generateArray[570]" classname="com.thealgorithms.sorts.SortUtilsRandomGeneratorTest" time="0"/>
  <testcase name="generateArray[571]" classname="com.thealgorithms.sorts.SortUtilsRandomGeneratorTest" time="0"/>
  <testcase name="generateArray[572]" classname="com.thealgorithms.sorts.SortUtilsRandomGeneratorTest" time="0.001"/>
  <testcase name="generateArray[573]" classname="com.thealgorithms.sorts.SortUtilsRandomGeneratorTest" time="0"/>
  <testcase name="generateArray[574]" classname="com.thealgorithms.sorts.SortUtilsRandomGeneratorTest" time="0"/>
  <testcase name="generateArray[575]" classname="com.thealgorithms.sorts.SortUtilsRandomGeneratorTest" time="0"/>
  <testcase name="generateArray[576]" classname="com.thealgorithms.sorts.SortUtilsRandomGeneratorTest" time="0"/>
  <testcase name="generateArray[577]" classname="com.thealgorithms.sorts.SortUtilsRandomGeneratorTest" time="0"/>
  <testcase name="generateArray[578]" classname="com.thealgorithms.sorts.SortUtilsRandomGeneratorTest" time="0"/>
  <testcase name="generateArray[579]" classname="com.thealgorithms.sorts.SortUtilsRandomGeneratorTest" time="0.001"/>
  <testcase name="generateArray[580]" classname="com.thealgorithms.sorts.SortUtilsRandomGeneratorTest" time="0"/>
  <testcase name="generateArray[581]" classname="com.thealgorithms.sorts.SortUtilsRandomGeneratorTest" time="0"/>
  <testcase name="generateArray[582]" classname="com.thealgorithms.sorts.SortUtilsRandomGeneratorTest" time="0"/>
  <testcase name="generateArray[583]" classname="com.thealgorithms.sorts.SortUtilsRandomGeneratorTest" time="0"/>
  <testcase name="generateArray[584]" classname="com.thealgorithms.sorts.SortUtilsRandomGeneratorTest" time="0"/>
  <testcase name="generateArray[585]" classname="com.thealgorithms.sorts.SortUtilsRandomGeneratorTest" time="0"/>
  <testcase name="generateArray[586]" classname="com.thealgorithms.sorts.SortUtilsRandomGeneratorTest" time="0"/>
  <testcase name="generateArray[587]" classname="com.thealgorithms.sorts.SortUtilsRandomGeneratorTest" time="0.001"/>
  <testcase name="generateArray[588]" classname="com.thealgorithms.sorts.SortUtilsRandomGeneratorTest" time="0"/>
  <testcase name="generateArray[589]" classname="com.thealgorithms.sorts.SortUtilsRandomGeneratorTest" time="0"/>
  <testcase name="generateArray[590]" classname="com.thealgorithms.sorts.SortUtilsRandomGeneratorTest" time="0"/>
  <testcase name="generateArray[591]" classname="com.thealgorithms.sorts.SortUtilsRandomGeneratorTest" time="0"/>
  <testcase name="generateArray[592]" classname="com.thealgorithms.sorts.SortUtilsRandomGeneratorTest" time="0"/>
  <testcase name="generateArray[593]" classname="com.thealgorithms.sorts.SortUtilsRandomGeneratorTest" time="0"/>
  <testcase name="generateArray[594]" classname="com.thealgorithms.sorts.SortUtilsRandomGeneratorTest" time="0"/>
  <testcase name="generateArray[595]" classname="com.thealgorithms.sorts.SortUtilsRandomGeneratorTest" time="0.001"/>
  <testcase name="generateArray[596]" classname="com.thealgorithms.sorts.SortUtilsRandomGeneratorTest" time="0"/>
  <testcase name="generateArray[597]" classname="com.thealgorithms.sorts.SortUtilsRandomGeneratorTest" time="0"/>
  <testcase name="generateArray[598]" classname="com.thealgorithms.sorts.SortUtilsRandomGeneratorTest" time="0"/>
  <testcase name="generateArray[599]" classname="com.thealgorithms.sorts.SortUtilsRandomGeneratorTest" time="0"/>
  <testcase name="generateArray[600]" classname="com.thealgorithms.sorts.SortUtilsRandomGeneratorTest" time="0"/>
  <testcase name="generateArray[601]" classname="com.thealgorithms.sorts.SortUtilsRandomGeneratorTest" time="0"/>
  <testcase name="generateArray[602]" classname="com.thealgorithms.sorts.SortUtilsRandomGeneratorTest" time="0.001"/>
  <testcase name="generateArray[603]" classname="com.thealgorithms.sorts.SortUtilsRandomGeneratorTest" time="0"/>
  <testcase name="generateArray[604]" classname="com.thealgorithms.sorts.SortUtilsRandomGeneratorTest" time="0"/>
  <testcase name="generateArray[605]" classname="com.thealgorithms.sorts.SortUtilsRandomGeneratorTest" time="0"/>
  <testcase name="generateArray[606]" classname="com.thealgorithms.sorts.SortUtilsRandomGeneratorTest" time="0"/>
  <testcase name="generateArray[607]" classname="com.thealgorithms.sorts.SortUtilsRandomGeneratorTest" time="0"/>
  <testcase name="generateArray[608]" classname="com.thealgorithms.sorts.SortUtilsRandomGeneratorTest" time="0"/>
  <testcase name="generateArray[609]" classname="com.thealgorithms.sorts.SortUtilsRandomGeneratorTest" time="0.001"/>
  <testcase name="generateArray[610]" classname="com.thealgorithms.sorts.SortUtilsRandomGeneratorTest" time="0"/>
  <testcase name="generateArray[611]" classname="com.thealgorithms.sorts.SortUtilsRandomGeneratorTest" time="0"/>
  <testcase name="generateArray[612]" classname="com.thealgorithms.sorts.SortUtilsRandomGeneratorTest" time="0"/>
  <testcase name="generateArray[613]" classname="com.thealgorithms.sorts.SortUtilsRandomGeneratorTest" time="0"/>
  <testcase name="generateArray[614]" classname="com.thealgorithms.sorts.SortUtilsRandomGeneratorTest" time="0"/>
  <testcase name="generateArray[615]" classname="com.thealgorithms.sorts.SortUtilsRandomGeneratorTest" time="0"/>
  <testcase name="generateArray[616]" classname="com.thealgorithms.sorts.SortUtilsRandomGeneratorTest" time="0.001"/>
  <testcase name="generateArray[617]" classname="com.thealgorithms.sorts.SortUtilsRandomGeneratorTest" time="0"/>
  <testcase name="generateArray[618]" classname="com.thealgorithms.sorts.SortUtilsRandomGeneratorTest" time="0"/>
  <testcase name="generateArray[619]" classname="com.thealgorithms.sorts.SortUtilsRandomGeneratorTest" time="0"/>
  <testcase name="generateArray[620]" classname="com.thealgorithms.sorts.SortUtilsRandomGeneratorTest" time="0"/>
  <testcase name="generateArray[621]" classname="com.thealgorithms.sorts.SortUtilsRandomGeneratorTest" time="0"/>
  <testcase name="generateArray[622]" classname="com.thealgorithms.sorts.SortUtilsRandomGeneratorTest" time="0"/>
  <testcase name="generateArray[623]" classname="com.thealgorithms.sorts.SortUtilsRandomGeneratorTest" time="0"/>
  <testcase name="generateArray[624]" classname="com.thealgorithms.sorts.SortUtilsRandomGeneratorTest" time="0.001"/>
  <testcase name="generateArray[625]" classname="com.thealgorithms.sorts.SortUtilsRandomGeneratorTest" time="0"/>
  <testcase name="generateArray[626]" classname="com.thealgorithms.sorts.SortUtilsRandomGeneratorTest" time="0"/>
  <testcase name="generateArray[627]" classname="com.thealgorithms.sorts.SortUtilsRandomGeneratorTest" time="0"/>
  <testcase name="generateArray[628]" classname="com.thealgorithms.sorts.SortUtilsRandomGeneratorTest" time="0"/>
  <testcase name="generateArray[629]" classname="com.thealgorithms.sorts.SortUtilsRandomGeneratorTest" time="0"/>
  <testcase name="generateArray[630]" classname="com.thealgorithms.sorts.SortUtilsRandomGeneratorTest" time="0"/>
  <testcase name="generateArray[631]" classname="com.thealgorithms.sorts.SortUtilsRandomGeneratorTest" time="0.001"/>
  <testcase name="generateArray[632]" classname="com.thealgorithms.sorts.SortUtilsRandomGeneratorTest" time="0"/>
  <testcase name="generateArray[633]" classname="com.thealgorithms.sorts.SortUtilsRandomGeneratorTest" time="0"/>
  <testcase name="generateArray[634]" classname="com.thealgorithms.sorts.SortUtilsRandomGeneratorTest" time="0"/>
  <testcase name="generateArray[635]" classname="com.thealgorithms.sorts.SortUtilsRandomGeneratorTest" time="0"/>
  <testcase name="generateArray[636]" classname="com.thealgorithms.sorts.SortUtilsRandomGeneratorTest" time="0"/>
  <testcase name="generateArray[637]" classname="com.thealgorithms.sorts.SortUtilsRandomGeneratorTest" time="0"/>
  <testcase name="generateArray[638]" classname="com.thealgorithms.sorts.SortUtilsRandomGeneratorTest" time="0"/>
  <testcase name="generateArray[639]" classname="com.thealgorithms.sorts.SortUtilsRandomGeneratorTest" time="0.001"/>
  <testcase name="generateArray[640]" classname="com.thealgorithms.sorts.SortUtilsRandomGeneratorTest" time="0"/>
  <testcase name="generateArray[641]" classname="com.thealgorithms.sorts.SortUtilsRandomGeneratorTest" time="0"/>
  <testcase name="generateArray[642]" classname="com.thealgorithms.sorts.SortUtilsRandomGeneratorTest" time="0"/>
  <testcase name="generateArray[643]" classname="com.thealgorithms.sorts.SortUtilsRandomGeneratorTest" time="0"/>
  <testcase name="generateArray[644]" classname="com.thealgorithms.sorts.SortUtilsRandomGeneratorTest" time="0"/>
  <testcase name="generateArray[645]" classname="com.thealgorithms.sorts.SortUtilsRandomGeneratorTest" time="0"/>
  <testcase name="generateArray[646]" classname="com.thealgorithms.sorts.SortUtilsRandomGeneratorTest" time="0"/>
  <testcase name="generateArray[647]" classname="com.thealgorithms.sorts.SortUtilsRandomGeneratorTest" time="0.001"/>
  <testcase name="generateArray[648]" classname="com.thealgorithms.sorts.SortUtilsRandomGeneratorTest" time="0"/>
  <testcase name="generateArray[649]" classname="com.thealgorithms.sorts.SortUtilsRandomGeneratorTest" time="0"/>
  <testcase name="generateArray[650]" classname="com.thealgorithms.sorts.SortUtilsRandomGeneratorTest" time="0"/>
  <testcase name="generateArray[651]" classname="com.thealgorithms.sorts.SortUtilsRandomGeneratorTest" time="0"/>
  <testcase name="generateArray[652]" classname="com.thealgorithms.sorts.SortUtilsRandomGeneratorTest" time="0"/>
  <testcase name="generateArray[653]" classname="com.thealgorithms.sorts.SortUtilsRandomGeneratorTest" time="0"/>
  <testcase name="generateArray[654]" classname="com.thealgorithms.sorts.SortUtilsRandomGeneratorTest" time="0"/>
  <testcase name="generateArray[655]" classname="com.thealgorithms.sorts.SortUtilsRandomGeneratorTest" time="0"/>
  <testcase name="generateArray[656]" classname="com.thealgorithms.sorts.SortUtilsRandomGeneratorTest" time="0"/>
  <testcase name="generateArray[657]" classname="com.thealgorithms.sorts.SortUtilsRandomGeneratorTest" time="0"/>
  <testcase name="generateArray[658]" classname="com.thealgorithms.sorts.SortUtilsRandomGeneratorTest" time="0"/>
  <testcase name="generateArray[659]" classname="com.thealgorithms.sorts.SortUtilsRandomGeneratorTest" time="0"/>
  <testcase name="generateArray[660]" classname="com.thealgorithms.sorts.SortUtilsRandomGeneratorTest" time="0"/>
  <testcase name="generateArray[661]" classname="com.thealgorithms.sorts.SortUtilsRandomGeneratorTest" time="0"/>
  <testcase name="generateArray[662]" classname="com.thealgorithms.sorts.SortUtilsRandomGeneratorTest" time="0.001"/>
  <testcase name="generateArray[663]" classname="com.thealgorithms.sorts.SortUtilsRandomGeneratorTest" time="0"/>
  <testcase name="generateArray[664]" classname="com.thealgorithms.sorts.SortUtilsRandomGeneratorTest" time="0"/>
  <testcase name="generateArray[665]" classname="com.thealgorithms.sorts.SortUtilsRandomGeneratorTest" time="0"/>
  <testcase name="generateArray[666]" classname="com.thealgorithms.sorts.SortUtilsRandomGeneratorTest" time="0"/>
  <testcase name="generateArray[667]" classname="com.thealgorithms.sorts.SortUtilsRandomGeneratorTest" time="0"/>
  <testcase name="generateArray[668]" classname="com.thealgorithms.sorts.SortUtilsRandomGeneratorTest" time="0"/>
  <testcase name="generateArray[669]" classname="com.thealgorithms.sorts.SortUtilsRandomGeneratorTest" time="0"/>
  <testcase name="generateArray[670]" classname="com.thealgorithms.sorts.SortUtilsRandomGeneratorTest" time="0.001"/>
  <testcase name="generateArray[671]" classname="com.thealgorithms.sorts.SortUtilsRandomGeneratorTest" time="0"/>
  <testcase name="generateArray[672]" classname="com.thealgorithms.sorts.SortUtilsRandomGeneratorTest" time="0"/>
  <testcase name="generateArray[673]" classname="com.thealgorithms.sorts.SortUtilsRandomGeneratorTest" time="0"/>
  <testcase name="generateArray[674]" classname="com.thealgorithms.sorts.SortUtilsRandomGeneratorTest" time="0"/>
  <testcase name="generateArray[675]" classname="com.thealgorithms.sorts.SortUtilsRandomGeneratorTest" time="0"/>
  <testcase name="generateArray[676]" classname="com.thealgorithms.sorts.SortUtilsRandomGeneratorTest" time="0"/>
  <testcase name="generateArray[677]" classname="com.thealgorithms.sorts.SortUtilsRandomGeneratorTest" time="0"/>
  <testcase name="generateArray[678]" classname="com.thealgorithms.sorts.SortUtilsRandomGeneratorTest" time="0.001"/>
  <testcase name="generateArray[679]" classname="com.thealgorithms.sorts.SortUtilsRandomGeneratorTest" time="0"/>
  <testcase name="generateArray[680]" classname="com.thealgorithms.sorts.SortUtilsRandomGeneratorTest" time="0"/>
  <testcase name="generateArray[681]" classname="com.thealgorithms.sorts.SortUtilsRandomGeneratorTest" time="0"/>
  <testcase name="generateArray[682]" classname="com.thealgorithms.sorts.SortUtilsRandomGeneratorTest" time="0"/>
  <testcase name="generateArray[683]" classname="com.thealgorithms.sorts.SortUtilsRandomGeneratorTest" time="0"/>
  <testcase name="generateArray[684]" classname="com.thealgorithms.sorts.SortUtilsRandomGeneratorTest" time="0"/>
  <testcase name="generateArray[685]" classname="com.thealgorithms.sorts.SortUtilsRandomGeneratorTest" time="0"/>
  <testcase name="generateArray[686]" classname="com.thealgorithms.sorts.SortUtilsRandomGeneratorTest" time="0"/>
  <testcase name="generateArray[687]" classname="com.thealgorithms.sorts.SortUtilsRandomGeneratorTest" time="0"/>
  <testcase name="generateArray[688]" classname="com.thealgorithms.sorts.SortUtilsRandomGeneratorTest" time="0"/>
  <testcase name="generateArray[689]" classname="com.thealgorithms.sorts.SortUtilsRandomGeneratorTest" time="0"/>
  <testcase name="generateArray[690]" classname="com.thealgorithms.sorts.SortUtilsRandomGeneratorTest" time="0"/>
  <testcase name="generateArray[691]" classname="com.thealgorithms.sorts.SortUtilsRandomGeneratorTest" time="0"/>
  <testcase name="generateArray[692]" classname="com.thealgorithms.sorts.SortUtilsRandomGeneratorTest" time="0"/>
  <testcase name="generateArray[693]" classname="com.thealgorithms.sorts.SortUtilsRandomGeneratorTest" time="0.001"/>
  <testcase name="generateArray[694]" classname="com.thealgorithms.sorts.SortUtilsRandomGeneratorTest" time="0"/>
  <testcase name="generateArray[695]" classname="com.thealgorithms.sorts.SortUtilsRandomGeneratorTest" time="0"/>
  <testcase name="generateArray[696]" classname="com.thealgorithms.sorts.SortUtilsRandomGeneratorTest" time="0"/>
  <testcase name="generateArray[697]" classname="com.thealgorithms.sorts.SortUtilsRandomGeneratorTest" time="0"/>
  <testcase name="generateArray[698]" classname="com.thealgorithms.sorts.SortUtilsRandomGeneratorTest" time="0"/>
  <testcase name="generateArray[699]" classname="com.thealgorithms.sorts.SortUtilsRandomGeneratorTest" time="0"/>
  <testcase name="generateArray[700]" classname="com.thealgorithms.sorts.SortUtilsRandomGeneratorTest" time="0.001"/>
  <testcase name="generateArray[701]" classname="com.thealgorithms.sorts.SortUtilsRandomGeneratorTest" time="0"/>
  <testcase name="generateArray[702]" classname="com.thealgorithms.sorts.SortUtilsRandomGeneratorTest" time="0"/>
  <testcase name="generateArray[703]" classname="com.thealgorithms.sorts.SortUtilsRandomGeneratorTest" time="0"/>
  <testcase name="generateArray[704]" classname="com.thealgorithms.sorts.SortUtilsRandomGeneratorTest" time="0"/>
  <testcase name="generateArray[705]" classname="com.thealgorithms.sorts.SortUtilsRandomGeneratorTest" time="0"/>
  <testcase name="generateArray[706]" classname="com.thealgorithms.sorts.SortUtilsRandomGeneratorTest" time="0"/>
  <testcase name="generateArray[707]" classname="com.thealgorithms.sorts.SortUtilsRandomGeneratorTest" time="0"/>
  <testcase name="generateArray[708]" classname="com.thealgorithms.sorts.SortUtilsRandomGeneratorTest" time="0.001"/>
  <testcase name="generateArray[709]" classname="com.thealgorithms.sorts.SortUtilsRandomGeneratorTest" time="0"/>
  <testcase name="generateArray[710]" classname="com.thealgorithms.sorts.SortUtilsRandomGeneratorTest" time="0"/>
  <testcase name="generateArray[711]" classname="com.thealgorithms.sorts.SortUtilsRandomGeneratorTest" time="0"/>
  <testcase name="generateArray[712]" classname="com.thealgorithms.sorts.SortUtilsRandomGeneratorTest" time="0"/>
  <testcase name="generateArray[713]" classname="com.thealgorithms.sorts.SortUtilsRandomGeneratorTest" time="0"/>
  <testcase name="generateArray[714]" classname="com.thealgorithms.sorts.SortUtilsRandomGeneratorTest" time="0"/>
  <testcase name="generateArray[715]" classname="com.thealgorithms.sorts.SortUtilsRandomGeneratorTest" time="0"/>
  <testcase name="generateArray[716]" classname="com.thealgorithms.sorts.SortUtilsRandomGeneratorTest" time="0.001"/>
  <testcase name="generateArray[717]" classname="com.thealgorithms.sorts.SortUtilsRandomGeneratorTest" time="0"/>
  <testcase name="generateArray[718]" classname="com.thealgorithms.sorts.SortUtilsRandomGeneratorTest" time="0"/>
  <testcase name="generateArray[719]" classname="com.thealgorithms.sorts.SortUtilsRandomGeneratorTest" time="0"/>
  <testcase name="generateArray[720]" classname="com.thealgorithms.sorts.SortUtilsRandomGeneratorTest" time="0"/>
  <testcase name="generateArray[721]" classname="com.thealgorithms.sorts.SortUtilsRandomGeneratorTest" time="0"/>
  <testcase name="generateArray[722]" classname="com.thealgorithms.sorts.SortUtilsRandomGeneratorTest" time="0"/>
  <testcase name="generateArray[723]" classname="com.thealgorithms.sorts.SortUtilsRandomGeneratorTest" time="0"/>
  <testcase name="generateArray[724]" classname="com.thealgorithms.sorts.SortUtilsRandomGeneratorTest" time="0.001"/>
  <testcase name="generateArray[725]" classname="com.thealgorithms.sorts.SortUtilsRandomGeneratorTest" time="0"/>
  <testcase name="generateArray[726]" classname="com.thealgorithms.sorts.SortUtilsRandomGeneratorTest" time="0"/>
  <testcase name="generateArray[727]" classname="com.thealgorithms.sorts.SortUtilsRandomGeneratorTest" time="0"/>
  <testcase name="generateArray[728]" classname="com.thealgorithms.sorts.SortUtilsRandomGeneratorTest" time="0"/>
  <testcase name="generateArray[729]" classname="com.thealgorithms.sorts.SortUtilsRandomGeneratorTest" time="0"/>
  <testcase name="generateArray[730]" classname="com.thealgorithms.sorts.SortUtilsRandomGeneratorTest" time="0"/>
  <testcase name="generateArray[731]" classname="com.thealgorithms.sorts.SortUtilsRandomGeneratorTest" time="0"/>
  <testcase name="generateArray[732]" classname="com.thealgorithms.sorts.SortUtilsRandomGeneratorTest" time="0"/>
  <testcase name="generateArray[733]" classname="com.thealgorithms.sorts.SortUtilsRandomGeneratorTest" time="0"/>
  <testcase name="generateArray[734]" classname="com.thealgorithms.sorts.SortUtilsRandomGeneratorTest" time="0"/>
  <testcase name="generateArray[735]" classname="com.thealgorithms.sorts.SortUtilsRandomGeneratorTest" time="0"/>
  <testcase name="generateArray[736]" classname="com.thealgorithms.sorts.SortUtilsRandomGeneratorTest" time="0"/>
  <testcase name="generateArray[737]" classname="com.thealgorithms.sorts.SortUtilsRandomGeneratorTest" time="0"/>
  <testcase name="generateArray[738]" classname="com.thealgorithms.sorts.SortUtilsRandomGeneratorTest" time="0"/>
  <testcase name="generateArray[739]" classname="com.thealgorithms.sorts.SortUtilsRandomGeneratorTest" time="0.001"/>
  <testcase name="generateArray[740]" classname="com.thealgorithms.sorts.SortUtilsRandomGeneratorTest" time="0"/>
  <testcase name="generateArray[741]" classname="com.thealgorithms.sorts.SortUtilsRandomGeneratorTest" time="0"/>
  <testcase name="generateArray[742]" classname="com.thealgorithms.sorts.SortUtilsRandomGeneratorTest" time="0"/>
  <testcase name="generateArray[743]" classname="com.thealgorithms.sorts.SortUtilsRandomGeneratorTest" time="0"/>
  <testcase name="generateArray[744]" classname="com.thealgorithms.sorts.SortUtilsRandomGeneratorTest" time="0"/>
  <testcase name="generateArray[745]" classname="com.thealgorithms.sorts.SortUtilsRandomGeneratorTest" time="0"/>
  <testcase name="generateArray[746]" classname="com.thealgorithms.sorts.SortUtilsRandomGeneratorTest" time="0"/>
  <testcase name="generateArray[747]" classname="com.thealgorithms.sorts.SortUtilsRandomGeneratorTest" time="0"/>
  <testcase name="generateArray[748]" classname="com.thealgorithms.sorts.SortUtilsRandomGeneratorTest" time="0"/>
  <testcase name="generateArray[749]" classname="com.thealgorithms.sorts.SortUtilsRandomGeneratorTest" time="0"/>
  <testcase name="generateArray[750]" classname="com.thealgorithms.sorts.SortUtilsRandomGeneratorTest" time="0"/>
  <testcase name="generateArray[751]" classname="com.thealgorithms.sorts.SortUtilsRandomGeneratorTest" time="0"/>
  <testcase name="generateArray[752]" classname="com.thealgorithms.sorts.SortUtilsRandomGeneratorTest" time="0"/>
  <testcase name="generateArray[753]" classname="com.thealgorithms.sorts.SortUtilsRandomGeneratorTest" time="0"/>
  <testcase name="generateArray[754]" classname="com.thealgorithms.sorts.SortUtilsRandomGeneratorTest" time="0.001"/>
  <testcase name="generateArray[755]" classname="com.thealgorithms.sorts.SortUtilsRandomGeneratorTest" time="0"/>
  <testcase name="generateArray[756]" classname="com.thealgorithms.sorts.SortUtilsRandomGeneratorTest" time="0"/>
  <testcase name="generateArray[757]" classname="com.thealgorithms.sorts.SortUtilsRandomGeneratorTest" time="0"/>
  <testcase name="generateArray[758]" classname="com.thealgorithms.sorts.SortUtilsRandomGeneratorTest" time="0"/>
  <testcase name="generateArray[759]" classname="com.thealgorithms.sorts.SortUtilsRandomGeneratorTest" time="0"/>
  <testcase name="generateArray[760]" classname="com.thealgorithms.sorts.SortUtilsRandomGeneratorTest" time="0"/>
  <testcase name="generateArray[761]" classname="com.thealgorithms.sorts.SortUtilsRandomGeneratorTest" time="0"/>
  <testcase name="generateArray[762]" classname="com.thealgorithms.sorts.SortUtilsRandomGeneratorTest" time="0.001"/>
  <testcase name="generateArray[763]" classname="com.thealgorithms.sorts.SortUtilsRandomGeneratorTest" time="0"/>
  <testcase name="generateArray[764]" classname="com.thealgorithms.sorts.SortUtilsRandomGeneratorTest" time="0"/>
  <testcase name="generateArray[765]" classname="com.thealgorithms.sorts.SortUtilsRandomGeneratorTest" time="0"/>
  <testcase name="generateArray[766]" classname="com.thealgorithms.sorts.SortUtilsRandomGeneratorTest" time="0"/>
  <testcase name="generateArray[767]" classname="com.thealgorithms.sorts.SortUtilsRandomGeneratorTest" time="0"/>
  <testcase name="generateArray[768]" classname="com.thealgorithms.sorts.SortUtilsRandomGeneratorTest" time="0"/>
  <testcase name="generateArray[769]" classname="com.thealgorithms.sorts.SortUtilsRandomGeneratorTest" time="0.001"/>
  <testcase name="generateArray[770]" classname="com.thealgorithms.sorts.SortUtilsRandomGeneratorTest" time="0"/>
  <testcase name="generateArray[771]" classname="com.thealgorithms.sorts.SortUtilsRandomGeneratorTest" time="0"/>
  <testcase name="generateArray[772]" classname="com.thealgorithms.sorts.SortUtilsRandomGeneratorTest" time="0"/>
  <testcase name="generateArray[773]" classname="com.thealgorithms.sorts.SortUtilsRandomGeneratorTest" time="0"/>
  <testcase name="generateArray[774]" classname="com.thealgorithms.sorts.SortUtilsRandomGeneratorTest" time="0"/>
  <testcase name="generateArray[775]" classname="com.thealgorithms.sorts.SortUtilsRandomGeneratorTest" time="0"/>
  <testcase name="generateArray[776]" classname="com.thealgorithms.sorts.SortUtilsRandomGeneratorTest" time="0.001"/>
  <testcase name="generateArray[777]" classname="com.thealgorithms.sorts.SortUtilsRandomGeneratorTest" time="0"/>
  <testcase name="generateArray[778]" classname="com.thealgorithms.sorts.SortUtilsRandomGeneratorTest" time="0"/>
  <testcase name="generateArray[779]" classname="com.thealgorithms.sorts.SortUtilsRandomGeneratorTest" time="0"/>
  <testcase name="generateArray[780]" classname="com.thealgorithms.sorts.SortUtilsRandomGeneratorTest" time="0"/>
  <testcase name="generateArray[781]" classname="com.thealgorithms.sorts.SortUtilsRandomGeneratorTest" time="0"/>
  <testcase name="generateArray[782]" classname="com.thealgorithms.sorts.SortUtilsRandomGeneratorTest" time="0"/>
  <testcase name="generateArray[783]" classname="com.thealgorithms.sorts.SortUtilsRandomGeneratorTest" time="0"/>
  <testcase name="generateArray[784]" classname="com.thealgorithms.sorts.SortUtilsRandomGeneratorTest" time="0.001"/>
  <testcase name="generateArray[785]" classname="com.thealgorithms.sorts.SortUtilsRandomGeneratorTest" time="0"/>
  <testcase name="generateArray[786]" classname="com.thealgorithms.sorts.SortUtilsRandomGeneratorTest" time="0"/>
  <testcase name="generateArray[787]" classname="com.thealgorithms.sorts.SortUtilsRandomGeneratorTest" time="0"/>
  <testcase name="generateArray[788]" classname="com.thealgorithms.sorts.SortUtilsRandomGeneratorTest" time="0"/>
  <testcase name="generateArray[789]" classname="com.thealgorithms.sorts.SortUtilsRandomGeneratorTest" time="0"/>
  <testcase name="generateArray[790]" classname="com.thealgorithms.sorts.SortUtilsRandomGeneratorTest" time="0"/>
  <testcase name="generateArray[791]" classname="com.thealgorithms.sorts.SortUtilsRandomGeneratorTest" time="0.001"/>
  <testcase name="generateArray[792]" classname="com.thealgorithms.sorts.SortUtilsRandomGeneratorTest" time="0"/>
  <testcase name="generateArray[793]" classname="com.thealgorithms.sorts.SortUtilsRandomGeneratorTest" time="0"/>
  <testcase name="generateArray[794]" classname="com.thealgorithms.sorts.SortUtilsRandomGeneratorTest" time="0"/>
  <testcase name="generateArray[795]" classname="com.thealgorithms.sorts.SortUtilsRandomGeneratorTest" time="0"/>
  <testcase name="generateArray[796]" classname="com.thealgorithms.sorts.SortUtilsRandomGeneratorTest" time="0"/>
  <testcase name="generateArray[797]" classname="com.thealgorithms.sorts.SortUtilsRandomGeneratorTest" time="0"/>
  <testcase name="generateArray[798]" classname="com.thealgorithms.sorts.SortUtilsRandomGeneratorTest" time="0"/>
  <testcase name="generateArray[799]" classname="com.thealgorithms.sorts.SortUtilsRandomGeneratorTest" time="0.001"/>
  <testcase name="generateArray[800]" classname="com.thealgorithms.sorts.SortUtilsRandomGeneratorTest" time="0"/>
  <testcase name="generateArray[801]" classname="com.thealgorithms.sorts.SortUtilsRandomGeneratorTest" time="0"/>
  <testcase name="generateArray[802]" classname="com.thealgorithms.sorts.SortUtilsRandomGeneratorTest" time="0"/>
  <testcase name="generateArray[803]" classname="com.thealgorithms.sorts.SortUtilsRandomGeneratorTest" time="0"/>
  <testcase name="generateArray[804]" classname="com.thealgorithms.sorts.SortUtilsRandomGeneratorTest" time="0"/>
  <testcase name="generateArray[805]" classname="com.thealgorithms.sorts.SortUtilsRandomGeneratorTest" time="0"/>
  <testcase name="generateArray[806]" classname="com.thealgorithms.sorts.SortUtilsRandomGeneratorTest" time="0"/>
  <testcase name="generateArray[807]" classname="com.thealgorithms.sorts.SortUtilsRandomGeneratorTest" time="0.001"/>
  <testcase name="generateArray[808]" classname="com.thealgorithms.sorts.SortUtilsRandomGeneratorTest" time="0"/>
  <testcase name="generateArray[809]" classname="com.thealgorithms.sorts.SortUtilsRandomGeneratorTest" time="0"/>
  <testcase name="generateArray[810]" classname="com.thealgorithms.sorts.SortUtilsRandomGeneratorTest" time="0"/>
  <testcase name="generateArray[811]" classname="com.thealgorithms.sorts.SortUtilsRandomGeneratorTest" time="0"/>
  <testcase name="generateArray[812]" classname="com.thealgorithms.sorts.SortUtilsRandomGeneratorTest" time="0"/>
  <testcase name="generateArray[813]" classname="com.thealgorithms.sorts.SortUtilsRandomGeneratorTest" time="0"/>
  <testcase name="generateArray[814]" classname="com.thealgorithms.sorts.SortUtilsRandomGeneratorTest" time="0"/>
  <testcase name="generateArray[815]" classname="com.thealgorithms.sorts.SortUtilsRandomGeneratorTest" time="0.001"/>
  <testcase name="generateArray[816]" classname="com.thealgorithms.sorts.SortUtilsRandomGeneratorTest" time="0"/>
  <testcase name="generateArray[817]" classname="com.thealgorithms.sorts.SortUtilsRandomGeneratorTest" time="0"/>
  <testcase name="generateArray[818]" classname="com.thealgorithms.sorts.SortUtilsRandomGeneratorTest" time="0"/>
  <testcase name="generateArray[819]" classname="com.thealgorithms.sorts.SortUtilsRandomGeneratorTest" time="0"/>
  <testcase name="generateArray[820]" classname="com.thealgorithms.sorts.SortUtilsRandomGeneratorTest" time="0"/>
  <testcase name="generateArray[821]" classname="com.thealgorithms.sorts.SortUtilsRandomGeneratorTest" time="0"/>
  <testcase name="generateArray[822]" classname="com.thealgorithms.sorts.SortUtilsRandomGeneratorTest" time="0"/>
  <testcase name="generateArray[823]" classname="com.thealgorithms.sorts.SortUtilsRandomGeneratorTest" time="0.001"/>
  <testcase name="generateArray[824]" classname="com.thealgorithms.sorts.SortUtilsRandomGeneratorTest" time="0"/>
  <testcase name="generateArray[825]" classname="com.thealgorithms.sorts.SortUtilsRandomGeneratorTest" time="0"/>
  <testcase name="generateArray[826]" classname="com.thealgorithms.sorts.SortUtilsRandomGeneratorTest" time="0"/>
  <testcase name="generateArray[827]" classname="com.thealgorithms.sorts.SortUtilsRandomGeneratorTest" time="0"/>
  <testcase name="generateArray[828]" classname="com.thealgorithms.sorts.SortUtilsRandomGeneratorTest" time="0"/>
  <testcase name="generateArray[829]" classname="com.thealgorithms.sorts.SortUtilsRandomGeneratorTest" time="0"/>
  <testcase name="generateArray[830]" classname="com.thealgorithms.sorts.SortUtilsRandomGeneratorTest" time="0"/>
  <testcase name="generateArray[831]" classname="com.thealgorithms.sorts.SortUtilsRandomGeneratorTest" time="0.001"/>
  <testcase name="generateArray[832]" classname="com.thealgorithms.sorts.SortUtilsRandomGeneratorTest" time="0"/>
  <testcase name="generateArray[833]" classname="com.thealgorithms.sorts.SortUtilsRandomGeneratorTest" time="0"/>
  <testcase name="generateArray[834]" classname="com.thealgorithms.sorts.SortUtilsRandomGeneratorTest" time="0"/>
  <testcase name="generateArray[835]" classname="com.thealgorithms.sorts.SortUtilsRandomGeneratorTest" time="0"/>
  <testcase name="generateArray[836]" classname="com.thealgorithms.sorts.SortUtilsRandomGeneratorTest" time="0"/>
  <testcase name="generateArray[837]" classname="com.thealgorithms.sorts.SortUtilsRandomGeneratorTest" time="0"/>
  <testcase name="generateArray[838]" classname="com.thealgorithms.sorts.SortUtilsRandomGeneratorTest" time="0.001"/>
  <testcase name="generateArray[839]" classname="com.thealgorithms.sorts.SortUtilsRandomGeneratorTest" time="0"/>
  <testcase name="generateArray[840]" classname="com.thealgorithms.sorts.SortUtilsRandomGeneratorTest" time="0"/>
  <testcase name="generateArray[841]" classname="com.thealgorithms.sorts.SortUtilsRandomGeneratorTest" time="0"/>
  <testcase name="generateArray[842]" classname="com.thealgorithms.sorts.SortUtilsRandomGeneratorTest" time="0"/>
  <testcase name="generateArray[843]" classname="com.thealgorithms.sorts.SortUtilsRandomGeneratorTest" time="0"/>
  <testcase name="generateArray[844]" classname="com.thealgorithms.sorts.SortUtilsRandomGeneratorTest" time="0"/>
  <testcase name="generateArray[845]" classname="com.thealgorithms.sorts.SortUtilsRandomGeneratorTest" time="0"/>
  <testcase name="generateArray[846]" classname="com.thealgorithms.sorts.SortUtilsRandomGeneratorTest" time="0.001"/>
  <testcase name="generateArray[847]" classname="com.thealgorithms.sorts.SortUtilsRandomGeneratorTest" time="0"/>
  <testcase name="generateArray[848]" classname="com.thealgorithms.sorts.SortUtilsRandomGeneratorTest" time="0"/>
  <testcase name="generateArray[849]" classname="com.thealgorithms.sorts.SortUtilsRandomGeneratorTest" time="0"/>
  <testcase name="generateArray[850]" classname="com.thealgorithms.sorts.SortUtilsRandomGeneratorTest" time="0"/>
  <testcase name="generateArray[851]" classname="com.thealgorithms.sorts.SortUtilsRandomGeneratorTest" time="0"/>
  <testcase name="generateArray[852]" classname="com.thealgorithms.sorts.SortUtilsRandomGeneratorTest" time="0"/>
  <testcase name="generateArray[853]" classname="com.thealgorithms.sorts.SortUtilsRandomGeneratorTest" time="0"/>
  <testcase name="generateArray[854]" classname="com.thealgorithms.sorts.SortUtilsRandomGeneratorTest" time="0"/>
  <testcase name="generateArray[855]" classname="com.thealgorithms.sorts.SortUtilsRandomGeneratorTest" time="0.001"/>
  <testcase name="generateArray[856]" classname="com.thealgorithms.sorts.SortUtilsRandomGeneratorTest" time="0"/>
  <testcase name="generateArray[857]" classname="com.thealgorithms.sorts.SortUtilsRandomGeneratorTest" time="0"/>
  <testcase name="generateArray[858]" classname="com.thealgorithms.sorts.SortUtilsRandomGeneratorTest" time="0"/>
  <testcase name="generateArray[859]" classname="com.thealgorithms.sorts.SortUtilsRandomGeneratorTest" time="0"/>
  <testcase name="generateArray[860]" classname="com.thealgorithms.sorts.SortUtilsRandomGeneratorTest" time="0"/>
  <testcase name="generateArray[861]" classname="com.thealgorithms.sorts.SortUtilsRandomGeneratorTest" time="0.001"/>
  <testcase name="generateArray[862]" classname="com.thealgorithms.sorts.SortUtilsRandomGeneratorTest" time="0"/>
  <testcase name="generateArray[863]" classname="com.thealgorithms.sorts.SortUtilsRandomGeneratorTest" time="0"/>
  <testcase name="generateArray[864]" classname="com.thealgorithms.sorts.SortUtilsRandomGeneratorTest" time="0"/>
  <testcase name="generateArray[865]" classname="com.thealgorithms.sorts.SortUtilsRandomGeneratorTest" time="0"/>
  <testcase name="generateArray[866]" classname="com.thealgorithms.sorts.SortUtilsRandomGeneratorTest" time="0"/>
  <testcase name="generateArray[867]" classname="com.thealgorithms.sorts.SortUtilsRandomGeneratorTest" time="0"/>
  <testcase name="generateArray[868]" classname="com.thealgorithms.sorts.SortUtilsRandomGeneratorTest" time="0.001"/>
  <testcase name="generateArray[869]" classname="com.thealgorithms.sorts.SortUtilsRandomGeneratorTest" time="0"/>
  <testcase name="generateArray[870]" classname="com.thealgorithms.sorts.SortUtilsRandomGeneratorTest" time="0"/>
  <testcase name="generateArray[871]" classname="com.thealgorithms.sorts.SortUtilsRandomGeneratorTest" time="0"/>
  <testcase name="generateArray[872]" classname="com.thealgorithms.sorts.SortUtilsRandomGeneratorTest" time="0"/>
  <testcase name="generateArray[873]" classname="com.thealgorithms.sorts.SortUtilsRandomGeneratorTest" time="0"/>
  <testcase name="generateArray[874]" classname="com.thealgorithms.sorts.SortUtilsRandomGeneratorTest" time="0"/>
  <testcase name="generateArray[875]" classname="com.thealgorithms.sorts.SortUtilsRandomGeneratorTest" time="0"/>
  <testcase name="generateArray[876]" classname="com.thealgorithms.sorts.SortUtilsRandomGeneratorTest" time="0.001"/>
  <testcase name="generateArray[877]" classname="com.thealgorithms.sorts.SortUtilsRandomGeneratorTest" time="0"/>
  <testcase name="generateArray[878]" classname="com.thealgorithms.sorts.SortUtilsRandomGeneratorTest" time="0"/>
  <testcase name="generateArray[879]" classname="com.thealgorithms.sorts.SortUtilsRandomGeneratorTest" time="0"/>
  <testcase name="generateArray[880]" classname="com.thealgorithms.sorts.SortUtilsRandomGeneratorTest" time="0"/>
  <testcase name="generateArray[881]" classname="com.thealgorithms.sorts.SortUtilsRandomGeneratorTest" time="0"/>
  <testcase name="generateArray[882]" classname="com.thealgorithms.sorts.SortUtilsRandomGeneratorTest" time="0"/>
  <testcase name="generateArray[883]" classname="com.thealgorithms.sorts.SortUtilsRandomGeneratorTest" time="0"/>
  <testcase name="generateArray[884]" classname="com.thealgorithms.sorts.SortUtilsRandomGeneratorTest" time="0.001"/>
  <testcase name="generateArray[885]" classname="com.thealgorithms.sorts.SortUtilsRandomGeneratorTest" time="0"/>
  <testcase name="generateArray[886]" classname="com.thealgorithms.sorts.SortUtilsRandomGeneratorTest" time="0"/>
  <testcase name="generateArray[887]" classname="com.thealgorithms.sorts.SortUtilsRandomGeneratorTest" time="0"/>
  <testcase name="generateArray[888]" classname="com.thealgorithms.sorts.SortUtilsRandomGeneratorTest" time="0"/>
  <testcase name="generateArray[889]" classname="com.thealgorithms.sorts.SortUtilsRandomGeneratorTest" time="0"/>
  <testcase name="generateArray[890]" classname="com.thealgorithms.sorts.SortUtilsRandomGeneratorTest" time="0"/>
  <testcase name="generateArray[891]" classname="com.thealgorithms.sorts.SortUtilsRandomGeneratorTest" time="0"/>
  <testcase name="generateArray[892]" classname="com.thealgorithms.sorts.SortUtilsRandomGeneratorTest" time="0.001"/>
  <testcase name="generateArray[893]" classname="com.thealgorithms.sorts.SortUtilsRandomGeneratorTest" time="0"/>
  <testcase name="generateArray[894]" classname="com.thealgorithms.sorts.SortUtilsRandomGeneratorTest" time="0"/>
  <testcase name="generateArray[895]" classname="com.thealgorithms.sorts.SortUtilsRandomGeneratorTest" time="0"/>
  <testcase name="generateArray[896]" classname="com.thealgorithms.sorts.SortUtilsRandomGeneratorTest" time="0"/>
  <testcase name="generateArray[897]" classname="com.thealgorithms.sorts.SortUtilsRandomGeneratorTest" time="0"/>
  <testcase name="generateArray[898]" classname="com.thealgorithms.sorts.SortUtilsRandomGeneratorTest" time="0"/>
  <testcase name="generateArray[899]" classname="com.thealgorithms.sorts.SortUtilsRandomGeneratorTest" time="0.001"/>
  <testcase name="generateArray[900]" classname="com.thealgorithms.sorts.SortUtilsRandomGeneratorTest" time="0"/>
  <testcase name="generateArray[901]" classname="com.thealgorithms.sorts.SortUtilsRandomGeneratorTest" time="0"/>
  <testcase name="generateArray[902]" classname="com.thealgorithms.sorts.SortUtilsRandomGeneratorTest" time="0"/>
  <testcase name="generateArray[903]" classname="com.thealgorithms.sorts.SortUtilsRandomGeneratorTest" time="0"/>
  <testcase name="generateArray[904]" classname="com.thealgorithms.sorts.SortUtilsRandomGeneratorTest" time="0"/>
  <testcase name="generateArray[905]" classname="com.thealgorithms.sorts.SortUtilsRandomGeneratorTest" time="0"/>
  <testcase name="generateArray[906]" classname="com.thealgorithms.sorts.SortUtilsRandomGeneratorTest" time="0.001"/>
  <testcase name="generateArray[907]" classname="com.thealgorithms.sorts.SortUtilsRandomGeneratorTest" time="0"/>
  <testcase name="generateArray[908]" classname="com.thealgorithms.sorts.SortUtilsRandomGeneratorTest" time="0"/>
  <testcase name="generateArray[909]" classname="com.thealgorithms.sorts.SortUtilsRandomGeneratorTest" time="0"/>
  <testcase name="generateArray[910]" classname="com.thealgorithms.sorts.SortUtilsRandomGeneratorTest" time="0"/>
  <testcase name="generateArray[911]" classname="com.thealgorithms.sorts.SortUtilsRandomGeneratorTest" time="0"/>
  <testcase name="generateArray[912]" classname="com.thealgorithms.sorts.SortUtilsRandomGeneratorTest" time="0"/>
  <testcase name="generateArray[913]" classname="com.thealgorithms.sorts.SortUtilsRandomGeneratorTest" time="0"/>
  <testcase name="generateArray[914]" classname="com.thealgorithms.sorts.SortUtilsRandomGeneratorTest" time="0.001"/>
  <testcase name="generateArray[915]" classname="com.thealgorithms.sorts.SortUtilsRandomGeneratorTest" time="0"/>
  <testcase name="generateArray[916]" classname="com.thealgorithms.sorts.SortUtilsRandomGeneratorTest" time="0"/>
  <testcase name="generateArray[917]" classname="com.thealgorithms.sorts.SortUtilsRandomGeneratorTest" time="0"/>
  <testcase name="generateArray[918]" classname="com.thealgorithms.sorts.SortUtilsRandomGeneratorTest" time="0"/>
  <testcase name="generateArray[919]" classname="com.thealgorithms.sorts.SortUtilsRandomGeneratorTest" time="0"/>
  <testcase name="generateArray[920]" classname="com.thealgorithms.sorts.SortUtilsRandomGeneratorTest" time="0"/>
  <testcase name="generateArray[921]" classname="com.thealgorithms.sorts.SortUtilsRandomGeneratorTest" time="0"/>
  <testcase name="generateArray[922]" classname="com.thealgorithms.sorts.SortUtilsRandomGeneratorTest" time="0.001"/>
  <testcase name="generateArray[923]" classname="com.thealgorithms.sorts.SortUtilsRandomGeneratorTest" time="0"/>
  <testcase name="generateArray[924]" classname="com.thealgorithms.sorts.SortUtilsRandomGeneratorTest" time="0"/>
  <testcase name="generateArray[925]" classname="com.thealgorithms.sorts.SortUtilsRandomGeneratorTest" time="0"/>
  <testcase name="generateArray[926]" classname="com.thealgorithms.sorts.SortUtilsRandomGeneratorTest" time="0"/>
  <testcase name="generateArray[927]" classname="com.thealgorithms.sorts.SortUtilsRandomGeneratorTest" time="0"/>
  <testcase name="generateArray[928]" classname="com.thealgorithms.sorts.SortUtilsRandomGeneratorTest" time="0"/>
  <testcase name="generateArray[929]" classname="com.thealgorithms.sorts.SortUtilsRandomGeneratorTest" time="0"/>
  <testcase name="generateArray[930]" classname="com.thealgorithms.sorts.SortUtilsRandomGeneratorTest" time="0.001"/>
  <testcase name="generateArray[931]" classname="com.thealgorithms.sorts.SortUtilsRandomGeneratorTest" time="0"/>
  <testcase name="generateArray[932]" classname="com.thealgorithms.sorts.SortUtilsRandomGeneratorTest" time="0"/>
  <testcase name="generateArray[933]" classname="com.thealgorithms.sorts.SortUtilsRandomGeneratorTest" time="0"/>
  <testcase name="generateArray[934]" classname="com.thealgorithms.sorts.SortUtilsRandomGeneratorTest" time="0"/>
  <testcase name="generateArray[935]" classname="com.thealgorithms.sorts.SortUtilsRandomGeneratorTest" time="0"/>
  <testcase name="generateArray[936]" classname="com.thealgorithms.sorts.SortUtilsRandomGeneratorTest" time="0"/>
  <testcase name="generateArray[937]" classname="com.thealgorithms.sorts.SortUtilsRandomGeneratorTest" time="0"/>
  <testcase name="generateArray[938]" classname="com.thealgorithms.sorts.SortUtilsRandomGeneratorTest" time="0.001"/>
  <testcase name="generateArray[939]" classname="com.thealgorithms.sorts.SortUtilsRandomGeneratorTest" time="0"/>
  <testcase name="generateArray[940]" classname="com.thealgorithms.sorts.SortUtilsRandomGeneratorTest" time="0"/>
  <testcase name="generateArray[941]" classname="com.thealgorithms.sorts.SortUtilsRandomGeneratorTest" time="0"/>
  <testcase name="generateArray[942]" classname="com.thealgorithms.sorts.SortUtilsRandomGeneratorTest" time="0"/>
  <testcase name="generateArray[943]" classname="com.thealgorithms.sorts.SortUtilsRandomGeneratorTest" time="0"/>
  <testcase name="generateArray[944]" classname="com.thealgorithms.sorts.SortUtilsRandomGeneratorTest" time="0"/>
  <testcase name="generateArray[945]" classname="com.thealgorithms.sorts.SortUtilsRandomGeneratorTest" time="0.001"/>
  <testcase name="generateArray[946]" classname="com.thealgorithms.sorts.SortUtilsRandomGeneratorTest" time="0"/>
  <testcase name="generateArray[947]" classname="com.thealgorithms.sorts.SortUtilsRandomGeneratorTest" time="0"/>
  <testcase name="generateArray[948]" classname="com.thealgorithms.sorts.SortUtilsRandomGeneratorTest" time="0"/>
  <testcase name="generateArray[949]" classname="com.thealgorithms.sorts.SortUtilsRandomGeneratorTest" time="0"/>
  <testcase name="generateArray[950]" classname="com.thealgorithms.sorts.SortUtilsRandomGeneratorTest" time="0"/>
  <testcase name="generateArray[951]" classname="com.thealgorithms.sorts.SortUtilsRandomGeneratorTest" time="0"/>
  <testcase name="generateArray[952]" classname="com.thealgorithms.sorts.SortUtilsRandomGeneratorTest" time="0.001"/>
  <testcase name="generateArray[953]" classname="com.thealgorithms.sorts.SortUtilsRandomGeneratorTest" time="0"/>
  <testcase name="generateArray[954]" classname="com.thealgorithms.sorts.SortUtilsRandomGeneratorTest" time="0"/>
  <testcase name="generateArray[955]" classname="com.thealgorithms.sorts.SortUtilsRandomGeneratorTest" time="0"/>
  <testcase name="generateArray[956]" classname="com.thealgorithms.sorts.SortUtilsRandomGeneratorTest" time="0"/>
  <testcase name="generateArray[957]" classname="com.thealgorithms.sorts.SortUtilsRandomGeneratorTest" time="0"/>
  <testcase name="generateArray[958]" classname="com.thealgorithms.sorts.SortUtilsRandomGeneratorTest" time="0"/>
  <testcase name="generateArray[959]" classname="com.thealgorithms.sorts.SortUtilsRandomGeneratorTest" time="0"/>
  <testcase name="generateArray[960]" classname="com.thealgorithms.sorts.SortUtilsRandomGeneratorTest" time="0.001"/>
  <testcase name="generateArray[961]" classname="com.thealgorithms.sorts.SortUtilsRandomGeneratorTest" time="0"/>
  <testcase name="generateArray[962]" classname="com.thealgorithms.sorts.SortUtilsRandomGeneratorTest" time="0"/>
  <testcase name="generateArray[963]" classname="com.thealgorithms.sorts.SortUtilsRandomGeneratorTest" time="0"/>
  <testcase name="generateArray[964]" classname="com.thealgorithms.sorts.SortUtilsRandomGeneratorTest" time="0"/>
  <testcase name="generateArray[965]" classname="com.thealgorithms.sorts.SortUtilsRandomGeneratorTest" time="0"/>
  <testcase name="generateArray[966]" classname="com.thealgorithms.sorts.SortUtilsRandomGeneratorTest" time="0"/>
  <testcase name="generateArray[967]" classname="com.thealgorithms.sorts.SortUtilsRandomGeneratorTest" time="0"/>
  <testcase name="generateArray[968]" classname="com.thealgorithms.sorts.SortUtilsRandomGeneratorTest" time="0.001"/>
  <testcase name="generateArray[969]" classname="com.thealgorithms.sorts.SortUtilsRandomGeneratorTest" time="0"/>
  <testcase name="generateArray[970]" classname="com.thealgorithms.sorts.SortUtilsRandomGeneratorTest" time="0"/>
  <testcase name="generateArray[971]" classname="com.thealgorithms.sorts.SortUtilsRandomGeneratorTest" time="0"/>
  <testcase name="generateArray[972]" classname="com.thealgorithms.sorts.SortUtilsRandomGeneratorTest" time="0"/>
  <testcase name="generateArray[973]" classname="com.thealgorithms.sorts.SortUtilsRandomGeneratorTest" time="0"/>
  <testcase name="generateArray[974]" classname="com.thealgorithms.sorts.SortUtilsRandomGeneratorTest" time="0"/>
  <testcase name="generateArray[975]" classname="com.thealgorithms.sorts.SortUtilsRandomGeneratorTest" time="0"/>
  <testcase name="generateArray[976]" classname="com.thealgorithms.sorts.SortUtilsRandomGeneratorTest" time="0.001"/>
  <testcase name="generateArray[977]" classname="com.thealgorithms.sorts.SortUtilsRandomGeneratorTest" time="0"/>
  <testcase name="generateArray[978]" classname="com.thealgorithms.sorts.SortUtilsRandomGeneratorTest" time="0"/>
  <testcase name="generateArray[979]" classname="com.thealgorithms.sorts.SortUtilsRandomGeneratorTest" time="0"/>
  <testcase name="generateArray[980]" classname="com.thealgorithms.sorts.SortUtilsRandomGeneratorTest" time="0"/>
  <testcase name="generateArray[981]" classname="com.thealgorithms.sorts.SortUtilsRandomGeneratorTest" time="0"/>
  <testcase name="generateArray[982]" classname="com.thealgorithms.sorts.SortUtilsRandomGeneratorTest" time="0"/>
  <testcase name="generateArray[983]" classname="com.thealgorithms.sorts.SortUtilsRandomGeneratorTest" time="0.001"/>
  <testcase name="generateArray[984]" classname="com.thealgorithms.sorts.SortUtilsRandomGeneratorTest" time="0"/>
  <testcase name="generateArray[985]" classname="com.thealgorithms.sorts.SortUtilsRandomGeneratorTest" time="0"/>
  <testcase name="generateArray[986]" classname="com.thealgorithms.sorts.SortUtilsRandomGeneratorTest" time="0"/>
  <testcase name="generateArray[987]" classname="com.thealgorithms.sorts.SortUtilsRandomGeneratorTest" time="0"/>
  <testcase name="generateArray[988]" classname="com.thealgorithms.sorts.SortUtilsRandomGeneratorTest" time="0"/>
  <testcase name="generateArray[989]" classname="com.thealgorithms.sorts.SortUtilsRandomGeneratorTest" time="0"/>
  <testcase name="generateArray[990]" classname="com.thealgorithms.sorts.SortUtilsRandomGeneratorTest" time="0"/>
  <testcase name="generateArray[991]" classname="com.thealgorithms.sorts.SortUtilsRandomGeneratorTest" time="0.001"/>
  <testcase name="generateArray[992]" classname="com.thealgorithms.sorts.SortUtilsRandomGeneratorTest" time="0"/>
  <testcase name="generateArray[993]" classname="com.thealgorithms.sorts.SortUtilsRandomGeneratorTest" time="0"/>
  <testcase name="generateArray[994]" classname="com.thealgorithms.sorts.SortUtilsRandomGeneratorTest" time="0"/>
  <testcase name="generateArray[995]" classname="com.thealgorithms.sorts.SortUtilsRandomGeneratorTest" time="0"/>
  <testcase name="generateArray[996]" classname="com.thealgorithms.sorts.SortUtilsRandomGeneratorTest" time="0"/>
  <testcase name="generateArray[997]" classname="com.thealgorithms.sorts.SortUtilsRandomGeneratorTest" time="0"/>
  <testcase name="generateArray[998]" classname="com.thealgorithms.sorts.SortUtilsRandomGeneratorTest" time="0.001"/>
  <testcase name="generateArray[999]" classname="com.thealgorithms.sorts.SortUtilsRandomGeneratorTest" time="0"/>
  <testcase name="generateArray[1000]" classname="com.thealgorithms.sorts.SortUtilsRandomGeneratorTest" time="0"/>
  <testcase name="generateDouble[1]" classname="com.thealgorithms.sorts.SortUtilsRandomGeneratorTest" time="0.002"/>
  <testcase name="generateDouble[2]" classname="com.thealgorithms.sorts.SortUtilsRandomGeneratorTest" time="0"/>
  <testcase name="generateDouble[3]" classname="com.thealgorithms.sorts.SortUtilsRandomGeneratorTest" time="0"/>
  <testcase name="generateDouble[4]" classname="com.thealgorithms.sorts.SortUtilsRandomGeneratorTest" time="0"/>
  <testcase name="generateDouble[5]" classname="com.thealgorithms.sorts.SortUtilsRandomGeneratorTest" time="0.001"/>
  <testcase name="generateDouble[6]" classname="com.thealgorithms.sorts.SortUtilsRandomGeneratorTest" time="0"/>
  <testcase name="generateDouble[7]" classname="com.thealgorithms.sorts.SortUtilsRandomGeneratorTest" time="0"/>
  <testcase name="generateDouble[8]" classname="com.thealgorithms.sorts.SortUtilsRandomGeneratorTest" time="0"/>
  <testcase name="generateDouble[9]" classname="com.thealgorithms.sorts.SortUtilsRandomGeneratorTest" time="0"/>
  <testcase name="generateDouble[10]" classname="com.thealgorithms.sorts.SortUtilsRandomGeneratorTest" time="0"/>
  <testcase name="generateDouble[11]" classname="com.thealgorithms.sorts.SortUtilsRandomGeneratorTest" time="0"/>
  <testcase name="generateDouble[12]" classname="com.thealgorithms.sorts.SortUtilsRandomGeneratorTest" time="0"/>
  <testcase name="generateDouble[13]" classname="com.thealgorithms.sorts.SortUtilsRandomGeneratorTest" time="0"/>
  <testcase name="generateDouble[14]" classname="com.thealgorithms.sorts.SortUtilsRandomGeneratorTest" time="0"/>
  <testcase name="generateDouble[15]" classname="com.thealgorithms.sorts.SortUtilsRandomGeneratorTest" time="0"/>
  <testcase name="generateDouble[16]" classname="com.thealgorithms.sorts.SortUtilsRandomGeneratorTest" time="0"/>
  <testcase name="generateDouble[17]" classname="com.thealgorithms.sorts.SortUtilsRandomGeneratorTest" time="0"/>
  <testcase name="generateDouble[18]" classname="com.thealgorithms.sorts.SortUtilsRandomGeneratorTest" time="0"/>
  <testcase name="generateDouble[19]" classname="com.thealgorithms.sorts.SortUtilsRandomGeneratorTest" time="0"/>
  <testcase name="generateDouble[20]" classname="com.thealgorithms.sorts.SortUtilsRandomGeneratorTest" time="0"/>
  <testcase name="generateDouble[21]" classname="com.thealgorithms.sorts.SortUtilsRandomGeneratorTest" time="0.001"/>
  <testcase name="generateDouble[22]" classname="com.thealgorithms.sorts.SortUtilsRandomGeneratorTest" time="0"/>
  <testcase name="generateDouble[23]" classname="com.thealgorithms.sorts.SortUtilsRandomGeneratorTest" time="0"/>
  <testcase name="generateDouble[24]" classname="com.thealgorithms.sorts.SortUtilsRandomGeneratorTest" time="0"/>
  <testcase name="generateDouble[25]" classname="com.thealgorithms.sorts.SortUtilsRandomGeneratorTest" time="0"/>
  <testcase name="generateDouble[26]" classname="com.thealgorithms.sorts.SortUtilsRandomGeneratorTest" time="0"/>
  <testcase name="generateDouble[27]" classname="com.thealgorithms.sorts.SortUtilsRandomGeneratorTest" time="0"/>
  <testcase name="generateDouble[28]" classname="com.thealgorithms.sorts.SortUtilsRandomGeneratorTest" time="0"/>
  <testcase name="generateDouble[29]" classname="com.thealgorithms.sorts.SortUtilsRandomGeneratorTest" time="0"/>
  <testcase name="generateDouble[30]" classname="com.thealgorithms.sorts.SortUtilsRandomGeneratorTest" time="0"/>
  <testcase name="generateDouble[31]" classname="com.thealgorithms.sorts.SortUtilsRandomGeneratorTest" time="0"/>
  <testcase name="generateDouble[32]" classname="com.thealgorithms.sorts.SortUtilsRandomGeneratorTest" time="0"/>
  <testcase name="generateDouble[33]" classname="com.thealgorithms.sorts.SortUtilsRandomGeneratorTest" time="0"/>
  <testcase name="generateDouble[34]" classname="com.thealgorithms.sorts.SortUtilsRandomGeneratorTest" time="0"/>
  <testcase name="generateDouble[35]" classname="com.thealgorithms.sorts.SortUtilsRandomGeneratorTest" time="0"/>
  <testcase name="generateDouble[36]" classname="com.thealgorithms.sorts.SortUtilsRandomGeneratorTest" time="0"/>
  <testcase name="generateDouble[37]" classname="com.thealgorithms.sorts.SortUtilsRandomGeneratorTest" time="0"/>
  <testcase name="generateDouble[38]" classname="com.thealgorithms.sorts.SortUtilsRandomGeneratorTest" time="0"/>
  <testcase name="generateDouble[39]" classname="com.thealgorithms.sorts.SortUtilsRandomGeneratorTest" time="0"/>
  <testcase name="generateDouble[40]" classname="com.thealgorithms.sorts.SortUtilsRandomGeneratorTest" time="0"/>
  <testcase name="generateDouble[41]" classname="com.thealgorithms.sorts.SortUtilsRandomGeneratorTest" time="0"/>
  <testcase name="generateDouble[42]" classname="com.thealgorithms.sorts.SortUtilsRandomGeneratorTest" time="0"/>
  <testcase name="generateDouble[43]" classname="com.thealgorithms.sorts.SortUtilsRandomGeneratorTest" time="0"/>
  <testcase name="generateDouble[44]" classname="com.thealgorithms.sorts.SortUtilsRandomGeneratorTest" time="0"/>
  <testcase name="generateDouble[45]" classname="com.thealgorithms.sorts.SortUtilsRandomGeneratorTest" time="0"/>
  <testcase name="generateDouble[46]" classname="com.thealgorithms.sorts.SortUtilsRandomGeneratorTest" time="0"/>
  <testcase name="generateDouble[47]" classname="com.thealgorithms.sorts.SortUtilsRandomGeneratorTest" time="0"/>
  <testcase name="generateDouble[48]" classname="com.thealgorithms.sorts.SortUtilsRandomGeneratorTest" time="0"/>
  <testcase name="generateDouble[49]" classname="com.thealgorithms.sorts.SortUtilsRandomGeneratorTest" time="0"/>
  <testcase name="generateDouble[50]" classname="com.thealgorithms.sorts.SortUtilsRandomGeneratorTest" time="0"/>
  <testcase name="generateDouble[51]" classname="com.thealgorithms.sorts.SortUtilsRandomGeneratorTest" time="0"/>
  <testcase name="generateDouble[52]" classname="com.thealgorithms.sorts.SortUtilsRandomGeneratorTest" time="0"/>
  <testcase name="generateDouble[53]" classname="com.thealgorithms.sorts.SortUtilsRandomGeneratorTest" time="0"/>
  <testcase name="generateDouble[54]" classname="com.thealgorithms.sorts.SortUtilsRandomGeneratorTest" time="0"/>
  <testcase name="generateDouble[55]" classname="com.thealgorithms.sorts.SortUtilsRandomGeneratorTest" time="0.001"/>
  <testcase name="generateDouble[56]" classname="com.thealgorithms.sorts.SortUtilsRandomGeneratorTest" time="0"/>
  <testcase name="generateDouble[57]" classname="com.thealgorithms.sorts.SortUtilsRandomGeneratorTest" time="0"/>
  <testcase name="generateDouble[58]" classname="com.thealgorithms.sorts.SortUtilsRandomGeneratorTest" time="0"/>
  <testcase name="generateDouble[59]" classname="com.thealgorithms.sorts.SortUtilsRandomGeneratorTest" time="0"/>
  <testcase name="generateDouble[60]" classname="com.thealgorithms.sorts.SortUtilsRandomGeneratorTest" time="0"/>
  <testcase name="generateDouble[61]" classname="com.thealgorithms.sorts.SortUtilsRandomGeneratorTest" time="0"/>
  <testcase name="generateDouble[62]" classname="com.thealgorithms.sorts.SortUtilsRandomGeneratorTest" time="0"/>
  <testcase name="generateDouble[63]" classname="com.thealgorithms.sorts.SortUtilsRandomGeneratorTest" time="0"/>
  <testcase name="generateDouble[64]" classname="com.thealgorithms.sorts.SortUtilsRandomGeneratorTest" time="0"/>
  <testcase name="generateDouble[65]" classname="com.thealgorithms.sorts.SortUtilsRandomGeneratorTest" time="0"/>
  <testcase name="generateDouble[66]" classname="com.thealgorithms.sorts.SortUtilsRandomGeneratorTest" time="0"/>
  <testcase name="generateDouble[67]" classname="com.thealgorithms.sorts.SortUtilsRandomGeneratorTest" time="0.001"/>
  <testcase name="generateDouble[68]" classname="com.thealgorithms.sorts.SortUtilsRandomGeneratorTest" time="0"/>
  <testcase name="generateDouble[69]" classname="com.thealgorithms.sorts.SortUtilsRandomGeneratorTest" time="0"/>
  <testcase name="generateDouble[70]" classname="com.thealgorithms.sorts.SortUtilsRandomGeneratorTest" time="0"/>
  <testcase name="generateDouble[71]" classname="com.thealgorithms.sorts.SortUtilsRandomGeneratorTest" time="0"/>
  <testcase name="generateDouble[72]" classname="com.thealgorithms.sorts.SortUtilsRandomGeneratorTest" time="0"/>
  <testcase name="generateDouble[73]" classname="com.thealgorithms.sorts.SortUtilsRandomGeneratorTest" time="0"/>
  <testcase name="generateDouble[74]" classname="com.thealgorithms.sorts.SortUtilsRandomGeneratorTest" time="0"/>
  <testcase name="generateDouble[75]" classname="com.thealgorithms.sorts.SortUtilsRandomGeneratorTest" time="0"/>
  <testcase name="generateDouble[76]" classname="com.thealgorithms.sorts.SortUtilsRandomGeneratorTest" time="0"/>
  <testcase name="generateDouble[77]" classname="com.thealgorithms.sorts.SortUtilsRandomGeneratorTest" time="0"/>
  <testcase name="generateDouble[78]" classname="com.thealgorithms.sorts.SortUtilsRandomGeneratorTest" time="0"/>
  <testcase name="generateDouble[79]" classname="com.thealgorithms.sorts.SortUtilsRandomGeneratorTest" time="0"/>
  <testcase name="generateDouble[80]" classname="com.thealgorithms.sorts.SortUtilsRandomGeneratorTest" time="0"/>
  <testcase name="generateDouble[81]" classname="com.thealgorithms.sorts.SortUtilsRandomGeneratorTest" time="0"/>
  <testcase name="generateDouble[82]" classname="com.thealgorithms.sorts.SortUtilsRandomGeneratorTest" time="0"/>
  <testcase name="generateDouble[83]" classname="com.thealgorithms.sorts.SortUtilsRandomGeneratorTest" time="0"/>
  <testcase name="generateDouble[84]" classname="com.thealgorithms.sorts.SortUtilsRandomGeneratorTest" time="0"/>
  <testcase name="generateDouble[85]" classname="com.thealgorithms.sorts.SortUtilsRandomGeneratorTest" time="0"/>
  <testcase name="generateDouble[86]" classname="com.thealgorithms.sorts.SortUtilsRandomGeneratorTest" time="0"/>
  <testcase name="generateDouble[87]" classname="com.thealgorithms.sorts.SortUtilsRandomGeneratorTest" time="0"/>
  <testcase name="generateDouble[88]" classname="com.thealgorithms.sorts.SortUtilsRandomGeneratorTest" time="0"/>
  <testcase name="generateDouble[89]" classname="com.thealgorithms.sorts.SortUtilsRandomGeneratorTest" time="0"/>
  <testcase name="generateDouble[90]" classname="com.thealgorithms.sorts.SortUtilsRandomGeneratorTest" time="0"/>
  <testcase name="generateDouble[91]" classname="com.thealgorithms.sorts.SortUtilsRandomGeneratorTest" time="0"/>
  <testcase name="generateDouble[92]" classname="com.thealgorithms.sorts.SortUtilsRandomGeneratorTest" time="0"/>
  <testcase name="generateDouble[93]" classname="com.thealgorithms.sorts.SortUtilsRandomGeneratorTest" time="0"/>
  <testcase name="generateDouble[94]" classname="com.thealgorithms.sorts.SortUtilsRandomGeneratorTest" time="0"/>
  <testcase name="generateDouble[95]" classname="com.thealgorithms.sorts.SortUtilsRandomGeneratorTest" time="0"/>
  <testcase name="generateDouble[96]" classname="com.thealgorithms.sorts.SortUtilsRandomGeneratorTest" time="0.001"/>
  <testcase name="generateDouble[97]" classname="com.thealgorithms.sorts.SortUtilsRandomGeneratorTest" time="0"/>
  <testcase name="generateDouble[98]" classname="com.thealgorithms.sorts.SortUtilsRandomGeneratorTest" time="0"/>
  <testcase name="generateDouble[99]" classname="com.thealgorithms.sorts.SortUtilsRandomGeneratorTest" time="0"/>
  <testcase name="generateDouble[100]" classname="com.thealgorithms.sorts.SortUtilsRandomGeneratorTest" time="0"/>
  <testcase name="generateDouble[101]" classname="com.thealgorithms.sorts.SortUtilsRandomGeneratorTest" time="0"/>
  <testcase name="generateDouble[102]" classname="com.thealgorithms.sorts.SortUtilsRandomGeneratorTest" time="0"/>
  <testcase name="generateDouble[103]" classname="com.thealgorithms.sorts.SortUtilsRandomGeneratorTest" time="0"/>
  <testcase name="generateDouble[104]" classname="com.thealgorithms.sorts.SortUtilsRandomGeneratorTest" time="0"/>
  <testcase name="generateDouble[105]" classname="com.thealgorithms.sorts.SortUtilsRandomGeneratorTest" time="0"/>
  <testcase name="generateDouble[106]" classname="com.thealgorithms.sorts.SortUtilsRandomGeneratorTest" time="0"/>
  <testcase name="generateDouble[107]" classname="com.thealgorithms.sorts.SortUtilsRandomGeneratorTest" time="0"/>
  <testcase name="generateDouble[108]" classname="com.thealgorithms.sorts.SortUtilsRandomGeneratorTest" time="0"/>
  <testcase name="generateDouble[109]" classname="com.thealgorithms.sorts.SortUtilsRandomGeneratorTest" time="0"/>
  <testcase name="generateDouble[110]" classname="com.thealgorithms.sorts.SortUtilsRandomGeneratorTest" time="0"/>
  <testcase name="generateDouble[111]" classname="com.thealgorithms.sorts.SortUtilsRandomGeneratorTest" time="0"/>
  <testcase name="generateDouble[112]" classname="com.thealgorithms.sorts.SortUtilsRandomGeneratorTest" time="0"/>
  <testcase name="generateDouble[113]" classname="com.thealgorithms.sorts.SortUtilsRandomGeneratorTest" time="0"/>
  <testcase name="generateDouble[114]" classname="com.thealgorithms.sorts.SortUtilsRandomGeneratorTest" time="0"/>
  <testcase name="generateDouble[115]" classname="com.thealgorithms.sorts.SortUtilsRandomGeneratorTest" time="0"/>
  <testcase name="generateDouble[116]" classname="com.thealgorithms.sorts.SortUtilsRandomGeneratorTest" time="0"/>
  <testcase name="generateDouble[117]" classname="com.thealgorithms.sorts.SortUtilsRandomGeneratorTest" time="0"/>
  <testcase name="generateDouble[118]" classname="com.thealgorithms.sorts.SortUtilsRandomGeneratorTest" time="0"/>
  <testcase name="generateDouble[119]" classname="com.thealgorithms.sorts.SortUtilsRandomGeneratorTest" time="0"/>
  <testcase name="generateDouble[120]" classname="com.thealgorithms.sorts.SortUtilsRandomGeneratorTest" time="0"/>
  <testcase name="generateDouble[121]" classname="com.thealgorithms.sorts.SortUtilsRandomGeneratorTest" time="0"/>
  <testcase name="generateDouble[122]" classname="com.thealgorithms.sorts.SortUtilsRandomGeneratorTest" time="0"/>
  <testcase name="generateDouble[123]" classname="com.thealgorithms.sorts.SortUtilsRandomGeneratorTest" time="0"/>
  <testcase name="generateDouble[124]" classname="com.thealgorithms.sorts.SortUtilsRandomGeneratorTest" time="0"/>
  <testcase name="generateDouble[125]" classname="com.thealgorithms.sorts.SortUtilsRandomGeneratorTest" time="0"/>
  <testcase name="generateDouble[126]" classname="com.thealgorithms.sorts.SortUtilsRandomGeneratorTest" time="0"/>
  <testcase name="generateDouble[127]" classname="com.thealgorithms.sorts.SortUtilsRandomGeneratorTest" time="0"/>
  <testcase name="generateDouble[128]" classname="com.thealgorithms.sorts.SortUtilsRandomGeneratorTest" time="0"/>
  <testcase name="generateDouble[129]" classname="com.thealgorithms.sorts.SortUtilsRandomGeneratorTest" time="0"/>
  <testcase name="generateDouble[130]" classname="com.thealgorithms.sorts.SortUtilsRandomGeneratorTest" time="0"/>
  <testcase name="generateDouble[131]" classname="com.thealgorithms.sorts.SortUtilsRandomGeneratorTest" time="0"/>
  <testcase name="generateDouble[132]" classname="com.thealgorithms.sorts.SortUtilsRandomGeneratorTest" time="0"/>
  <testcase name="generateDouble[133]" classname="com.thealgorithms.sorts.SortUtilsRandomGeneratorTest" time="0"/>
  <testcase name="generateDouble[134]" classname="com.thealgorithms.sorts.SortUtilsRandomGeneratorTest" time="0"/>
  <testcase name="generateDouble[135]" classname="com.thealgorithms.sorts.SortUtilsRandomGeneratorTest" time="0"/>
  <testcase name="generateDouble[136]" classname="com.thealgorithms.sorts.SortUtilsRandomGeneratorTest" time="0"/>
  <testcase name="generateDouble[137]" classname="com.thealgorithms.sorts.SortUtilsRandomGeneratorTest" time="0"/>
  <testcase name="generateDouble[138]" classname="com.thealgorithms.sorts.SortUtilsRandomGeneratorTest" time="0"/>
  <testcase name="generateDouble[139]" classname="com.thealgorithms.sorts.SortUtilsRandomGeneratorTest" time="0"/>
  <testcase name="generateDouble[140]" classname="com.thealgorithms.sorts.SortUtilsRandomGeneratorTest" time="0"/>
  <testcase name="generateDouble[141]" classname="com.thealgorithms.sorts.SortUtilsRandomGeneratorTest" time="0"/>
  <testcase name="generateDouble[142]" classname="com.thealgorithms.sorts.SortUtilsRandomGeneratorTest" time="0"/>
  <testcase name="generateDouble[143]" classname="com.thealgorithms.sorts.SortUtilsRandomGeneratorTest" time="0"/>
  <testcase name="generateDouble[144]" classname="com.thealgorithms.sorts.SortUtilsRandomGeneratorTest" time="0"/>
  <testcase name="generateDouble[145]" classname="com.thealgorithms.sorts.SortUtilsRandomGeneratorTest" time="0"/>
  <testcase name="generateDouble[146]" classname="com.thealgorithms.sorts.SortUtilsRandomGeneratorTest" time="0"/>
  <testcase name="generateDouble[147]" classname="com.thealgorithms.sorts.SortUtilsRandomGeneratorTest" time="0"/>
  <testcase name="generateDouble[148]" classname="com.thealgorithms.sorts.SortUtilsRandomGeneratorTest" time="0"/>
  <testcase name="generateDouble[149]" classname="com.thealgorithms.sorts.SortUtilsRandomGeneratorTest" time="0"/>
  <testcase name="generateDouble[150]" classname="com.thealgorithms.sorts.SortUtilsRandomGeneratorTest" time="0"/>
  <testcase name="generateDouble[151]" classname="com.thealgorithms.sorts.SortUtilsRandomGeneratorTest" time="0.001"/>
  <testcase name="generateDouble[152]" classname="com.thealgorithms.sorts.SortUtilsRandomGeneratorTest" time="0"/>
  <testcase name="generateDouble[153]" classname="com.thealgorithms.sorts.SortUtilsRandomGeneratorTest" time="0"/>
  <testcase name="generateDouble[154]" classname="com.thealgorithms.sorts.SortUtilsRandomGeneratorTest" time="0"/>
  <testcase name="generateDouble[155]" classname="com.thealgorithms.sorts.SortUtilsRandomGeneratorTest" time="0"/>
  <testcase name="generateDouble[156]" classname="com.thealgorithms.sorts.SortUtilsRandomGeneratorTest" time="0"/>
  <testcase name="generateDouble[157]" classname="com.thealgorithms.sorts.SortUtilsRandomGeneratorTest" time="0"/>
  <testcase name="generateDouble[158]" classname="com.thealgorithms.sorts.SortUtilsRandomGeneratorTest" time="0"/>
  <testcase name="generateDouble[159]" classname="com.thealgorithms.sorts.SortUtilsRandomGeneratorTest" time="0"/>
  <testcase name="generateDouble[160]" classname="com.thealgorithms.sorts.SortUtilsRandomGeneratorTest" time="0"/>
  <testcase name="generateDouble[161]" classname="com.thealgorithms.sorts.SortUtilsRandomGeneratorTest" time="0"/>
  <testcase name="generateDouble[162]" classname="com.thealgorithms.sorts.SortUtilsRandomGeneratorTest" time="0"/>
  <testcase name="generateDouble[163]" classname="com.thealgorithms.sorts.SortUtilsRandomGeneratorTest" time="0"/>
  <testcase name="generateDouble[164]" classname="com.thealgorithms.sorts.SortUtilsRandomGeneratorTest" time="0"/>
  <testcase name="generateDouble[165]" classname="com.thealgorithms.sorts.SortUtilsRandomGeneratorTest" time="0"/>
  <testcase name="generateDouble[166]" classname="com.thealgorithms.sorts.SortUtilsRandomGeneratorTest" time="0"/>
  <testcase name="generateDouble[167]" classname="com.thealgorithms.sorts.SortUtilsRandomGeneratorTest" time="0.001"/>
  <testcase name="generateDouble[168]" classname="com.thealgorithms.sorts.SortUtilsRandomGeneratorTest" time="0"/>
  <testcase name="generateDouble[169]" classname="com.thealgorithms.sorts.SortUtilsRandomGeneratorTest" time="0"/>
  <testcase name="generateDouble[170]" classname="com.thealgorithms.sorts.SortUtilsRandomGeneratorTest" time="0"/>
  <testcase name="generateDouble[171]" classname="com.thealgorithms.sorts.SortUtilsRandomGeneratorTest" time="0"/>
  <testcase name="generateDouble[172]" classname="com.thealgorithms.sorts.SortUtilsRandomGeneratorTest" time="0"/>
  <testcase name="generateDouble[173]" classname="com.thealgorithms.sorts.SortUtilsRandomGeneratorTest" time="0"/>
  <testcase name="generateDouble[174]" classname="com.thealgorithms.sorts.SortUtilsRandomGeneratorTest" time="0"/>
  <testcase name="generateDouble[175]" classname="com.thealgorithms.sorts.SortUtilsRandomGeneratorTest" time="0"/>
  <testcase name="generateDouble[176]" classname="com.thealgorithms.sorts.SortUtilsRandomGeneratorTest" time="0"/>
  <testcase name="generateDouble[177]" classname="com.thealgorithms.sorts.SortUtilsRandomGeneratorTest" time="0"/>
  <testcase name="generateDouble[178]" classname="com.thealgorithms.sorts.SortUtilsRandomGeneratorTest" time="0"/>
  <testcase name="generateDouble[179]" classname="com.thealgorithms.sorts.SortUtilsRandomGeneratorTest" time="0"/>
  <testcase name="generateDouble[180]" classname="com.thealgorithms.sorts.SortUtilsRandomGeneratorTest" time="0"/>
  <testcase name="generateDouble[181]" classname="com.thealgorithms.sorts.SortUtilsRandomGeneratorTest" time="0"/>
  <testcase name="generateDouble[182]" classname="com.thealgorithms.sorts.SortUtilsRandomGeneratorTest" time="0"/>
  <testcase name="generateDouble[183]" classname="com.thealgorithms.sorts.SortUtilsRandomGeneratorTest" time="0"/>
  <testcase name="generateDouble[184]" classname="com.thealgorithms.sorts.SortUtilsRandomGeneratorTest" time="0"/>
  <testcase name="generateDouble[185]" classname="com.thealgorithms.sorts.SortUtilsRandomGeneratorTest" time="0"/>
  <testcase name="generateDouble[186]" classname="com.thealgorithms.sorts.SortUtilsRandomGeneratorTest" time="0"/>
  <testcase name="generateDouble[187]" classname="com.thealgorithms.sorts.SortUtilsRandomGeneratorTest" time="0"/>
  <testcase name="generateDouble[188]" classname="com.thealgorithms.sorts.SortUtilsRandomGeneratorTest" time="0"/>
  <testcase name="generateDouble[189]" classname="com.thealgorithms.sorts.SortUtilsRandomGeneratorTest" time="0"/>
  <testcase name="generateDouble[190]" classname="com.thealgorithms.sorts.SortUtilsRandomGeneratorTest" time="0"/>
  <testcase name="generateDouble[191]" classname="com.thealgorithms.sorts.SortUtilsRandomGeneratorTest" time="0"/>
  <testcase name="generateDouble[192]" classname="com.thealgorithms.sorts.SortUtilsRandomGeneratorTest" time="0"/>
  <testcase name="generateDouble[193]" classname="com.thealgorithms.sorts.SortUtilsRandomGeneratorTest" time="0"/>
  <testcase name="generateDouble[194]" classname="com.thealgorithms.sorts.SortUtilsRandomGeneratorTest" time="0"/>
  <testcase name="generateDouble[195]" classname="com.thealgorithms.sorts.SortUtilsRandomGeneratorTest" time="0"/>
  <testcase name="generateDouble[196]" classname="com.thealgorithms.sorts.SortUtilsRandomGeneratorTest" time="0"/>
  <testcase name="generateDouble[197]" classname="com.thealgorithms.sorts.SortUtilsRandomGeneratorTest" time="0"/>
  <testcase name="generateDouble[198]" classname="com.thealgorithms.sorts.SortUtilsRandomGeneratorTest" time="0"/>
  <testcase name="generateDouble[199]" classname="com.thealgorithms.sorts.SortUtilsRandomGeneratorTest" time="0"/>
  <testcase name="generateDouble[200]" classname="com.thealgorithms.sorts.SortUtilsRandomGeneratorTest" time="0"/>
  <testcase name="generateDouble[201]" classname="com.thealgorithms.sorts.SortUtilsRandomGeneratorTest" time="0"/>
  <testcase name="generateDouble[202]" classname="com.thealgorithms.sorts.SortUtilsRandomGeneratorTest" time="0"/>
  <testcase name="generateDouble[203]" classname="com.thealgorithms.sorts.SortUtilsRandomGeneratorTest" time="0"/>
  <testcase name="generateDouble[204]" classname="com.thealgorithms.sorts.SortUtilsRandomGeneratorTest" time="0"/>
  <testcase name="generateDouble[205]" classname="com.thealgorithms.sorts.SortUtilsRandomGeneratorTest" time="0"/>
  <testcase name="generateDouble[206]" classname="com.thealgorithms.sorts.SortUtilsRandomGeneratorTest" time="0"/>
  <testcase name="generateDouble[207]" classname="com.thealgorithms.sorts.SortUtilsRandomGeneratorTest" time="0"/>
  <testcase name="generateDouble[208]" classname="com.thealgorithms.sorts.SortUtilsRandomGeneratorTest" time="0"/>
  <testcase name="generateDouble[209]" classname="com.thealgorithms.sorts.SortUtilsRandomGeneratorTest" time="0"/>
  <testcase name="generateDouble[210]" classname="com.thealgorithms.sorts.SortUtilsRandomGeneratorTest" time="0"/>
  <testcase name="generateDouble[211]" classname="com.thealgorithms.sorts.SortUtilsRandomGeneratorTest" time="0"/>
  <testcase name="generateDouble[212]" classname="com.thealgorithms.sorts.SortUtilsRandomGeneratorTest" time="0"/>
  <testcase name="generateDouble[213]" classname="com.thealgorithms.sorts.SortUtilsRandomGeneratorTest" time="0"/>
  <testcase name="generateDouble[214]" classname="com.thealgorithms.sorts.SortUtilsRandomGeneratorTest" time="0"/>
  <testcase name="generateDouble[215]" classname="com.thealgorithms.sorts.SortUtilsRandomGeneratorTest" time="0"/>
  <testcase name="generateDouble[216]" classname="com.thealgorithms.sorts.SortUtilsRandomGeneratorTest" time="0"/>
  <testcase name="generateDouble[217]" classname="com.thealgorithms.sorts.SortUtilsRandomGeneratorTest" time="0"/>
  <testcase name="generateDouble[218]" classname="com.thealgorithms.sorts.SortUtilsRandomGeneratorTest" time="0"/>
  <testcase name="generateDouble[219]" classname="com.thealgorithms.sorts.SortUtilsRandomGeneratorTest" time="0"/>
  <testcase name="generateDouble[220]" classname="com.thealgorithms.sorts.SortUtilsRandomGeneratorTest" time="0"/>
  <testcase name="generateDouble[221]" classname="com.thealgorithms.sorts.SortUtilsRandomGeneratorTest" time="0"/>
  <testcase name="generateDouble[222]" classname="com.thealgorithms.sorts.SortUtilsRandomGeneratorTest" time="0"/>
  <testcase name="generateDouble[223]" classname="com.thealgorithms.sorts.SortUtilsRandomGeneratorTest" time="0"/>
  <testcase name="generateDouble[224]" classname="com.thealgorithms.sorts.SortUtilsRandomGeneratorTest" time="0"/>
  <testcase name="generateDouble[225]" classname="com.thealgorithms.sorts.SortUtilsRandomGeneratorTest" time="0"/>
  <testcase name="generateDouble[226]" classname="com.thealgorithms.sorts.SortUtilsRandomGeneratorTest" time="0"/>
  <testcase name="generateDouble[227]" classname="com.thealgorithms.sorts.SortUtilsRandomGeneratorTest" time="0"/>
  <testcase name="generateDouble[228]" classname="com.thealgorithms.sorts.SortUtilsRandomGeneratorTest" time="0"/>
  <testcase name="generateDouble[229]" classname="com.thealgorithms.sorts.SortUtilsRandomGeneratorTest" time="0"/>
  <testcase name="generateDouble[230]" classname="com.thealgorithms.sorts.SortUtilsRandomGeneratorTest" time="0"/>
  <testcase name="generateDouble[231]" classname="com.thealgorithms.sorts.SortUtilsRandomGeneratorTest" time="0.001"/>
  <testcase name="generateDouble[232]" classname="com.thealgorithms.sorts.SortUtilsRandomGeneratorTest" time="0"/>
  <testcase name="generateDouble[233]" classname="com.thealgorithms.sorts.SortUtilsRandomGeneratorTest" time="0"/>
  <testcase name="generateDouble[234]" classname="com.thealgorithms.sorts.SortUtilsRandomGeneratorTest" time="0"/>
  <testcase name="generateDouble[235]" classname="com.thealgorithms.sorts.SortUtilsRandomGeneratorTest" time="0"/>
  <testcase name="generateDouble[236]" classname="com.thealgorithms.sorts.SortUtilsRandomGeneratorTest" time="0"/>
  <testcase name="generateDouble[237]" classname="com.thealgorithms.sorts.SortUtilsRandomGeneratorTest" time="0"/>
  <testcase name="generateDouble[238]" classname="com.thealgorithms.sorts.SortUtilsRandomGeneratorTest" time="0"/>
  <testcase name="generateDouble[239]" classname="com.thealgorithms.sorts.SortUtilsRandomGeneratorTest" time="0"/>
  <testcase name="generateDouble[240]" classname="com.thealgorithms.sorts.SortUtilsRandomGeneratorTest" time="0"/>
  <testcase name="generateDouble[241]" classname="com.thealgorithms.sorts.SortUtilsRandomGeneratorTest" time="0"/>
  <testcase name="generateDouble[242]" classname="com.thealgorithms.sorts.SortUtilsRandomGeneratorTest" time="0"/>
  <testcase name="generateDouble[243]" classname="com.thealgorithms.sorts.SortUtilsRandomGeneratorTest" time="0"/>
  <testcase name="generateDouble[244]" classname="com.thealgorithms.sorts.SortUtilsRandomGeneratorTest" time="0"/>
  <testcase name="generateDouble[245]" classname="com.thealgorithms.sorts.SortUtilsRandomGeneratorTest" time="0"/>
  <testcase name="generateDouble[246]" classname="com.thealgorithms.sorts.SortUtilsRandomGeneratorTest" time="0"/>
  <testcase name="generateDouble[247]" classname="com.thealgorithms.sorts.SortUtilsRandomGeneratorTest" time="0"/>
  <testcase name="generateDouble[248]" classname="com.thealgorithms.sorts.SortUtilsRandomGeneratorTest" time="0"/>
  <testcase name="generateDouble[249]" classname="com.thealgorithms.sorts.SortUtilsRandomGeneratorTest" time="0"/>
  <testcase name="generateDouble[250]" classname="com.thealgorithms.sorts.SortUtilsRandomGeneratorTest" time="0"/>
  <testcase name="generateDouble[251]" classname="com.thealgorithms.sorts.SortUtilsRandomGeneratorTest" time="0"/>
  <testcase name="generateDouble[252]" classname="com.thealgorithms.sorts.SortUtilsRandomGeneratorTest" time="0"/>
  <testcase name="generateDouble[253]" classname="com.thealgorithms.sorts.SortUtilsRandomGeneratorTest" time="0"/>
  <testcase name="generateDouble[254]" classname="com.thealgorithms.sorts.SortUtilsRandomGeneratorTest" time="0"/>
  <testcase name="generateDouble[255]" classname="com.thealgorithms.sorts.SortUtilsRandomGeneratorTest" time="0"/>
  <testcase name="generateDouble[256]" classname="com.thealgorithms.sorts.SortUtilsRandomGeneratorTest" time="0"/>
  <testcase name="generateDouble[257]" classname="com.thealgorithms.sorts.SortUtilsRandomGeneratorTest" time="0"/>
  <testcase name="generateDouble[258]" classname="com.thealgorithms.sorts.SortUtilsRandomGeneratorTest" time="0"/>
  <testcase name="generateDouble[259]" classname="com.thealgorithms.sorts.SortUtilsRandomGeneratorTest" time="0"/>
  <testcase name="generateDouble[260]" classname="com.thealgorithms.sorts.SortUtilsRandomGeneratorTest" time="0"/>
  <testcase name="generateDouble[261]" classname="com.thealgorithms.sorts.SortUtilsRandomGeneratorTest" time="0"/>
  <testcase name="generateDouble[262]" classname="com.thealgorithms.sorts.SortUtilsRandomGeneratorTest" time="0"/>
  <testcase name="generateDouble[263]" classname="com.thealgorithms.sorts.SortUtilsRandomGeneratorTest" time="0.001"/>
  <testcase name="generateDouble[264]" classname="com.thealgorithms.sorts.SortUtilsRandomGeneratorTest" time="0"/>
  <testcase name="generateDouble[265]" classname="com.thealgorithms.sorts.SortUtilsRandomGeneratorTest" time="0"/>
  <testcase name="generateDouble[266]" classname="com.thealgorithms.sorts.SortUtilsRandomGeneratorTest" time="0"/>
  <testcase name="generateDouble[267]" classname="com.thealgorithms.sorts.SortUtilsRandomGeneratorTest" time="0"/>
  <testcase name="generateDouble[268]" classname="com.thealgorithms.sorts.SortUtilsRandomGeneratorTest" time="0"/>
  <testcase name="generateDouble[269]" classname="com.thealgorithms.sorts.SortUtilsRandomGeneratorTest" time="0"/>
  <testcase name="generateDouble[270]" classname="com.thealgorithms.sorts.SortUtilsRandomGeneratorTest" time="0"/>
  <testcase name="generateDouble[271]" classname="com.thealgorithms.sorts.SortUtilsRandomGeneratorTest" time="0"/>
  <testcase name="generateDouble[272]" classname="com.thealgorithms.sorts.SortUtilsRandomGeneratorTest" time="0"/>
  <testcase name="generateDouble[273]" classname="com.thealgorithms.sorts.SortUtilsRandomGeneratorTest" time="0"/>
  <testcase name="generateDouble[274]" classname="com.thealgorithms.sorts.SortUtilsRandomGeneratorTest" time="0"/>
  <testcase name="generateDouble[275]" classname="com.thealgorithms.sorts.SortUtilsRandomGeneratorTest" time="0"/>
  <testcase name="generateDouble[276]" classname="com.thealgorithms.sorts.SortUtilsRandomGeneratorTest" time="0"/>
  <testcase name="generateDouble[277]" classname="com.thealgorithms.sorts.SortUtilsRandomGeneratorTest" time="0"/>
  <testcase name="generateDouble[278]" classname="com.thealgorithms.sorts.SortUtilsRandomGeneratorTest" time="0"/>
  <testcase name="generateDouble[279]" classname="com.thealgorithms.sorts.SortUtilsRandomGeneratorTest" time="0"/>
  <testcase name="generateDouble[280]" classname="com.thealgorithms.sorts.SortUtilsRandomGeneratorTest" time="0"/>
  <testcase name="generateDouble[281]" classname="com.thealgorithms.sorts.SortUtilsRandomGeneratorTest" time="0"/>
  <testcase name="generateDouble[282]" classname="com.thealgorithms.sorts.SortUtilsRandomGeneratorTest" time="0"/>
  <testcase name="generateDouble[283]" classname="com.thealgorithms.sorts.SortUtilsRandomGeneratorTest" time="0"/>
  <testcase name="generateDouble[284]" classname="com.thealgorithms.sorts.SortUtilsRandomGeneratorTest" time="0"/>
  <testcase name="generateDouble[285]" classname="com.thealgorithms.sorts.SortUtilsRandomGeneratorTest" time="0"/>
  <testcase name="generateDouble[286]" classname="com.thealgorithms.sorts.SortUtilsRandomGeneratorTest" time="0"/>
  <testcase name="generateDouble[287]" classname="com.thealgorithms.sorts.SortUtilsRandomGeneratorTest" time="0"/>
  <testcase name="generateDouble[288]" classname="com.thealgorithms.sorts.SortUtilsRandomGeneratorTest" time="0"/>
  <testcase name="generateDouble[289]" classname="com.thealgorithms.sorts.SortUtilsRandomGeneratorTest" time="0"/>
  <testcase name="generateDouble[290]" classname="com.thealgorithms.sorts.SortUtilsRandomGeneratorTest" time="0"/>
  <testcase name="generateDouble[291]" classname="com.thealgorithms.sorts.SortUtilsRandomGeneratorTest" time="0"/>
  <testcase name="generateDouble[292]" classname="com.thealgorithms.sorts.SortUtilsRandomGeneratorTest" time="0"/>
  <testcase name="generateDouble[293]" classname="com.thealgorithms.sorts.SortUtilsRandomGeneratorTest" time="0"/>
  <testcase name="generateDouble[294]" classname="com.thealgorithms.sorts.SortUtilsRandomGeneratorTest" time="0"/>
  <testcase name="generateDouble[295]" classname="com.thealgorithms.sorts.SortUtilsRandomGeneratorTest" time="0"/>
  <testcase name="generateDouble[296]" classname="com.thealgorithms.sorts.SortUtilsRandomGeneratorTest" time="0"/>
  <testcase name="generateDouble[297]" classname="com.thealgorithms.sorts.SortUtilsRandomGeneratorTest" time="0"/>
  <testcase name="generateDouble[298]" classname="com.thealgorithms.sorts.SortUtilsRandomGeneratorTest" time="0"/>
  <testcase name="generateDouble[299]" classname="com.thealgorithms.sorts.SortUtilsRandomGeneratorTest" time="0"/>
  <testcase name="generateDouble[300]" classname="com.thealgorithms.sorts.SortUtilsRandomGeneratorTest" time="0"/>
  <testcase name="generateDouble[301]" classname="com.thealgorithms.sorts.SortUtilsRandomGeneratorTest" time="0.001"/>
  <testcase name="generateDouble[302]" classname="com.thealgorithms.sorts.SortUtilsRandomGeneratorTest" time="0"/>
  <testcase name="generateDouble[303]" classname="com.thealgorithms.sorts.SortUtilsRandomGeneratorTest" time="0"/>
  <testcase name="generateDouble[304]" classname="com.thealgorithms.sorts.SortUtilsRandomGeneratorTest" time="0"/>
  <testcase name="generateDouble[305]" classname="com.thealgorithms.sorts.SortUtilsRandomGeneratorTest" time="0"/>
  <testcase name="generateDouble[306]" classname="com.thealgorithms.sorts.SortUtilsRandomGeneratorTest" time="0"/>
  <testcase name="generateDouble[307]" classname="com.thealgorithms.sorts.SortUtilsRandomGeneratorTest" time="0"/>
  <testcase name="generateDouble[308]" classname="com.thealgorithms.sorts.SortUtilsRandomGeneratorTest" time="0"/>
  <testcase name="generateDouble[309]" classname="com.thealgorithms.sorts.SortUtilsRandomGeneratorTest" time="0"/>
  <testcase name="generateDouble[310]" classname="com.thealgorithms.sorts.SortUtilsRandomGeneratorTest" time="0"/>
  <testcase name="generateDouble[311]" classname="com.thealgorithms.sorts.SortUtilsRandomGeneratorTest" time="0"/>
  <testcase name="generateDouble[312]" classname="com.thealgorithms.sorts.SortUtilsRandomGeneratorTest" time="0"/>
  <testcase name="generateDouble[313]" classname="com.thealgorithms.sorts.SortUtilsRandomGeneratorTest" time="0"/>
  <testcase name="generateDouble[314]" classname="com.thealgorithms.sorts.SortUtilsRandomGeneratorTest" time="0"/>
  <testcase name="generateDouble[315]" classname="com.thealgorithms.sorts.SortUtilsRandomGeneratorTest" time="0"/>
  <testcase name="generateDouble[316]" classname="com.thealgorithms.sorts.SortUtilsRandomGeneratorTest" time="0"/>
  <testcase name="generateDouble[317]" classname="com.thealgorithms.sorts.SortUtilsRandomGeneratorTest" time="0"/>
  <testcase name="generateDouble[318]" classname="com.thealgorithms.sorts.SortUtilsRandomGeneratorTest" time="0"/>
  <testcase name="generateDouble[319]" classname="com.thealgorithms.sorts.SortUtilsRandomGeneratorTest" time="0"/>
  <testcase name="generateDouble[320]" classname="com.thealgorithms.sorts.SortUtilsRandomGeneratorTest" time="0"/>
  <testcase name="generateDouble[321]" classname="com.thealgorithms.sorts.SortUtilsRandomGeneratorTest" time="0"/>
  <testcase name="generateDouble[322]" classname="com.thealgorithms.sorts.SortUtilsRandomGeneratorTest" time="0"/>
  <testcase name="generateDouble[323]" classname="com.thealgorithms.sorts.SortUtilsRandomGeneratorTest" time="0"/>
  <testcase name="generateDouble[324]" classname="com.thealgorithms.sorts.SortUtilsRandomGeneratorTest" time="0"/>
  <testcase name="generateDouble[325]" classname="com.thealgorithms.sorts.SortUtilsRandomGeneratorTest" time="0"/>
  <testcase name="generateDouble[326]" classname="com.thealgorithms.sorts.SortUtilsRandomGeneratorTest" time="0"/>
  <testcase name="generateDouble[327]" classname="com.thealgorithms.sorts.SortUtilsRandomGeneratorTest" time="0"/>
  <testcase name="generateDouble[328]" classname="com.thealgorithms.sorts.SortUtilsRandomGeneratorTest" time="0"/>
  <testcase name="generateDouble[329]" classname="com.thealgorithms.sorts.SortUtilsRandomGeneratorTest" time="0"/>
  <testcase name="generateDouble[330]" classname="com.thealgorithms.sorts.SortUtilsRandomGeneratorTest" time="0"/>
  <testcase name="generateDouble[331]" classname="com.thealgorithms.sorts.SortUtilsRandomGeneratorTest" time="0"/>
  <testcase name="generateDouble[332]" classname="com.thealgorithms.sorts.SortUtilsRandomGeneratorTest" time="0"/>
  <testcase name="generateDouble[333]" classname="com.thealgorithms.sorts.SortUtilsRandomGeneratorTest" time="0"/>
  <testcase name="generateDouble[334]" classname="com.thealgorithms.sorts.SortUtilsRandomGeneratorTest" time="0"/>
  <testcase name="generateDouble[335]" classname="com.thealgorithms.sorts.SortUtilsRandomGeneratorTest" time="0"/>
  <testcase name="generateDouble[336]" classname="com.thealgorithms.sorts.SortUtilsRandomGeneratorTest" time="0"/>
  <testcase name="generateDouble[337]" classname="com.thealgorithms.sorts.SortUtilsRandomGeneratorTest" time="0"/>
  <testcase name="generateDouble[338]" classname="com.thealgorithms.sorts.SortUtilsRandomGeneratorTest" time="0"/>
  <testcase name="generateDouble[339]" classname="com.thealgorithms.sorts.SortUtilsRandomGeneratorTest" time="0"/>
  <testcase name="generateDouble[340]" classname="com.thealgorithms.sorts.SortUtilsRandomGeneratorTest" time="0"/>
  <testcase name="generateDouble[341]" classname="com.thealgorithms.sorts.SortUtilsRandomGeneratorTest" time="0"/>
  <testcase name="generateDouble[342]" classname="com.thealgorithms.sorts.SortUtilsRandomGeneratorTest" time="0"/>
  <testcase name="generateDouble[343]" classname="com.thealgorithms.sorts.SortUtilsRandomGeneratorTest" time="0"/>
  <testcase name="generateDouble[344]" classname="com.thealgorithms.sorts.SortUtilsRandomGeneratorTest" time="0"/>
  <testcase name="generateDouble[345]" classname="com.thealgorithms.sorts.SortUtilsRandomGeneratorTest" time="0"/>
  <testcase name="generateDouble[346]" classname="com.thealgorithms.sorts.SortUtilsRandomGeneratorTest" time="0"/>
  <testcase name="generateDouble[347]" classname="com.thealgorithms.sorts.SortUtilsRandomGeneratorTest" time="0"/>
  <testcase name="generateDouble[348]" classname="com.thealgorithms.sorts.SortUtilsRandomGeneratorTest" time="0"/>
  <testcase name="generateDouble[349]" classname="com.thealgorithms.sorts.SortUtilsRandomGeneratorTest" time="0.001"/>
  <testcase name="generateDouble[350]" classname="com.thealgorithms.sorts.SortUtilsRandomGeneratorTest" time="0"/>
  <testcase name="generateDouble[351]" classname="com.thealgorithms.sorts.SortUtilsRandomGeneratorTest" time="0"/>
  <testcase name="generateDouble[352]" classname="com.thealgorithms.sorts.SortUtilsRandomGeneratorTest" time="0"/>
  <testcase name="generateDouble[353]" classname="com.thealgorithms.sorts.SortUtilsRandomGeneratorTest" time="0"/>
  <testcase name="generateDouble[354]" classname="com.thealgorithms.sorts.SortUtilsRandomGeneratorTest" time="0"/>
  <testcase name="generateDouble[355]" classname="com.thealgorithms.sorts.SortUtilsRandomGeneratorTest" time="0"/>
  <testcase name="generateDouble[356]" classname="com.thealgorithms.sorts.SortUtilsRandomGeneratorTest" time="0"/>
  <testcase name="generateDouble[357]" classname="com.thealgorithms.sorts.SortUtilsRandomGeneratorTest" time="0"/>
  <testcase name="generateDouble[358]" classname="com.thealgorithms.sorts.SortUtilsRandomGeneratorTest" time="0"/>
  <testcase name="generateDouble[359]" classname="com.thealgorithms.sorts.SortUtilsRandomGeneratorTest" time="0"/>
  <testcase name="generateDouble[360]" classname="com.thealgorithms.sorts.SortUtilsRandomGeneratorTest" time="0"/>
  <testcase name="generateDouble[361]" classname="com.thealgorithms.sorts.SortUtilsRandomGeneratorTest" time="0"/>
  <testcase name="generateDouble[362]" classname="com.thealgorithms.sorts.SortUtilsRandomGeneratorTest" time="0"/>
  <testcase name="generateDouble[363]" classname="com.thealgorithms.sorts.SortUtilsRandomGeneratorTest" time="0"/>
  <testcase name="generateDouble[364]" classname="com.thealgorithms.sorts.SortUtilsRandomGeneratorTest" time="0"/>
  <testcase name="generateDouble[365]" classname="com.thealgorithms.sorts.SortUtilsRandomGeneratorTest" time="0"/>
  <testcase name="generateDouble[366]" classname="com.thealgorithms.sorts.SortUtilsRandomGeneratorTest" time="0"/>
  <testcase name="generateDouble[367]" classname="com.thealgorithms.sorts.SortUtilsRandomGeneratorTest" time="0"/>
  <testcase name="generateDouble[368]" classname="com.thealgorithms.sorts.SortUtilsRandomGeneratorTest" time="0"/>
  <testcase name="generateDouble[369]" classname="com.thealgorithms.sorts.SortUtilsRandomGeneratorTest" time="0"/>
  <testcase name="generateDouble[370]" classname="com.thealgorithms.sorts.SortUtilsRandomGeneratorTest" time="0"/>
  <testcase name="generateDouble[371]" classname="com.thealgorithms.sorts.SortUtilsRandomGeneratorTest" time="0"/>
  <testcase name="generateDouble[372]" classname="com.thealgorithms.sorts.SortUtilsRandomGeneratorTest" time="0"/>
  <testcase name="generateDouble[373]" classname="com.thealgorithms.sorts.SortUtilsRandomGeneratorTest" time="0"/>
  <testcase name="generateDouble[374]" classname="com.thealgorithms.sorts.SortUtilsRandomGeneratorTest" time="0"/>
  <testcase name="generateDouble[375]" classname="com.thealgorithms.sorts.SortUtilsRandomGeneratorTest" time="0"/>
  <testcase name="generateDouble[376]" classname="com.thealgorithms.sorts.SortUtilsRandomGeneratorTest" time="0"/>
  <testcase name="generateDouble[377]" classname="com.thealgorithms.sorts.SortUtilsRandomGeneratorTest" time="0"/>
  <testcase name="generateDouble[378]" classname="com.thealgorithms.sorts.SortUtilsRandomGeneratorTest" time="0"/>
  <testcase name="generateDouble[379]" classname="com.thealgorithms.sorts.SortUtilsRandomGeneratorTest" time="0"/>
  <testcase name="generateDouble[380]" classname="com.thealgorithms.sorts.SortUtilsRandomGeneratorTest" time="0"/>
  <testcase name="generateDouble[381]" classname="com.thealgorithms.sorts.SortUtilsRandomGeneratorTest" time="0"/>
  <testcase name="generateDouble[382]" classname="com.thealgorithms.sorts.SortUtilsRandomGeneratorTest" time="0"/>
  <testcase name="generateDouble[383]" classname="com.thealgorithms.sorts.SortUtilsRandomGeneratorTest" time="0"/>
  <testcase name="generateDouble[384]" classname="com.thealgorithms.sorts.SortUtilsRandomGeneratorTest" time="0"/>
  <testcase name="generateDouble[385]" classname="com.thealgorithms.sorts.SortUtilsRandomGeneratorTest" time="0"/>
  <testcase name="generateDouble[386]" classname="com.thealgorithms.sorts.SortUtilsRandomGeneratorTest" time="0"/>
  <testcase name="generateDouble[387]" classname="com.thealgorithms.sorts.SortUtilsRandomGeneratorTest" time="0"/>
  <testcase name="generateDouble[388]" classname="com.thealgorithms.sorts.SortUtilsRandomGeneratorTest" time="0"/>
  <testcase name="generateDouble[389]" classname="com.thealgorithms.sorts.SortUtilsRandomGeneratorTest" time="0"/>
  <testcase name="generateDouble[390]" classname="com.thealgorithms.sorts.SortUtilsRandomGeneratorTest" time="0"/>
  <testcase name="generateDouble[391]" classname="com.thealgorithms.sorts.SortUtilsRandomGeneratorTest" time="0"/>
  <testcase name="generateDouble[392]" classname="com.thealgorithms.sorts.SortUtilsRandomGeneratorTest" time="0"/>
  <testcase name="generateDouble[393]" classname="com.thealgorithms.sorts.SortUtilsRandomGeneratorTest" time="0"/>
  <testcase name="generateDouble[394]" classname="com.thealgorithms.sorts.SortUtilsRandomGeneratorTest" time="0"/>
  <testcase name="generateDouble[395]" classname="com.thealgorithms.sorts.SortUtilsRandomGeneratorTest" time="0"/>
  <testcase name="generateDouble[396]" classname="com.thealgorithms.sorts.SortUtilsRandomGeneratorTest" time="0"/>
  <testcase name="generateDouble[397]" classname="com.thealgorithms.sorts.SortUtilsRandomGeneratorTest" time="0"/>
  <testcase name="generateDouble[398]" classname="com.thealgorithms.sorts.SortUtilsRandomGeneratorTest" time="0"/>
  <testcase name="generateDouble[399]" classname="com.thealgorithms.sorts.SortUtilsRandomGeneratorTest" time="0"/>
  <testcase name="generateDouble[400]" classname="com.thealgorithms.sorts.SortUtilsRandomGeneratorTest" time="0"/>
  <testcase name="generateDouble[401]" classname="com.thealgorithms.sorts.SortUtilsRandomGeneratorTest" time="0"/>
  <testcase name="generateDouble[402]" classname="com.thealgorithms.sorts.SortUtilsRandomGeneratorTest" time="0"/>
  <testcase name="generateDouble[403]" classname="com.thealgorithms.sorts.SortUtilsRandomGeneratorTest" time="0"/>
  <testcase name="generateDouble[404]" classname="com.thealgorithms.sorts.SortUtilsRandomGeneratorTest" time="0"/>
  <testcase name="generateDouble[405]" classname="com.thealgorithms.sorts.SortUtilsRandomGeneratorTest" time="0"/>
  <testcase name="generateDouble[406]" classname="com.thealgorithms.sorts.SortUtilsRandomGeneratorTest" time="0"/>
  <testcase name="generateDouble[407]" classname="com.thealgorithms.sorts.SortUtilsRandomGeneratorTest" time="0"/>
  <testcase name="generateDouble[408]" classname="com.thealgorithms.sorts.SortUtilsRandomGeneratorTest" time="0"/>
  <testcase name="generateDouble[409]" classname="com.thealgorithms.sorts.SortUtilsRandomGeneratorTest" time="0"/>
  <testcase name="generateDouble[410]" classname="com.thealgorithms.sorts.SortUtilsRandomGeneratorTest" time="0"/>
  <testcase name="generateDouble[411]" classname="com.thealgorithms.sorts.SortUtilsRandomGeneratorTest" time="0"/>
  <testcase name="generateDouble[412]" classname="com.thealgorithms.sorts.SortUtilsRandomGeneratorTest" time="0"/>
  <testcase name="generateDouble[413]" classname="com.thealgorithms.sorts.SortUtilsRandomGeneratorTest" time="0"/>
  <testcase name="generateDouble[414]" classname="com.thealgorithms.sorts.SortUtilsRandomGeneratorTest" time="0"/>
  <testcase name="generateDouble[415]" classname="com.thealgorithms.sorts.SortUtilsRandomGeneratorTest" time="0"/>
  <testcase name="generateDouble[416]" classname="com.thealgorithms.sorts.SortUtilsRandomGeneratorTest" time="0"/>
  <testcase name="generateDouble[417]" classname="com.thealgorithms.sorts.SortUtilsRandomGeneratorTest" time="0"/>
  <testcase name="generateDouble[418]" classname="com.thealgorithms.sorts.SortUtilsRandomGeneratorTest" time="0"/>
  <testcase name="generateDouble[419]" classname="com.thealgorithms.sorts.SortUtilsRandomGeneratorTest" time="0"/>
  <testcase name="generateDouble[420]" classname="com.thealgorithms.sorts.SortUtilsRandomGeneratorTest" time="0"/>
  <testcase name="generateDouble[421]" classname="com.thealgorithms.sorts.SortUtilsRandomGeneratorTest" time="0.001"/>
  <testcase name="generateDouble[422]" classname="com.thealgorithms.sorts.SortUtilsRandomGeneratorTest" time="0"/>
  <testcase name="generateDouble[423]" classname="com.thealgorithms.sorts.SortUtilsRandomGeneratorTest" time="0"/>
  <testcase name="generateDouble[424]" classname="com.thealgorithms.sorts.SortUtilsRandomGeneratorTest" time="0"/>
  <testcase name="generateDouble[425]" classname="com.thealgorithms.sorts.SortUtilsRandomGeneratorTest" time="0"/>
  <testcase name="generateDouble[426]" classname="com.thealgorithms.sorts.SortUtilsRandomGeneratorTest" time="0"/>
  <testcase name="generateDouble[427]" classname="com.thealgorithms.sorts.SortUtilsRandomGeneratorTest" time="0"/>
  <testcase name="generateDouble[428]" classname="com.thealgorithms.sorts.SortUtilsRandomGeneratorTest" time="0"/>
  <testcase name="generateDouble[429]" classname="com.thealgorithms.sorts.SortUtilsRandomGeneratorTest" time="0"/>
  <testcase name="generateDouble[430]" classname="com.thealgorithms.sorts.SortUtilsRandomGeneratorTest" time="0"/>
  <testcase name="generateDouble[431]" classname="com.thealgorithms.sorts.SortUtilsRandomGeneratorTest" time="0"/>
  <testcase name="generateDouble[432]" classname="com.thealgorithms.sorts.SortUtilsRandomGeneratorTest" time="0"/>
  <testcase name="generateDouble[433]" classname="com.thealgorithms.sorts.SortUtilsRandomGeneratorTest" time="0"/>
  <testcase name="generateDouble[434]" classname="com.thealgorithms.sorts.SortUtilsRandomGeneratorTest" time="0"/>
  <testcase name="generateDouble[435]" classname="com.thealgorithms.sorts.SortUtilsRandomGeneratorTest" time="0"/>
  <testcase name="generateDouble[436]" classname="com.thealgorithms.sorts.SortUtilsRandomGeneratorTest" time="0"/>
  <testcase name="generateDouble[437]" classname="com.thealgorithms.sorts.SortUtilsRandomGeneratorTest" time="0"/>
  <testcase name="generateDouble[438]" classname="com.thealgorithms.sorts.SortUtilsRandomGeneratorTest" time="0"/>
  <testcase name="generateDouble[439]" classname="com.thealgorithms.sorts.SortUtilsRandomGeneratorTest" time="0"/>
  <testcase name="generateDouble[440]" classname="com.thealgorithms.sorts.SortUtilsRandomGeneratorTest" time="0"/>
  <testcase name="generateDouble[441]" classname="com.thealgorithms.sorts.SortUtilsRandomGeneratorTest" time="0"/>
  <testcase name="generateDouble[442]" classname="com.thealgorithms.sorts.SortUtilsRandomGeneratorTest" time="0"/>
  <testcase name="generateDouble[443]" classname="com.thealgorithms.sorts.SortUtilsRandomGeneratorTest" time="0"/>
  <testcase name="generateDouble[444]" classname="com.thealgorithms.sorts.SortUtilsRandomGeneratorTest" time="0"/>
  <testcase name="generateDouble[445]" classname="com.thealgorithms.sorts.SortUtilsRandomGeneratorTest" time="0"/>
  <testcase name="generateDouble[446]" classname="com.thealgorithms.sorts.SortUtilsRandomGeneratorTest" time="0"/>
  <testcase name="generateDouble[447]" classname="com.thealgorithms.sorts.SortUtilsRandomGeneratorTest" time="0"/>
  <testcase name="generateDouble[448]" classname="com.thealgorithms.sorts.SortUtilsRandomGeneratorTest" time="0"/>
  <testcase name="generateDouble[449]" classname="com.thealgorithms.sorts.SortUtilsRandomGeneratorTest" time="0"/>
  <testcase name="generateDouble[450]" classname="com.thealgorithms.sorts.SortUtilsRandomGeneratorTest" time="0"/>
  <testcase name="generateDouble[451]" classname="com.thealgorithms.sorts.SortUtilsRandomGeneratorTest" time="0"/>
  <testcase name="generateDouble[452]" classname="com.thealgorithms.sorts.SortUtilsRandomGeneratorTest" time="0"/>
  <testcase name="generateDouble[453]" classname="com.thealgorithms.sorts.SortUtilsRandomGeneratorTest" time="0"/>
  <testcase name="generateDouble[454]" classname="com.thealgorithms.sorts.SortUtilsRandomGeneratorTest" time="0"/>
  <testcase name="generateDouble[455]" classname="com.thealgorithms.sorts.SortUtilsRandomGeneratorTest" time="0"/>
  <testcase name="generateDouble[456]" classname="com.thealgorithms.sorts.SortUtilsRandomGeneratorTest" time="0"/>
  <testcase name="generateDouble[457]" classname="com.thealgorithms.sorts.SortUtilsRandomGeneratorTest" time="0"/>
  <testcase name="generateDouble[458]" classname="com.thealgorithms.sorts.SortUtilsRandomGeneratorTest" time="0"/>
  <testcase name="generateDouble[459]" classname="com.thealgorithms.sorts.SortUtilsRandomGeneratorTest" time="0"/>
  <testcase name="generateDouble[460]" classname="com.thealgorithms.sorts.SortUtilsRandomGeneratorTest" time="0.001"/>
  <testcase name="generateDouble[461]" classname="com.thealgorithms.sorts.SortUtilsRandomGeneratorTest" time="0"/>
  <testcase name="generateDouble[462]" classname="com.thealgorithms.sorts.SortUtilsRandomGeneratorTest" time="0"/>
  <testcase name="generateDouble[463]" classname="com.thealgorithms.sorts.SortUtilsRandomGeneratorTest" time="0"/>
  <testcase name="generateDouble[464]" classname="com.thealgorithms.sorts.SortUtilsRandomGeneratorTest" time="0"/>
  <testcase name="generateDouble[465]" classname="com.thealgorithms.sorts.SortUtilsRandomGeneratorTest" time="0"/>
  <testcase name="generateDouble[466]" classname="com.thealgorithms.sorts.SortUtilsRandomGeneratorTest" time="0"/>
  <testcase name="generateDouble[467]" classname="com.thealgorithms.sorts.SortUtilsRandomGeneratorTest" time="0"/>
  <testcase name="generateDouble[468]" classname="com.thealgorithms.sorts.SortUtilsRandomGeneratorTest" time="0"/>
  <testcase name="generateDouble[469]" classname="com.thealgorithms.sorts.SortUtilsRandomGeneratorTest" time="0"/>
  <testcase name="generateDouble[470]" classname="com.thealgorithms.sorts.SortUtilsRandomGeneratorTest" time="0"/>
  <testcase name="generateDouble[471]" classname="com.thealgorithms.sorts.SortUtilsRandomGeneratorTest" time="0"/>
  <testcase name="generateDouble[472]" classname="com.thealgorithms.sorts.SortUtilsRandomGeneratorTest" time="0"/>
  <testcase name="generateDouble[473]" classname="com.thealgorithms.sorts.SortUtilsRandomGeneratorTest" time="0"/>
  <testcase name="generateDouble[474]" classname="com.thealgorithms.sorts.SortUtilsRandomGeneratorTest" time="0"/>
  <testcase name="generateDouble[475]" classname="com.thealgorithms.sorts.SortUtilsRandomGeneratorTest" time="0"/>
  <testcase name="generateDouble[476]" classname="com.thealgorithms.sorts.SortUtilsRandomGeneratorTest" time="0"/>
  <testcase name="generateDouble[477]" classname="com.thealgorithms.sorts.SortUtilsRandomGeneratorTest" time="0"/>
  <testcase name="generateDouble[478]" classname="com.thealgorithms.sorts.SortUtilsRandomGeneratorTest" time="0"/>
  <testcase name="generateDouble[479]" classname="com.thealgorithms.sorts.SortUtilsRandomGeneratorTest" time="0.001"/>
  <testcase name="generateDouble[480]" classname="com.thealgorithms.sorts.SortUtilsRandomGeneratorTest" time="0"/>
  <testcase name="generateDouble[481]" classname="com.thealgorithms.sorts.SortUtilsRandomGeneratorTest" time="0"/>
  <testcase name="generateDouble[482]" classname="com.thealgorithms.sorts.SortUtilsRandomGeneratorTest" time="0"/>
  <testcase name="generateDouble[483]" classname="com.thealgorithms.sorts.SortUtilsRandomGeneratorTest" time="0"/>
  <testcase name="generateDouble[484]" classname="com.thealgorithms.sorts.SortUtilsRandomGeneratorTest" time="0"/>
  <testcase name="generateDouble[485]" classname="com.thealgorithms.sorts.SortUtilsRandomGeneratorTest" time="0"/>
  <testcase name="generateDouble[486]" classname="com.thealgorithms.sorts.SortUtilsRandomGeneratorTest" time="0"/>
  <testcase name="generateDouble[487]" classname="com.thealgorithms.sorts.SortUtilsRandomGeneratorTest" time="0"/>
  <testcase name="generateDouble[488]" classname="com.thealgorithms.sorts.SortUtilsRandomGeneratorTest" time="0"/>
  <testcase name="generateDouble[489]" classname="com.thealgorithms.sorts.SortUtilsRandomGeneratorTest" time="0"/>
  <testcase name="generateDouble[490]" classname="com.thealgorithms.sorts.SortUtilsRandomGeneratorTest" time="0"/>
  <testcase name="generateDouble[491]" classname="com.thealgorithms.sorts.SortUtilsRandomGeneratorTest" time="0"/>
  <testcase name="generateDouble[492]" classname="com.thealgorithms.sorts.SortUtilsRandomGeneratorTest" time="0"/>
  <testcase name="generateDouble[493]" classname="com.thealgorithms.sorts.SortUtilsRandomGeneratorTest" time="0"/>
  <testcase name="generateDouble[494]" classname="com.thealgorithms.sorts.SortUtilsRandomGeneratorTest" time="0"/>
  <testcase name="generateDouble[495]" classname="com.thealgorithms.sorts.SortUtilsRandomGeneratorTest" time="0"/>
  <testcase name="generateDouble[496]" classname="com.thealgorithms.sorts.SortUtilsRandomGeneratorTest" time="0"/>
  <testcase name="generateDouble[497]" classname="com.thealgorithms.sorts.SortUtilsRandomGeneratorTest" time="0"/>
  <testcase name="generateDouble[498]" classname="com.thealgorithms.sorts.SortUtilsRandomGeneratorTest" time="0"/>
  <testcase name="generateDouble[499]" classname="com.thealgorithms.sorts.SortUtilsRandomGeneratorTest" time="0.001"/>
  <testcase name="generateDouble[500]" classname="com.thealgorithms.sorts.SortUtilsRandomGeneratorTest" time="0"/>
  <testcase name="generateDouble[501]" classname="com.thealgorithms.sorts.SortUtilsRandomGeneratorTest" time="0"/>
  <testcase name="generateDouble[502]" classname="com.thealgorithms.sorts.SortUtilsRandomGeneratorTest" time="0"/>
  <testcase name="generateDouble[503]" classname="com.thealgorithms.sorts.SortUtilsRandomGeneratorTest" time="0"/>
  <testcase name="generateDouble[504]" classname="com.thealgorithms.sorts.SortUtilsRandomGeneratorTest" time="0"/>
  <testcase name="generateDouble[505]" classname="com.thealgorithms.sorts.SortUtilsRandomGeneratorTest" time="0"/>
  <testcase name="generateDouble[506]" classname="com.thealgorithms.sorts.SortUtilsRandomGeneratorTest" time="0"/>
  <testcase name="generateDouble[507]" classname="com.thealgorithms.sorts.SortUtilsRandomGeneratorTest" time="0"/>
  <testcase name="generateDouble[508]" classname="com.thealgorithms.sorts.SortUtilsRandomGeneratorTest" time="0"/>
  <testcase name="generateDouble[509]" classname="com.thealgorithms.sorts.SortUtilsRandomGeneratorTest" time="0"/>
  <testcase name="generateDouble[510]" classname="com.thealgorithms.sorts.SortUtilsRandomGeneratorTest" time="0"/>
  <testcase name="generateDouble[511]" classname="com.thealgorithms.sorts.SortUtilsRandomGeneratorTest" time="0"/>
  <testcase name="generateDouble[512]" classname="com.thealgorithms.sorts.SortUtilsRandomGeneratorTest" time="0"/>
  <testcase name="generateDouble[513]" classname="com.thealgorithms.sorts.SortUtilsRandomGeneratorTest" time="0"/>
  <testcase name="generateDouble[514]" classname="com.thealgorithms.sorts.SortUtilsRandomGeneratorTest" time="0"/>
  <testcase name="generateDouble[515]" classname="com.thealgorithms.sorts.SortUtilsRandomGeneratorTest" time="0"/>
  <testcase name="generateDouble[516]" classname="com.thealgorithms.sorts.SortUtilsRandomGeneratorTest" time="0"/>
  <testcase name="generateDouble[517]" classname="com.thealgorithms.sorts.SortUtilsRandomGeneratorTest" time="0"/>
  <testcase name="generateDouble[518]" classname="com.thealgorithms.sorts.SortUtilsRandomGeneratorTest" time="0.001"/>
  <testcase name="generateDouble[519]" classname="com.thealgorithms.sorts.SortUtilsRandomGeneratorTest" time="0"/>
  <testcase name="generateDouble[520]" classname="com.thealgorithms.sorts.SortUtilsRandomGeneratorTest" time="0"/>
  <testcase name="generateDouble[521]" classname="com.thealgorithms.sorts.SortUtilsRandomGeneratorTest" time="0"/>
  <testcase name="generateDouble[522]" classname="com.thealgorithms.sorts.SortUtilsRandomGeneratorTest" time="0"/>
  <testcase name="generateDouble[523]" classname="com.thealgorithms.sorts.SortUtilsRandomGeneratorTest" time="0"/>
  <testcase name="generateDouble[524]" classname="com.thealgorithms.sorts.SortUtilsRandomGeneratorTest" time="0"/>
  <testcase name="generateDouble[525]" classname="com.thealgorithms.sorts.SortUtilsRandomGeneratorTest" time="0"/>
  <testcase name="generateDouble[526]" classname="com.thealgorithms.sorts.SortUtilsRandomGeneratorTest" time="0"/>
  <testcase name="generateDouble[527]" classname="com.thealgorithms.sorts.SortUtilsRandomGeneratorTest" time="0"/>
  <testcase name="generateDouble[528]" classname="com.thealgorithms.sorts.SortUtilsRandomGeneratorTest" time="0"/>
  <testcase name="generateDouble[529]" classname="com.thealgorithms.sorts.SortUtilsRandomGeneratorTest" time="0"/>
  <testcase name="generateDouble[530]" classname="com.thealgorithms.sorts.SortUtilsRandomGeneratorTest" time="0"/>
  <testcase name="generateDouble[531]" classname="com.thealgorithms.sorts.SortUtilsRandomGeneratorTest" time="0"/>
  <testcase name="generateDouble[532]" classname="com.thealgorithms.sorts.SortUtilsRandomGeneratorTest" time="0"/>
  <testcase name="generateDouble[533]" classname="com.thealgorithms.sorts.SortUtilsRandomGeneratorTest" time="0"/>
  <testcase name="generateDouble[534]" classname="com.thealgorithms.sorts.SortUtilsRandomGeneratorTest" time="0"/>
  <testcase name="generateDouble[535]" classname="com.thealgorithms.sorts.SortUtilsRandomGeneratorTest" time="0"/>
  <testcase name="generateDouble[536]" classname="com.thealgorithms.sorts.SortUtilsRandomGeneratorTest" time="0"/>
  <testcase name="generateDouble[537]" classname="com.thealgorithms.sorts.SortUtilsRandomGeneratorTest" time="0"/>
  <testcase name="generateDouble[538]" classname="com.thealgorithms.sorts.SortUtilsRandomGeneratorTest" time="0"/>
  <testcase name="generateDouble[539]" classname="com.thealgorithms.sorts.SortUtilsRandomGeneratorTest" time="0"/>
  <testcase name="generateDouble[540]" classname="com.thealgorithms.sorts.SortUtilsRandomGeneratorTest" time="0"/>
  <testcase name="generateDouble[541]" classname="com.thealgorithms.sorts.SortUtilsRandomGeneratorTest" time="0"/>
  <testcase name="generateDouble[542]" classname="com.thealgorithms.sorts.SortUtilsRandomGeneratorTest" time="0"/>
  <testcase name="generateDouble[543]" classname="com.thealgorithms.sorts.SortUtilsRandomGeneratorTest" time="0"/>
  <testcase name="generateDouble[544]" classname="com.thealgorithms.sorts.SortUtilsRandomGeneratorTest" time="0"/>
  <testcase name="generateDouble[545]" classname="com.thealgorithms.sorts.SortUtilsRandomGeneratorTest" time="0"/>
  <testcase name="generateDouble[546]" classname="com.thealgorithms.sorts.SortUtilsRandomGeneratorTest" time="0"/>
  <testcase name="generateDouble[547]" classname="com.thealgorithms.sorts.SortUtilsRandomGeneratorTest" time="0"/>
  <testcase name="generateDouble[548]" classname="com.thealgorithms.sorts.SortUtilsRandomGeneratorTest" time="0"/>
  <testcase name="generateDouble[549]" classname="com.thealgorithms.sorts.SortUtilsRandomGeneratorTest" time="0.001"/>
  <testcase name="generateDouble[550]" classname="com.thealgorithms.sorts.SortUtilsRandomGeneratorTest" time="0"/>
  <testcase name="generateDouble[551]" classname="com.thealgorithms.sorts.SortUtilsRandomGeneratorTest" time="0"/>
  <testcase name="generateDouble[552]" classname="com.thealgorithms.sorts.SortUtilsRandomGeneratorTest" time="0"/>
  <testcase name="generateDouble[553]" classname="com.thealgorithms.sorts.SortUtilsRandomGeneratorTest" time="0"/>
  <testcase name="generateDouble[554]" classname="com.thealgorithms.sorts.SortUtilsRandomGeneratorTest" time="0"/>
  <testcase name="generateDouble[555]" classname="com.thealgorithms.sorts.SortUtilsRandomGeneratorTest" time="0"/>
  <testcase name="generateDouble[556]" classname="com.thealgorithms.sorts.SortUtilsRandomGeneratorTest" time="0"/>
  <testcase name="generateDouble[557]" classname="com.thealgorithms.sorts.SortUtilsRandomGeneratorTest" time="0"/>
  <testcase name="generateDouble[558]" classname="com.thealgorithms.sorts.SortUtilsRandomGeneratorTest" time="0"/>
  <testcase name="generateDouble[559]" classname="com.thealgorithms.sorts.SortUtilsRandomGeneratorTest" time="0"/>
  <testcase name="generateDouble[560]" classname="com.thealgorithms.sorts.SortUtilsRandomGeneratorTest" time="0"/>
  <testcase name="generateDouble[561]" classname="com.thealgorithms.sorts.SortUtilsRandomGeneratorTest" time="0"/>
  <testcase name="generateDouble[562]" classname="com.thealgorithms.sorts.SortUtilsRandomGeneratorTest" time="0"/>
  <testcase name="generateDouble[563]" classname="com.thealgorithms.sorts.SortUtilsRandomGeneratorTest" time="0"/>
  <testcase name="generateDouble[564]" classname="com.thealgorithms.sorts.SortUtilsRandomGeneratorTest" time="0"/>
  <testcase name="generateDouble[565]" classname="com.thealgorithms.sorts.SortUtilsRandomGeneratorTest" time="0"/>
  <testcase name="generateDouble[566]" classname="com.thealgorithms.sorts.SortUtilsRandomGeneratorTest" time="0"/>
  <testcase name="generateDouble[567]" classname="com.thealgorithms.sorts.SortUtilsRandomGeneratorTest" time="0"/>
  <testcase name="generateDouble[568]" classname="com.thealgorithms.sorts.SortUtilsRandomGeneratorTest" time="0"/>
  <testcase name="generateDouble[569]" classname="com.thealgorithms.sorts.SortUtilsRandomGeneratorTest" time="0"/>
  <testcase name="generateDouble[570]" classname="com.thealgorithms.sorts.SortUtilsRandomGeneratorTest" time="0"/>
  <testcase name="generateDouble[571]" classname="com.thealgorithms.sorts.SortUtilsRandomGeneratorTest" time="0"/>
  <testcase name="generateDouble[572]" classname="com.thealgorithms.sorts.SortUtilsRandomGeneratorTest" time="0"/>
  <testcase name="generateDouble[573]" classname="com.thealgorithms.sorts.SortUtilsRandomGeneratorTest" time="0"/>
  <testcase name="generateDouble[574]" classname="com.thealgorithms.sorts.SortUtilsRandomGeneratorTest" time="0"/>
  <testcase name="generateDouble[575]" classname="com.thealgorithms.sorts.SortUtilsRandomGeneratorTest" time="0"/>
  <testcase name="generateDouble[576]" classname="com.thealgorithms.sorts.SortUtilsRandomGeneratorTest" time="0"/>
  <testcase name="generateDouble[577]" classname="com.thealgorithms.sorts.SortUtilsRandomGeneratorTest" time="0"/>
  <testcase name="generateDouble[578]" classname="com.thealgorithms.sorts.SortUtilsRandomGeneratorTest" time="0"/>
  <testcase name="generateDouble[579]" classname="com.thealgorithms.sorts.SortUtilsRandomGeneratorTest" time="0"/>
  <testcase name="generateDouble[580]" classname="com.thealgorithms.sorts.SortUtilsRandomGeneratorTest" time="0"/>
  <testcase name="generateDouble[581]" classname="com.thealgorithms.sorts.SortUtilsRandomGeneratorTest" time="0"/>
  <testcase name="generateDouble[582]" classname="com.thealgorithms.sorts.SortUtilsRandomGeneratorTest" time="0"/>
  <testcase name="generateDouble[583]" classname="com.thealgorithms.sorts.SortUtilsRandomGeneratorTest" time="0"/>
  <testcase name="generateDouble[584]" classname="com.thealgorithms.sorts.SortUtilsRandomGeneratorTest" time="0"/>
  <testcase name="generateDouble[585]" classname="com.thealgorithms.sorts.SortUtilsRandomGeneratorTest" time="0.001"/>
  <testcase name="generateDouble[586]" classname="com.thealgorithms.sorts.SortUtilsRandomGeneratorTest" time="0"/>
  <testcase name="generateDouble[587]" classname="com.thealgorithms.sorts.SortUtilsRandomGeneratorTest" time="0"/>
  <testcase name="generateDouble[588]" classname="com.thealgorithms.sorts.SortUtilsRandomGeneratorTest" time="0"/>
  <testcase name="generateDouble[589]" classname="com.thealgorithms.sorts.SortUtilsRandomGeneratorTest" time="0"/>
  <testcase name="generateDouble[590]" classname="com.thealgorithms.sorts.SortUtilsRandomGeneratorTest" time="0"/>
  <testcase name="generateDouble[591]" classname="com.thealgorithms.sorts.SortUtilsRandomGeneratorTest" time="0"/>
  <testcase name="generateDouble[592]" classname="com.thealgorithms.sorts.SortUtilsRandomGeneratorTest" time="0"/>
  <testcase name="generateDouble[593]" classname="com.thealgorithms.sorts.SortUtilsRandomGeneratorTest" time="0"/>
  <testcase name="generateDouble[594]" classname="com.thealgorithms.sorts.SortUtilsRandomGeneratorTest" time="0"/>
  <testcase name="generateDouble[595]" classname="com.thealgorithms.sorts.SortUtilsRandomGeneratorTest" time="0"/>
  <testcase name="generateDouble[596]" classname="com.thealgorithms.sorts.SortUtilsRandomGeneratorTest" time="0"/>
  <testcase name="generateDouble[597]" classname="com.thealgorithms.sorts.SortUtilsRandomGeneratorTest" time="0"/>
  <testcase name="generateDouble[598]" classname="com.thealgorithms.sorts.SortUtilsRandomGeneratorTest" time="0"/>
  <testcase name="generateDouble[599]" classname="com.thealgorithms.sorts.SortUtilsRandomGeneratorTest" time="0"/>
  <testcase name="generateDouble[600]" classname="com.thealgorithms.sorts.SortUtilsRandomGeneratorTest" time="0"/>
  <testcase name="generateDouble[601]" classname="com.thealgorithms.sorts.SortUtilsRandomGeneratorTest" time="0"/>
  <testcase name="generateDouble[602]" classname="com.thealgorithms.sorts.SortUtilsRandomGeneratorTest" time="0"/>
  <testcase name="generateDouble[603]" classname="com.thealgorithms.sorts.SortUtilsRandomGeneratorTest" time="0"/>
  <testcase name="generateDouble[604]" classname="com.thealgorithms.sorts.SortUtilsRandomGeneratorTest" time="0"/>
  <testcase name="generateDouble[605]" classname="com.thealgorithms.sorts.SortUtilsRandomGeneratorTest" time="0"/>
  <testcase name="generateDouble[606]" classname="com.thealgorithms.sorts.SortUtilsRandomGeneratorTest" time="0"/>
  <testcase name="generateDouble[607]" classname="com.thealgorithms.sorts.SortUtilsRandomGeneratorTest" time="0"/>
  <testcase name="generateDouble[608]" classname="com.thealgorithms.sorts.SortUtilsRandomGeneratorTest" time="0"/>
  <testcase name="generateDouble[609]" classname="com.thealgorithms.sorts.SortUtilsRandomGeneratorTest" time="0"/>
  <testcase name="generateDouble[610]" classname="com.thealgorithms.sorts.SortUtilsRandomGeneratorTest" time="0"/>
  <testcase name="generateDouble[611]" classname="com.thealgorithms.sorts.SortUtilsRandomGeneratorTest" time="0"/>
  <testcase name="generateDouble[612]" classname="com.thealgorithms.sorts.SortUtilsRandomGeneratorTest" time="0"/>
  <testcase name="generateDouble[613]" classname="com.thealgorithms.sorts.SortUtilsRandomGeneratorTest" time="0"/>
  <testcase name="generateDouble[614]" classname="com.thealgorithms.sorts.SortUtilsRandomGeneratorTest" time="0"/>
  <testcase name="generateDouble[615]" classname="com.thealgorithms.sorts.SortUtilsRandomGeneratorTest" time="0"/>
  <testcase name="generateDouble[616]" classname="com.thealgorithms.sorts.SortUtilsRandomGeneratorTest" time="0"/>
  <testcase name="generateDouble[617]" classname="com.thealgorithms.sorts.SortUtilsRandomGeneratorTest" time="0"/>
  <testcase name="generateDouble[618]" classname="com.thealgorithms.sorts.SortUtilsRandomGeneratorTest" time="0"/>
  <testcase name="generateDouble[619]" classname="com.thealgorithms.sorts.SortUtilsRandomGeneratorTest" time="0"/>
  <testcase name="generateDouble[620]" classname="com.thealgorithms.sorts.SortUtilsRandomGeneratorTest" time="0"/>
  <testcase name="generateDouble[621]" classname="com.thealgorithms.sorts.SortUtilsRandomGeneratorTest" time="0"/>
  <testcase name="generateDouble[622]" classname="com.thealgorithms.sorts.SortUtilsRandomGeneratorTest" time="0"/>
  <testcase name="generateDouble[623]" classname="com.thealgorithms.sorts.SortUtilsRandomGeneratorTest" time="0"/>
  <testcase name="generateDouble[624]" classname="com.thealgorithms.sorts.SortUtilsRandomGeneratorTest" time="0"/>
  <testcase name="generateDouble[625]" classname="com.thealgorithms.sorts.SortUtilsRandomGeneratorTest" time="0"/>
  <testcase name="generateDouble[626]" classname="com.thealgorithms.sorts.SortUtilsRandomGeneratorTest" time="0"/>
  <testcase name="generateDouble[627]" classname="com.thealgorithms.sorts.SortUtilsRandomGeneratorTest" time="0"/>
  <testcase name="generateDouble[628]" classname="com.thealgorithms.sorts.SortUtilsRandomGeneratorTest" time="0"/>
  <testcase name="generateDouble[629]" classname="com.thealgorithms.sorts.SortUtilsRandomGeneratorTest" time="0"/>
  <testcase name="generateDouble[630]" classname="com.thealgorithms.sorts.SortUtilsRandomGeneratorTest" time="0"/>
  <testcase name="generateDouble[631]" classname="com.thealgorithms.sorts.SortUtilsRandomGeneratorTest" time="0"/>
  <testcase name="generateDouble[632]" classname="com.thealgorithms.sorts.SortUtilsRandomGeneratorTest" time="0"/>
  <testcase name="generateDouble[633]" classname="com.thealgorithms.sorts.SortUtilsRandomGeneratorTest" time="0"/>
  <testcase name="generateDouble[634]" classname="com.thealgorithms.sorts.SortUtilsRandomGeneratorTest" time="0"/>
  <testcase name="generateDouble[635]" classname="com.thealgorithms.sorts.SortUtilsRandomGeneratorTest" time="0"/>
  <testcase name="generateDouble[636]" classname="com.thealgorithms.sorts.SortUtilsRandomGeneratorTest" time="0"/>
  <testcase name="generateDouble[637]" classname="com.thealgorithms.sorts.SortUtilsRandomGeneratorTest" time="0"/>
  <testcase name="generateDouble[638]" classname="com.thealgorithms.sorts.SortUtilsRandomGeneratorTest" time="0"/>
  <testcase name="generateDouble[639]" classname="com.thealgorithms.sorts.SortUtilsRandomGeneratorTest" time="0"/>
  <testcase name="generateDouble[640]" classname="com.thealgorithms.sorts.SortUtilsRandomGeneratorTest" time="0.001"/>
  <testcase name="generateDouble[641]" classname="com.thealgorithms.sorts.SortUtilsRandomGeneratorTest" time="0"/>
  <testcase name="generateDouble[642]" classname="com.thealgorithms.sorts.SortUtilsRandomGeneratorTest" time="0"/>
  <testcase name="generateDouble[643]" classname="com.thealgorithms.sorts.SortUtilsRandomGeneratorTest" time="0"/>
  <testcase name="generateDouble[644]" classname="com.thealgorithms.sorts.SortUtilsRandomGeneratorTest" time="0"/>
  <testcase name="generateDouble[645]" classname="com.thealgorithms.sorts.SortUtilsRandomGeneratorTest" time="0"/>
  <testcase name="generateDouble[646]" classname="com.thealgorithms.sorts.SortUtilsRandomGeneratorTest" time="0"/>
  <testcase name="generateDouble[647]" classname="com.thealgorithms.sorts.SortUtilsRandomGeneratorTest" time="0"/>
  <testcase name="generateDouble[648]" classname="com.thealgorithms.sorts.SortUtilsRandomGeneratorTest" time="0"/>
  <testcase name="generateDouble[649]" classname="com.thealgorithms.sorts.SortUtilsRandomGeneratorTest" time="0"/>
  <testcase name="generateDouble[650]" classname="com.thealgorithms.sorts.SortUtilsRandomGeneratorTest" time="0"/>
  <testcase name="generateDouble[651]" classname="com.thealgorithms.sorts.SortUtilsRandomGeneratorTest" time="0"/>
  <testcase name="generateDouble[652]" classname="com.thealgorithms.sorts.SortUtilsRandomGeneratorTest" time="0"/>
  <testcase name="generateDouble[653]" classname="com.thealgorithms.sorts.SortUtilsRandomGeneratorTest" time="0"/>
  <testcase name="generateDouble[654]" classname="com.thealgorithms.sorts.SortUtilsRandomGeneratorTest" time="0"/>
  <testcase name="generateDouble[655]" classname="com.thealgorithms.sorts.SortUtilsRandomGeneratorTest" time="0"/>
  <testcase name="generateDouble[656]" classname="com.thealgorithms.sorts.SortUtilsRandomGeneratorTest" time="0"/>
  <testcase name="generateDouble[657]" classname="com.thealgorithms.sorts.SortUtilsRandomGeneratorTest" time="0"/>
  <testcase name="generateDouble[658]" classname="com.thealgorithms.sorts.SortUtilsRandomGeneratorTest" time="0"/>
  <testcase name="generateDouble[659]" classname="com.thealgorithms.sorts.SortUtilsRandomGeneratorTest" time="0"/>
  <testcase name="generateDouble[660]" classname="com.thealgorithms.sorts.SortUtilsRandomGeneratorTest" time="0"/>
  <testcase name="generateDouble[661]" classname="com.thealgorithms.sorts.SortUtilsRandomGeneratorTest" time="0"/>
  <testcase name="generateDouble[662]" classname="com.thealgorithms.sorts.SortUtilsRandomGeneratorTest" time="0"/>
  <testcase name="generateDouble[663]" classname="com.thealgorithms.sorts.SortUtilsRandomGeneratorTest" time="0"/>
  <testcase name="generateDouble[664]" classname="com.thealgorithms.sorts.SortUtilsRandomGeneratorTest" time="0"/>
  <testcase name="generateDouble[665]" classname="com.thealgorithms.sorts.SortUtilsRandomGeneratorTest" time="0"/>
  <testcase name="generateDouble[666]" classname="com.thealgorithms.sorts.SortUtilsRandomGeneratorTest" time="0"/>
  <testcase name="generateDouble[667]" classname="com.thealgorithms.sorts.SortUtilsRandomGeneratorTest" time="0"/>
  <testcase name="generateDouble[668]" classname="com.thealgorithms.sorts.SortUtilsRandomGeneratorTest" time="0"/>
  <testcase name="generateDouble[669]" classname="com.thealgorithms.sorts.SortUtilsRandomGeneratorTest" time="0"/>
  <testcase name="generateDouble[670]" classname="com.thealgorithms.sorts.SortUtilsRandomGeneratorTest" time="0"/>
  <testcase name="generateDouble[671]" classname="com.thealgorithms.sorts.SortUtilsRandomGeneratorTest" time="0"/>
  <testcase name="generateDouble[672]" classname="com.thealgorithms.sorts.SortUtilsRandomGeneratorTest" time="0"/>
  <testcase name="generateDouble[673]" classname="com.thealgorithms.sorts.SortUtilsRandomGeneratorTest" time="0"/>
  <testcase name="generateDouble[674]" classname="com.thealgorithms.sorts.SortUtilsRandomGeneratorTest" time="0"/>
  <testcase name="generateDouble[675]" classname="com.thealgorithms.sorts.SortUtilsRandomGeneratorTest" time="0"/>
  <testcase name="generateDouble[676]" classname="com.thealgorithms.sorts.SortUtilsRandomGeneratorTest" time="0"/>
  <testcase name="generateDouble[677]" classname="com.thealgorithms.sorts.SortUtilsRandomGeneratorTest" time="0"/>
  <testcase name="generateDouble[678]" classname="com.thealgorithms.sorts.SortUtilsRandomGeneratorTest" time="0"/>
  <testcase name="generateDouble[679]" classname="com.thealgorithms.sorts.SortUtilsRandomGeneratorTest" time="0"/>
  <testcase name="generateDouble[680]" classname="com.thealgorithms.sorts.SortUtilsRandomGeneratorTest" time="0"/>
  <testcase name="generateDouble[681]" classname="com.thealgorithms.sorts.SortUtilsRandomGeneratorTest" time="0"/>
  <testcase name="generateDouble[682]" classname="com.thealgorithms.sorts.SortUtilsRandomGeneratorTest" time="0"/>
  <testcase name="generateDouble[683]" classname="com.thealgorithms.sorts.SortUtilsRandomGeneratorTest" time="0"/>
  <testcase name="generateDouble[684]" classname="com.thealgorithms.sorts.SortUtilsRandomGeneratorTest" time="0"/>
  <testcase name="generateDouble[685]" classname="com.thealgorithms.sorts.SortUtilsRandomGeneratorTest" time="0"/>
  <testcase name="generateDouble[686]" classname="com.thealgorithms.sorts.SortUtilsRandomGeneratorTest" time="0"/>
  <testcase name="generateDouble[687]" classname="com.thealgorithms.sorts.SortUtilsRandomGeneratorTest" time="0"/>
  <testcase name="generateDouble[688]" classname="com.thealgorithms.sorts.SortUtilsRandomGeneratorTest" time="0"/>
  <testcase name="generateDouble[689]" classname="com.thealgorithms.sorts.SortUtilsRandomGeneratorTest" time="0"/>
  <testcase name="generateDouble[690]" classname="com.thealgorithms.sorts.SortUtilsRandomGeneratorTest" time="0"/>
  <testcase name="generateDouble[691]" classname="com.thealgorithms.sorts.SortUtilsRandomGeneratorTest" time="0"/>
  <testcase name="generateDouble[692]" classname="com.thealgorithms.sorts.SortUtilsRandomGeneratorTest" time="0"/>
  <testcase name="generateDouble[693]" classname="com.thealgorithms.sorts.SortUtilsRandomGeneratorTest" time="0"/>
  <testcase name="generateDouble[694]" classname="com.thealgorithms.sorts.SortUtilsRandomGeneratorTest" time="0"/>
  <testcase name="generateDouble[695]" classname="com.thealgorithms.sorts.SortUtilsRandomGeneratorTest" time="0"/>
  <testcase name="generateDouble[696]" classname="com.thealgorithms.sorts.SortUtilsRandomGeneratorTest" time="0"/>
  <testcase name="generateDouble[697]" classname="com.thealgorithms.sorts.SortUtilsRandomGeneratorTest" time="0"/>
  <testcase name="generateDouble[698]" classname="com.thealgorithms.sorts.SortUtilsRandomGeneratorTest" time="0"/>
  <testcase name="generateDouble[699]" classname="com.thealgorithms.sorts.SortUtilsRandomGeneratorTest" time="0"/>
  <testcase name="generateDouble[700]" classname="com.thealgorithms.sorts.SortUtilsRandomGeneratorTest" time="0"/>
  <testcase name="generateDouble[701]" classname="com.thealgorithms.sorts.SortUtilsRandomGeneratorTest" time="0.001"/>
  <testcase name="generateDouble[702]" classname="com.thealgorithms.sorts.SortUtilsRandomGeneratorTest" time="0"/>
  <testcase name="generateDouble[703]" classname="com.thealgorithms.sorts.SortUtilsRandomGeneratorTest" time="0"/>
  <testcase name="generateDouble[704]" classname="com.thealgorithms.sorts.SortUtilsRandomGeneratorTest" time="0"/>
  <testcase name="generateDouble[705]" classname="com.thealgorithms.sorts.SortUtilsRandomGeneratorTest" time="0"/>
  <testcase name="generateDouble[706]" classname="com.thealgorithms.sorts.SortUtilsRandomGeneratorTest" time="0"/>
  <testcase name="generateDouble[707]" classname="com.thealgorithms.sorts.SortUtilsRandomGeneratorTest" time="0"/>
  <testcase name="generateDouble[708]" classname="com.thealgorithms.sorts.SortUtilsRandomGeneratorTest" time="0"/>
  <testcase name="generateDouble[709]" classname="com.thealgorithms.sorts.SortUtilsRandomGeneratorTest" time="0"/>
  <testcase name="generateDouble[710]" classname="com.thealgorithms.sorts.SortUtilsRandomGeneratorTest" time="0"/>
  <testcase name="generateDouble[711]" classname="com.thealgorithms.sorts.SortUtilsRandomGeneratorTest" time="0"/>
  <testcase name="generateDouble[712]" classname="com.thealgorithms.sorts.SortUtilsRandomGeneratorTest" time="0"/>
  <testcase name="generateDouble[713]" classname="com.thealgorithms.sorts.SortUtilsRandomGeneratorTest" time="0"/>
  <testcase name="generateDouble[714]" classname="com.thealgorithms.sorts.SortUtilsRandomGeneratorTest" time="0"/>
  <testcase name="generateDouble[715]" classname="com.thealgorithms.sorts.SortUtilsRandomGeneratorTest" time="0"/>
  <testcase name="generateDouble[716]" classname="com.thealgorithms.sorts.SortUtilsRandomGeneratorTest" time="0.001"/>
  <testcase name="generateDouble[717]" classname="com.thealgorithms.sorts.SortUtilsRandomGeneratorTest" time="0"/>
  <testcase name="generateDouble[718]" classname="com.thealgorithms.sorts.SortUtilsRandomGeneratorTest" time="0"/>
  <testcase name="generateDouble[719]" classname="com.thealgorithms.sorts.SortUtilsRandomGeneratorTest" time="0"/>
  <testcase name="generateDouble[720]" classname="com.thealgorithms.sorts.SortUtilsRandomGeneratorTest" time="0"/>
  <testcase name="generateDouble[721]" classname="com.thealgorithms.sorts.SortUtilsRandomGeneratorTest" time="0"/>
  <testcase name="generateDouble[722]" classname="com.thealgorithms.sorts.SortUtilsRandomGeneratorTest" time="0"/>
  <testcase name="generateDouble[723]" classname="com.thealgorithms.sorts.SortUtilsRandomGeneratorTest" time="0"/>
  <testcase name="generateDouble[724]" classname="com.thealgorithms.sorts.SortUtilsRandomGeneratorTest" time="0"/>
  <testcase name="generateDouble[725]" classname="com.thealgorithms.sorts.SortUtilsRandomGeneratorTest" time="0"/>
  <testcase name="generateDouble[726]" classname="com.thealgorithms.sorts.SortUtilsRandomGeneratorTest" time="0"/>
  <testcase name="generateDouble[727]" classname="com.thealgorithms.sorts.SortUtilsRandomGeneratorTest" time="0"/>
  <testcase name="generateDouble[728]" classname="com.thealgorithms.sorts.SortUtilsRandomGeneratorTest" time="0"/>
  <testcase name="generateDouble[729]" classname="com.thealgorithms.sorts.SortUtilsRandomGeneratorTest" time="0"/>
  <testcase name="generateDouble[730]" classname="com.thealgorithms.sorts.SortUtilsRandomGeneratorTest" time="0"/>
  <testcase name="generateDouble[731]" classname="com.thealgorithms.sorts.SortUtilsRandomGeneratorTest" time="0"/>
  <testcase name="generateDouble[732]" classname="com.thealgorithms.sorts.SortUtilsRandomGeneratorTest" time="0"/>
  <testcase name="generateDouble[733]" classname="com.thealgorithms.sorts.SortUtilsRandomGeneratorTest" time="0"/>
  <testcase name="generateDouble[734]" classname="com.thealgorithms.sorts.SortUtilsRandomGeneratorTest" time="0"/>
  <testcase name="generateDouble[735]" classname="com.thealgorithms.sorts.SortUtilsRandomGeneratorTest" time="0"/>
  <testcase name="generateDouble[736]" classname="com.thealgorithms.sorts.SortUtilsRandomGeneratorTest" time="0"/>
  <testcase name="generateDouble[737]" classname="com.thealgorithms.sorts.SortUtilsRandomGeneratorTest" time="0"/>
  <testcase name="generateDouble[738]" classname="com.thealgorithms.sorts.SortUtilsRandomGeneratorTest" time="0"/>
  <testcase name="generateDouble[739]" classname="com.thealgorithms.sorts.SortUtilsRandomGeneratorTest" time="0"/>
  <testcase name="generateDouble[740]" classname="com.thealgorithms.sorts.SortUtilsRandomGeneratorTest" time="0"/>
  <testcase name="generateDouble[741]" classname="com.thealgorithms.sorts.SortUtilsRandomGeneratorTest" time="0"/>
  <testcase name="generateDouble[742]" classname="com.thealgorithms.sorts.SortUtilsRandomGeneratorTest" time="0"/>
  <testcase name="generateDouble[743]" classname="com.thealgorithms.sorts.SortUtilsRandomGeneratorTest" time="0"/>
  <testcase name="generateDouble[744]" classname="com.thealgorithms.sorts.SortUtilsRandomGeneratorTest" time="0"/>
  <testcase name="generateDouble[745]" classname="com.thealgorithms.sorts.SortUtilsRandomGeneratorTest" time="0"/>
  <testcase name="generateDouble[746]" classname="com.thealgorithms.sorts.SortUtilsRandomGeneratorTest" time="0"/>
  <testcase name="generateDouble[747]" classname="com.thealgorithms.sorts.SortUtilsRandomGeneratorTest" time="0"/>
  <testcase name="generateDouble[748]" classname="com.thealgorithms.sorts.SortUtilsRandomGeneratorTest" time="0"/>
  <testcase name="generateDouble[749]" classname="com.thealgorithms.sorts.SortUtilsRandomGeneratorTest" time="0"/>
  <testcase name="generateDouble[750]" classname="com.thealgorithms.sorts.SortUtilsRandomGeneratorTest" time="0"/>
  <testcase name="generateDouble[751]" classname="com.thealgorithms.sorts.SortUtilsRandomGeneratorTest" time="0"/>
  <testcase name="generateDouble[752]" classname="com.thealgorithms.sorts.SortUtilsRandomGeneratorTest" time="0"/>
  <testcase name="generateDouble[753]" classname="com.thealgorithms.sorts.SortUtilsRandomGeneratorTest" time="0"/>
  <testcase name="generateDouble[754]" classname="com.thealgorithms.sorts.SortUtilsRandomGeneratorTest" time="0"/>
  <testcase name="generateDouble[755]" classname="com.thealgorithms.sorts.SortUtilsRandomGeneratorTest" time="0"/>
  <testcase name="generateDouble[756]" classname="com.thealgorithms.sorts.SortUtilsRandomGeneratorTest" time="0"/>
  <testcase name="generateDouble[757]" classname="com.thealgorithms.sorts.SortUtilsRandomGeneratorTest" time="0"/>
  <testcase name="generateDouble[758]" classname="com.thealgorithms.sorts.SortUtilsRandomGeneratorTest" time="0"/>
  <testcase name="generateDouble[759]" classname="com.thealgorithms.sorts.SortUtilsRandomGeneratorTest" time="0.001"/>
  <testcase name="generateDouble[760]" classname="com.thealgorithms.sorts.SortUtilsRandomGeneratorTest" time="0"/>
  <testcase name="generateDouble[761]" classname="com.thealgorithms.sorts.SortUtilsRandomGeneratorTest" time="0"/>
  <testcase name="generateDouble[762]" classname="com.thealgorithms.sorts.SortUtilsRandomGeneratorTest" time="0"/>
  <testcase name="generateDouble[763]" classname="com.thealgorithms.sorts.SortUtilsRandomGeneratorTest" time="0"/>
  <testcase name="generateDouble[764]" classname="com.thealgorithms.sorts.SortUtilsRandomGeneratorTest" time="0"/>
  <testcase name="generateDouble[765]" classname="com.thealgorithms.sorts.SortUtilsRandomGeneratorTest" time="0"/>
  <testcase name="generateDouble[766]" classname="com.thealgorithms.sorts.SortUtilsRandomGeneratorTest" time="0"/>
  <testcase name="generateDouble[767]" classname="com.thealgorithms.sorts.SortUtilsRandomGeneratorTest" time="0"/>
  <testcase name="generateDouble[768]" classname="com.thealgorithms.sorts.SortUtilsRandomGeneratorTest" time="0"/>
  <testcase name="generateDouble[769]" classname="com.thealgorithms.sorts.SortUtilsRandomGeneratorTest" time="0"/>
  <testcase name="generateDouble[770]" classname="com.thealgorithms.sorts.SortUtilsRandomGeneratorTest" time="0"/>
  <testcase name="generateDouble[771]" classname="com.thealgorithms.sorts.SortUtilsRandomGeneratorTest" time="0"/>
  <testcase name="generateDouble[772]" classname="com.thealgorithms.sorts.SortUtilsRandomGeneratorTest" time="0"/>
  <testcase name="generateDouble[773]" classname="com.thealgorithms.sorts.SortUtilsRandomGeneratorTest" time="0"/>
  <testcase name="generateDouble[774]" classname="com.thealgorithms.sorts.SortUtilsRandomGeneratorTest" time="0"/>
  <testcase name="generateDouble[775]" classname="com.thealgorithms.sorts.SortUtilsRandomGeneratorTest" time="0"/>
  <testcase name="generateDouble[776]" classname="com.thealgorithms.sorts.SortUtilsRandomGeneratorTest" time="0"/>
  <testcase name="generateDouble[777]" classname="com.thealgorithms.sorts.SortUtilsRandomGeneratorTest" time="0"/>
  <testcase name="generateDouble[778]" classname="com.thealgorithms.sorts.SortUtilsRandomGeneratorTest" time="0"/>
  <testcase name="generateDouble[779]" classname="com.thealgorithms.sorts.SortUtilsRandomGeneratorTest" time="0"/>
  <testcase name="generateDouble[780]" classname="com.thealgorithms.sorts.SortUtilsRandomGeneratorTest" time="0"/>
  <testcase name="generateDouble[781]" classname="com.thealgorithms.sorts.SortUtilsRandomGeneratorTest" time="0"/>
  <testcase name="generateDouble[782]" classname="com.thealgorithms.sorts.SortUtilsRandomGeneratorTest" time="0"/>
  <testcase name="generateDouble[783]" classname="com.thealgorithms.sorts.SortUtilsRandomGeneratorTest" time="0"/>
  <testcase name="generateDouble[784]" classname="com.thealgorithms.sorts.SortUtilsRandomGeneratorTest" time="0"/>
  <testcase name="generateDouble[785]" classname="com.thealgorithms.sorts.SortUtilsRandomGeneratorTest" time="0"/>
  <testcase name="generateDouble[786]" classname="com.thealgorithms.sorts.SortUtilsRandomGeneratorTest" time="0"/>
  <testcase name="generateDouble[787]" classname="com.thealgorithms.sorts.SortUtilsRandomGeneratorTest" time="0"/>
  <testcase name="generateDouble[788]" classname="com.thealgorithms.sorts.SortUtilsRandomGeneratorTest" time="0"/>
  <testcase name="generateDouble[789]" classname="com.thealgorithms.sorts.SortUtilsRandomGeneratorTest" time="0"/>
  <testcase name="generateDouble[790]" classname="com.thealgorithms.sorts.SortUtilsRandomGeneratorTest" time="0"/>
  <testcase name="generateDouble[791]" classname="com.thealgorithms.sorts.SortUtilsRandomGeneratorTest" time="0"/>
  <testcase name="generateDouble[792]" classname="com.thealgorithms.sorts.SortUtilsRandomGeneratorTest" time="0"/>
  <testcase name="generateDouble[793]" classname="com.thealgorithms.sorts.SortUtilsRandomGeneratorTest" time="0"/>
  <testcase name="generateDouble[794]" classname="com.thealgorithms.sorts.SortUtilsRandomGeneratorTest" time="0"/>
  <testcase name="generateDouble[795]" classname="com.thealgorithms.sorts.SortUtilsRandomGeneratorTest" time="0"/>
  <testcase name="generateDouble[796]" classname="com.thealgorithms.sorts.SortUtilsRandomGeneratorTest" time="0"/>
  <testcase name="generateDouble[797]" classname="com.thealgorithms.sorts.SortUtilsRandomGeneratorTest" time="0"/>
  <testcase name="generateDouble[798]" classname="com.thealgorithms.sorts.SortUtilsRandomGeneratorTest" time="0"/>
  <testcase name="generateDouble[799]" classname="com.thealgorithms.sorts.SortUtilsRandomGeneratorTest" time="0"/>
  <testcase name="generateDouble[800]" classname="com.thealgorithms.sorts.SortUtilsRandomGeneratorTest" time="0"/>
  <testcase name="generateDouble[801]" classname="com.thealgorithms.sorts.SortUtilsRandomGeneratorTest" time="0"/>
  <testcase name="generateDouble[802]" classname="com.thealgorithms.sorts.SortUtilsRandomGeneratorTest" time="0"/>
  <testcase name="generateDouble[803]" classname="com.thealgorithms.sorts.SortUtilsRandomGeneratorTest" time="0"/>
  <testcase name="generateDouble[804]" classname="com.thealgorithms.sorts.SortUtilsRandomGeneratorTest" time="0"/>
  <testcase name="generateDouble[805]" classname="com.thealgorithms.sorts.SortUtilsRandomGeneratorTest" time="0"/>
  <testcase name="generateDouble[806]" classname="com.thealgorithms.sorts.SortUtilsRandomGeneratorTest" time="0"/>
  <testcase name="generateDouble[807]" classname="com.thealgorithms.sorts.SortUtilsRandomGeneratorTest" time="0"/>
  <testcase name="generateDouble[808]" classname="com.thealgorithms.sorts.SortUtilsRandomGeneratorTest" time="0"/>
  <testcase name="generateDouble[809]" classname="com.thealgorithms.sorts.SortUtilsRandomGeneratorTest" time="0"/>
  <testcase name="generateDouble[810]" classname="com.thealgorithms.sorts.SortUtilsRandomGeneratorTest" time="0"/>
  <testcase name="generateDouble[811]" classname="com.thealgorithms.sorts.SortUtilsRandomGeneratorTest" time="0"/>
  <testcase name="generateDouble[812]" classname="com.thealgorithms.sorts.SortUtilsRandomGeneratorTest" time="0"/>
  <testcase name="generateDouble[813]" classname="com.thealgorithms.sorts.SortUtilsRandomGeneratorTest" time="0"/>
  <testcase name="generateDouble[814]" classname="com.thealgorithms.sorts.SortUtilsRandomGeneratorTest" time="0"/>
  <testcase name="generateDouble[815]" classname="com.thealgorithms.sorts.SortUtilsRandomGeneratorTest" time="0"/>
  <testcase name="generateDouble[816]" classname="com.thealgorithms.sorts.SortUtilsRandomGeneratorTest" time="0"/>
  <testcase name="generateDouble[817]" classname="com.thealgorithms.sorts.SortUtilsRandomGeneratorTest" time="0"/>
  <testcase name="generateDouble[818]" classname="com.thealgorithms.sorts.SortUtilsRandomGeneratorTest" time="0"/>
  <testcase name="generateDouble[819]" classname="com.thealgorithms.sorts.SortUtilsRandomGeneratorTest" time="0"/>
  <testcase name="generateDouble[820]" classname="com.thealgorithms.sorts.SortUtilsRandomGeneratorTest" time="0"/>
  <testcase name="generateDouble[821]" classname="com.thealgorithms.sorts.SortUtilsRandomGeneratorTest" time="0"/>
  <testcase name="generateDouble[822]" classname="com.thealgorithms.sorts.SortUtilsRandomGeneratorTest" time="0"/>
  <testcase name="generateDouble[823]" classname="com.thealgorithms.sorts.SortUtilsRandomGeneratorTest" time="0"/>
  <testcase name="generateDouble[824]" classname="com.thealgorithms.sorts.SortUtilsRandomGeneratorTest" time="0"/>
  <testcase name="generateDouble[825]" classname="com.thealgorithms.sorts.SortUtilsRandomGeneratorTest" time="0"/>
  <testcase name="generateDouble[826]" classname="com.thealgorithms.sorts.SortUtilsRandomGeneratorTest" time="0"/>
  <testcase name="generateDouble[827]" classname="com.thealgorithms.sorts.SortUtilsRandomGeneratorTest" time="0"/>
  <testcase name="generateDouble[828]" classname="com.thealgorithms.sorts.SortUtilsRandomGeneratorTest" time="0"/>
  <testcase name="generateDouble[829]" classname="com.thealgorithms.sorts.SortUtilsRandomGeneratorTest" time="0"/>
  <testcase name="generateDouble[830]" classname="com.thealgorithms.sorts.SortUtilsRandomGeneratorTest" time="0"/>
  <testcase name="generateDouble[831]" classname="com.thealgorithms.sorts.SortUtilsRandomGeneratorTest" time="0"/>
  <testcase name="generateDouble[832]" classname="com.thealgorithms.sorts.SortUtilsRandomGeneratorTest" time="0"/>
  <testcase name="generateDouble[833]" classname="com.thealgorithms.sorts.SortUtilsRandomGeneratorTest" time="0"/>
  <testcase name="generateDouble[834]" classname="com.thealgorithms.sorts.SortUtilsRandomGeneratorTest" time="0"/>
  <testcase name="generateDouble[835]" classname="com.thealgorithms.sorts.SortUtilsRandomGeneratorTest" time="0"/>
  <testcase name="generateDouble[836]" classname="com.thealgorithms.sorts.SortUtilsRandomGeneratorTest" time="0"/>
  <testcase name="generateDouble[837]" classname="com.thealgorithms.sorts.SortUtilsRandomGeneratorTest" time="0"/>
  <testcase name="generateDouble[838]" classname="com.thealgorithms.sorts.SortUtilsRandomGeneratorTest" time="0"/>
  <testcase name="generateDouble[839]" classname="com.thealgorithms.sorts.SortUtilsRandomGeneratorTest" time="0"/>
  <testcase name="generateDouble[840]" classname="com.thealgorithms.sorts.SortUtilsRandomGeneratorTest" time="0"/>
  <testcase name="generateDouble[841]" classname="com.thealgorithms.sorts.SortUtilsRandomGeneratorTest" time="0"/>
  <testcase name="generateDouble[842]" classname="com.thealgorithms.sorts.SortUtilsRandomGeneratorTest" time="0"/>
  <testcase name="generateDouble[843]" classname="com.thealgorithms.sorts.SortUtilsRandomGeneratorTest" time="0"/>
  <testcase name="generateDouble[844]" classname="com.thealgorithms.sorts.SortUtilsRandomGeneratorTest" time="0"/>
  <testcase name="generateDouble[845]" classname="com.thealgorithms.sorts.SortUtilsRandomGeneratorTest" time="0"/>
  <testcase name="generateDouble[846]" classname="com.thealgorithms.sorts.SortUtilsRandomGeneratorTest" time="0"/>
  <testcase name="generateDouble[847]" classname="com.thealgorithms.sorts.SortUtilsRandomGeneratorTest" time="0"/>
  <testcase name="generateDouble[848]" classname="com.thealgorithms.sorts.SortUtilsRandomGeneratorTest" time="0"/>
  <testcase name="generateDouble[849]" classname="com.thealgorithms.sorts.SortUtilsRandomGeneratorTest" time="0"/>
  <testcase name="generateDouble[850]" classname="com.thealgorithms.sorts.SortUtilsRandomGeneratorTest" time="0"/>
  <testcase name="generateDouble[851]" classname="com.thealgorithms.sorts.SortUtilsRandomGeneratorTest" time="0"/>
  <testcase name="generateDouble[852]" classname="com.thealgorithms.sorts.SortUtilsRandomGeneratorTest" time="0"/>
  <testcase name="generateDouble[853]" classname="com.thealgorithms.sorts.SortUtilsRandomGeneratorTest" time="0"/>
  <testcase name="generateDouble[854]" classname="com.thealgorithms.sorts.SortUtilsRandomGeneratorTest" time="0"/>
  <testcase name="generateDouble[855]" classname="com.thealgorithms.sorts.SortUtilsRandomGeneratorTest" time="0"/>
  <testcase name="generateDouble[856]" classname="com.thealgorithms.sorts.SortUtilsRandomGeneratorTest" time="0"/>
  <testcase name="generateDouble[857]" classname="com.thealgorithms.sorts.SortUtilsRandomGeneratorTest" time="0"/>
  <testcase name="generateDouble[858]" classname="com.thealgorithms.sorts.SortUtilsRandomGeneratorTest" time="0"/>
  <testcase name="generateDouble[859]" classname="com.thealgorithms.sorts.SortUtilsRandomGeneratorTest" time="0"/>
  <testcase name="generateDouble[860]" classname="com.thealgorithms.sorts.SortUtilsRandomGeneratorTest" time="0"/>
  <testcase name="generateDouble[861]" classname="com.thealgorithms.sorts.SortUtilsRandomGeneratorTest" time="0"/>
  <testcase name="generateDouble[862]" classname="com.thealgorithms.sorts.SortUtilsRandomGeneratorTest" time="0"/>
  <testcase name="generateDouble[863]" classname="com.thealgorithms.sorts.SortUtilsRandomGeneratorTest" time="0"/>
  <testcase name="generateDouble[864]" classname="com.thealgorithms.sorts.SortUtilsRandomGeneratorTest" time="0"/>
  <testcase name="generateDouble[865]" classname="com.thealgorithms.sorts.SortUtilsRandomGeneratorTest" time="0"/>
  <testcase name="generateDouble[866]" classname="com.thealgorithms.sorts.SortUtilsRandomGeneratorTest" time="0"/>
  <testcase name="generateDouble[867]" classname="com.thealgorithms.sorts.SortUtilsRandomGeneratorTest" time="0"/>
  <testcase name="generateDouble[868]" classname="com.thealgorithms.sorts.SortUtilsRandomGeneratorTest" time="0"/>
  <testcase name="generateDouble[869]" classname="com.thealgorithms.sorts.SortUtilsRandomGeneratorTest" time="0"/>
  <testcase name="generateDouble[870]" classname="com.thealgorithms.sorts.SortUtilsRandomGeneratorTest" time="0"/>
  <testcase name="generateDouble[871]" classname="com.thealgorithms.sorts.SortUtilsRandomGeneratorTest" time="0"/>
  <testcase name="generateDouble[872]" classname="com.thealgorithms.sorts.SortUtilsRandomGeneratorTest" time="0"/>
  <testcase name="generateDouble[873]" classname="com.thealgorithms.sorts.SortUtilsRandomGeneratorTest" time="0"/>
  <testcase name="generateDouble[874]" classname="com.thealgorithms.sorts.SortUtilsRandomGeneratorTest" time="0"/>
  <testcase name="generateDouble[875]" classname="com.thealgorithms.sorts.SortUtilsRandomGeneratorTest" time="0"/>
  <testcase name="generateDouble[876]" classname="com.thealgorithms.sorts.SortUtilsRandomGeneratorTest" time="0"/>
  <testcase name="generateDouble[877]" classname="com.thealgorithms.sorts.SortUtilsRandomGeneratorTest" time="0"/>
  <testcase name="generateDouble[878]" classname="com.thealgorithms.sorts.SortUtilsRandomGeneratorTest" time="0"/>
  <testcase name="generateDouble[879]" classname="com.thealgorithms.sorts.SortUtilsRandomGeneratorTest" time="0"/>
  <testcase name="generateDouble[880]" classname="com.thealgorithms.sorts.SortUtilsRandomGeneratorTest" time="0"/>
  <testcase name="generateDouble[881]" classname="com.thealgorithms.sorts.SortUtilsRandomGeneratorTest" time="0"/>
  <testcase name="generateDouble[882]" classname="com.thealgorithms.sorts.SortUtilsRandomGeneratorTest" time="0"/>
  <testcase name="generateDouble[883]" classname="com.thealgorithms.sorts.SortUtilsRandomGeneratorTest" time="0"/>
  <testcase name="generateDouble[884]" classname="com.thealgorithms.sorts.SortUtilsRandomGeneratorTest" time="0"/>
  <testcase name="generateDouble[885]" classname="com.thealgorithms.sorts.SortUtilsRandomGeneratorTest" time="0"/>
  <testcase name="generateDouble[886]" classname="com.thealgorithms.sorts.SortUtilsRandomGeneratorTest" time="0"/>
  <testcase name="generateDouble[887]" classname="com.thealgorithms.sorts.SortUtilsRandomGeneratorTest" time="0"/>
  <testcase name="generateDouble[888]" classname="com.thealgorithms.sorts.SortUtilsRandomGeneratorTest" time="0"/>
  <testcase name="generateDouble[889]" classname="com.thealgorithms.sorts.SortUtilsRandomGeneratorTest" time="0"/>
  <testcase name="generateDouble[890]" classname="com.thealgorithms.sorts.SortUtilsRandomGeneratorTest" time="0"/>
  <testcase name="generateDouble[891]" classname="com.thealgorithms.sorts.SortUtilsRandomGeneratorTest" time="0"/>
  <testcase name="generateDouble[892]" classname="com.thealgorithms.sorts.SortUtilsRandomGeneratorTest" time="0"/>
  <testcase name="generateDouble[893]" classname="com.thealgorithms.sorts.SortUtilsRandomGeneratorTest" time="0"/>
  <testcase name="generateDouble[894]" classname="com.thealgorithms.sorts.SortUtilsRandomGeneratorTest" time="0"/>
  <testcase name="generateDouble[895]" classname="com.thealgorithms.sorts.SortUtilsRandomGeneratorTest" time="0"/>
  <testcase name="generateDouble[896]" classname="com.thealgorithms.sorts.SortUtilsRandomGeneratorTest" time="0"/>
  <testcase name="generateDouble[897]" classname="com.thealgorithms.sorts.SortUtilsRandomGeneratorTest" time="0.001"/>
  <testcase name="generateDouble[898]" classname="com.thealgorithms.sorts.SortUtilsRandomGeneratorTest" time="0"/>
  <testcase name="generateDouble[899]" classname="com.thealgorithms.sorts.SortUtilsRandomGeneratorTest" time="0"/>
  <testcase name="generateDouble[900]" classname="com.thealgorithms.sorts.SortUtilsRandomGeneratorTest" time="0"/>
  <testcase name="generateDouble[901]" classname="com.thealgorithms.sorts.SortUtilsRandomGeneratorTest" time="0"/>
  <testcase name="generateDouble[902]" classname="com.thealgorithms.sorts.SortUtilsRandomGeneratorTest" time="0"/>
  <testcase name="generateDouble[903]" classname="com.thealgorithms.sorts.SortUtilsRandomGeneratorTest" time="0"/>
  <testcase name="generateDouble[904]" classname="com.thealgorithms.sorts.SortUtilsRandomGeneratorTest" time="0"/>
  <testcase name="generateDouble[905]" classname="com.thealgorithms.sorts.SortUtilsRandomGeneratorTest" time="0"/>
  <testcase name="generateDouble[906]" classname="com.thealgorithms.sorts.SortUtilsRandomGeneratorTest" time="0"/>
  <testcase name="generateDouble[907]" classname="com.thealgorithms.sorts.SortUtilsRandomGeneratorTest" time="0"/>
  <testcase name="generateDouble[908]" classname="com.thealgorithms.sorts.SortUtilsRandomGeneratorTest" time="0"/>
  <testcase name="generateDouble[909]" classname="com.thealgorithms.sorts.SortUtilsRandomGeneratorTest" time="0"/>
  <testcase name="generateDouble[910]" classname="com.thealgorithms.sorts.SortUtilsRandomGeneratorTest" time="0"/>
  <testcase name="generateDouble[911]" classname="com.thealgorithms.sorts.SortUtilsRandomGeneratorTest" time="0"/>
  <testcase name="generateDouble[912]" classname="com.thealgorithms.sorts.SortUtilsRandomGeneratorTest" time="0"/>
  <testcase name="generateDouble[913]" classname="com.thealgorithms.sorts.SortUtilsRandomGeneratorTest" time="0"/>
  <testcase name="generateDouble[914]" classname="com.thealgorithms.sorts.SortUtilsRandomGeneratorTest" time="0"/>
  <testcase name="generateDouble[915]" classname="com.thealgorithms.sorts.SortUtilsRandomGeneratorTest" time="0"/>
  <testcase name="generateDouble[916]" classname="com.thealgorithms.sorts.SortUtilsRandomGeneratorTest" time="0"/>
  <testcase name="generateDouble[917]" classname="com.thealgorithms.sorts.SortUtilsRandomGeneratorTest" time="0"/>
  <testcase name="generateDouble[918]" classname="com.thealgorithms.sorts.SortUtilsRandomGeneratorTest" time="0"/>
  <testcase name="generateDouble[919]" classname="com.thealgorithms.sorts.SortUtilsRandomGeneratorTest" time="0"/>
  <testcase name="generateDouble[920]" classname="com.thealgorithms.sorts.SortUtilsRandomGeneratorTest" time="0"/>
  <testcase name="generateDouble[921]" classname="com.thealgorithms.sorts.SortUtilsRandomGeneratorTest" time="0"/>
  <testcase name="generateDouble[922]" classname="com.thealgorithms.sorts.SortUtilsRandomGeneratorTest" time="0"/>
  <testcase name="generateDouble[923]" classname="com.thealgorithms.sorts.SortUtilsRandomGeneratorTest" time="0"/>
  <testcase name="generateDouble[924]" classname="com.thealgorithms.sorts.SortUtilsRandomGeneratorTest" time="0"/>
  <testcase name="generateDouble[925]" classname="com.thealgorithms.sorts.SortUtilsRandomGeneratorTest" time="0"/>
  <testcase name="generateDouble[926]" classname="com.thealgorithms.sorts.SortUtilsRandomGeneratorTest" time="0"/>
  <testcase name="generateDouble[927]" classname="com.thealgorithms.sorts.SortUtilsRandomGeneratorTest" time="0"/>
  <testcase name="generateDouble[928]" classname="com.thealgorithms.sorts.SortUtilsRandomGeneratorTest" time="0"/>
  <testcase name="generateDouble[929]" classname="com.thealgorithms.sorts.SortUtilsRandomGeneratorTest" time="0"/>
  <testcase name="generateDouble[930]" classname="com.thealgorithms.sorts.SortUtilsRandomGeneratorTest" time="0"/>
  <testcase name="generateDouble[931]" classname="com.thealgorithms.sorts.SortUtilsRandomGeneratorTest" time="0"/>
  <testcase name="generateDouble[932]" classname="com.thealgorithms.sorts.SortUtilsRandomGeneratorTest" time="0"/>
  <testcase name="generateDouble[933]" classname="com.thealgorithms.sorts.SortUtilsRandomGeneratorTest" time="0"/>
  <testcase name="generateDouble[934]" classname="com.thealgorithms.sorts.SortUtilsRandomGeneratorTest" time="0"/>
  <testcase name="generateDouble[935]" classname="com.thealgorithms.sorts.SortUtilsRandomGeneratorTest" time="0"/>
  <testcase name="generateDouble[936]" classname="com.thealgorithms.sorts.SortUtilsRandomGeneratorTest" time="0"/>
  <testcase name="generateDouble[937]" classname="com.thealgorithms.sorts.SortUtilsRandomGeneratorTest" time="0"/>
  <testcase name="generateDouble[938]" classname="com.thealgorithms.sorts.SortUtilsRandomGeneratorTest" time="0.001"/>
  <testcase name="generateDouble[939]" classname="com.thealgorithms.sorts.SortUtilsRandomGeneratorTest" time="0"/>
  <testcase name="generateDouble[940]" classname="com.thealgorithms.sorts.SortUtilsRandomGeneratorTest" time="0"/>
  <testcase name="generateDouble[941]" classname="com.thealgorithms.sorts.SortUtilsRandomGeneratorTest" time="0"/>
  <testcase name="generateDouble[942]" classname="com.thealgorithms.sorts.SortUtilsRandomGeneratorTest" time="0"/>
  <testcase name="generateDouble[943]" classname="com.thealgorithms.sorts.SortUtilsRandomGeneratorTest" time="0"/>
  <testcase name="generateDouble[944]" classname="com.thealgorithms.sorts.SortUtilsRandomGeneratorTest" time="0"/>
  <testcase name="generateDouble[945]" classname="com.thealgorithms.sorts.SortUtilsRandomGeneratorTest" time="0"/>
  <testcase name="generateDouble[946]" classname="com.thealgorithms.sorts.SortUtilsRandomGeneratorTest" time="0"/>
  <testcase name="generateDouble[947]" classname="com.thealgorithms.sorts.SortUtilsRandomGeneratorTest" time="0"/>
  <testcase name="generateDouble[948]" classname="com.thealgorithms.sorts.SortUtilsRandomGeneratorTest" time="0"/>
  <testcase name="generateDouble[949]" classname="com.thealgorithms.sorts.SortUtilsRandomGeneratorTest" time="0"/>
  <testcase name="generateDouble[950]" classname="com.thealgorithms.sorts.SortUtilsRandomGeneratorTest" time="0"/>
  <testcase name="generateDouble[951]" classname="com.thealgorithms.sorts.SortUtilsRandomGeneratorTest" time="0"/>
  <testcase name="generateDouble[952]" classname="com.thealgorithms.sorts.SortUtilsRandomGeneratorTest" time="0"/>
  <testcase name="generateDouble[953]" classname="com.thealgorithms.sorts.SortUtilsRandomGeneratorTest" time="0"/>
  <testcase name="generateDouble[954]" classname="com.thealgorithms.sorts.SortUtilsRandomGeneratorTest" time="0"/>
  <testcase name="generateDouble[955]" classname="com.thealgorithms.sorts.SortUtilsRandomGeneratorTest" time="0"/>
  <testcase name="generateDouble[956]" classname="com.thealgorithms.sorts.SortUtilsRandomGeneratorTest" time="0"/>
  <testcase name="generateDouble[957]" classname="com.thealgorithms.sorts.SortUtilsRandomGeneratorTest" time="0"/>
  <testcase name="generateDouble[958]" classname="com.thealgorithms.sorts.SortUtilsRandomGeneratorTest" time="0"/>
  <testcase name="generateDouble[959]" classname="com.thealgorithms.sorts.SortUtilsRandomGeneratorTest" time="0.001"/>
  <testcase name="generateDouble[960]" classname="com.thealgorithms.sorts.SortUtilsRandomGeneratorTest" time="0"/>
  <testcase name="generateDouble[961]" classname="com.thealgorithms.sorts.SortUtilsRandomGeneratorTest" time="0"/>
  <testcase name="generateDouble[962]" classname="com.thealgorithms.sorts.SortUtilsRandomGeneratorTest" time="0"/>
  <testcase name="generateDouble[963]" classname="com.thealgorithms.sorts.SortUtilsRandomGeneratorTest" time="0"/>
  <testcase name="generateDouble[964]" classname="com.thealgorithms.sorts.SortUtilsRandomGeneratorTest" time="0"/>
  <testcase name="generateDouble[965]" classname="com.thealgorithms.sorts.SortUtilsRandomGeneratorTest" time="0"/>
  <testcase name="generateDouble[966]" classname="com.thealgorithms.sorts.SortUtilsRandomGeneratorTest" time="0"/>
  <testcase name="generateDouble[967]" classname="com.thealgorithms.sorts.SortUtilsRandomGeneratorTest" time="0"/>
  <testcase name="generateDouble[968]" classname="com.thealgorithms.sorts.SortUtilsRandomGeneratorTest" time="0"/>
  <testcase name="generateDouble[969]" classname="com.thealgorithms.sorts.SortUtilsRandomGeneratorTest" time="0"/>
  <testcase name="generateDouble[970]" classname="com.thealgorithms.sorts.SortUtilsRandomGeneratorTest" time="0"/>
  <testcase name="generateDouble[971]" classname="com.thealgorithms.sorts.SortUtilsRandomGeneratorTest" time="0"/>
  <testcase name="generateDouble[972]" classname="com.thealgorithms.sorts.SortUtilsRandomGeneratorTest" time="0"/>
  <testcase name="generateDouble[973]" classname="com.thealgorithms.sorts.SortUtilsRandomGeneratorTest" time="0"/>
  <testcase name="generateDouble[974]" classname="com.thealgorithms.sorts.SortUtilsRandomGeneratorTest" time="0"/>
  <testcase name="generateDouble[975]" classname="com.thealgorithms.sorts.SortUtilsRandomGeneratorTest" time="0"/>
  <testcase name="generateDouble[976]" classname="com.thealgorithms.sorts.SortUtilsRandomGeneratorTest" time="0"/>
  <testcase name="generateDouble[977]" classname="com.thealgorithms.sorts.SortUtilsRandomGeneratorTest" time="0"/>
  <testcase name="generateDouble[978]" classname="com.thealgorithms.sorts.SortUtilsRandomGeneratorTest" time="0"/>
  <testcase name="generateDouble[979]" classname="com.thealgorithms.sorts.SortUtilsRandomGeneratorTest" time="0"/>
  <testcase name="generateDouble[980]" classname="com.thealgorithms.sorts.SortUtilsRandomGeneratorTest" time="0.001"/>
  <testcase name="generateDouble[981]" classname="com.thealgorithms.sorts.SortUtilsRandomGeneratorTest" time="0"/>
  <testcase name="generateDouble[982]" classname="com.thealgorithms.sorts.SortUtilsRandomGeneratorTest" time="0"/>
  <testcase name="generateDouble[983]" classname="com.thealgorithms.sorts.SortUtilsRandomGeneratorTest" time="0"/>
  <testcase name="generateDouble[984]" classname="com.thealgorithms.sorts.SortUtilsRandomGeneratorTest" time="0"/>
  <testcase name="generateDouble[985]" classname="com.thealgorithms.sorts.SortUtilsRandomGeneratorTest" time="0"/>
  <testcase name="generateDouble[986]" classname="com.thealgorithms.sorts.SortUtilsRandomGeneratorTest" time="0"/>
  <testcase name="generateDouble[987]" classname="com.thealgorithms.sorts.SortUtilsRandomGeneratorTest" time="0"/>
  <testcase name="generateDouble[988]" classname="com.thealgorithms.sorts.SortUtilsRandomGeneratorTest" time="0"/>
  <testcase name="generateDouble[989]" classname="com.thealgorithms.sorts.SortUtilsRandomGeneratorTest" time="0"/>
  <testcase name="generateDouble[990]" classname="com.thealgorithms.sorts.SortUtilsRandomGeneratorTest" time="0"/>
  <testcase name="generateDouble[991]" classname="com.thealgorithms.sorts.SortUtilsRandomGeneratorTest" time="0"/>
  <testcase name="generateDouble[992]" classname="com.thealgorithms.sorts.SortUtilsRandomGeneratorTest" time="0"/>
  <testcase name="generateDouble[993]" classname="com.thealgorithms.sorts.SortUtilsRandomGeneratorTest" time="0"/>
  <testcase name="generateDouble[994]" classname="com.thealgorithms.sorts.SortUtilsRandomGeneratorTest" time="0"/>
  <testcase name="generateDouble[995]" classname="com.thealgorithms.sorts.SortUtilsRandomGeneratorTest" time="0"/>
  <testcase name="generateDouble[996]" classname="com.thealgorithms.sorts.SortUtilsRandomGeneratorTest" time="0"/>
  <testcase name="generateDouble[997]" classname="com.thealgorithms.sorts.SortUtilsRandomGeneratorTest" time="0"/>
  <testcase name="generateDouble[998]" classname="com.thealgorithms.sorts.SortUtilsRandomGeneratorTest" time="0"/>
  <testcase name="generateDouble[999]" classname="com.thealgorithms.sorts.SortUtilsRandomGeneratorTest" time="0"/>
  <testcase name="generateDouble[1000]" classname="com.thealgorithms.sorts.SortUtilsRandomGeneratorTest" time="0"/>
</testsuite>